{"name": "test_connect_to_tester", "status": "failed", "statusDetails": {"message": "AssertionError: Tester did not connect successfully!\nassert 'Connected' in 'IP address \"192.168.5.63\" unreachable'\n +  where 'IP address \"192.168.5.63\" unreachable' = <selenium.webdriver.remote.webelement.WebElement (session=\"d520983d7e7cb83b15f95508aa6c1533\", element=\"f.BF97EF39B58A48197D208CC0DB93AE92.d.E9E60B076C992EE01F136986C411FB01.e.279\")>.text", "trace": "driver = <selenium.webdriver.chrome.webdriver.WebDriver (session=\"d520983d7e7cb83b15f95508aa6c1533\")>\n\n    @allure.feature(\"BA Connection Test\")\n    @allure.story(\"Verify tester connection\")\n    @pytest.mark.sanity\n    def test_connect_to_tester(driver):\n        BA_URL = \"http://localhost:2004\"\n        TESTER_IP = \"192.168.5.63\"\n    \n        with allure.step(\"Open BA URL\"):\n            driver.get(BA_URL)\n    \n        with allure.step(\"Enter IP Address\"):\n            ip_clear = driver.find_element(By.XPATH, \"//span[@class='rc-select-selection__clear']\")  # Update ID\n            ip_clear.click()\n            time.sleep(5)\n    \n            ip_input = driver.find_element(By.XPATH, \"//input[@class='rc-select-search__field']\")\n    \n            ip_input.send_keys(TESTER_IP)\n            ip_input.send_keys(Keys.RETURN)\n            time.sleep(10)\n    \n        with allure.step(\"Click Connect\"):\n            connect_button = driver.find_element(By.XPATH, \"//button[@id='connectionsetup_connect_button']\")  # Update ID\n            connect_button.click()\n            time.sleep(5)\n    \n        with allure.step(\"Check Tester Status in Port Details\"):\n            status_element = driver.find_element(By.XPATH, \"//td[@class='panel-connection-setup-tester-info tester-info-border device-details-border']/div[@class='right-spacing-tester']/b\")  # Update ID\n>           assert \"Connected\" in status_element.text, \"Tester did not connect successfully!\"\nE           AssertionError: Tester did not connect successfully!\nE           assert 'Connected' in 'IP address \"192.168.5.63\" unreachable'\nE            +  where 'IP address \"192.168.5.63\" unreachable' = <selenium.webdriver.remote.webelement.WebElement (session=\"d520983d7e7cb83b15f95508aa6c1533\", element=\"f.BF97EF39B58A48197D208CC0DB93AE92.d.E9E60B076C992EE01F136986C411FB01.e.279\")>.text\n\ntest_UC1.py:45: AssertionError"}, "steps": [{"name": "Open BA URL", "status": "passed", "start": 1742495527033, "stop": 1742495527050}, {"name": "Enter IP Address", "status": "passed", "start": 1742495527050, "stop": 1742495544974}, {"name": "Click Connect", "status": "passed", "start": 1742495544974, "stop": 1742495550080}, {"name": "Check Tester Status in Port Details", "status": "failed", "statusDetails": {"message": "AssertionError: Tester did not connect successfully!\nassert 'Connected' in 'IP address \"192.168.5.63\" unreachable'\n +  where 'IP address \"192.168.5.63\" unreachable' = <selenium.webdriver.remote.webelement.WebElement (session=\"d520983d7e7cb83b15f95508aa6c1533\", element=\"f.BF97EF39B58A48197D208CC0DB93AE92.d.E9E60B076C992EE01F136986C411FB01.e.279\")>.text\n", "trace": "  File \"C:\\Users\\GRL\\PycharmProjects\\25W automation\\Project-24\\tests\\test_UC1.py\", line 45, in test_connect_to_tester\n    assert \"Connected\" in status_element.text, \"Tester did not connect successfully!\"\n"}, "start": 1742495550080, "stop": 1742495550110}], "start": 1742495527033, "stop": 1742495550112, "uuid": "86adc83b-7138-4db4-bb3f-516bab7793ac", "historyId": "aaa9b7b476ee8d67704f8e72a130a31d", "testCaseId": "aaa9b7b476ee8d67704f8e72a130a31d", "fullName": "tests.test_UC1#test_connect_to_tester", "labels": [{"name": "feature", "value": "BA Connection Test"}, {"name": "story", "value": "Verify tester connection"}, {"name": "tag", "value": "sanity"}, {"name": "parentSuite", "value": "tests"}, {"name": "suite", "value": "test_UC1"}, {"name": "host", "value": "DESKTOP-GHENSD5"}, {"name": "thread", "value": "38996-MainThread"}, {"name": "framework", "value": "pytest"}, {"name": "language", "value": "cpython3"}, {"name": "package", "value": "tests.test_UC1"}]}