{"name": "test_TC34_Q_factor_Measurement_checkbox_checking", "status": "broken", "statusDetails": {"message": "selenium.common.exceptions.ElementClickInterceptedException: Message: element click intercepted: Element <input id=\"high_coupling\" class=\"td-input-checkbox ms-1\" type=\"checkbox\"> is not clickable at point (292, 442). Other element would receive the click: <div id=\"page-wrap-onOpen\">...</div>\n  (Session info: chrome=134.0.6998.90)\nStacktrace:\n\tGetHandleVerifier [0x00007FF72DD8FE65+26629]\n\t(No symbol) [0x00007FF72DCF6030]\n\t(No symbol) [0x00007FF72DB8931A]\n\t(No symbol) [0x00007FF72DBE77A9]\n\t(No symbol) [0x00007FF72DBE5162]\n\t(No symbol) [0x00007FF72DBE2201]\n\t(No symbol) [0x00007FF72DBE1108]\n\t(No symbol) [0x00007FF72DBD28A4]\n\t(No symbol) [0x00007FF72DC07AAA]\n\t(No symbol) [0x00007FF72DBD2156]\n\t(No symbol) [0x00007FF72DC07CC0]\n\t(No symbol) [0x00007FF72DC30169]\n\t(No symbol) [0x00007FF72DC07883]\n\t(No symbol) [0x00007FF72DBD0550]\n\t(No symbol) [0x00007FF72DBD1803]\n\tGetHandleVerifier [0x00007FF72E0E72DD+3529853]\n\tGetHandleVerifier [0x00007FF72E0FDA42+3621858]\n\tGetHandleVerifier [0x00007FF72E0F24F3+3575443]\n\tGetHandleVerifier [0x00007FF72DE5B79A+860474]\n\t(No symbol) [0x00007FF72DD008AF]\n\t(No symbol) [0x00007FF72DCFCBE4]\n\t(No symbol) [0x00007FF72DCFCD86]\n\t(No symbol) [0x00007FF72DCEC2E9]\n\tBaseThreadInitThunk [0x00007FFEE8F2E8D7+23]\n\tRtlUserThreadStart [0x00007FFEE957BF6C+44]", "trace": "setup_teardown_qi_exerciser = (<selenium.webdriver.chrome.webdriver.WebDriver (session=\"442e6d128486bb63cba5129099236ebe\")>, <pages.Qi_Exerciser.QiExerciserPanel object at 0x0000015913520980>)\n\n    def test_TC34_Q_factor_Measurement_checkbox_checking(setup_teardown_qi_exerciser):\n        driver, QiExerciser = setup_teardown_qi_exerciser\n>       QiExerciser.checkbox_test(QiExerciser.q_factor_measurement_checkbox, \"Q Factor Measurement Checkbox\")\n\ntest_Qi_Exerciser_checks.py:101: \n_ _ _ _ _ _ _ _ _ _ _ _ _ _ _ _ _ _ _ _ _ _ _ _ _ _ _ _ _ _ _ _ _ _ _ _ _ _ _ _\n..\\pages\\Qi_Exerciser.py:185: in checkbox_test\n    checkbox.click()\n..\\..\\..\\..\\AppData\\Local\\Programs\\Python\\Python313\\Lib\\site-packages\\selenium\\webdriver\\remote\\webelement.py:94: in click\n    self._execute(Command.CLICK_ELEMENT)\n..\\..\\..\\..\\AppData\\Local\\Programs\\Python\\Python313\\Lib\\site-packages\\selenium\\webdriver\\remote\\webelement.py:395: in _execute\n    return self._parent.execute(command, params)\n..\\..\\..\\..\\AppData\\Local\\Programs\\Python\\Python313\\Lib\\site-packages\\selenium\\webdriver\\remote\\webdriver.py:384: in execute\n    self.error_handler.check_response(response)\n_ _ _ _ _ _ _ _ _ _ _ _ _ _ _ _ _ _ _ _ _ _ _ _ _ _ _ _ _ _ _ _ _ _ _ _ _ _ _ _\n\nself = <selenium.webdriver.remote.errorhandler.ErrorHandler object at 0x0000015913858C20>\nresponse = {'status': 400, 'value': '{\"value\":{\"error\":\"element click intercepted\",\"message\":\"element click intercepted: Element ...07FF72DCEC2E9]\\\\n\\\\tBaseThreadInitThunk [0x00007FFEE8F2E8D7+23]\\\\n\\\\tRtlUserThreadStart [0x00007FFEE957BF6C+44]\\\\n\"}}'}\n\n    def check_response(self, response: Dict[str, Any]) -> None:\n        \"\"\"Checks that a JSON response from the WebDriver does not have an\n        error.\n    \n        :Args:\n         - response - The JSON response from the WebDriver server as a dictionary\n           object.\n    \n        :Raises: If the response contains an error message.\n        \"\"\"\n        status = response.get(\"status\", None)\n        if not status or status == ErrorCode.SUCCESS:\n            return\n        value = None\n        message = response.get(\"message\", \"\")\n        screen: str = response.get(\"screen\", \"\")\n        stacktrace = None\n        if isinstance(status, int):\n            value_json = response.get(\"value\", None)\n            if value_json and isinstance(value_json, str):\n                import json\n    \n                try:\n                    value = json.loads(value_json)\n                    if len(value) == 1:\n                        value = value[\"value\"]\n                    status = value.get(\"error\", None)\n                    if not status:\n                        status = value.get(\"status\", ErrorCode.UNKNOWN_ERROR)\n                        message = value.get(\"value\") or value.get(\"message\")\n                        if not isinstance(message, str):\n                            value = message\n                            message = message.get(\"message\")\n                    else:\n                        message = value.get(\"message\", None)\n                except ValueError:\n                    pass\n    \n        exception_class: Type[WebDriverException]\n        e = ErrorCode()\n        error_codes = [item for item in dir(e) if not item.startswith(\"__\")]\n        for error_code in error_codes:\n            error_info = getattr(ErrorCode, error_code)\n            if isinstance(error_info, list) and status in error_info:\n                exception_class = getattr(ExceptionMapping, error_code, WebDriverException)\n                break\n        else:\n            exception_class = WebDriverException\n    \n        if not value:\n            value = response[\"value\"]\n        if isinstance(value, str):\n            raise exception_class(value)\n        if message == \"\" and \"message\" in value:\n            message = value[\"message\"]\n    \n        screen = None  # type: ignore[assignment]\n        if \"screen\" in value:\n            screen = value[\"screen\"]\n    \n        stacktrace = None\n        st_value = value.get(\"stackTrace\") or value.get(\"stacktrace\")\n        if st_value:\n            if isinstance(st_value, str):\n                stacktrace = st_value.split(\"\\n\")\n            else:\n                stacktrace = []\n                try:\n                    for frame in st_value:\n                        line = frame.get(\"lineNumber\", \"\")\n                        file = frame.get(\"fileName\", \"<anonymous>\")\n                        if line:\n                            file = f\"{file}:{line}\"\n                        meth = frame.get(\"methodName\", \"<anonymous>\")\n                        if \"className\" in frame:\n                            meth = f\"{frame['className']}.{meth}\"\n                        msg = \"    at %s (%s)\"\n                        msg = msg % (meth, file)\n                        stacktrace.append(msg)\n                except TypeError:\n                    pass\n        if exception_class == UnexpectedAlertPresentException:\n            alert_text = None\n            if \"data\" in value:\n                alert_text = value[\"data\"].get(\"text\")\n            elif \"alert\" in value:\n                alert_text = value[\"alert\"].get(\"text\")\n            raise exception_class(message, screen, stacktrace, alert_text)  # type: ignore[call-arg]  # mypy is not smart enough here\n>       raise exception_class(message, screen, stacktrace)\nE       selenium.common.exceptions.ElementClickInterceptedException: Message: element click intercepted: Element <input id=\"high_coupling\" class=\"td-input-checkbox ms-1\" type=\"checkbox\"> is not clickable at point (292, 442). Other element would receive the click: <div id=\"page-wrap-onOpen\">...</div>\nE         (Session info: chrome=134.0.6998.90)\nE       Stacktrace:\nE       \tGetHandleVerifier [0x00007FF72DD8FE65+26629]\nE       \t(No symbol) [0x00007FF72DCF6030]\nE       \t(No symbol) [0x00007FF72DB8931A]\nE       \t(No symbol) [0x00007FF72DBE77A9]\nE       \t(No symbol) [0x00007FF72DBE5162]\nE       \t(No symbol) [0x00007FF72DBE2201]\nE       \t(No symbol) [0x00007FF72DBE1108]\nE       \t(No symbol) [0x00007FF72DBD28A4]\nE       \t(No symbol) [0x00007FF72DC07AAA]\nE       \t(No symbol) [0x00007FF72DBD2156]\nE       \t(No symbol) [0x00007FF72DC07CC0]\nE       \t(No symbol) [0x00007FF72DC30169]\nE       \t(No symbol) [0x00007FF72DC07883]\nE       \t(No symbol) [0x00007FF72DBD0550]\nE       \t(No symbol) [0x00007FF72DBD1803]\nE       \tGetHandleVerifier [0x00007FF72E0E72DD+3529853]\nE       \tGetHandleVerifier [0x00007FF72E0FDA42+3621858]\nE       \tGetHandleVerifier [0x00007FF72E0F24F3+3575443]\nE       \tGetHandleVerifier [0x00007FF72DE5B79A+860474]\nE       \t(No symbol) [0x00007FF72DD008AF]\nE       \t(No symbol) [0x00007FF72DCFCBE4]\nE       \t(No symbol) [0x00007FF72DCFCD86]\nE       \t(No symbol) [0x00007FF72DCEC2E9]\nE       \tBaseThreadInitThunk [0x00007FFEE8F2E8D7+23]\nE       \tRtlUserThreadStart [0x00007FFEE957BF6C+44]\n\n..\\..\\..\\..\\AppData\\Local\\Programs\\Python\\Python313\\Lib\\site-packages\\selenium\\webdriver\\remote\\errorhandler.py:232: ElementClickInterceptedException"}, "attachments": [{"name": "log", "source": "0159305c-efdb-445e-ab83-c7cd5eee3df9-attachment.txt", "type": "text/plain"}], "start": 1742553092505, "stop": 1742553093642, "uuid": "ec80ec67-cdaf-40c3-bf2c-5e33c537f135", "historyId": "0e36fe7cab6628a03b92e777003af438", "testCaseId": "0e36fe7cab6628a03b92e777003af438", "fullName": "tests.test_Qi_Exerciser_checks#test_TC34_Q_factor_Measurement_checkbox_checking", "labels": [{"name": "parentSuite", "value": "tests"}, {"name": "suite", "value": "test_Qi_Exerciser_checks"}, {"name": "host", "value": "DESKTOP-GHENSD5"}, {"name": "thread", "value": "35704-MainThread"}, {"name": "framework", "value": "pytest"}, {"name": "language", "value": "cpython3"}, {"name": "package", "value": "tests.test_Qi_Exerciser_checks"}]}