{"name": "test_download_current_html_button_available", "status": "failed", "statusDetails": {"message": "AssertionError: Download Current HTML button is not available.\nassert False\n +  where False = verify_button_available('Download Current HTML', \"//button[@id='report_toolbar_download_html_button']\")\n +    where verify_button_available = <pages.report_panel.ReportPanel object at 0x0000019780970440>.verify_button_available", "trace": "setup = <selenium.webdriver.chrome.webdriver.WebDriver (session=\"59bfcd2b52a73457b99d44dfefd8cbf9\")>\n\n    def test_download_current_html_button_available(setup):\n        \"\"\"\n        Test Case 3: Verify if the Download Current HTML button is available.\n        \"\"\"\n        report = ReportPanel(setup)\n>       assert report.verify_button_available(\"Download Current HTML\", Download_current_HTML), \"Download Current HTML button is not available.\"\nE       AssertionError: Download Current HTML button is not available.\nE       assert False\nE        +  where False = verify_button_available('Download Current HTML', \"//button[@id='report_toolbar_download_html_button']\")\nE        +    where verify_button_available = <pages.report_panel.ReportPanel object at 0x0000019780970440>.verify_button_available\n\ntest_report_panel_checks.py:55: AssertionError"}, "description": "\nTest Case 3: Verify if the Download Current HTML button is available.\n", "attachments": [{"name": "log", "source": "fc6c58bd-ae42-4fc3-8faf-65a711a6f5ff-attachment.txt", "type": "text/plain"}], "start": 1742888089559, "stop": 1742888090023, "uuid": "f5d12825-a462-45fc-be76-7fa73eca1cdf", "historyId": "c73cbcc45a9693c960d0db30907b6793", "testCaseId": "c73cbcc45a9693c960d0db30907b6793", "fullName": "tests.test_report_panel_checks#test_download_current_html_button_available", "labels": [{"name": "parentSuite", "value": "tests"}, {"name": "suite", "value": "test_report_panel_checks"}, {"name": "host", "value": "DESKTOP-GHENSD5"}, {"name": "thread", "value": "2220-MainThread"}, {"name": "framework", "value": "pytest"}, {"name": "language", "value": "cpython3"}, {"name": "package", "value": "tests.test_report_panel_checks"}]}