<!DOCTYPE html>
<html>
  <head>
    <meta charset="utf-8"/>
    <title id="head-title">report.html</title>
      <style type="text/css">body {
  font-family: Helvetica, Arial, sans-serif;
  font-size: 12px;
  /* do not increase min-width as some may use split screens */
  min-width: 800px;
  color: #999;
}

h1 {
  font-size: 24px;
  color: black;
}

h2 {
  font-size: 16px;
  color: black;
}

p {
  color: black;
}

a {
  color: #999;
}

table {
  border-collapse: collapse;
}

/******************************
 * SUMMARY INFORMATION
 ******************************/
#environment td {
  padding: 5px;
  border: 1px solid #e6e6e6;
  vertical-align: top;
}
#environment tr:nth-child(odd) {
  background-color: #f6f6f6;
}
#environment ul {
  margin: 0;
  padding: 0 20px;
}

/******************************
 * TEST RESULT COLORS
 ******************************/
span.passed,
.passed .col-result {
  color: green;
}

span.skipped,
span.xfailed,
span.rerun,
.skipped .col-result,
.xfailed .col-result,
.rerun .col-result {
  color: orange;
}

span.error,
span.failed,
span.xpassed,
.error .col-result,
.failed .col-result,
.xpassed .col-result {
  color: red;
}

.col-links__extra {
  margin-right: 3px;
}

/******************************
 * RESULTS TABLE
 *
 * 1. Table Layout
 * 2. Extra
 * 3. Sorting items
 *
 ******************************/
/*------------------
 * 1. Table Layout
 *------------------*/
#results-table {
  border: 1px solid #e6e6e6;
  color: #999;
  font-size: 12px;
  width: 100%;
}
#results-table th,
#results-table td {
  padding: 5px;
  border: 1px solid #e6e6e6;
  text-align: left;
}
#results-table th {
  font-weight: bold;
}

/*------------------
 * 2. Extra
 *------------------*/
.logwrapper {
  max-height: 230px;
  overflow-y: scroll;
  background-color: #e6e6e6;
}
.logwrapper.expanded {
  max-height: none;
}
.logwrapper.expanded .logexpander:after {
  content: "collapse [-]";
}
.logwrapper .logexpander {
  z-index: 1;
  position: sticky;
  top: 10px;
  width: max-content;
  border: 1px solid;
  border-radius: 3px;
  padding: 5px 7px;
  margin: 10px 0 10px calc(100% - 80px);
  cursor: pointer;
  background-color: #e6e6e6;
}
.logwrapper .logexpander:after {
  content: "expand [+]";
}
.logwrapper .logexpander:hover {
  color: #000;
  border-color: #000;
}
.logwrapper .log {
  min-height: 40px;
  position: relative;
  top: -50px;
  height: calc(100% + 50px);
  border: 1px solid #e6e6e6;
  color: black;
  display: block;
  font-family: "Courier New", Courier, monospace;
  padding: 5px;
  padding-right: 80px;
  white-space: pre-wrap;
}

div.media {
  border: 1px solid #e6e6e6;
  float: right;
  height: 240px;
  margin: 0 5px;
  overflow: hidden;
  width: 320px;
}

.media-container {
  display: grid;
  grid-template-columns: 25px auto 25px;
  align-items: center;
  flex: 1 1;
  overflow: hidden;
  height: 200px;
}

.media-container--fullscreen {
  grid-template-columns: 0px auto 0px;
}

.media-container__nav--right,
.media-container__nav--left {
  text-align: center;
  cursor: pointer;
}

.media-container__viewport {
  cursor: pointer;
  text-align: center;
  height: inherit;
}
.media-container__viewport img,
.media-container__viewport video {
  object-fit: cover;
  width: 100%;
  max-height: 100%;
}

.media__name,
.media__counter {
  display: flex;
  flex-direction: row;
  justify-content: space-around;
  flex: 0 0 25px;
  align-items: center;
}

.collapsible td:not(.col-links) {
  cursor: pointer;
}
.collapsible td:not(.col-links):hover::after {
  color: #bbb;
  font-style: italic;
  cursor: pointer;
}

.col-result {
  width: 130px;
}
.col-result:hover::after {
  content: " (hide details)";
}

.col-result.collapsed:hover::after {
  content: " (show details)";
}

#environment-header h2:hover::after {
  content: " (hide details)";
  color: #bbb;
  font-style: italic;
  cursor: pointer;
  font-size: 12px;
}

#environment-header.collapsed h2:hover::after {
  content: " (show details)";
  color: #bbb;
  font-style: italic;
  cursor: pointer;
  font-size: 12px;
}

/*------------------
 * 3. Sorting items
 *------------------*/
.sortable {
  cursor: pointer;
}
.sortable.desc:after {
  content: " ";
  position: relative;
  left: 5px;
  bottom: -12.5px;
  border: 10px solid #4caf50;
  border-bottom: 0;
  border-left-color: transparent;
  border-right-color: transparent;
}
.sortable.asc:after {
  content: " ";
  position: relative;
  left: 5px;
  bottom: 12.5px;
  border: 10px solid #4caf50;
  border-top: 0;
  border-left-color: transparent;
  border-right-color: transparent;
}

.hidden, .summary__reload__button.hidden {
  display: none;
}

.summary__data {
  flex: 0 0 550px;
}
.summary__reload {
  flex: 1 1;
  display: flex;
  justify-content: center;
}
.summary__reload__button {
  flex: 0 0 300px;
  display: flex;
  color: white;
  font-weight: bold;
  background-color: #4caf50;
  text-align: center;
  justify-content: center;
  align-items: center;
  border-radius: 3px;
  cursor: pointer;
}
.summary__reload__button:hover {
  background-color: #46a049;
}
.summary__spacer {
  flex: 0 0 550px;
}

.controls {
  display: flex;
  justify-content: space-between;
}

.filters,
.collapse {
  display: flex;
  align-items: center;
}
.filters button,
.collapse button {
  color: #999;
  border: none;
  background: none;
  cursor: pointer;
  text-decoration: underline;
}
.filters button:hover,
.collapse button:hover {
  color: #ccc;
}

.filter__label {
  margin-right: 10px;
}

      </style>
    
  </head>
  <body>
    <h1 id="title">report.html</h1>
    <p>Report generated on 31-Mar-2025 at 10:05:39 by <a href="https://pypi.python.org/pypi/pytest-html">pytest-html</a>
        v4.1.1</p>
    <div id="environment-header">
      <h2>Environment</h2>
    </div>
    <table id="environment"></table>
    <!-- TEMPLATES -->
      <template id="template_environment_row">
      <tr>
        <td></td>
        <td></td>
      </tr>
    </template>
    <template id="template_results-table__body--empty">
      <tbody class="results-table-row">
        <tr id="not-found-message">
          <td colspan="4">No results found. Check the filters.</th>
        </tr>
    </template>
    <template id="template_results-table__tbody">
      <tbody class="results-table-row">
        <tr class="collapsible">
        </tr>
        <tr class="extras-row">
          <td class="extra" colspan="4">
            <div class="extraHTML"></div>
            <div class="media">
              <div class="media-container">
                  <div class="media-container__nav--left"><</div>
                  <div class="media-container__viewport">
                    <img src="" />
                    <video controls>
                      <source src="" type="video/mp4">
                    </video>
                  </div>
                  <div class="media-container__nav--right">></div>
                </div>
                <div class="media__name"></div>
                <div class="media__counter"></div>
            </div>
            <div class="logwrapper">
              <div class="logexpander"></div>
              <div class="log"></div>
            </div>
          </td>
        </tr>
      </tbody>
    </template>
    <!-- END TEMPLATES -->
    <div class="summary">
      <div class="summary__data">
        <h2>Summary</h2>
        <div class="additional-summary prefix">
        </div>
        <p class="run-count">46 tests took 00:05:16.</p>
        <p class="filter">(Un)check the boxes to filter the results.</p>
        <div class="summary__reload">
          <div class="summary__reload__button hidden" onclick="location.reload()">
            <div>There are still tests running. <br />Reload this page to get the latest results!</div>
          </div>
        </div>
        <div class="summary__spacer"></div>
        <div class="controls">
          <div class="filters">
            <input checked="true" class="filter" name="filter_checkbox" type="checkbox" data-test-result="failed" disabled/>
            <span class="failed">0 Failed,</span>
            <input checked="true" class="filter" name="filter_checkbox" type="checkbox" data-test-result="passed" />
            <span class="passed">46 Passed,</span>
            <input checked="true" class="filter" name="filter_checkbox" type="checkbox" data-test-result="skipped" disabled/>
            <span class="skipped">0 Skipped,</span>
            <input checked="true" class="filter" name="filter_checkbox" type="checkbox" data-test-result="xfailed" disabled/>
            <span class="xfailed">0 Expected failures,</span>
            <input checked="true" class="filter" name="filter_checkbox" type="checkbox" data-test-result="xpassed" disabled/>
            <span class="xpassed">0 Unexpected passes,</span>
            <input checked="true" class="filter" name="filter_checkbox" type="checkbox" data-test-result="error" disabled/>
            <span class="error">0 Errors,</span>
            <input checked="true" class="filter" name="filter_checkbox" type="checkbox" data-test-result="rerun" disabled/>
            <span class="rerun">0 Reruns</span>
          </div>
          <div class="collapse">
            <button id="show_all_details">Show all details</button>&nbsp;/&nbsp;<button id="hide_all_details">Hide all details</button>
          </div>
        </div>
      </div>
      <div class="additional-summary summary">
      </div>
      <div class="additional-summary postfix">
      </div>
    </div>
    <table id="results-table">
      <thead id="results-table-head">
        <tr>
          <th class="sortable" data-column-type="result">Result</th>
          <th class="sortable" data-column-type="testId">Test</th>
          <th class="sortable" data-column-type="duration">Duration</th>
          <th>Links</th>
        </tr>
      </thead>
    </table>
  </body>
  <footer>
    <div id="data-container" data-jsonblob="{&#34;environment&#34;: {&#34;Python&#34;: &#34;3.13.2&#34;, &#34;Platform&#34;: &#34;Windows-11-10.0.22000-SP0&#34;, &#34;Packages&#34;: {&#34;pytest&#34;: &#34;8.3.5&#34;, &#34;pluggy&#34;: &#34;1.5.0&#34;}, &#34;Plugins&#34;: {&#34;allure-pytest&#34;: &#34;2.13.5&#34;, &#34;html&#34;: &#34;4.1.1&#34;, &#34;metadata&#34;: &#34;3.1.1&#34;}, &#34;JAVA_HOME&#34;: &#34;C:\\Program Files\\Java\\jdk-21&#34;}, &#34;tests&#34;: {&#34;tests/test_Qi_Exerciser_checks.py::test_TC30_A0_inputbox_checking&#34;: [{&#34;extras&#34;: [], &#34;result&#34;: &#34;Passed&#34;, &#34;testId&#34;: &#34;tests/test_Qi_Exerciser_checks.py::test_TC30_A0_inputbox_checking&#34;, &#34;duration&#34;: &#34;00:00:20&#34;, &#34;resultsTableRow&#34;: [&#34;&lt;td class=\&#34;col-result\&#34;&gt;Passed&lt;/td&gt;&#34;, &#34;&lt;td class=\&#34;col-testId\&#34;&gt;tests/test_Qi_Exerciser_checks.py::test_TC30_A0_inputbox_checking&lt;/td&gt;&#34;, &#34;&lt;td class=\&#34;col-duration\&#34;&gt;00:00:20&lt;/td&gt;&#34;, &#34;&lt;td class=\&#34;col-links\&#34;&gt;&lt;/td&gt;&#34;], &#34;log&#34;: &#34;---------------------------- Captured stderr setup -----------------------------\n2025-03-31 09:57:52,819 - INFO - Setting up the browser for Qi Exerciser Panel\n2025-03-31 09:57:54,081 - INFO - Opening browser using way1\n2025-03-31 09:58:04,618 - INFO - Tester status: Connected\n2025-03-31 09:58:04,619 - INFO - Opening Qi Exerciser Panel\n\n------------------------------ Captured log setup ------------------------------\nINFO     root:test_Qi_Exerciser_checks.py:71 Setting up the browser for Qi Exerciser Panel\nINFO     root:browser_setup.py:33 Opening browser using way1\nINFO     root:browser_setup.py:49 Tester status: Connected\nINFO     root:Qi_Exerciser.py:112 Opening Qi Exerciser Panel\n\n----------------------------- Captured stderr call -----------------------------\n2025-03-31 09:58:11,701 - INFO - Verifying the input box functionality for A0\n2025-03-31 09:58:12,042 - ERROR - A0 input box failed to accept 100 random characters\n2025-03-31 09:58:12,252 - ERROR - A0 input box failed to accept 100 numbers\n2025-03-31 09:58:12,488 - ERROR - A0 input box failed to accept 100 letters\n2025-03-31 09:58:12,743 - ERROR - A0 input box failed to accept a combination of letters, numbers, and special characters\n\n------------------------------ Captured log call -------------------------------\nINFO     root:Qi_Exerciser.py:117 Verifying the input box functionality for A0\nERROR    root:Qi_Exerciser.py:135 A0 input box failed to accept 100 random characters\nERROR    root:Qi_Exerciser.py:145 A0 input box failed to accept 100 numbers\nERROR    root:Qi_Exerciser.py:155 A0 input box failed to accept 100 letters\nERROR    root:Qi_Exerciser.py:165 A0 input box failed to accept a combination of letters, numbers, and special characters\n\n&#34;}], &#34;tests/test_Qi_Exerciser_checks.py::test_TC31_A1_inputbox_checking&#34;: [{&#34;extras&#34;: [], &#34;result&#34;: &#34;Passed&#34;, &#34;testId&#34;: &#34;tests/test_Qi_Exerciser_checks.py::test_TC31_A1_inputbox_checking&#34;, &#34;duration&#34;: &#34;936 ms&#34;, &#34;resultsTableRow&#34;: [&#34;&lt;td class=\&#34;col-result\&#34;&gt;Passed&lt;/td&gt;&#34;, &#34;&lt;td class=\&#34;col-testId\&#34;&gt;tests/test_Qi_Exerciser_checks.py::test_TC31_A1_inputbox_checking&lt;/td&gt;&#34;, &#34;&lt;td class=\&#34;col-duration\&#34;&gt;936 ms&lt;/td&gt;&#34;, &#34;&lt;td class=\&#34;col-links\&#34;&gt;&lt;/td&gt;&#34;], &#34;log&#34;: &#34;----------------------------- Captured stderr call -----------------------------\n2025-03-31 09:58:12,746 - INFO - Verifying the input box functionality for A1\n2025-03-31 09:58:12,988 - ERROR - A1 input box failed to accept 100 random characters\n2025-03-31 09:58:13,202 - ERROR - A1 input box failed to accept 100 numbers\n2025-03-31 09:58:13,430 - ERROR - A1 input box failed to accept 100 letters\n2025-03-31 09:58:13,681 - ERROR - A1 input box failed to accept a combination of letters, numbers, and special characters\n\n------------------------------ Captured log call -------------------------------\nINFO     root:Qi_Exerciser.py:117 Verifying the input box functionality for A1\nERROR    root:Qi_Exerciser.py:135 A1 input box failed to accept 100 random characters\nERROR    root:Qi_Exerciser.py:145 A1 input box failed to accept 100 numbers\nERROR    root:Qi_Exerciser.py:155 A1 input box failed to accept 100 letters\nERROR    root:Qi_Exerciser.py:165 A1 input box failed to accept a combination of letters, numbers, and special characters\n\n&#34;}], &#34;tests/test_Qi_Exerciser_checks.py::test_TC32_d_Tx_inputbox_checking&#34;: [{&#34;extras&#34;: [], &#34;result&#34;: &#34;Passed&#34;, &#34;testId&#34;: &#34;tests/test_Qi_Exerciser_checks.py::test_TC32_d_Tx_inputbox_checking&#34;, &#34;duration&#34;: &#34;21 ms&#34;, &#34;resultsTableRow&#34;: [&#34;&lt;td class=\&#34;col-result\&#34;&gt;Passed&lt;/td&gt;&#34;, &#34;&lt;td class=\&#34;col-testId\&#34;&gt;tests/test_Qi_Exerciser_checks.py::test_TC32_d_Tx_inputbox_checking&lt;/td&gt;&#34;, &#34;&lt;td class=\&#34;col-duration\&#34;&gt;21 ms&lt;/td&gt;&#34;, &#34;&lt;td class=\&#34;col-links\&#34;&gt;&lt;/td&gt;&#34;], &#34;log&#34;: &#34;----------------------------- Captured stderr call -----------------------------\n--- Logging error ---\nTraceback (most recent call last):\n  File &amp;quot;C:\\Users\\GRL\\AppData\\Local\\Programs\\Python\\Python313\\Lib\\logging\\__init__.py&amp;quot;, line 1153, in emit\n    stream.write(msg + self.terminator)\n    ~~~~~~~~~~~~^^^^^^^^^^^^^^^^^^^^^^^\n  File &amp;quot;C:\\Users\\GRL\\AppData\\Local\\Programs\\Python\\Python313\\Lib\\encodings\\cp1252.py&amp;quot;, line 19, in encode\n    return codecs.charmap_encode(input,self.errors,encoding_table)[0]\n           ~~~~~~~~~~~~~~~~~~~~~^^^^^^^^^^^^^^^^^^^^^^^^^^^^^^^^^^\nUnicodeEncodeError: &amp;#x27;charmap&amp;#x27; codec can&amp;#x27;t encode character &amp;#x27;\\u0394&amp;#x27; in position 75: character maps to &amp;lt;undefined&amp;gt;\nCall stack:\n  File &amp;quot;&amp;lt;frozen runpy&amp;gt;&amp;quot;, line 198, in _run_module_as_main\n  File &amp;quot;&amp;lt;frozen runpy&amp;gt;&amp;quot;, line 88, in _run_code\n  File &amp;quot;C:\\Users\\GRL\\AppData\\Local\\Programs\\Python\\Python313\\Scripts\\pytest.exe\\__main__.py&amp;quot;, line 7, in &amp;lt;module&amp;gt;\n    sys.exit(console_main())\n  File &amp;quot;C:\\Users\\GRL\\AppData\\Local\\Programs\\Python\\Python313\\Lib\\site-packages\\_pytest\\config\\__init__.py&amp;quot;, line 201, in console_main\n    code = main()\n  File &amp;quot;C:\\Users\\GRL\\AppData\\Local\\Programs\\Python\\Python313\\Lib\\site-packages\\_pytest\\config\\__init__.py&amp;quot;, line 175, in main\n    ret: ExitCode | int = config.hook.pytest_cmdline_main(config=config)\n  File &amp;quot;C:\\Users\\GRL\\AppData\\Local\\Programs\\Python\\Python313\\Lib\\site-packages\\pluggy\\_hooks.py&amp;quot;, line 513, in __call__\n    return self._hookexec(self.name, self._hookimpls.copy(), kwargs, firstresult)\n  File &amp;quot;C:\\Users\\GRL\\AppData\\Local\\Programs\\Python\\Python313\\Lib\\site-packages\\pluggy\\_manager.py&amp;quot;, line 120, in _hookexec\n    return self._inner_hookexec(hook_name, methods, kwargs, firstresult)\n  File &amp;quot;C:\\Users\\GRL\\AppData\\Local\\Programs\\Python\\Python313\\Lib\\site-packages\\pluggy\\_callers.py&amp;quot;, line 103, in _multicall\n    res = hook_impl.function(*args)\n  File &amp;quot;C:\\Users\\GRL\\AppData\\Local\\Programs\\Python\\Python313\\Lib\\site-packages\\_pytest\\main.py&amp;quot;, line 330, in pytest_cmdline_main\n    return wrap_session(config, _main)\n  File &amp;quot;C:\\Users\\GRL\\AppData\\Local\\Programs\\Python\\Python313\\Lib\\site-packages\\_pytest\\main.py&amp;quot;, line 283, in wrap_session\n    session.exitstatus = doit(config, session) or 0\n  File &amp;quot;C:\\Users\\GRL\\AppData\\Local\\Programs\\Python\\Python313\\Lib\\site-packages\\_pytest\\main.py&amp;quot;, line 337, in _main\n    config.hook.pytest_runtestloop(session=session)\n  File &amp;quot;C:\\Users\\GRL\\AppData\\Local\\Programs\\Python\\Python313\\Lib\\site-packages\\pluggy\\_hooks.py&amp;quot;, line 513, in __call__\n    return self._hookexec(self.name, self._hookimpls.copy(), kwargs, firstresult)\n  File &amp;quot;C:\\Users\\GRL\\AppData\\Local\\Programs\\Python\\Python313\\Lib\\site-packages\\pluggy\\_manager.py&amp;quot;, line 120, in _hookexec\n    return self._inner_hookexec(hook_name, methods, kwargs, firstresult)\n  File &amp;quot;C:\\Users\\GRL\\AppData\\Local\\Programs\\Python\\Python313\\Lib\\site-packages\\pluggy\\_callers.py&amp;quot;, line 103, in _multicall\n    res = hook_impl.function(*args)\n  File &amp;quot;C:\\Users\\GRL\\AppData\\Local\\Programs\\Python\\Python313\\Lib\\site-packages\\_pytest\\main.py&amp;quot;, line 362, in pytest_runtestloop\n    item.config.hook.pytest_runtest_protocol(item=item, nextitem=nextitem)\n  File &amp;quot;C:\\Users\\GRL\\AppData\\Local\\Programs\\Python\\Python313\\Lib\\site-packages\\pluggy\\_hooks.py&amp;quot;, line 513, in __call__\n    return self._hookexec(self.name, self._hookimpls.copy(), kwargs, firstresult)\n  File &amp;quot;C:\\Users\\GRL\\AppData\\Local\\Programs\\Python\\Python313\\Lib\\site-packages\\pluggy\\_manager.py&amp;quot;, line 120, in _hookexec\n    return self._inner_hookexec(hook_name, methods, kwargs, firstresult)\n  File &amp;quot;C:\\Users\\GRL\\AppData\\Local\\Programs\\Python\\Python313\\Lib\\site-packages\\pluggy\\_callers.py&amp;quot;, line 103, in _multicall\n    res = hook_impl.function(*args)\n  File &amp;quot;C:\\Users\\GRL\\AppData\\Local\\Programs\\Python\\Python313\\Lib\\site-packages\\_pytest\\runner.py&amp;quot;, line 113, in pytest_runtest_protocol\n    runtestprotocol(item, nextitem=nextitem)\n  File &amp;quot;C:\\Users\\GRL\\AppData\\Local\\Programs\\Python\\Python313\\Lib\\site-packages\\_pytest\\runner.py&amp;quot;, line 132, in runtestprotocol\n    reports.append(call_and_report(item, &amp;quot;call&amp;quot;, log))\n  File &amp;quot;C:\\Users\\GRL\\AppData\\Local\\Programs\\Python\\Python313\\Lib\\site-packages\\_pytest\\runner.py&amp;quot;, line 241, in call_and_report\n    call = CallInfo.from_call(\n  File &amp;quot;C:\\Users\\GRL\\AppData\\Local\\Programs\\Python\\Python313\\Lib\\site-packages\\_pytest\\runner.py&amp;quot;, line 341, in from_call\n    result: TResult | None = func()\n  File &amp;quot;C:\\Users\\GRL\\AppData\\Local\\Programs\\Python\\Python313\\Lib\\site-packages\\_pytest\\runner.py&amp;quot;, line 242, in &amp;lt;lambda&amp;gt;\n    lambda: runtest_hook(item=item, **kwds), when=when, reraise=reraise\n  File &amp;quot;C:\\Users\\GRL\\AppData\\Local\\Programs\\Python\\Python313\\Lib\\site-packages\\pluggy\\_hooks.py&amp;quot;, line 513, in __call__\n    return self._hookexec(self.name, self._hookimpls.copy(), kwargs, firstresult)\n  File &amp;quot;C:\\Users\\GRL\\AppData\\Local\\Programs\\Python\\Python313\\Lib\\site-packages\\pluggy\\_manager.py&amp;quot;, line 120, in _hookexec\n    return self._inner_hookexec(hook_name, methods, kwargs, firstresult)\n  File &amp;quot;C:\\Users\\GRL\\AppData\\Local\\Programs\\Python\\Python313\\Lib\\site-packages\\pluggy\\_callers.py&amp;quot;, line 103, in _multicall\n    res = hook_impl.function(*args)\n  File &amp;quot;C:\\Users\\GRL\\AppData\\Local\\Programs\\Python\\Python313\\Lib\\site-packages\\_pytest\\runner.py&amp;quot;, line 174, in pytest_runtest_call\n    item.runtest()\n  File &amp;quot;C:\\Users\\GRL\\AppData\\Local\\Programs\\Python\\Python313\\Lib\\site-packages\\_pytest\\python.py&amp;quot;, line 1627, in runtest\n    self.ihook.pytest_pyfunc_call(pyfuncitem=self)\n  File &amp;quot;C:\\Users\\GRL\\AppData\\Local\\Programs\\Python\\Python313\\Lib\\site-packages\\pluggy\\_hooks.py&amp;quot;, line 513, in __call__\n    return self._hookexec(self.name, self._hookimpls.copy(), kwargs, firstresult)\n  File &amp;quot;C:\\Users\\GRL\\AppData\\Local\\Programs\\Python\\Python313\\Lib\\site-packages\\pluggy\\_manager.py&amp;quot;, line 120, in _hookexec\n    return self._inner_hookexec(hook_name, methods, kwargs, firstresult)\n  File &amp;quot;C:\\Users\\GRL\\AppData\\Local\\Programs\\Python\\Python313\\Lib\\site-packages\\pluggy\\_callers.py&amp;quot;, line 103, in _multicall\n    res = hook_impl.function(*args)\n  File &amp;quot;C:\\Users\\GRL\\AppData\\Local\\Programs\\Python\\Python313\\Lib\\site-packages\\_pytest\\python.py&amp;quot;, line 159, in pytest_pyfunc_call\n    result = testfunction(**testargs)\n  File &amp;quot;D:\\Project-24\\tests\\test_Qi_Exerciser_checks.py&amp;quot;, line 92, in test_TC32_d_Tx_inputbox_checking\n    QiExerciser.input_field_test(QiExerciser.d_tx_inputbox, &amp;quot;\u0394d_Tx&amp;quot;)\n  File &amp;quot;D:\\Project-24\\pages\\Qi_Exerciser.py&amp;quot;, line 117, in input_field_test\n    logging.info(f&amp;quot;Verifying the input box functionality for {field_name}&amp;quot;)\nMessage: &amp;#x27;Verifying the input box functionality for \u0394d_Tx&amp;#x27;\nArguments: ()\n2025-03-31 09:58:13,684 - INFO - Verifying the input box functionality for \u0394d_Tx\n--- Logging error ---\nTraceback (most recent call last):\n  File &amp;quot;D:\\Project-24\\pages\\Qi_Exerciser.py&amp;quot;, line 121, in input_field_test\n    input_field = self.driver.find_element(By.XPATH, element_xpath)\n  File &amp;quot;C:\\Users\\GRL\\AppData\\Local\\Programs\\Python\\Python313\\Lib\\site-packages\\selenium\\webdriver\\remote\\webdriver.py&amp;quot;, line 898, in find_element\n    return self.execute(Command.FIND_ELEMENT, {&amp;quot;using&amp;quot;: by, &amp;quot;value&amp;quot;: value})[&amp;quot;value&amp;quot;]\n           ~~~~~~~~~~~~^^^^^^^^^^^^^^^^^^^^^^^^^^^^^^^^^^^^^^^^^^^^^^^^^^^^^\n  File &amp;quot;C:\\Users\\GRL\\AppData\\Local\\Programs\\Python\\Python313\\Lib\\site-packages\\selenium\\webdriver\\remote\\webdriver.py&amp;quot;, line 429, in execute\n    self.error_handler.check_response(response)\n    ~~~~~~~~~~~~~~~~~~~~~~~~~~~~~~~~~^^^^^^^^^^\n  File &amp;quot;C:\\Users\\GRL\\AppData\\Local\\Programs\\Python\\Python313\\Lib\\site-packages\\selenium\\webdriver\\remote\\errorhandler.py&amp;quot;, line 232, in check_response\n    raise exception_class(message, screen, stacktrace)\nselenium.common.exceptions.NoSuchElementException: Message: no such element: Unable to locate element: {&amp;quot;method&amp;quot;:&amp;quot;xpath&amp;quot;,&amp;quot;selector&amp;quot;:&amp;quot;//span[text()=&amp;#x27;\u00ce\u201dd_Tx&amp;#x27;]/following-sibling::input[@class=&amp;#x27;packet-info-td-input-iv-tpt textbox form-control&amp;#x27;]&amp;quot;}\n  (Session info: chrome=134.0.6998.178); For documentation on this error, please visit: https://www.selenium.dev/documentation/webdriver/troubleshooting/errors#no-such-element-exception\nStacktrace:\n\tGetHandleVerifier [0x00007FF67D224C25+3179557]\n\t(No symbol) [0x00007FF67CE888A0]\n\t(No symbol) [0x00007FF67CD191CA]\n\t(No symbol) [0x00007FF67CD6FA67]\n\t(No symbol) [0x00007FF67CD6FC9C]\n\t(No symbol) [0x00007FF67CDC3627]\n\t(No symbol) [0x00007FF67CD97C6F]\n\t(No symbol) [0x00007FF67CDC02F3]\n\t(No symbol) [0x00007FF67CD97A03]\n\t(No symbol) [0x00007FF67CD606D0]\n\t(No symbol) [0x00007FF67CD61983]\n\tGetHandleVerifier [0x00007FF67D2867CD+3579853]\n\tGetHandleVerifier [0x00007FF67D29D1D2+3672530]\n\tGetHandleVerifier [0x00007FF67D292153+3627347]\n\tGetHandleVerifier [0x00007FF67CFF092A+868650]\n\t(No symbol) [0x00007FF67CE92FFF]\n\t(No symbol) [0x00007FF67CE8F4A4]\n\t(No symbol) [0x00007FF67CE8F646]\n\t(No symbol) [0x00007FF67CE7EAA9]\n\tBaseThreadInitThunk [0x00007FF9358D54E0+16]\n\tRtlUserThreadStart [0x00007FF936AA485B+43]\n\n\nDuring handling of the above exception, another exception occurred:\n\nTraceback (most recent call last):\n  File &amp;quot;C:\\Users\\GRL\\AppData\\Local\\Programs\\Python\\Python313\\Lib\\logging\\__init__.py&amp;quot;, line 1153, in emit\n    stream.write(msg + self.terminator)\n    ~~~~~~~~~~~~^^^^^^^^^^^^^^^^^^^^^^^\n  File &amp;quot;C:\\Users\\GRL\\AppData\\Local\\Programs\\Python\\Python313\\Lib\\encodings\\cp1252.py&amp;quot;, line 19, in encode\n    return codecs.charmap_encode(input,self.errors,encoding_table)[0]\n           ~~~~~~~~~~~~~~~~~~~~~^^^^^^^^^^^^^^^^^^^^^^^^^^^^^^^^^^\nUnicodeEncodeError: &amp;#x27;charmap&amp;#x27; codec can&amp;#x27;t encode character &amp;#x27;\\u0394&amp;#x27; in position 34: character maps to &amp;lt;undefined&amp;gt;\nCall stack:\n  File &amp;quot;&amp;lt;frozen runpy&amp;gt;&amp;quot;, line 198, in _run_module_as_main\n  File &amp;quot;&amp;lt;frozen runpy&amp;gt;&amp;quot;, line 88, in _run_code\n  File &amp;quot;C:\\Users\\GRL\\AppData\\Local\\Programs\\Python\\Python313\\Scripts\\pytest.exe\\__main__.py&amp;quot;, line 7, in &amp;lt;module&amp;gt;\n    sys.exit(console_main())\n  File &amp;quot;C:\\Users\\GRL\\AppData\\Local\\Programs\\Python\\Python313\\Lib\\site-packages\\_pytest\\config\\__init__.py&amp;quot;, line 201, in console_main\n    code = main()\n  File &amp;quot;C:\\Users\\GRL\\AppData\\Local\\Programs\\Python\\Python313\\Lib\\site-packages\\_pytest\\config\\__init__.py&amp;quot;, line 175, in main\n    ret: ExitCode | int = config.hook.pytest_cmdline_main(config=config)\n  File &amp;quot;C:\\Users\\GRL\\AppData\\Local\\Programs\\Python\\Python313\\Lib\\site-packages\\pluggy\\_hooks.py&amp;quot;, line 513, in __call__\n    return self._hookexec(self.name, self._hookimpls.copy(), kwargs, firstresult)\n  File &amp;quot;C:\\Users\\GRL\\AppData\\Local\\Programs\\Python\\Python313\\Lib\\site-packages\\pluggy\\_manager.py&amp;quot;, line 120, in _hookexec\n    return self._inner_hookexec(hook_name, methods, kwargs, firstresult)\n  File &amp;quot;C:\\Users\\GRL\\AppData\\Local\\Programs\\Python\\Python313\\Lib\\site-packages\\pluggy\\_callers.py&amp;quot;, line 103, in _multicall\n    res = hook_impl.function(*args)\n  File &amp;quot;C:\\Users\\GRL\\AppData\\Local\\Programs\\Python\\Python313\\Lib\\site-packages\\_pytest\\main.py&amp;quot;, line 330, in pytest_cmdline_main\n    return wrap_session(config, _main)\n  File &amp;quot;C:\\Users\\GRL\\AppData\\Local\\Programs\\Python\\Python313\\Lib\\site-packages\\_pytest\\main.py&amp;quot;, line 283, in wrap_session\n    session.exitstatus = doit(config, session) or 0\n  File &amp;quot;C:\\Users\\GRL\\AppData\\Local\\Programs\\Python\\Python313\\Lib\\site-packages\\_pytest\\main.py&amp;quot;, line 337, in _main\n    config.hook.pytest_runtestloop(session=session)\n  File &amp;quot;C:\\Users\\GRL\\AppData\\Local\\Programs\\Python\\Python313\\Lib\\site-packages\\pluggy\\_hooks.py&amp;quot;, line 513, in __call__\n    return self._hookexec(self.name, self._hookimpls.copy(), kwargs, firstresult)\n  File &amp;quot;C:\\Users\\GRL\\AppData\\Local\\Programs\\Python\\Python313\\Lib\\site-packages\\pluggy\\_manager.py&amp;quot;, line 120, in _hookexec\n    return self._inner_hookexec(hook_name, methods, kwargs, firstresult)\n  File &amp;quot;C:\\Users\\GRL\\AppData\\Local\\Programs\\Python\\Python313\\Lib\\site-packages\\pluggy\\_callers.py&amp;quot;, line 103, in _multicall\n    res = hook_impl.function(*args)\n  File &amp;quot;C:\\Users\\GRL\\AppData\\Local\\Programs\\Python\\Python313\\Lib\\site-packages\\_pytest\\main.py&amp;quot;, line 362, in pytest_runtestloop\n    item.config.hook.pytest_runtest_protocol(item=item, nextitem=nextitem)\n  File &amp;quot;C:\\Users\\GRL\\AppData\\Local\\Programs\\Python\\Python313\\Lib\\site-packages\\pluggy\\_hooks.py&amp;quot;, line 513, in __call__\n    return self._hookexec(self.name, self._hookimpls.copy(), kwargs, firstresult)\n  File &amp;quot;C:\\Users\\GRL\\AppData\\Local\\Programs\\Python\\Python313\\Lib\\site-packages\\pluggy\\_manager.py&amp;quot;, line 120, in _hookexec\n    return self._inner_hookexec(hook_name, methods, kwargs, firstresult)\n  File &amp;quot;C:\\Users\\GRL\\AppData\\Local\\Programs\\Python\\Python313\\Lib\\site-packages\\pluggy\\_callers.py&amp;quot;, line 103, in _multicall\n    res = hook_impl.function(*args)\n  File &amp;quot;C:\\Users\\GRL\\AppData\\Local\\Programs\\Python\\Python313\\Lib\\site-packages\\_pytest\\runner.py&amp;quot;, line 113, in pytest_runtest_protocol\n    runtestprotocol(item, nextitem=nextitem)\n  File &amp;quot;C:\\Users\\GRL\\AppData\\Local\\Programs\\Python\\Python313\\Lib\\site-packages\\_pytest\\runner.py&amp;quot;, line 132, in runtestprotocol\n    reports.append(call_and_report(item, &amp;quot;call&amp;quot;, log))\n  File &amp;quot;C:\\Users\\GRL\\AppData\\Local\\Programs\\Python\\Python313\\Lib\\site-packages\\_pytest\\runner.py&amp;quot;, line 241, in call_and_report\n    call = CallInfo.from_call(\n  File &amp;quot;C:\\Users\\GRL\\AppData\\Local\\Programs\\Python\\Python313\\Lib\\site-packages\\_pytest\\runner.py&amp;quot;, line 341, in from_call\n    result: TResult | None = func()\n  File &amp;quot;C:\\Users\\GRL\\AppData\\Local\\Programs\\Python\\Python313\\Lib\\site-packages\\_pytest\\runner.py&amp;quot;, line 242, in &amp;lt;lambda&amp;gt;\n    lambda: runtest_hook(item=item, **kwds), when=when, reraise=reraise\n  File &amp;quot;C:\\Users\\GRL\\AppData\\Local\\Programs\\Python\\Python313\\Lib\\site-packages\\pluggy\\_hooks.py&amp;quot;, line 513, in __call__\n    return self._hookexec(self.name, self._hookimpls.copy(), kwargs, firstresult)\n  File &amp;quot;C:\\Users\\GRL\\AppData\\Local\\Programs\\Python\\Python313\\Lib\\site-packages\\pluggy\\_manager.py&amp;quot;, line 120, in _hookexec\n    return self._inner_hookexec(hook_name, methods, kwargs, firstresult)\n  File &amp;quot;C:\\Users\\GRL\\AppData\\Local\\Programs\\Python\\Python313\\Lib\\site-packages\\pluggy\\_callers.py&amp;quot;, line 103, in _multicall\n    res = hook_impl.function(*args)\n  File &amp;quot;C:\\Users\\GRL\\AppData\\Local\\Programs\\Python\\Python313\\Lib\\site-packages\\_pytest\\runner.py&amp;quot;, line 174, in pytest_runtest_call\n    item.runtest()\n  File &amp;quot;C:\\Users\\GRL\\AppData\\Local\\Programs\\Python\\Python313\\Lib\\site-packages\\_pytest\\python.py&amp;quot;, line 1627, in runtest\n    self.ihook.pytest_pyfunc_call(pyfuncitem=self)\n  File &amp;quot;C:\\Users\\GRL\\AppData\\Local\\Programs\\Python\\Python313\\Lib\\site-packages\\pluggy\\_hooks.py&amp;quot;, line 513, in __call__\n    return self._hookexec(self.name, self._hookimpls.copy(), kwargs, firstresult)\n  File &amp;quot;C:\\Users\\GRL\\AppData\\Local\\Programs\\Python\\Python313\\Lib\\site-packages\\pluggy\\_manager.py&amp;quot;, line 120, in _hookexec\n    return self._inner_hookexec(hook_name, methods, kwargs, firstresult)\n  File &amp;quot;C:\\Users\\GRL\\AppData\\Local\\Programs\\Python\\Python313\\Lib\\site-packages\\pluggy\\_callers.py&amp;quot;, line 103, in _multicall\n    res = hook_impl.function(*args)\n  File &amp;quot;C:\\Users\\GRL\\AppData\\Local\\Programs\\Python\\Python313\\Lib\\site-packages\\_pytest\\python.py&amp;quot;, line 159, in pytest_pyfunc_call\n    result = testfunction(**testargs)\n  File &amp;quot;D:\\Project-24\\tests\\test_Qi_Exerciser_checks.py&amp;quot;, line 92, in test_TC32_d_Tx_inputbox_checking\n    QiExerciser.input_field_test(QiExerciser.d_tx_inputbox, &amp;quot;\u0394d_Tx&amp;quot;)\n  File &amp;quot;D:\\Project-24\\pages\\Qi_Exerciser.py&amp;quot;, line 123, in input_field_test\n    logging.error(f&amp;quot;{field_name} input box is not available on the page&amp;quot;)\nMessage: &amp;#x27;\u0394d_Tx input box is not available on the page&amp;#x27;\nArguments: ()\n2025-03-31 09:58:13,699 - ERROR - \u0394d_Tx input box is not available on the page\n\n------------------------------ Captured log call -------------------------------\nINFO     root:Qi_Exerciser.py:117 Verifying the input box functionality for \u0394d_Tx\nERROR    root:Qi_Exerciser.py:123 \u0394d_Tx input box is not available on the page\n\n&#34;}], &#34;tests/test_Qi_Exerciser_checks.py::test_TC33_PPS_volts_checkbox_checking&#34;: [{&#34;extras&#34;: [], &#34;result&#34;: &#34;Passed&#34;, &#34;testId&#34;: &#34;tests/test_Qi_Exerciser_checks.py::test_TC33_PPS_volts_checkbox_checking&#34;, &#34;duration&#34;: &#34;12 ms&#34;, &#34;resultsTableRow&#34;: [&#34;&lt;td class=\&#34;col-result\&#34;&gt;Passed&lt;/td&gt;&#34;, &#34;&lt;td class=\&#34;col-testId\&#34;&gt;tests/test_Qi_Exerciser_checks.py::test_TC33_PPS_volts_checkbox_checking&lt;/td&gt;&#34;, &#34;&lt;td class=\&#34;col-duration\&#34;&gt;12 ms&lt;/td&gt;&#34;, &#34;&lt;td class=\&#34;col-links\&#34;&gt;&lt;/td&gt;&#34;], &#34;log&#34;: &#34;----------------------------- Captured stderr call -----------------------------\n2025-03-31 09:58:13,705 - INFO - Verifying the checkbox functionality for PPS Volts Checkbox\n2025-03-31 09:58:13,716 - ERROR - PPS Volts Checkbox checkbox is not available on the page\n\n------------------------------ Captured log call -------------------------------\nINFO     root:Qi_Exerciser.py:168 Verifying the checkbox functionality for PPS Volts Checkbox\nERROR    root:Qi_Exerciser.py:174 PPS Volts Checkbox checkbox is not available on the page\n\n&#34;}], &#34;tests/test_Qi_Exerciser_checks.py::test_TC34_Q_factor_Measurement_checkbox_checking&#34;: [{&#34;extras&#34;: [], &#34;result&#34;: &#34;Passed&#34;, &#34;testId&#34;: &#34;tests/test_Qi_Exerciser_checks.py::test_TC34_Q_factor_Measurement_checkbox_checking&#34;, &#34;duration&#34;: &#34;139 ms&#34;, &#34;resultsTableRow&#34;: [&#34;&lt;td class=\&#34;col-result\&#34;&gt;Passed&lt;/td&gt;&#34;, &#34;&lt;td class=\&#34;col-testId\&#34;&gt;tests/test_Qi_Exerciser_checks.py::test_TC34_Q_factor_Measurement_checkbox_checking&lt;/td&gt;&#34;, &#34;&lt;td class=\&#34;col-duration\&#34;&gt;139 ms&lt;/td&gt;&#34;, &#34;&lt;td class=\&#34;col-links\&#34;&gt;&lt;/td&gt;&#34;], &#34;log&#34;: &#34;----------------------------- Captured stderr call -----------------------------\n2025-03-31 09:58:13,720 - INFO - Verifying the checkbox functionality for Q Factor Measurement Checkbox\n2025-03-31 09:58:13,737 - INFO - Q Factor Measurement Checkbox checkbox is unchecked by default\n2025-03-31 09:58:13,807 - INFO - Q Factor Measurement Checkbox checkbox is now checked\n2025-03-31 09:58:13,858 - INFO - Q Factor Measurement Checkbox checkbox is now unchecked\n\n------------------------------ Captured log call -------------------------------\nINFO     root:Qi_Exerciser.py:168 Verifying the checkbox functionality for Q Factor Measurement Checkbox\nINFO     root:Qi_Exerciser.py:179 Q Factor Measurement Checkbox checkbox is unchecked by default\nINFO     root:Qi_Exerciser.py:187 Q Factor Measurement Checkbox checkbox is now checked\nINFO     root:Qi_Exerciser.py:194 Q Factor Measurement Checkbox checkbox is now unchecked\n\n&#34;}], &#34;tests/test_Qi_Exerciser_checks.py::test_TC35_Coil_Type_dropdown_checking&#34;: [{&#34;extras&#34;: [], &#34;result&#34;: &#34;Passed&#34;, &#34;testId&#34;: &#34;tests/test_Qi_Exerciser_checks.py::test_TC35_Coil_Type_dropdown_checking&#34;, &#34;duration&#34;: &#34;215 ms&#34;, &#34;resultsTableRow&#34;: [&#34;&lt;td class=\&#34;col-result\&#34;&gt;Passed&lt;/td&gt;&#34;, &#34;&lt;td class=\&#34;col-testId\&#34;&gt;tests/test_Qi_Exerciser_checks.py::test_TC35_Coil_Type_dropdown_checking&lt;/td&gt;&#34;, &#34;&lt;td class=\&#34;col-duration\&#34;&gt;215 ms&lt;/td&gt;&#34;, &#34;&lt;td class=\&#34;col-links\&#34;&gt;&lt;/td&gt;&#34;], &#34;log&#34;: &#34;----------------------------- Captured stderr call -----------------------------\n2025-03-31 09:58:13,860 - INFO - Verifying the dropdown functionality for Coil Type\n2025-03-31 09:58:13,963 - INFO - Available options in Coil Type:\n\n------------------------------ Captured log call -------------------------------\nINFO     root:Qi_Exerciser.py:200 Verifying the dropdown functionality for Coil Type\nINFO     root:Qi_Exerciser.py:226 Available options in Coil Type:\n\n&#34;}], &#34;tests/test_Qi_Exerciser_checks.py::test_TC36_Demodulator_dropdown_checking&#34;: [{&#34;extras&#34;: [], &#34;result&#34;: &#34;Passed&#34;, &#34;testId&#34;: &#34;tests/test_Qi_Exerciser_checks.py::test_TC36_Demodulator_dropdown_checking&#34;, &#34;duration&#34;: &#34;00:00:02&#34;, &#34;resultsTableRow&#34;: [&#34;&lt;td class=\&#34;col-result\&#34;&gt;Passed&lt;/td&gt;&#34;, &#34;&lt;td class=\&#34;col-testId\&#34;&gt;tests/test_Qi_Exerciser_checks.py::test_TC36_Demodulator_dropdown_checking&lt;/td&gt;&#34;, &#34;&lt;td class=\&#34;col-duration\&#34;&gt;00:00:02&lt;/td&gt;&#34;, &#34;&lt;td class=\&#34;col-links\&#34;&gt;&lt;/td&gt;&#34;], &#34;log&#34;: &#34;----------------------------- Captured stderr call -----------------------------\n2025-03-31 09:58:14,077 - INFO - Verifying the dropdown functionality for Demodulator\n2025-03-31 09:58:14,172 - INFO - Available options in Demodulator:\n\n------------------------------ Captured log call -------------------------------\nINFO     root:Qi_Exerciser.py:200 Verifying the dropdown functionality for Demodulator\nINFO     root:Qi_Exerciser.py:226 Available options in Demodulator:\n\n--------------------------- Captured stderr teardown ---------------------------\n2025-03-31 09:58:14,270 - INFO - Tearing down the browser\n\n---------------------------- Captured log teardown -----------------------------\nINFO     root:test_Qi_Exerciser_checks.py:78 Tearing down the browser&#34;}], &#34;tests/test_Usecase1.py::test_connect_to_tester&#34;: [{&#34;extras&#34;: [], &#34;result&#34;: &#34;Passed&#34;, &#34;testId&#34;: &#34;tests/test_Usecase1.py::test_connect_to_tester&#34;, &#34;duration&#34;: &#34;00:00:12&#34;, &#34;resultsTableRow&#34;: [&#34;&lt;td class=\&#34;col-result\&#34;&gt;Passed&lt;/td&gt;&#34;, &#34;&lt;td class=\&#34;col-testId\&#34;&gt;tests/test_Usecase1.py::test_connect_to_tester&lt;/td&gt;&#34;, &#34;&lt;td class=\&#34;col-duration\&#34;&gt;00:00:12&lt;/td&gt;&#34;, &#34;&lt;td class=\&#34;col-links\&#34;&gt;&lt;/td&gt;&#34;], &#34;log&#34;: &#34;---------------------------- Captured stderr setup -----------------------------\n2025-03-31 09:58:16,486 - INFO - Setting up the WebDriver\n2025-03-31 09:58:17,758 - INFO - Opening browser using way1\n2025-03-31 09:58:28,246 - INFO - Tester status: Connected\n\n------------------------------ Captured log setup ------------------------------\nINFO     root:test_Usecase1.py:31 Setting up the WebDriver\nINFO     root:browser_setup.py:33 Opening browser using way1\nINFO     root:browser_setup.py:49 Tester status: Connected\n\n----------------------------- Captured stderr call -----------------------------\n2025-03-31 09:58:28,248 - INFO - Verifying tester connection status\n2025-03-31 09:58:28,263 - INFO - Tester connection status: Connected\n2025-03-31 09:58:28,264 - INFO - Tester connected successfully.\n2025-03-31 09:58:28,293 - INFO - Extracted Tester Status: Connected\n2025-03-31 09:58:28,315 - INFO - Extracted Serial Number: GRL-C3-MP-2023006\n2025-03-31 09:58:28,343 - INFO - Extracted Firmware Version: 5.0.1.29 / 1.9\n2025-03-31 09:58:28,365 - INFO - Extracted Next Calibration Date: 22 May 2025\n2025-03-31 09:58:28,392 - INFO - Extracted Tester IP Address: 192.168.5.74\n2025-03-31 09:58:28,412 - INFO - Extracted Port: 5002\n2025-03-31 09:58:28,413 - INFO - Test execution completed.\n\n------------------------------ Captured log call -------------------------------\nINFO     root:test_Usecase1.py:50 Verifying tester connection status\nINFO     root:test_Usecase1.py:57 Tester connection status: Connected\nINFO     root:test_Usecase1.py:62 Tester connected successfully.\nINFO     root:test_Usecase1.py:73 Extracted Tester Status: Connected\nINFO     root:test_Usecase1.py:73 Extracted Serial Number: GRL-C3-MP-2023006\nINFO     root:test_Usecase1.py:73 Extracted Firmware Version: 5.0.1.29 / 1.9\nINFO     root:test_Usecase1.py:73 Extracted Next Calibration Date: 22 May 2025\nINFO     root:test_Usecase1.py:73 Extracted Tester IP Address: 192.168.5.74\nINFO     root:test_Usecase1.py:73 Extracted Port: 5002\nINFO     root:test_Usecase1.py:78 Test execution completed.\n\n&#34;}], &#34;tests/test_Usecase1.py::test_SDF_jsonval&#34;: [{&#34;extras&#34;: [], &#34;result&#34;: &#34;Passed&#34;, &#34;testId&#34;: &#34;tests/test_Usecase1.py::test_SDF_jsonval&#34;, &#34;duration&#34;: &#34;00:00:30&#34;, &#34;resultsTableRow&#34;: [&#34;&lt;td class=\&#34;col-result\&#34;&gt;Passed&lt;/td&gt;&#34;, &#34;&lt;td class=\&#34;col-testId\&#34;&gt;tests/test_Usecase1.py::test_SDF_jsonval&lt;/td&gt;&#34;, &#34;&lt;td class=\&#34;col-duration\&#34;&gt;00:00:30&lt;/td&gt;&#34;, &#34;&lt;td class=\&#34;col-links\&#34;&gt;&lt;/td&gt;&#34;], &#34;log&#34;: &#34;----------------------------- Captured stdout call -----------------------------\nC:\\Users\\GRL\\Downloads\\SDF_Export_20250331_095841.json\n\n----------------------------- Captured stderr call -----------------------------\n2025-03-31 09:58:28,421 - INFO - Page title: GRL-C3-TPT Software\n2025-03-31 09:58:28,426 - INFO - Page URL: http://localhost:2004/v3220126.html\n2025-03-31 09:58:28,426 - INFO - Clicking on Test Configuration\n2025-03-31 09:58:28,511 - INFO - Clicking on body of the UI to enable interactions\n2025-03-31 09:58:28,588 - INFO - Clicking on Edit SDF Button\n2025-03-31 09:58:28,726 - INFO - Entering Applicant Name\n2025-03-31 09:58:28,906 - INFO - Entering Product Name\n2025-03-31 09:58:29,028 - INFO - Clicking WPID Support Checkbox\n2025-03-31 09:58:31,118 - INFO - Clicking Update Button\n2025-03-31 09:58:36,240 - INFO - Clicking Export Button\n2025-03-31 09:58:41,353 - INFO - Waiting for JSON file to download\n2025-03-31 09:58:41,355 - INFO - Downloaded file renamed to: SDF_Export_20250331_095841.json\n2025-03-31 09:58:48,537 - INFO - Uploading downloaded JSON file\n2025-03-31 09:58:48,538 - INFO - C:\\Users\\GRL\\Downloads\\SDF_Export_20250331_095841.json\n2025-03-31 09:58:48,578 - INFO - File uploaded: C:\\Users\\GRL\\Downloads\\SDF_Export_20250331_095841.json\n2025-03-31 09:58:53,580 - INFO - Waiting for &amp;#x27;Create Project&amp;#x27; button to be clickable\n2025-03-31 09:58:53,757 - INFO - Clicked on &amp;#x27;Create Project&amp;#x27; successfully\n2025-03-31 09:58:58,758 - INFO - Validating Product Name after upload\n--- Logging error ---\nTraceback (most recent call last):\n  File &amp;quot;C:\\Users\\GRL\\AppData\\Local\\Programs\\Python\\Python313\\Lib\\logging\\__init__.py&amp;quot;, line 1153, in emit\n    stream.write(msg + self.terminator)\n    ~~~~~~~~~~~~^^^^^^^^^^^^^^^^^^^^^^^\n  File &amp;quot;C:\\Users\\GRL\\AppData\\Local\\Programs\\Python\\Python313\\Lib\\encodings\\cp1252.py&amp;quot;, line 19, in encode\n    return codecs.charmap_encode(input,self.errors,encoding_table)[0]\n           ~~~~~~~~~~~~~~~~~~~~~^^^^^^^^^^^^^^^^^^^^^^^^^^^^^^^^^^\nUnicodeEncodeError: &amp;#x27;charmap&amp;#x27; codec can&amp;#x27;t encode character &amp;#x27;\\u2705&amp;#x27; in position 33: character maps to &amp;lt;undefined&amp;gt;\nCall stack:\n  File &amp;quot;&amp;lt;frozen runpy&amp;gt;&amp;quot;, line 198, in _run_module_as_main\n  File &amp;quot;&amp;lt;frozen runpy&amp;gt;&amp;quot;, line 88, in _run_code\n  File &amp;quot;C:\\Users\\GRL\\AppData\\Local\\Programs\\Python\\Python313\\Scripts\\pytest.exe\\__main__.py&amp;quot;, line 7, in &amp;lt;module&amp;gt;\n    sys.exit(console_main())\n  File &amp;quot;C:\\Users\\GRL\\AppData\\Local\\Programs\\Python\\Python313\\Lib\\site-packages\\_pytest\\config\\__init__.py&amp;quot;, line 201, in console_main\n    code = main()\n  File &amp;quot;C:\\Users\\GRL\\AppData\\Local\\Programs\\Python\\Python313\\Lib\\site-packages\\_pytest\\config\\__init__.py&amp;quot;, line 175, in main\n    ret: ExitCode | int = config.hook.pytest_cmdline_main(config=config)\n  File &amp;quot;C:\\Users\\GRL\\AppData\\Local\\Programs\\Python\\Python313\\Lib\\site-packages\\pluggy\\_hooks.py&amp;quot;, line 513, in __call__\n    return self._hookexec(self.name, self._hookimpls.copy(), kwargs, firstresult)\n  File &amp;quot;C:\\Users\\GRL\\AppData\\Local\\Programs\\Python\\Python313\\Lib\\site-packages\\pluggy\\_manager.py&amp;quot;, line 120, in _hookexec\n    return self._inner_hookexec(hook_name, methods, kwargs, firstresult)\n  File &amp;quot;C:\\Users\\GRL\\AppData\\Local\\Programs\\Python\\Python313\\Lib\\site-packages\\pluggy\\_callers.py&amp;quot;, line 103, in _multicall\n    res = hook_impl.function(*args)\n  File &amp;quot;C:\\Users\\GRL\\AppData\\Local\\Programs\\Python\\Python313\\Lib\\site-packages\\_pytest\\main.py&amp;quot;, line 330, in pytest_cmdline_main\n    return wrap_session(config, _main)\n  File &amp;quot;C:\\Users\\GRL\\AppData\\Local\\Programs\\Python\\Python313\\Lib\\site-packages\\_pytest\\main.py&amp;quot;, line 283, in wrap_session\n    session.exitstatus = doit(config, session) or 0\n  File &amp;quot;C:\\Users\\GRL\\AppData\\Local\\Programs\\Python\\Python313\\Lib\\site-packages\\_pytest\\main.py&amp;quot;, line 337, in _main\n    config.hook.pytest_runtestloop(session=session)\n  File &amp;quot;C:\\Users\\GRL\\AppData\\Local\\Programs\\Python\\Python313\\Lib\\site-packages\\pluggy\\_hooks.py&amp;quot;, line 513, in __call__\n    return self._hookexec(self.name, self._hookimpls.copy(), kwargs, firstresult)\n  File &amp;quot;C:\\Users\\GRL\\AppData\\Local\\Programs\\Python\\Python313\\Lib\\site-packages\\pluggy\\_manager.py&amp;quot;, line 120, in _hookexec\n    return self._inner_hookexec(hook_name, methods, kwargs, firstresult)\n  File &amp;quot;C:\\Users\\GRL\\AppData\\Local\\Programs\\Python\\Python313\\Lib\\site-packages\\pluggy\\_callers.py&amp;quot;, line 103, in _multicall\n    res = hook_impl.function(*args)\n  File &amp;quot;C:\\Users\\GRL\\AppData\\Local\\Programs\\Python\\Python313\\Lib\\site-packages\\_pytest\\main.py&amp;quot;, line 362, in pytest_runtestloop\n    item.config.hook.pytest_runtest_protocol(item=item, nextitem=nextitem)\n  File &amp;quot;C:\\Users\\GRL\\AppData\\Local\\Programs\\Python\\Python313\\Lib\\site-packages\\pluggy\\_hooks.py&amp;quot;, line 513, in __call__\n    return self._hookexec(self.name, self._hookimpls.copy(), kwargs, firstresult)\n  File &amp;quot;C:\\Users\\GRL\\AppData\\Local\\Programs\\Python\\Python313\\Lib\\site-packages\\pluggy\\_manager.py&amp;quot;, line 120, in _hookexec\n    return self._inner_hookexec(hook_name, methods, kwargs, firstresult)\n  File &amp;quot;C:\\Users\\GRL\\AppData\\Local\\Programs\\Python\\Python313\\Lib\\site-packages\\pluggy\\_callers.py&amp;quot;, line 103, in _multicall\n    res = hook_impl.function(*args)\n  File &amp;quot;C:\\Users\\GRL\\AppData\\Local\\Programs\\Python\\Python313\\Lib\\site-packages\\_pytest\\runner.py&amp;quot;, line 113, in pytest_runtest_protocol\n    runtestprotocol(item, nextitem=nextitem)\n  File &amp;quot;C:\\Users\\GRL\\AppData\\Local\\Programs\\Python\\Python313\\Lib\\site-packages\\_pytest\\runner.py&amp;quot;, line 132, in runtestprotocol\n    reports.append(call_and_report(item, &amp;quot;call&amp;quot;, log))\n  File &amp;quot;C:\\Users\\GRL\\AppData\\Local\\Programs\\Python\\Python313\\Lib\\site-packages\\_pytest\\runner.py&amp;quot;, line 241, in call_and_report\n    call = CallInfo.from_call(\n  File &amp;quot;C:\\Users\\GRL\\AppData\\Local\\Programs\\Python\\Python313\\Lib\\site-packages\\_pytest\\runner.py&amp;quot;, line 341, in from_call\n    result: TResult | None = func()\n  File &amp;quot;C:\\Users\\GRL\\AppData\\Local\\Programs\\Python\\Python313\\Lib\\site-packages\\_pytest\\runner.py&amp;quot;, line 242, in &amp;lt;lambda&amp;gt;\n    lambda: runtest_hook(item=item, **kwds), when=when, reraise=reraise\n  File &amp;quot;C:\\Users\\GRL\\AppData\\Local\\Programs\\Python\\Python313\\Lib\\site-packages\\pluggy\\_hooks.py&amp;quot;, line 513, in __call__\n    return self._hookexec(self.name, self._hookimpls.copy(), kwargs, firstresult)\n  File &amp;quot;C:\\Users\\GRL\\AppData\\Local\\Programs\\Python\\Python313\\Lib\\site-packages\\pluggy\\_manager.py&amp;quot;, line 120, in _hookexec\n    return self._inner_hookexec(hook_name, methods, kwargs, firstresult)\n  File &amp;quot;C:\\Users\\GRL\\AppData\\Local\\Programs\\Python\\Python313\\Lib\\site-packages\\pluggy\\_callers.py&amp;quot;, line 103, in _multicall\n    res = hook_impl.function(*args)\n  File &amp;quot;C:\\Users\\GRL\\AppData\\Local\\Programs\\Python\\Python313\\Lib\\site-packages\\_pytest\\runner.py&amp;quot;, line 174, in pytest_runtest_call\n    item.runtest()\n  File &amp;quot;C:\\Users\\GRL\\AppData\\Local\\Programs\\Python\\Python313\\Lib\\site-packages\\_pytest\\python.py&amp;quot;, line 1627, in runtest\n    self.ihook.pytest_pyfunc_call(pyfuncitem=self)\n  File &amp;quot;C:\\Users\\GRL\\AppData\\Local\\Programs\\Python\\Python313\\Lib\\site-packages\\pluggy\\_hooks.py&amp;quot;, line 513, in __call__\n    return self._hookexec(self.name, self._hookimpls.copy(), kwargs, firstresult)\n  File &amp;quot;C:\\Users\\GRL\\AppData\\Local\\Programs\\Python\\Python313\\Lib\\site-packages\\pluggy\\_manager.py&amp;quot;, line 120, in _hookexec\n    return self._inner_hookexec(hook_name, methods, kwargs, firstresult)\n  File &amp;quot;C:\\Users\\GRL\\AppData\\Local\\Programs\\Python\\Python313\\Lib\\site-packages\\pluggy\\_callers.py&amp;quot;, line 103, in _multicall\n    res = hook_impl.function(*args)\n  File &amp;quot;C:\\Users\\GRL\\AppData\\Local\\Programs\\Python\\Python313\\Lib\\site-packages\\_pytest\\python.py&amp;quot;, line 159, in pytest_pyfunc_call\n    result = testfunction(**testargs)\n  File &amp;quot;D:\\Project-24\\tests\\test_Usecase1.py&amp;quot;, line 210, in test_SDF_jsonval\n    logging.info(&amp;quot;\u2705 Product Name validation successful after upload.&amp;quot;)\nMessage: &amp;#x27;\u2705 Product Name validation successful after upload.&amp;#x27;\nArguments: ()\n2025-03-31 09:58:58,796 - INFO - \u2705 Product Name validation successful after upload.\n\n------------------------------ Captured log call -------------------------------\nINFO     root:test_Usecase1.py:87 Page title: GRL-C3-TPT Software\nINFO     root:test_Usecase1.py:88 Page URL: http://localhost:2004/v3220126.html\nINFO     root:test_Usecase1.py:92 Clicking on Test Configuration\nINFO     root:test_Usecase1.py:96 Clicking on body of the UI to enable interactions\nINFO     root:test_Usecase1.py:100 Clicking on Edit SDF Button\nINFO     root:test_Usecase1.py:104 Entering Applicant Name\nINFO     root:test_Usecase1.py:107 Entering Product Name\nINFO     root:test_Usecase1.py:110 Clicking WPID Support Checkbox\nINFO     root:test_Usecase1.py:114 Clicking Update Button\nINFO     root:test_Usecase1.py:118 Clicking Export Button\nINFO     root:test_Usecase1.py:126 Waiting for JSON file to download\nINFO     root:test_Usecase1.py:144 Downloaded file renamed to: SDF_Export_20250331_095841.json\nINFO     root:test_Usecase1.py:160 Uploading downloaded JSON file\nINFO     root:test_Usecase1.py:162 C:\\Users\\GRL\\Downloads\\SDF_Export_20250331_095841.json\nINFO     root:test_Usecase1.py:172 File uploaded: C:\\Users\\GRL\\Downloads\\SDF_Export_20250331_095841.json\nINFO     root:test_Usecase1.py:189 Waiting for &amp;#x27;Create Project&amp;#x27; button to be clickable\nINFO     root:test_Usecase1.py:192 Clicked on &amp;#x27;Create Project&amp;#x27; successfully\nINFO     root:test_Usecase1.py:204 Validating Product Name after upload\nINFO     root:test_Usecase1.py:210 \u2705 Product Name validation successful after upload.\n\n&#34;}], &#34;tests/test_Usecase1.py::test_countofTC&#34;: [{&#34;extras&#34;: [], &#34;result&#34;: &#34;Passed&#34;, &#34;testId&#34;: &#34;tests/test_Usecase1.py::test_countofTC&#34;, &#34;duration&#34;: &#34;00:00:23&#34;, &#34;resultsTableRow&#34;: [&#34;&lt;td class=\&#34;col-result\&#34;&gt;Passed&lt;/td&gt;&#34;, &#34;&lt;td class=\&#34;col-testId\&#34;&gt;tests/test_Usecase1.py::test_countofTC&lt;/td&gt;&#34;, &#34;&lt;td class=\&#34;col-duration\&#34;&gt;00:00:23&lt;/td&gt;&#34;, &#34;&lt;td class=\&#34;col-links\&#34;&gt;&lt;/td&gt;&#34;], &#34;log&#34;: &#34;----------------------------- Captured stderr call -----------------------------\n2025-03-31 09:58:58,808 - INFO - Page title: GRL-C3-TPT Software\n2025-03-31 09:58:58,813 - INFO - Page URL: http://localhost:2004/v3220126.html\n2025-03-31 09:58:58,813 - INFO - Locating PRx Compliance Tests MPP V2.0.1 checkbox\n2025-03-31 09:59:19,318 - ERROR - Error occurred: Message: \nStacktrace:\n\tGetHandleVerifier [0x00007FF67D224C25+3179557]\n\t(No symbol) [0x00007FF67CE888A0]\n\t(No symbol) [0x00007FF67CD191CA]\n\t(No symbol) [0x00007FF67CD6FA67]\n\t(No symbol) [0x00007FF67CD6FC9C]\n\t(No symbol) [0x00007FF67CDC3627]\n\t(No symbol) [0x00007FF67CD97C6F]\n\t(No symbol) [0x00007FF67CDC02F3]\n\t(No symbol) [0x00007FF67CD97A03]\n\t(No symbol) [0x00007FF67CD606D0]\n\t(No symbol) [0x00007FF67CD61983]\n\tGetHandleVerifier [0x00007FF67D2867CD+3579853]\n\tGetHandleVerifier [0x00007FF67D29D1D2+3672530]\n\tGetHandleVerifier [0x00007FF67D292153+3627347]\n\tGetHandleVerifier [0x00007FF67CFF092A+868650]\n\t(No symbol) [0x00007FF67CE92FFF]\n\t(No symbol) [0x00007FF67CE8F4A4]\n\t(No symbol) [0x00007FF67CE8F646]\n\t(No symbol) [0x00007FF67CE7EAA9]\n\tBaseThreadInitThunk [0x00007FF9358D54E0+16]\n\tRtlUserThreadStart [0x00007FF936AA485B+43]\n\n\n------------------------------ Captured log call -------------------------------\nINFO     root:test_Usecase1.py:219 Page title: GRL-C3-TPT Software\nINFO     root:test_Usecase1.py:220 Page URL: http://localhost:2004/v3220126.html\nINFO     root:test_Usecase1.py:224 Locating PRx Compliance Tests MPP V2.0.1 checkbox\nERROR    root:test_Usecase1.py:257 Error occurred: Message: \nStacktrace:\n\tGetHandleVerifier [0x00007FF67D224C25+3179557]\n\t(No symbol) [0x00007FF67CE888A0]\n\t(No symbol) [0x00007FF67CD191CA]\n\t(No symbol) [0x00007FF67CD6FA67]\n\t(No symbol) [0x00007FF67CD6FC9C]\n\t(No symbol) [0x00007FF67CDC3627]\n\t(No symbol) [0x00007FF67CD97C6F]\n\t(No symbol) [0x00007FF67CDC02F3]\n\t(No symbol) [0x00007FF67CD97A03]\n\t(No symbol) [0x00007FF67CD606D0]\n\t(No symbol) [0x00007FF67CD61983]\n\tGetHandleVerifier [0x00007FF67D2867CD+3579853]\n\tGetHandleVerifier [0x00007FF67D29D1D2+3672530]\n\tGetHandleVerifier [0x00007FF67D292153+3627347]\n\tGetHandleVerifier [0x00007FF67CFF092A+868650]\n\t(No symbol) [0x00007FF67CE92FFF]\n\t(No symbol) [0x00007FF67CE8F4A4]\n\t(No symbol) [0x00007FF67CE8F646]\n\t(No symbol) [0x00007FF67CE7EAA9]\n\tBaseThreadInitThunk [0x00007FF9358D54E0+16]\n\tRtlUserThreadStart [0x00007FF936AA485B+43]\n\n--------------------------- Captured stderr teardown ---------------------------\n2025-03-31 09:59:19,323 - INFO - Closing the WebDriver\n\n---------------------------- Captured log teardown -----------------------------\nINFO     root:test_Usecase1.py:35 Closing the WebDriver&#34;}], &#34;tests/test_config_panelchecks.py::test_TC20_Product_Name_inputbox_checking&#34;: [{&#34;extras&#34;: [], &#34;result&#34;: &#34;Passed&#34;, &#34;testId&#34;: &#34;tests/test_config_panelchecks.py::test_TC20_Product_Name_inputbox_checking&#34;, &#34;duration&#34;: &#34;00:00:22&#34;, &#34;resultsTableRow&#34;: [&#34;&lt;td class=\&#34;col-result\&#34;&gt;Passed&lt;/td&gt;&#34;, &#34;&lt;td class=\&#34;col-testId\&#34;&gt;tests/test_config_panelchecks.py::test_TC20_Product_Name_inputbox_checking&lt;/td&gt;&#34;, &#34;&lt;td class=\&#34;col-duration\&#34;&gt;00:00:22&lt;/td&gt;&#34;, &#34;&lt;td class=\&#34;col-links\&#34;&gt;&lt;/td&gt;&#34;], &#34;log&#34;: &#34;---------------------------- Captured stderr setup -----------------------------\n2025-03-31 09:59:21,568 - INFO - Setting up the browser\n2025-03-31 09:59:22,823 - INFO - Opening browser using way1\n2025-03-31 09:59:34,756 - INFO - Tester status: Connected\n2025-03-31 09:59:34,756 - INFO - Opening Test Configuration Panel\n2025-03-31 09:59:36,858 - INFO - clicking on body of the UI to enble the UI\n2025-03-31 09:59:41,946 - INFO - Clicking on Edit SDF Button\n\n------------------------------ Captured log setup ------------------------------\nINFO     root:test_config_panelchecks.py:143 Setting up the browser\nINFO     root:browser_setup.py:33 Opening browser using way1\nINFO     root:browser_setup.py:49 Tester status: Connected\nINFO     root:configpage_panel.py:73 Opening Test Configuration Panel\nINFO     root:configpage_panel.py:76 clicking on body of the UI to enble the UI\nINFO     root:configpage_panel.py:80 Clicking on Edit SDF Button\n\n----------------------------- Captured stderr call -----------------------------\n2025-03-31 09:59:42,091 - INFO - Verifying the input box functionality for Product Name\n2025-03-31 09:59:42,523 - INFO - Product Name input box accepted 100 random characters: p7ha6tcoIo{--Nat~g&amp;quot;h`pNULEI#PU;WMZgXp=IfDxzjtQg[vsJ#g=/,$xp_&amp;amp;&amp;lt;74U3LLV!`$if.5FLXyY&amp;#x27;etIKdqA&amp;amp;h}OiXCh2Ke\n2025-03-31 09:59:42,792 - INFO - Product Name input box accepted 100 numbers: 4812244299597484331014709410497923905466568827624938837037484248097359229868608127237694468840186441\n2025-03-31 09:59:43,078 - INFO - Product Name input box accepted 100 letters: ZQeWcTeTXoMwyCcWDIBxXfgpbdcvYhpXESmItQKZrDXZdNpZrtauIPMwZSVBIHAXlHBDZhmLFxtXhWXQAjKpPRGEpFZvyjbBeUxT\n2025-03-31 09:59:43,369 - INFO - Product Name input box accepted a combination of letters, numbers, and special characters: I&amp;lt;KHc8x5(;A%K4=O[/p{iDTXr^VQeXFJe4i*[K1{SunI9S:c&amp;#x27;*Pt0J!H_M2ALiNo]QLS&amp;gt;G#mem)=\\F[!jizniN[Y:1;Ty.E9z&amp;lt;PV\n\n------------------------------ Captured log call -------------------------------\nINFO     root:configpage_panel.py:84 Verifying the input box functionality for Product Name\nINFO     root:configpage_panel.py:100 Product Name input box accepted 100 random characters: p7ha6tcoIo{--Nat~g&amp;quot;h`pNULEI#PU;WMZgXp=IfDxzjtQg[vsJ#g=/,$xp_&amp;amp;&amp;lt;74U3LLV!`$if.5FLXyY&amp;#x27;etIKdqA&amp;amp;h}OiXCh2Ke\nINFO     root:configpage_panel.py:110 Product Name input box accepted 100 numbers: 4812244299597484331014709410497923905466568827624938837037484248097359229868608127237694468840186441\nINFO     root:configpage_panel.py:120 Product Name input box accepted 100 letters: ZQeWcTeTXoMwyCcWDIBxXfgpbdcvYhpXESmItQKZrDXZdNpZrtauIPMwZSVBIHAXlHBDZhmLFxtXhWXQAjKpPRGEpFZvyjbBeUxT\nINFO     root:configpage_panel.py:130 Product Name input box accepted a combination of letters, numbers, and special characters: I&amp;lt;KHc8x5(;A%K4=O[/p{iDTXr^VQeXFJe4i*[K1{SunI9S:c&amp;#x27;*Pt0J!H_M2ALiNo]QLS&amp;gt;G#mem)=\\F[!jizniN[Y:1;Ty.E9z&amp;lt;PV\n\n&#34;}], &#34;tests/test_config_panelchecks.py::test_TC21_Applicant_Name_inputbox_checking&#34;: [{&#34;extras&#34;: [], &#34;result&#34;: &#34;Passed&#34;, &#34;testId&#34;: &#34;tests/test_config_panelchecks.py::test_TC21_Applicant_Name_inputbox_checking&#34;, &#34;duration&#34;: &#34;00:00:01&#34;, &#34;resultsTableRow&#34;: [&#34;&lt;td class=\&#34;col-result\&#34;&gt;Passed&lt;/td&gt;&#34;, &#34;&lt;td class=\&#34;col-testId\&#34;&gt;tests/test_config_panelchecks.py::test_TC21_Applicant_Name_inputbox_checking&lt;/td&gt;&#34;, &#34;&lt;td class=\&#34;col-duration\&#34;&gt;00:00:01&lt;/td&gt;&#34;, &#34;&lt;td class=\&#34;col-links\&#34;&gt;&lt;/td&gt;&#34;], &#34;log&#34;: &#34;----------------------------- Captured stderr call -----------------------------\n2025-03-31 09:59:43,371 - INFO - Verifying the input box functionality for Applicant Name\n2025-03-31 09:59:43,696 - INFO - Applicant Name input box accepted 100 random characters: \\6*@OKXw`Mu{G)Bi#b7,8\\A9O^ZMtzsx|s7;#?~)qR|n_c&amp;gt;5Ms_JDZ@&amp;gt;knz=&amp;gt;&amp;amp;gWV;xO\\YXi&amp;gt;TZu?j:{1lX*W[3`B]EIW@jb7B=|\n2025-03-31 09:59:43,960 - INFO - Applicant Name input box accepted 100 numbers: 1151523249998361568248181889229591028151412989939527379573356078927898029569666439525629750124181606\n2025-03-31 09:59:44,299 - INFO - Applicant Name input box accepted 100 letters: QiPzdNTMnAjsLFgIEcgBOUirMdQJtPqsACpUhFJlkaaocHDYshYvxpUMuADFxtrqMXbSZpcGgYMzeFDKLSeMgNgVicJSMFEoqGMj\n2025-03-31 09:59:44,588 - INFO - Applicant Name input box accepted a combination of letters, numbers, and special characters: 5&amp;#x27;&amp;#x27;Bz*us$W69]!PE\\*{G0GT(aHhhh(A(*))m[X&amp;quot;)E&amp;#x27;0s&amp;gt;Vwf+-a7xu4&amp;quot;cxa1NGV$SaS0x{C\\vEy+8Yp`_&amp;#x27;~.6SECf&amp;quot;kNK~Id@&amp;quot;bW\n\n------------------------------ Captured log call -------------------------------\nINFO     root:configpage_panel.py:84 Verifying the input box functionality for Applicant Name\nINFO     root:configpage_panel.py:100 Applicant Name input box accepted 100 random characters: \\6*@OKXw`Mu{G)Bi#b7,8\\A9O^ZMtzsx|s7;#?~)qR|n_c&amp;gt;5Ms_JDZ@&amp;gt;knz=&amp;gt;&amp;amp;gWV;xO\\YXi&amp;gt;TZu?j:{1lX*W[3`B]EIW@jb7B=|\nINFO     root:configpage_panel.py:110 Applicant Name input box accepted 100 numbers: 1151523249998361568248181889229591028151412989939527379573356078927898029569666439525629750124181606\nINFO     root:configpage_panel.py:120 Applicant Name input box accepted 100 letters: QiPzdNTMnAjsLFgIEcgBOUirMdQJtPqsACpUhFJlkaaocHDYshYvxpUMuADFxtrqMXbSZpcGgYMzeFDKLSeMgNgVicJSMFEoqGMj\nINFO     root:configpage_panel.py:130 Applicant Name input box accepted a combination of letters, numbers, and special characters: 5&amp;#x27;&amp;#x27;Bz*us$W69]!PE\\*{G0GT(aHhhh(A(*))m[X&amp;quot;)E&amp;#x27;0s&amp;gt;Vwf+-a7xu4&amp;quot;cxa1NGV$SaS0x{C\\vEy+8Yp`_&amp;#x27;~.6SECf&amp;quot;kNK~Id@&amp;quot;bW\n\n&#34;}], &#34;tests/test_config_panelchecks.py::test_TC22_Part_Number_inputbox_checking&#34;: [{&#34;extras&#34;: [], &#34;result&#34;: &#34;Passed&#34;, &#34;testId&#34;: &#34;tests/test_config_panelchecks.py::test_TC22_Part_Number_inputbox_checking&#34;, &#34;duration&#34;: &#34;00:00:01&#34;, &#34;resultsTableRow&#34;: [&#34;&lt;td class=\&#34;col-result\&#34;&gt;Passed&lt;/td&gt;&#34;, &#34;&lt;td class=\&#34;col-testId\&#34;&gt;tests/test_config_panelchecks.py::test_TC22_Part_Number_inputbox_checking&lt;/td&gt;&#34;, &#34;&lt;td class=\&#34;col-duration\&#34;&gt;00:00:01&lt;/td&gt;&#34;, &#34;&lt;td class=\&#34;col-links\&#34;&gt;&lt;/td&gt;&#34;], &#34;log&#34;: &#34;----------------------------- Captured stderr call -----------------------------\n2025-03-31 09:59:44,590 - INFO - Verifying the input box functionality for Part Number\n2025-03-31 09:59:44,876 - INFO - Part Number input box accepted 100 random characters: )s#oS~xj2Vnp*1,Y[cT_Y_|Mw+Zu!=0!&amp;gt;q&amp;lt;0olIR&amp;lt;.1*d]Q#VIu|)VHeg:M,&amp;lt;Y&amp;amp;s=1$86zSAS67X&amp;gt;$*-w8AU9~7f#a-.}P~iq`b(\n2025-03-31 09:59:45,126 - INFO - Part Number input box accepted 100 numbers: 1421501150945328785748641694074915173829703729778019802027243479182206017224946838871170207555981760\n2025-03-31 09:59:45,411 - INFO - Part Number input box accepted 100 letters: atqlZGMiNvvyQnzmzHSzJIMkFoJePIjBDNVgIVJieLYWenhMzTsMnHOZmpIcKtNarvvCRLBiHUXdBowRUlprXTLfOdEKjETOlpaW\n2025-03-31 09:59:45,703 - INFO - Part Number input box accepted a combination of letters, numbers, and special characters: RBY[96@L;2d|*Rtly+Z_&amp;lt;,peXG;`^:.9O^nx.?_Iei?Z=lP.j,BZ(x$||R-*-\\E1qv,-?Of]up4mQNTwMYlN&amp;gt;Pyu_`ymvBkx6k*R\n\n------------------------------ Captured log call -------------------------------\nINFO     root:configpage_panel.py:84 Verifying the input box functionality for Part Number\nINFO     root:configpage_panel.py:100 Part Number input box accepted 100 random characters: )s#oS~xj2Vnp*1,Y[cT_Y_|Mw+Zu!=0!&amp;gt;q&amp;lt;0olIR&amp;lt;.1*d]Q#VIu|)VHeg:M,&amp;lt;Y&amp;amp;s=1$86zSAS67X&amp;gt;$*-w8AU9~7f#a-.}P~iq`b(\nINFO     root:configpage_panel.py:110 Part Number input box accepted 100 numbers: 1421501150945328785748641694074915173829703729778019802027243479182206017224946838871170207555981760\nINFO     root:configpage_panel.py:120 Part Number input box accepted 100 letters: atqlZGMiNvvyQnzmzHSzJIMkFoJePIjBDNVgIVJieLYWenhMzTsMnHOZmpIcKtNarvvCRLBiHUXdBowRUlprXTLfOdEKjETOlpaW\nINFO     root:configpage_panel.py:130 Part Number input box accepted a combination of letters, numbers, and special characters: RBY[96@L;2d|*Rtly+Z_&amp;lt;,peXG;`^:.9O^nx.?_Iei?Z=lP.j,BZ(x$||R-*-\\E1qv,-?Of]up4mQNTwMYlN&amp;gt;Pyu_`ymvBkx6k*R\n\n&#34;}], &#34;tests/test_config_panelchecks.py::test_TC23_QIID_inputbox_checking&#34;: [{&#34;extras&#34;: [], &#34;result&#34;: &#34;Passed&#34;, &#34;testId&#34;: &#34;tests/test_config_panelchecks.py::test_TC23_QIID_inputbox_checking&#34;, &#34;duration&#34;: &#34;00:00:01&#34;, &#34;resultsTableRow&#34;: [&#34;&lt;td class=\&#34;col-result\&#34;&gt;Passed&lt;/td&gt;&#34;, &#34;&lt;td class=\&#34;col-testId\&#34;&gt;tests/test_config_panelchecks.py::test_TC23_QIID_inputbox_checking&lt;/td&gt;&#34;, &#34;&lt;td class=\&#34;col-duration\&#34;&gt;00:00:01&lt;/td&gt;&#34;, &#34;&lt;td class=\&#34;col-links\&#34;&gt;&lt;/td&gt;&#34;], &#34;log&#34;: &#34;----------------------------- Captured stderr call -----------------------------\n2025-03-31 09:59:45,705 - INFO - Verifying the input box functionality for QIID\n2025-03-31 09:59:46,048 - ERROR - QIID input box failed to accept 100 random characters\n2025-03-31 09:59:46,324 - INFO - QIID input box accepted 100 numbers: 3257006277859187898618615063251069923937615985470109259138433582180969236256921391422281436441827288\n2025-03-31 09:59:46,671 - ERROR - QIID input box failed to accept 100 letters\n2025-03-31 09:59:47,012 - ERROR - QIID input box failed to accept a combination of letters, numbers, and special characters\n\n------------------------------ Captured log call -------------------------------\nINFO     root:configpage_panel.py:84 Verifying the input box functionality for QIID\nERROR    root:configpage_panel.py:102 QIID input box failed to accept 100 random characters\nINFO     root:configpage_panel.py:110 QIID input box accepted 100 numbers: 3257006277859187898618615063251069923937615985470109259138433582180969236256921391422281436441827288\nERROR    root:configpage_panel.py:122 QIID input box failed to accept 100 letters\nERROR    root:configpage_panel.py:132 QIID input box failed to accept a combination of letters, numbers, and special characters\n\n&#34;}], &#34;tests/test_config_panelchecks.py::test_TC24_Manufacturer_Code_inputbox_checking&#34;: [{&#34;extras&#34;: [], &#34;result&#34;: &#34;Passed&#34;, &#34;testId&#34;: &#34;tests/test_config_panelchecks.py::test_TC24_Manufacturer_Code_inputbox_checking&#34;, &#34;duration&#34;: &#34;00:00:01&#34;, &#34;resultsTableRow&#34;: [&#34;&lt;td class=\&#34;col-result\&#34;&gt;Passed&lt;/td&gt;&#34;, &#34;&lt;td class=\&#34;col-testId\&#34;&gt;tests/test_config_panelchecks.py::test_TC24_Manufacturer_Code_inputbox_checking&lt;/td&gt;&#34;, &#34;&lt;td class=\&#34;col-duration\&#34;&gt;00:00:01&lt;/td&gt;&#34;, &#34;&lt;td class=\&#34;col-links\&#34;&gt;&lt;/td&gt;&#34;], &#34;log&#34;: &#34;----------------------------- Captured stderr call -----------------------------\n2025-03-31 09:59:47,016 - INFO - Verifying the input box functionality for Manufacturer Code\n2025-03-31 09:59:47,297 - INFO - Manufacturer Code input box accepted 100 random characters: 0f`@4f0kc{4JmNq!*1m^rg/n(bM*AdF7Y;tv+S94O&amp;#x27;Tyszw[4T]j}?]}.-~,WD4dEH:}pzGJZGd;GARR*jhI6z5vL1D9)nqLbr&amp;quot;}\n2025-03-31 09:59:47,573 - INFO - Manufacturer Code input box accepted 100 numbers: 1932403879846103014697010938191775194959861818220481712500103324671086149325337102938020222859559695\n2025-03-31 09:59:47,855 - INFO - Manufacturer Code input box accepted 100 letters: ofVuWvGlwtDeFEanmvMCPrwCirRhsXVcOOSKQTDYbljpiHtbhRZbMTUHbdsMtyPfhFSdkndlMoZetEylbKxwWzlDSQqNgzokqLNb\n2025-03-31 09:59:48,175 - INFO - Manufacturer Code input box accepted a combination of letters, numbers, and special characters: ElqF$y2A/~WvjZY4E9IRmp:_r&amp;#x27;nXNKF7ygyZE1{Le9{TS5=2Z(az[TPhEz/]zk4HV^zl:OqD8Mz~X1Q+\\}J&amp;quot;1LQMm%X|VX\\&amp;quot;pB5e\n\n------------------------------ Captured log call -------------------------------\nINFO     root:configpage_panel.py:84 Verifying the input box functionality for Manufacturer Code\nINFO     root:configpage_panel.py:100 Manufacturer Code input box accepted 100 random characters: 0f`@4f0kc{4JmNq!*1m^rg/n(bM*AdF7Y;tv+S94O&amp;#x27;Tyszw[4T]j}?]}.-~,WD4dEH:}pzGJZGd;GARR*jhI6z5vL1D9)nqLbr&amp;quot;}\nINFO     root:configpage_panel.py:110 Manufacturer Code input box accepted 100 numbers: 1932403879846103014697010938191775194959861818220481712500103324671086149325337102938020222859559695\nINFO     root:configpage_panel.py:120 Manufacturer Code input box accepted 100 letters: ofVuWvGlwtDeFEanmvMCPrwCirRhsXVcOOSKQTDYbljpiHtbhRZbMTUHbdsMtyPfhFSdkndlMoZetEylbKxwWzlDSQqNgzokqLNb\nINFO     root:configpage_panel.py:130 Manufacturer Code input box accepted a combination of letters, numbers, and special characters: ElqF$y2A/~WvjZY4E9IRmp:_r&amp;#x27;nXNKF7ygyZE1{Le9{TS5=2Z(az[TPhEz/]zk4HV^zl:OqD8Mz~X1Q+\\}J&amp;quot;1LQMm%X|VX\\&amp;quot;pB5e\n\n&#34;}], &#34;tests/test_config_panelchecks.py::test_TC25_Cloak_Retry_Count_inputbox_checking&#34;: [{&#34;extras&#34;: [], &#34;result&#34;: &#34;Passed&#34;, &#34;testId&#34;: &#34;tests/test_config_panelchecks.py::test_TC25_Cloak_Retry_Count_inputbox_checking&#34;, &#34;duration&#34;: &#34;00:00:01&#34;, &#34;resultsTableRow&#34;: [&#34;&lt;td class=\&#34;col-result\&#34;&gt;Passed&lt;/td&gt;&#34;, &#34;&lt;td class=\&#34;col-testId\&#34;&gt;tests/test_config_panelchecks.py::test_TC25_Cloak_Retry_Count_inputbox_checking&lt;/td&gt;&#34;, &#34;&lt;td class=\&#34;col-duration\&#34;&gt;00:00:01&lt;/td&gt;&#34;, &#34;&lt;td class=\&#34;col-links\&#34;&gt;&lt;/td&gt;&#34;], &#34;log&#34;: &#34;----------------------------- Captured stderr call -----------------------------\n2025-03-31 09:59:48,178 - INFO - Verifying the input box functionality for Cloak Retry Count\n2025-03-31 09:59:48,489 - ERROR - Cloak Retry Count input box failed to accept 100 random characters\n2025-03-31 09:59:48,758 - INFO - Cloak Retry Count input box accepted 100 numbers: 0703712038600497227507937285575828707559825233697922721865312085351585173338450124807050529485294113\n2025-03-31 09:59:49,076 - ERROR - Cloak Retry Count input box failed to accept 100 letters\n2025-03-31 09:59:49,393 - ERROR - Cloak Retry Count input box failed to accept a combination of letters, numbers, and special characters\n\n------------------------------ Captured log call -------------------------------\nINFO     root:configpage_panel.py:84 Verifying the input box functionality for Cloak Retry Count\nERROR    root:configpage_panel.py:102 Cloak Retry Count input box failed to accept 100 random characters\nINFO     root:configpage_panel.py:110 Cloak Retry Count input box accepted 100 numbers: 0703712038600497227507937285575828707559825233697922721865312085351585173338450124807050529485294113\nERROR    root:configpage_panel.py:122 Cloak Retry Count input box failed to accept 100 letters\nERROR    root:configpage_panel.py:132 Cloak Retry Count input box failed to accept a combination of letters, numbers, and special characters\n\n&#34;}], &#34;tests/test_config_panelchecks.py::test_TC26_Maximum_Power_inputbox_checking&#34;: [{&#34;extras&#34;: [], &#34;result&#34;: &#34;Passed&#34;, &#34;testId&#34;: &#34;tests/test_config_panelchecks.py::test_TC26_Maximum_Power_inputbox_checking&#34;, &#34;duration&#34;: &#34;00:00:01&#34;, &#34;resultsTableRow&#34;: [&#34;&lt;td class=\&#34;col-result\&#34;&gt;Passed&lt;/td&gt;&#34;, &#34;&lt;td class=\&#34;col-testId\&#34;&gt;tests/test_config_panelchecks.py::test_TC26_Maximum_Power_inputbox_checking&lt;/td&gt;&#34;, &#34;&lt;td class=\&#34;col-duration\&#34;&gt;00:00:01&lt;/td&gt;&#34;, &#34;&lt;td class=\&#34;col-links\&#34;&gt;&lt;/td&gt;&#34;], &#34;log&#34;: &#34;----------------------------- Captured stderr call -----------------------------\n2025-03-31 09:59:49,395 - INFO - Verifying the input box functionality for Maximum Power\n2025-03-31 09:59:49,711 - ERROR - Maximum Power input box failed to accept 100 random characters\n2025-03-31 09:59:50,004 - ERROR - Maximum Power input box failed to accept 100 numbers\n2025-03-31 09:59:50,296 - ERROR - Maximum Power input box failed to accept 100 letters\n2025-03-31 09:59:50,601 - ERROR - Maximum Power input box failed to accept a combination of letters, numbers, and special characters\n\n------------------------------ Captured log call -------------------------------\nINFO     root:configpage_panel.py:84 Verifying the input box functionality for Maximum Power\nERROR    root:configpage_panel.py:102 Maximum Power input box failed to accept 100 random characters\nERROR    root:configpage_panel.py:112 Maximum Power input box failed to accept 100 numbers\nERROR    root:configpage_panel.py:122 Maximum Power input box failed to accept 100 letters\nERROR    root:configpage_panel.py:132 Maximum Power input box failed to accept a combination of letters, numbers, and special characters\n\n&#34;}], &#34;tests/test_config_panelchecks.py::test_TC27_OB_Support_checkbox_checking&#34;: [{&#34;extras&#34;: [], &#34;result&#34;: &#34;Passed&#34;, &#34;testId&#34;: &#34;tests/test_config_panelchecks.py::test_TC27_OB_Support_checkbox_checking&#34;, &#34;duration&#34;: &#34;130 ms&#34;, &#34;resultsTableRow&#34;: [&#34;&lt;td class=\&#34;col-result\&#34;&gt;Passed&lt;/td&gt;&#34;, &#34;&lt;td class=\&#34;col-testId\&#34;&gt;tests/test_config_panelchecks.py::test_TC27_OB_Support_checkbox_checking&lt;/td&gt;&#34;, &#34;&lt;td class=\&#34;col-duration\&#34;&gt;130 ms&lt;/td&gt;&#34;, &#34;&lt;td class=\&#34;col-links\&#34;&gt;&lt;/td&gt;&#34;], &#34;log&#34;: &#34;----------------------------- Captured stderr call -----------------------------\n2025-03-31 09:59:50,603 - INFO - Verifying the checkbox functionality for OB Support\n2025-03-31 09:59:50,621 - INFO - OB Support checkbox is unchecked by default\n2025-03-31 09:59:50,686 - INFO - OB Support checkbox is now checked\n2025-03-31 09:59:50,731 - INFO - OB Support checkbox is now unchecked\n\n------------------------------ Captured log call -------------------------------\nINFO     root:configpage_panel.py:135 Verifying the checkbox functionality for OB Support\nINFO     root:configpage_panel.py:146 OB Support checkbox is unchecked by default\nINFO     root:configpage_panel.py:154 OB Support checkbox is now checked\nINFO     root:configpage_panel.py:161 OB Support checkbox is now unchecked\n\n&#34;}], &#34;tests/test_config_panelchecks.py::test_TC28_Negotiation_Support_checkbox_checking&#34;: [{&#34;extras&#34;: [], &#34;result&#34;: &#34;Passed&#34;, &#34;testId&#34;: &#34;tests/test_config_panelchecks.py::test_TC28_Negotiation_Support_checkbox_checking&#34;, &#34;duration&#34;: &#34;142 ms&#34;, &#34;resultsTableRow&#34;: [&#34;&lt;td class=\&#34;col-result\&#34;&gt;Passed&lt;/td&gt;&#34;, &#34;&lt;td class=\&#34;col-testId\&#34;&gt;tests/test_config_panelchecks.py::test_TC28_Negotiation_Support_checkbox_checking&lt;/td&gt;&#34;, &#34;&lt;td class=\&#34;col-duration\&#34;&gt;142 ms&lt;/td&gt;&#34;, &#34;&lt;td class=\&#34;col-links\&#34;&gt;&lt;/td&gt;&#34;], &#34;log&#34;: &#34;----------------------------- Captured stderr call -----------------------------\n2025-03-31 09:59:50,735 - INFO - Verifying the checkbox functionality for Negotiation Support\n2025-03-31 09:59:50,757 - INFO - Negotiation Support checkbox is unchecked by default\n2025-03-31 09:59:50,829 - INFO - Negotiation Support checkbox is now checked\n2025-03-31 09:59:50,876 - INFO - Negotiation Support checkbox is now unchecked\n\n------------------------------ Captured log call -------------------------------\nINFO     root:configpage_panel.py:135 Verifying the checkbox functionality for Negotiation Support\nINFO     root:configpage_panel.py:146 Negotiation Support checkbox is unchecked by default\nINFO     root:configpage_panel.py:154 Negotiation Support checkbox is now checked\nINFO     root:configpage_panel.py:161 Negotiation Support checkbox is now unchecked\n\n&#34;}], &#34;tests/test_config_panelchecks.py::test_TC29_XID_Data_Packet_Support_checkbox_checking&#34;: [{&#34;extras&#34;: [], &#34;result&#34;: &#34;Passed&#34;, &#34;testId&#34;: &#34;tests/test_config_panelchecks.py::test_TC29_XID_Data_Packet_Support_checkbox_checking&#34;, &#34;duration&#34;: &#34;178 ms&#34;, &#34;resultsTableRow&#34;: [&#34;&lt;td class=\&#34;col-result\&#34;&gt;Passed&lt;/td&gt;&#34;, &#34;&lt;td class=\&#34;col-testId\&#34;&gt;tests/test_config_panelchecks.py::test_TC29_XID_Data_Packet_Support_checkbox_checking&lt;/td&gt;&#34;, &#34;&lt;td class=\&#34;col-duration\&#34;&gt;178 ms&lt;/td&gt;&#34;, &#34;&lt;td class=\&#34;col-links\&#34;&gt;&lt;/td&gt;&#34;], &#34;log&#34;: &#34;----------------------------- Captured stderr call -----------------------------\n2025-03-31 09:59:50,878 - INFO - Verifying the checkbox functionality for XID Data Packet Support\n2025-03-31 09:59:50,898 - INFO - XID Data Packet Support checkbox is unchecked by default\n2025-03-31 09:59:50,978 - INFO - XID Data Packet Support checkbox is now checked\n2025-03-31 09:59:51,054 - INFO - XID Data Packet Support checkbox is now unchecked\n\n------------------------------ Captured log call -------------------------------\nINFO     root:configpage_panel.py:135 Verifying the checkbox functionality for XID Data Packet Support\nINFO     root:configpage_panel.py:146 XID Data Packet Support checkbox is unchecked by default\nINFO     root:configpage_panel.py:154 XID Data Packet Support checkbox is now checked\nINFO     root:configpage_panel.py:161 XID Data Packet Support checkbox is now unchecked\n\n&#34;}], &#34;tests/test_config_panelchecks.py::test_TC30_Restricted_Mode_Support_checkbox_checking&#34;: [{&#34;extras&#34;: [], &#34;result&#34;: &#34;Passed&#34;, &#34;testId&#34;: &#34;tests/test_config_panelchecks.py::test_TC30_Restricted_Mode_Support_checkbox_checking&#34;, &#34;duration&#34;: &#34;200 ms&#34;, &#34;resultsTableRow&#34;: [&#34;&lt;td class=\&#34;col-result\&#34;&gt;Passed&lt;/td&gt;&#34;, &#34;&lt;td class=\&#34;col-testId\&#34;&gt;tests/test_config_panelchecks.py::test_TC30_Restricted_Mode_Support_checkbox_checking&lt;/td&gt;&#34;, &#34;&lt;td class=\&#34;col-duration\&#34;&gt;200 ms&lt;/td&gt;&#34;, &#34;&lt;td class=\&#34;col-links\&#34;&gt;&lt;/td&gt;&#34;], &#34;log&#34;: &#34;----------------------------- Captured stderr call -----------------------------\n2025-03-31 09:59:51,058 - INFO - Verifying the checkbox functionality for Restricted Mode Support\n2025-03-31 09:59:51,085 - INFO - Restricted Mode Support checkbox is unchecked by default\n2025-03-31 09:59:51,164 - INFO - Restricted Mode Support checkbox is now checked\n2025-03-31 09:59:51,256 - INFO - Restricted Mode Support checkbox is now unchecked\n\n------------------------------ Captured log call -------------------------------\nINFO     root:configpage_panel.py:135 Verifying the checkbox functionality for Restricted Mode Support\nINFO     root:configpage_panel.py:146 Restricted Mode Support checkbox is unchecked by default\nINFO     root:configpage_panel.py:154 Restricted Mode Support checkbox is now checked\nINFO     root:configpage_panel.py:161 Restricted Mode Support checkbox is now unchecked\n\n&#34;}], &#34;tests/test_config_panelchecks.py::test_TC31_Cloak_Support_checkbox_checking&#34;: [{&#34;extras&#34;: [], &#34;result&#34;: &#34;Passed&#34;, &#34;testId&#34;: &#34;tests/test_config_panelchecks.py::test_TC31_Cloak_Support_checkbox_checking&#34;, &#34;duration&#34;: &#34;178 ms&#34;, &#34;resultsTableRow&#34;: [&#34;&lt;td class=\&#34;col-result\&#34;&gt;Passed&lt;/td&gt;&#34;, &#34;&lt;td class=\&#34;col-testId\&#34;&gt;tests/test_config_panelchecks.py::test_TC31_Cloak_Support_checkbox_checking&lt;/td&gt;&#34;, &#34;&lt;td class=\&#34;col-duration\&#34;&gt;178 ms&lt;/td&gt;&#34;, &#34;&lt;td class=\&#34;col-links\&#34;&gt;&lt;/td&gt;&#34;], &#34;log&#34;: &#34;----------------------------- Captured stderr call -----------------------------\n2025-03-31 09:59:51,261 - INFO - Verifying the checkbox functionality for Cloak Support\n2025-03-31 09:59:51,293 - INFO - Cloak Support checkbox is unchecked by default\n2025-03-31 09:59:51,380 - INFO - Cloak Support checkbox is now checked\n2025-03-31 09:59:51,437 - INFO - Cloak Support checkbox is now unchecked\n\n------------------------------ Captured log call -------------------------------\nINFO     root:configpage_panel.py:135 Verifying the checkbox functionality for Cloak Support\nINFO     root:configpage_panel.py:146 Cloak Support checkbox is unchecked by default\nINFO     root:configpage_panel.py:154 Cloak Support checkbox is now checked\nINFO     root:configpage_panel.py:161 Cloak Support checkbox is now unchecked\n\n&#34;}], &#34;tests/test_config_panelchecks.py::test_TC32_Gain_Linearization_Support_checkbox_checking&#34;: [{&#34;extras&#34;: [], &#34;result&#34;: &#34;Passed&#34;, &#34;testId&#34;: &#34;tests/test_config_panelchecks.py::test_TC32_Gain_Linearization_Support_checkbox_checking&#34;, &#34;duration&#34;: &#34;131 ms&#34;, &#34;resultsTableRow&#34;: [&#34;&lt;td class=\&#34;col-result\&#34;&gt;Passed&lt;/td&gt;&#34;, &#34;&lt;td class=\&#34;col-testId\&#34;&gt;tests/test_config_panelchecks.py::test_TC32_Gain_Linearization_Support_checkbox_checking&lt;/td&gt;&#34;, &#34;&lt;td class=\&#34;col-duration\&#34;&gt;131 ms&lt;/td&gt;&#34;, &#34;&lt;td class=\&#34;col-links\&#34;&gt;&lt;/td&gt;&#34;], &#34;log&#34;: &#34;----------------------------- Captured stderr call -----------------------------\n2025-03-31 09:59:51,439 - INFO - Verifying the checkbox functionality for Gain Linearization Support\n2025-03-31 09:59:51,459 - INFO - Gain Linearization Support checkbox is unchecked by default\n2025-03-31 09:59:51,519 - INFO - Gain Linearization Support checkbox is now checked\n2025-03-31 09:59:51,569 - INFO - Gain Linearization Support checkbox is now unchecked\n\n------------------------------ Captured log call -------------------------------\nINFO     root:configpage_panel.py:135 Verifying the checkbox functionality for Gain Linearization Support\nINFO     root:configpage_panel.py:146 Gain Linearization Support checkbox is unchecked by default\nINFO     root:configpage_panel.py:154 Gain Linearization Support checkbox is now checked\nINFO     root:configpage_panel.py:161 Gain Linearization Support checkbox is now unchecked\n\n&#34;}], &#34;tests/test_config_panelchecks.py::test_TC33_Dup_Support_checkbox_checking&#34;: [{&#34;extras&#34;: [], &#34;result&#34;: &#34;Passed&#34;, &#34;testId&#34;: &#34;tests/test_config_panelchecks.py::test_TC33_Dup_Support_checkbox_checking&#34;, &#34;duration&#34;: &#34;133 ms&#34;, &#34;resultsTableRow&#34;: [&#34;&lt;td class=\&#34;col-result\&#34;&gt;Passed&lt;/td&gt;&#34;, &#34;&lt;td class=\&#34;col-testId\&#34;&gt;tests/test_config_panelchecks.py::test_TC33_Dup_Support_checkbox_checking&lt;/td&gt;&#34;, &#34;&lt;td class=\&#34;col-duration\&#34;&gt;133 ms&lt;/td&gt;&#34;, &#34;&lt;td class=\&#34;col-links\&#34;&gt;&lt;/td&gt;&#34;], &#34;log&#34;: &#34;----------------------------- Captured stderr call -----------------------------\n2025-03-31 09:59:51,571 - INFO - Verifying the checkbox functionality for Dup Support\n2025-03-31 09:59:51,590 - INFO - Dup Support checkbox is unchecked by default\n2025-03-31 09:59:51,653 - INFO - Dup Support checkbox is now checked\n2025-03-31 09:59:51,703 - INFO - Dup Support checkbox is now unchecked\n\n------------------------------ Captured log call -------------------------------\nINFO     root:configpage_panel.py:135 Verifying the checkbox functionality for Dup Support\nINFO     root:configpage_panel.py:146 Dup Support checkbox is unchecked by default\nINFO     root:configpage_panel.py:154 Dup Support checkbox is now checked\nINFO     root:configpage_panel.py:161 Dup Support checkbox is now unchecked\n\n&#34;}], &#34;tests/test_config_panelchecks.py::test_TC34_WPID_Support_checkbox_checking&#34;: [{&#34;extras&#34;: [], &#34;result&#34;: &#34;Passed&#34;, &#34;testId&#34;: &#34;tests/test_config_panelchecks.py::test_TC34_WPID_Support_checkbox_checking&#34;, &#34;duration&#34;: &#34;156 ms&#34;, &#34;resultsTableRow&#34;: [&#34;&lt;td class=\&#34;col-result\&#34;&gt;Passed&lt;/td&gt;&#34;, &#34;&lt;td class=\&#34;col-testId\&#34;&gt;tests/test_config_panelchecks.py::test_TC34_WPID_Support_checkbox_checking&lt;/td&gt;&#34;, &#34;&lt;td class=\&#34;col-duration\&#34;&gt;156 ms&lt;/td&gt;&#34;, &#34;&lt;td class=\&#34;col-links\&#34;&gt;&lt;/td&gt;&#34;], &#34;log&#34;: &#34;----------------------------- Captured stderr call -----------------------------\n2025-03-31 09:59:51,706 - INFO - Verifying the checkbox functionality for WPID Support\n2025-03-31 09:59:51,726 - INFO - WPID Support checkbox is unchecked by default\n2025-03-31 09:59:51,812 - INFO - WPID Support checkbox is now checked\n2025-03-31 09:59:51,860 - INFO - WPID Support checkbox is now unchecked\n\n------------------------------ Captured log call -------------------------------\nINFO     root:configpage_panel.py:135 Verifying the checkbox functionality for WPID Support\nINFO     root:configpage_panel.py:146 WPID Support checkbox is unchecked by default\nINFO     root:configpage_panel.py:154 WPID Support checkbox is now checked\nINFO     root:configpage_panel.py:161 WPID Support checkbox is now unchecked\n\n&#34;}], &#34;tests/test_config_panelchecks.py::test_TC35_PCH_Data_Packet_Support_checkbox_checking&#34;: [{&#34;extras&#34;: [], &#34;result&#34;: &#34;Passed&#34;, &#34;testId&#34;: &#34;tests/test_config_panelchecks.py::test_TC35_PCH_Data_Packet_Support_checkbox_checking&#34;, &#34;duration&#34;: &#34;184 ms&#34;, &#34;resultsTableRow&#34;: [&#34;&lt;td class=\&#34;col-result\&#34;&gt;Passed&lt;/td&gt;&#34;, &#34;&lt;td class=\&#34;col-testId\&#34;&gt;tests/test_config_panelchecks.py::test_TC35_PCH_Data_Packet_Support_checkbox_checking&lt;/td&gt;&#34;, &#34;&lt;td class=\&#34;col-duration\&#34;&gt;184 ms&lt;/td&gt;&#34;, &#34;&lt;td class=\&#34;col-links\&#34;&gt;&lt;/td&gt;&#34;], &#34;log&#34;: &#34;----------------------------- Captured stderr call -----------------------------\n2025-03-31 09:59:51,863 - INFO - Verifying the checkbox functionality for PCH Data Packet Support\n2025-03-31 09:59:51,885 - INFO - PCH Data Packet Support checkbox is unchecked by default\n2025-03-31 09:59:51,981 - INFO - PCH Data Packet Support checkbox is now checked\n2025-03-31 09:59:52,045 - INFO - PCH Data Packet Support checkbox is now unchecked\n\n------------------------------ Captured log call -------------------------------\nINFO     root:configpage_panel.py:135 Verifying the checkbox functionality for PCH Data Packet Support\nINFO     root:configpage_panel.py:146 PCH Data Packet Support checkbox is unchecked by default\nINFO     root:configpage_panel.py:154 PCH Data Packet Support checkbox is now checked\nINFO     root:configpage_panel.py:161 PCH Data Packet Support checkbox is now unchecked\n\n&#34;}], &#34;tests/test_config_panelchecks.py::test_TC36_Restricted_To_Full_Mode_checkbox_checking&#34;: [{&#34;extras&#34;: [], &#34;result&#34;: &#34;Passed&#34;, &#34;testId&#34;: &#34;tests/test_config_panelchecks.py::test_TC36_Restricted_To_Full_Mode_checkbox_checking&#34;, &#34;duration&#34;: &#34;191 ms&#34;, &#34;resultsTableRow&#34;: [&#34;&lt;td class=\&#34;col-result\&#34;&gt;Passed&lt;/td&gt;&#34;, &#34;&lt;td class=\&#34;col-testId\&#34;&gt;tests/test_config_panelchecks.py::test_TC36_Restricted_To_Full_Mode_checkbox_checking&lt;/td&gt;&#34;, &#34;&lt;td class=\&#34;col-duration\&#34;&gt;191 ms&lt;/td&gt;&#34;, &#34;&lt;td class=\&#34;col-links\&#34;&gt;&lt;/td&gt;&#34;], &#34;log&#34;: &#34;----------------------------- Captured stderr call -----------------------------\n2025-03-31 09:59:52,049 - INFO - Verifying the checkbox functionality for Restricted To Full Mode\n2025-03-31 09:59:52,072 - INFO - Restricted To Full Mode checkbox is unchecked by default\n2025-03-31 09:59:52,159 - INFO - Restricted To Full Mode checkbox is now checked\n2025-03-31 09:59:52,238 - INFO - Restricted To Full Mode checkbox is now unchecked\n\n------------------------------ Captured log call -------------------------------\nINFO     root:configpage_panel.py:135 Verifying the checkbox functionality for Restricted To Full Mode\nINFO     root:configpage_panel.py:146 Restricted To Full Mode checkbox is unchecked by default\nINFO     root:configpage_panel.py:154 Restricted To Full Mode checkbox is now checked\nINFO     root:configpage_panel.py:161 Restricted To Full Mode checkbox is now unchecked\n\n&#34;}], &#34;tests/test_config_panelchecks.py::test_TC37_Detect_Ping_Support_checkbox_checking&#34;: [{&#34;extras&#34;: [], &#34;result&#34;: &#34;Passed&#34;, &#34;testId&#34;: &#34;tests/test_config_panelchecks.py::test_TC37_Detect_Ping_Support_checkbox_checking&#34;, &#34;duration&#34;: &#34;205 ms&#34;, &#34;resultsTableRow&#34;: [&#34;&lt;td class=\&#34;col-result\&#34;&gt;Passed&lt;/td&gt;&#34;, &#34;&lt;td class=\&#34;col-testId\&#34;&gt;tests/test_config_panelchecks.py::test_TC37_Detect_Ping_Support_checkbox_checking&lt;/td&gt;&#34;, &#34;&lt;td class=\&#34;col-duration\&#34;&gt;205 ms&lt;/td&gt;&#34;, &#34;&lt;td class=\&#34;col-links\&#34;&gt;&lt;/td&gt;&#34;], &#34;log&#34;: &#34;----------------------------- Captured stderr call -----------------------------\n2025-03-31 09:59:52,243 - INFO - Verifying the checkbox functionality for Detect Ping Support\n2025-03-31 09:59:52,271 - INFO - Detect Ping Support checkbox is unchecked by default\n2025-03-31 09:59:52,368 - INFO - Detect Ping Support checkbox is now checked\n2025-03-31 09:59:52,446 - INFO - Detect Ping Support checkbox is now unchecked\n\n------------------------------ Captured log call -------------------------------\nINFO     root:configpage_panel.py:135 Verifying the checkbox functionality for Detect Ping Support\nINFO     root:configpage_panel.py:146 Detect Ping Support checkbox is unchecked by default\nINFO     root:configpage_panel.py:154 Detect Ping Support checkbox is now checked\nINFO     root:configpage_panel.py:161 Detect Ping Support checkbox is now unchecked\n\n&#34;}], &#34;tests/test_config_panelchecks.py::test_TC38_HPM_Ping_Support_checkbox_checking&#34;: [{&#34;extras&#34;: [], &#34;result&#34;: &#34;Passed&#34;, &#34;testId&#34;: &#34;tests/test_config_panelchecks.py::test_TC38_HPM_Ping_Support_checkbox_checking&#34;, &#34;duration&#34;: &#34;126 ms&#34;, &#34;resultsTableRow&#34;: [&#34;&lt;td class=\&#34;col-result\&#34;&gt;Passed&lt;/td&gt;&#34;, &#34;&lt;td class=\&#34;col-testId\&#34;&gt;tests/test_config_panelchecks.py::test_TC38_HPM_Ping_Support_checkbox_checking&lt;/td&gt;&#34;, &#34;&lt;td class=\&#34;col-duration\&#34;&gt;126 ms&lt;/td&gt;&#34;, &#34;&lt;td class=\&#34;col-links\&#34;&gt;&lt;/td&gt;&#34;], &#34;log&#34;: &#34;----------------------------- Captured stderr call -----------------------------\n2025-03-31 09:59:52,449 - INFO - Verifying the checkbox functionality for HPM Ping Support\n2025-03-31 09:59:52,463 - INFO - HPM Ping Support checkbox is unchecked by default\n2025-03-31 09:59:52,512 - INFO - HPM Ping Support checkbox is now checked\n2025-03-31 09:59:52,573 - INFO - HPM Ping Support checkbox is now unchecked\n\n------------------------------ Captured log call -------------------------------\nINFO     root:configpage_panel.py:135 Verifying the checkbox functionality for HPM Ping Support\nINFO     root:configpage_panel.py:146 HPM Ping Support checkbox is unchecked by default\nINFO     root:configpage_panel.py:154 HPM Ping Support checkbox is now checked\nINFO     root:configpage_panel.py:161 HPM Ping Support checkbox is now unchecked\n\n&#34;}], &#34;tests/test_config_panelchecks.py::test_TC39_Authentication_Support_checkbox_checking&#34;: [{&#34;extras&#34;: [], &#34;result&#34;: &#34;Passed&#34;, &#34;testId&#34;: &#34;tests/test_config_panelchecks.py::test_TC39_Authentication_Support_checkbox_checking&#34;, &#34;duration&#34;: &#34;135 ms&#34;, &#34;resultsTableRow&#34;: [&#34;&lt;td class=\&#34;col-result\&#34;&gt;Passed&lt;/td&gt;&#34;, &#34;&lt;td class=\&#34;col-testId\&#34;&gt;tests/test_config_panelchecks.py::test_TC39_Authentication_Support_checkbox_checking&lt;/td&gt;&#34;, &#34;&lt;td class=\&#34;col-duration\&#34;&gt;135 ms&lt;/td&gt;&#34;, &#34;&lt;td class=\&#34;col-links\&#34;&gt;&lt;/td&gt;&#34;], &#34;log&#34;: &#34;----------------------------- Captured stderr call -----------------------------\n2025-03-31 09:59:52,577 - INFO - Verifying the checkbox functionality for Authentication Support\n2025-03-31 09:59:52,598 - INFO - Authentication Support checkbox is unchecked by default\n2025-03-31 09:59:52,658 - INFO - Authentication Support checkbox is now checked\n2025-03-31 09:59:52,710 - INFO - Authentication Support checkbox is now unchecked\n\n------------------------------ Captured log call -------------------------------\nINFO     root:configpage_panel.py:135 Verifying the checkbox functionality for Authentication Support\nINFO     root:configpage_panel.py:146 Authentication Support checkbox is unchecked by default\nINFO     root:configpage_panel.py:154 Authentication Support checkbox is now checked\nINFO     root:configpage_panel.py:161 Authentication Support checkbox is now unchecked\n\n&#34;}], &#34;tests/test_config_panelchecks.py::test_TC40_Supported_Specification_dropdown_checking&#34;: [{&#34;extras&#34;: [], &#34;result&#34;: &#34;Passed&#34;, &#34;testId&#34;: &#34;tests/test_config_panelchecks.py::test_TC40_Supported_Specification_dropdown_checking&#34;, &#34;duration&#34;: &#34;21 ms&#34;, &#34;resultsTableRow&#34;: [&#34;&lt;td class=\&#34;col-result\&#34;&gt;Passed&lt;/td&gt;&#34;, &#34;&lt;td class=\&#34;col-testId\&#34;&gt;tests/test_config_panelchecks.py::test_TC40_Supported_Specification_dropdown_checking&lt;/td&gt;&#34;, &#34;&lt;td class=\&#34;col-duration\&#34;&gt;21 ms&lt;/td&gt;&#34;, &#34;&lt;td class=\&#34;col-links\&#34;&gt;&lt;/td&gt;&#34;], &#34;log&#34;: &#34;----------------------------- Captured stderr call -----------------------------\n2025-03-31 09:59:52,714 - INFO - Verifying the dropdown functionality for Supported Specification\n2025-03-31 09:59:52,732 - ERROR - Supported Specification dropdown is not enabled\n\n------------------------------ Captured log call -------------------------------\nINFO     root:configpage_panel.py:217 Verifying the dropdown functionality for Supported Specification\nERROR    root:configpage_panel.py:228 Supported Specification dropdown is not enabled\n\n&#34;}], &#34;tests/test_config_panelchecks.py::test_TC41_Power_Profile_dropdown_checking&#34;: [{&#34;extras&#34;: [], &#34;result&#34;: &#34;Passed&#34;, &#34;testId&#34;: &#34;tests/test_config_panelchecks.py::test_TC41_Power_Profile_dropdown_checking&#34;, &#34;duration&#34;: &#34;23 ms&#34;, &#34;resultsTableRow&#34;: [&#34;&lt;td class=\&#34;col-result\&#34;&gt;Passed&lt;/td&gt;&#34;, &#34;&lt;td class=\&#34;col-testId\&#34;&gt;tests/test_config_panelchecks.py::test_TC41_Power_Profile_dropdown_checking&lt;/td&gt;&#34;, &#34;&lt;td class=\&#34;col-duration\&#34;&gt;23 ms&lt;/td&gt;&#34;, &#34;&lt;td class=\&#34;col-links\&#34;&gt;&lt;/td&gt;&#34;], &#34;log&#34;: &#34;----------------------------- Captured stderr call -----------------------------\n2025-03-31 09:59:52,737 - INFO - Verifying the dropdown functionality for Power Profile\n2025-03-31 09:59:52,759 - ERROR - Power Profile dropdown is not enabled\n\n------------------------------ Captured log call -------------------------------\nINFO     root:configpage_panel.py:217 Verifying the dropdown functionality for Power Profile\nERROR    root:configpage_panel.py:228 Power Profile dropdown is not enabled\n\n&#34;}], &#34;tests/test_config_panelchecks.py::test_TC42_Supported_PROP_DP_dropdown_checking&#34;: [{&#34;extras&#34;: [], &#34;result&#34;: &#34;Passed&#34;, &#34;testId&#34;: &#34;tests/test_config_panelchecks.py::test_TC42_Supported_PROP_DP_dropdown_checking&#34;, &#34;duration&#34;: &#34;206 ms&#34;, &#34;resultsTableRow&#34;: [&#34;&lt;td class=\&#34;col-result\&#34;&gt;Passed&lt;/td&gt;&#34;, &#34;&lt;td class=\&#34;col-testId\&#34;&gt;tests/test_config_panelchecks.py::test_TC42_Supported_PROP_DP_dropdown_checking&lt;/td&gt;&#34;, &#34;&lt;td class=\&#34;col-duration\&#34;&gt;206 ms&lt;/td&gt;&#34;, &#34;&lt;td class=\&#34;col-links\&#34;&gt;&lt;/td&gt;&#34;], &#34;log&#34;: &#34;----------------------------- Captured stderr call -----------------------------\n2025-03-31 09:59:52,762 - INFO - Verifying the dropdown functionality for Supported PROP Data Packets\n2025-03-31 09:59:52,858 - INFO - Available options in Supported PROP Data Packets:\n\n------------------------------ Captured log call -------------------------------\nINFO     root:configpage_panel.py:217 Verifying the dropdown functionality for Supported PROP Data Packets\nINFO     root:configpage_panel.py:243 Available options in Supported PROP Data Packets:\n\n&#34;}], &#34;tests/test_config_panelchecks.py::test_TC43_Supported_Protocols_dropdown_checking&#34;: [{&#34;extras&#34;: [], &#34;result&#34;: &#34;Passed&#34;, &#34;testId&#34;: &#34;tests/test_config_panelchecks.py::test_TC43_Supported_Protocols_dropdown_checking&#34;, &#34;duration&#34;: &#34;214 ms&#34;, &#34;resultsTableRow&#34;: [&#34;&lt;td class=\&#34;col-result\&#34;&gt;Passed&lt;/td&gt;&#34;, &#34;&lt;td class=\&#34;col-testId\&#34;&gt;tests/test_config_panelchecks.py::test_TC43_Supported_Protocols_dropdown_checking&lt;/td&gt;&#34;, &#34;&lt;td class=\&#34;col-duration\&#34;&gt;214 ms&lt;/td&gt;&#34;, &#34;&lt;td class=\&#34;col-links\&#34;&gt;&lt;/td&gt;&#34;], &#34;log&#34;: &#34;----------------------------- Captured stderr call -----------------------------\n2025-03-31 09:59:52,970 - INFO - Verifying the dropdown functionality for Supported Protocols\n2025-03-31 09:59:53,058 - INFO - Available options in Supported Protocols:\n\n------------------------------ Captured log call -------------------------------\nINFO     root:configpage_panel.py:217 Verifying the dropdown functionality for Supported Protocols\nINFO     root:configpage_panel.py:243 Available options in Supported Protocols:\n\n&#34;}], &#34;tests/test_config_panelchecks.py::test_TC44_Supported_Cloak_Reasons_dropdown_checking&#34;: [{&#34;extras&#34;: [], &#34;result&#34;: &#34;Passed&#34;, &#34;testId&#34;: &#34;tests/test_config_panelchecks.py::test_TC44_Supported_Cloak_Reasons_dropdown_checking&#34;, &#34;duration&#34;: &#34;241 ms&#34;, &#34;resultsTableRow&#34;: [&#34;&lt;td class=\&#34;col-result\&#34;&gt;Passed&lt;/td&gt;&#34;, &#34;&lt;td class=\&#34;col-testId\&#34;&gt;tests/test_config_panelchecks.py::test_TC44_Supported_Cloak_Reasons_dropdown_checking&lt;/td&gt;&#34;, &#34;&lt;td class=\&#34;col-duration\&#34;&gt;241 ms&lt;/td&gt;&#34;, &#34;&lt;td class=\&#34;col-links\&#34;&gt;&lt;/td&gt;&#34;], &#34;log&#34;: &#34;----------------------------- Captured stderr call -----------------------------\n2025-03-31 09:59:53,185 - INFO - Verifying the dropdown functionality for Supported Cloak Reasons\n2025-03-31 09:59:53,304 - INFO - Available options in Supported Cloak Reasons:\n\n------------------------------ Captured log call -------------------------------\nINFO     root:configpage_panel.py:217 Verifying the dropdown functionality for Supported Cloak Reasons\nINFO     root:configpage_panel.py:243 Available options in Supported Cloak Reasons:\n\n&#34;}], &#34;tests/test_config_panelchecks.py::test_TC45_Supported_GetRequests_dropdown_checking&#34;: [{&#34;extras&#34;: [], &#34;result&#34;: &#34;Passed&#34;, &#34;testId&#34;: &#34;tests/test_config_panelchecks.py::test_TC45_Supported_GetRequests_dropdown_checking&#34;, &#34;duration&#34;: &#34;00:00:02&#34;, &#34;resultsTableRow&#34;: [&#34;&lt;td class=\&#34;col-result\&#34;&gt;Passed&lt;/td&gt;&#34;, &#34;&lt;td class=\&#34;col-testId\&#34;&gt;tests/test_config_panelchecks.py::test_TC45_Supported_GetRequests_dropdown_checking&lt;/td&gt;&#34;, &#34;&lt;td class=\&#34;col-duration\&#34;&gt;00:00:02&lt;/td&gt;&#34;, &#34;&lt;td class=\&#34;col-links\&#34;&gt;&lt;/td&gt;&#34;], &#34;log&#34;: &#34;----------------------------- Captured stderr call -----------------------------\n2025-03-31 09:59:53,429 - INFO - Verifying the dropdown functionality for Supported GetRequests\n2025-03-31 09:59:53,541 - INFO - Available options in Supported GetRequests:\n\n------------------------------ Captured log call -------------------------------\nINFO     root:configpage_panel.py:217 Verifying the dropdown functionality for Supported GetRequests\nINFO     root:configpage_panel.py:243 Available options in Supported GetRequests:\n\n--------------------------- Captured stderr teardown ---------------------------\n2025-03-31 09:59:53,685 - INFO - Tearing down the browser\n\n---------------------------- Captured log teardown -----------------------------\nINFO     root:test_config_panelchecks.py:151 Tearing down the browser&#34;}], &#34;tests/test_connection_panel.py::test_TC6&#34;: [{&#34;extras&#34;: [], &#34;result&#34;: &#34;Passed&#34;, &#34;testId&#34;: &#34;tests/test_connection_panel.py::test_TC6&#34;, &#34;duration&#34;: &#34;00:00:15&#34;, &#34;resultsTableRow&#34;: [&#34;&lt;td class=\&#34;col-result\&#34;&gt;Passed&lt;/td&gt;&#34;, &#34;&lt;td class=\&#34;col-testId\&#34;&gt;tests/test_connection_panel.py::test_TC6&lt;/td&gt;&#34;, &#34;&lt;td class=\&#34;col-duration\&#34;&gt;00:00:15&lt;/td&gt;&#34;, &#34;&lt;td class=\&#34;col-links\&#34;&gt;&lt;/td&gt;&#34;], &#34;log&#34;: &#34;----------------------------- Captured stderr call -----------------------------\n2025-03-31 09:59:57,132 - INFO - Opening browser using way1\n2025-03-31 10:00:07,586 - INFO - Tester status: Connected\n2025-03-31 10:00:07,587 - INFO - Checking if the browser is landing on the Connection Panel\n2025-03-31 10:00:07,604 - INFO - Connection button is available, so the browser is on the Connection Page\n\n------------------------------ Captured log call -------------------------------\nINFO     root:browser_setup.py:33 Opening browser using way1\nINFO     root:browser_setup.py:49 Tester status: Connected\nINFO     root:connection_panel.py:32 Checking if the browser is landing on the Connection Panel\nINFO     root:connection_panel.py:36 Connection button is available, so the browser is on the Connection Page\n\n&#34;}], &#34;tests/test_connection_panel.py::test_TC7&#34;: [{&#34;extras&#34;: [], &#34;result&#34;: &#34;Passed&#34;, &#34;testId&#34;: &#34;tests/test_connection_panel.py::test_TC7&#34;, &#34;duration&#34;: &#34;00:00:16&#34;, &#34;resultsTableRow&#34;: [&#34;&lt;td class=\&#34;col-result\&#34;&gt;Passed&lt;/td&gt;&#34;, &#34;&lt;td class=\&#34;col-testId\&#34;&gt;tests/test_connection_panel.py::test_TC7&lt;/td&gt;&#34;, &#34;&lt;td class=\&#34;col-duration\&#34;&gt;00:00:16&lt;/td&gt;&#34;, &#34;&lt;td class=\&#34;col-links\&#34;&gt;&lt;/td&gt;&#34;], &#34;log&#34;: &#34;----------------------------- Captured stderr call -----------------------------\n2025-03-31 10:00:11,824 - INFO - Opening browser using way1\n2025-03-31 10:00:23,856 - INFO - Tester status: Connected\n2025-03-31 10:00:23,857 - INFO - Verify The browser title in the UI tab should contain the text GRL-C3-TPT.\n2025-03-31 10:00:23,872 - INFO - The browser title is GRL-C3-TPT\n\n------------------------------ Captured log call -------------------------------\nINFO     root:browser_setup.py:33 Opening browser using way1\nINFO     root:browser_setup.py:49 Tester status: Connected\nINFO     root:connection_panel.py:44 Verify The browser title in the UI tab should contain the text GRL-C3-TPT.\nINFO     root:connection_panel.py:52 The browser title is GRL-C3-TPT\n\n&#34;}], &#34;tests/test_connection_panel.py::test_TC8&#34;: [{&#34;extras&#34;: [], &#34;result&#34;: &#34;Passed&#34;, &#34;testId&#34;: &#34;tests/test_connection_panel.py::test_TC8&#34;, &#34;duration&#34;: &#34;00:00:43&#34;, &#34;resultsTableRow&#34;: [&#34;&lt;td class=\&#34;col-result\&#34;&gt;Passed&lt;/td&gt;&#34;, &#34;&lt;td class=\&#34;col-testId\&#34;&gt;tests/test_connection_panel.py::test_TC8&lt;/td&gt;&#34;, &#34;&lt;td class=\&#34;col-duration\&#34;&gt;00:00:43&lt;/td&gt;&#34;, &#34;&lt;td class=\&#34;col-links\&#34;&gt;&lt;/td&gt;&#34;], &#34;log&#34;: &#34;----------------------------- Captured stderr call -----------------------------\n2025-03-31 10:00:44,334 - INFO - Opening browser using way1\n2025-03-31 10:00:57,218 - INFO - Tester status: Connected\n2025-03-31 10:00:57,219 - INFO - Verifying the &amp;#x27;Scan Network&amp;#x27; button is visible on the UI\n2025-03-31 10:00:57,260 - INFO - The &amp;#x27;Scan Network&amp;#x27; button is visible on the UI.\n2025-03-31 10:00:57,260 - INFO - Verifying the &amp;#x27;Scan Network&amp;#x27; button is clickable\n2025-03-31 10:00:57,275 - INFO - The &amp;#x27;Scan Network&amp;#x27; button is clickable.\n2025-03-31 10:00:57,276 - INFO - Clicking the &amp;#x27;Scan Network&amp;#x27; button\n2025-03-31 10:01:07,656 - WARNING - Could not confirm that the scan has started via button state: Message: \n\n2025-03-31 10:01:07,657 - INFO - Scan button click registered. Proceeding without disabled state confirmation as the UI may not change the button&amp;#x27;s state.\n2025-03-31 10:01:07,668 - INFO - Scan completed in 10.39 seconds\n2025-03-31 10:01:08,070 - INFO - Screenshot of available networks taken.\n\n------------------------------ Captured log call -------------------------------\nINFO     root:browser_setup.py:33 Opening browser using way1\nINFO     root:browser_setup.py:49 Tester status: Connected\nINFO     root:connection_panel.py:58 Verifying the &amp;#x27;Scan Network&amp;#x27; button is visible on the UI\nINFO     root:connection_panel.py:64 The &amp;#x27;Scan Network&amp;#x27; button is visible on the UI.\nINFO     root:connection_panel.py:71 Verifying the &amp;#x27;Scan Network&amp;#x27; button is clickable\nINFO     root:connection_panel.py:73 The &amp;#x27;Scan Network&amp;#x27; button is clickable.\nINFO     root:connection_panel.py:84 Clicking the &amp;#x27;Scan Network&amp;#x27; button\nWARNING  root:connection_panel.py:97 Could not confirm that the scan has started via button state: Message: \n\nINFO     root:connection_panel.py:100 Scan button click registered. Proceeding without disabled state confirmation as the UI may not change the button&amp;#x27;s state.\nINFO     root:connection_panel.py:107 Scan completed in 10.39 seconds\nINFO     root:connection_panel.py:115 Screenshot of available networks taken.\n\n&#34;}], &#34;tests/test_connection_panel.py::test_TC9&#34;: [{&#34;extras&#34;: [], &#34;result&#34;: &#34;Passed&#34;, &#34;testId&#34;: &#34;tests/test_connection_panel.py::test_TC9&#34;, &#34;duration&#34;: &#34;00:01:14&#34;, &#34;resultsTableRow&#34;: [&#34;&lt;td class=\&#34;col-result\&#34;&gt;Passed&lt;/td&gt;&#34;, &#34;&lt;td class=\&#34;col-testId\&#34;&gt;tests/test_connection_panel.py::test_TC9&lt;/td&gt;&#34;, &#34;&lt;td class=\&#34;col-duration\&#34;&gt;00:01:14&lt;/td&gt;&#34;, &#34;&lt;td class=\&#34;col-links\&#34;&gt;&lt;/td&gt;&#34;], &#34;log&#34;: &#34;----------------------------- Captured stderr call -----------------------------\n2025-03-31 10:01:11,520 - INFO - Opening browser using way1\n2025-03-31 10:01:22,056 - INFO - Tester status: Connected\n2025-03-31 10:01:22,077 - INFO - The &amp;#x27;Scan Network&amp;#x27; button is visible on the UI.\n2025-03-31 10:01:22,077 - INFO - Clicking the &amp;#x27;Scan Network&amp;#x27; button.\n2025-03-31 10:01:22,205 - INFO - The &amp;#x27;Connect&amp;#x27; button is disabled during scanning as expected.\n2025-03-31 10:02:22,226 - INFO - Scanning process completed. The &amp;#x27;connection&amp;#x27; button is visible again.\n\n------------------------------ Captured log call -------------------------------\nINFO     root:browser_setup.py:33 Opening browser using way1\nINFO     root:browser_setup.py:49 Tester status: Connected\nINFO     root:connection_panel.py:124 The &amp;#x27;Scan Network&amp;#x27; button is visible on the UI.\nINFO     root:connection_panel.py:127 Clicking the &amp;#x27;Scan Network&amp;#x27; button.\nINFO     root:connection_panel.py:137 The &amp;#x27;Connect&amp;#x27; button is disabled during scanning as expected.\nINFO     root:connection_panel.py:148 Scanning process completed. The &amp;#x27;connection&amp;#x27; button is visible again.\n\n&#34;}], &#34;tests/test_connection_panel.py::test_TC10&#34;: [{&#34;extras&#34;: [], &#34;result&#34;: &#34;Passed&#34;, &#34;testId&#34;: &#34;tests/test_connection_panel.py::test_TC10&#34;, &#34;duration&#34;: &#34;00:00:14&#34;, &#34;resultsTableRow&#34;: [&#34;&lt;td class=\&#34;col-result\&#34;&gt;Passed&lt;/td&gt;&#34;, &#34;&lt;td class=\&#34;col-testId\&#34;&gt;tests/test_connection_panel.py::test_TC10&lt;/td&gt;&#34;, &#34;&lt;td class=\&#34;col-duration\&#34;&gt;00:00:14&lt;/td&gt;&#34;, &#34;&lt;td class=\&#34;col-links\&#34;&gt;&lt;/td&gt;&#34;], &#34;log&#34;: &#34;----------------------------- Captured stderr call -----------------------------\n2025-03-31 10:02:25,655 - INFO - Opening browser using way1\n2025-03-31 10:02:36,009 - INFO - Tester status: Connected\n2025-03-31 10:02:36,010 - INFO - Waiting for the Setup Diagram element to be visible\n2025-03-31 10:02:36,028 - INFO - Setup Diagram element is visible. Clicking it now.\n2025-03-31 10:02:36,107 - INFO - Waiting for the modal to display the expected text\n2025-03-31 10:02:36,134 - INFO - Modal displays the expected text: &amp;#x27;GRL-C3-TPT Setup Diagram&amp;#x27;\n2025-03-31 10:02:36,329 - INFO - Screenshot of the Setup Diagram view taken after clicking OK.\n2025-03-31 10:02:36,330 - INFO - Waiting for the OK button to be clickable\n2025-03-31 10:02:36,362 - INFO - Clicking the OK button in the modal\n2025-03-31 10:02:36,463 - INFO - Modal dismissed; back to the Connection Panel.\n\n------------------------------ Captured log call -------------------------------\nINFO     root:browser_setup.py:33 Opening browser using way1\nINFO     root:browser_setup.py:49 Tester status: Connected\nINFO     root:connection_panel.py:159 Waiting for the Setup Diagram element to be visible\nINFO     root:connection_panel.py:163 Setup Diagram element is visible. Clicking it now.\nINFO     root:connection_panel.py:167 Waiting for the modal to display the expected text\nINFO     root:connection_panel.py:172 Modal displays the expected text: &amp;#x27;GRL-C3-TPT Setup Diagram&amp;#x27;\nINFO     root:connection_panel.py:179 Screenshot of the Setup Diagram view taken after clicking OK.\nINFO     root:connection_panel.py:182 Waiting for the OK button to be clickable\nINFO     root:connection_panel.py:186 Clicking the OK button in the modal\nINFO     root:connection_panel.py:193 Modal dismissed; back to the Connection Panel.\n\n&#34;}], &#34;tests/test_connection_panel.py::test_TC11&#34;: [{&#34;extras&#34;: [], &#34;result&#34;: &#34;Passed&#34;, &#34;testId&#34;: &#34;tests/test_connection_panel.py::test_TC11&#34;, &#34;duration&#34;: &#34;00:00:30&#34;, &#34;resultsTableRow&#34;: [&#34;&lt;td class=\&#34;col-result\&#34;&gt;Passed&lt;/td&gt;&#34;, &#34;&lt;td class=\&#34;col-testId\&#34;&gt;tests/test_connection_panel.py::test_TC11&lt;/td&gt;&#34;, &#34;&lt;td class=\&#34;col-duration\&#34;&gt;00:00:30&lt;/td&gt;&#34;, &#34;&lt;td class=\&#34;col-links\&#34;&gt;&lt;/td&gt;&#34;], &#34;log&#34;: &#34;----------------------------- Captured stderr call -----------------------------\n2025-03-31 10:02:40,021 - INFO - Opening browser using way1\n2025-03-31 10:02:50,358 - INFO - Tester status: Connected\n2025-03-31 10:02:50,359 - INFO - Opening application URL\n2025-03-31 10:02:51,582 - INFO - Initial tester status: Connected\n2025-03-31 10:02:51,736 - INFO - Entered wrong IP: 192.168.255.22\n2025-03-31 10:03:01,895 - INFO - Clicked on the Connect button.\n2025-03-31 10:03:06,917 - INFO - Tester status after clicking Connect: Invalid IP address format : 192.168.5.74192.168.255.22\n2025-03-31 10:03:06,917 - INFO - Expected error message is present: Invalid IP address format : 192.168.5.74192.168.255.22\n\n------------------------------ Captured log call -------------------------------\nINFO     root:browser_setup.py:33 Opening browser using way1\nINFO     root:browser_setup.py:49 Tester status: Connected\nINFO     root:connection_panel.py:196 Opening application URL\nINFO     root:connection_panel.py:204 Initial tester status: Connected\nINFO     root:connection_panel.py:212 Entered wrong IP: 192.168.255.22\nINFO     root:connection_panel.py:220 Clicked on the Connect button.\nINFO     root:connection_panel.py:225 Tester status after clicking Connect: Invalid IP address format : 192.168.5.74192.168.255.22\nINFO     root:connection_panel.py:230 Expected error message is present: Invalid IP address format : 192.168.5.74192.168.255.22\n\n&#34;}], &#34;tests/test_file_checks.py::test_check_readme_file&#34;: [{&#34;extras&#34;: [], &#34;result&#34;: &#34;Passed&#34;, &#34;testId&#34;: &#34;tests/test_file_checks.py::test_check_readme_file&#34;, &#34;duration&#34;: &#34;6 ms&#34;, &#34;resultsTableRow&#34;: [&#34;&lt;td class=\&#34;col-result\&#34;&gt;Passed&lt;/td&gt;&#34;, &#34;&lt;td class=\&#34;col-testId\&#34;&gt;tests/test_file_checks.py::test_check_readme_file&lt;/td&gt;&#34;, &#34;&lt;td class=\&#34;col-duration\&#34;&gt;6 ms&lt;/td&gt;&#34;, &#34;&lt;td class=\&#34;col-links\&#34;&gt;&lt;/td&gt;&#34;], &#34;log&#34;: &#34;----------------------------- Captured stderr call -----------------------------\n2025-03-31 10:03:09,146 - INFO - Starting test: Check for the Readme file\n2025-03-31 10:03:09,148 - INFO - File found: C:\\GRL\\GRL-C3-MP-TPT\\ReadMe.txt\n2025-03-31 10:03:09,150 - INFO - File content verified: C:\\GRL\\GRL-C3-MP-TPT\\ReadMe.txt\n2025-03-31 10:03:09,150 - INFO - Readme file verification passed.\n\n------------------------------ Captured log call -------------------------------\nINFO     root:test_file_checks.py:18 Starting test: Check for the Readme file\nINFO     root:fileverification.py:7 File found: C:\\GRL\\GRL-C3-MP-TPT\\ReadMe.txt\nINFO     root:fileverification.py:28 File content verified: C:\\GRL\\GRL-C3-MP-TPT\\ReadMe.txt\nINFO     root:test_file_checks.py:21 Readme file verification passed.\n\n&#34;}], &#34;tests/test_file_checks.py::test_check_release_notes_file&#34;: [{&#34;extras&#34;: [], &#34;result&#34;: &#34;Passed&#34;, &#34;testId&#34;: &#34;tests/test_file_checks.py::test_check_release_notes_file&#34;, &#34;duration&#34;: &#34;3 ms&#34;, &#34;resultsTableRow&#34;: [&#34;&lt;td class=\&#34;col-result\&#34;&gt;Passed&lt;/td&gt;&#34;, &#34;&lt;td class=\&#34;col-testId\&#34;&gt;tests/test_file_checks.py::test_check_release_notes_file&lt;/td&gt;&#34;, &#34;&lt;td class=\&#34;col-duration\&#34;&gt;3 ms&lt;/td&gt;&#34;, &#34;&lt;td class=\&#34;col-links\&#34;&gt;&lt;/td&gt;&#34;], &#34;log&#34;: &#34;----------------------------- Captured stderr call -----------------------------\n2025-03-31 10:03:09,154 - INFO - Starting test: Check for the Release Notes file\n2025-03-31 10:03:09,156 - INFO - File found: C:\\GRL\\GRL-C3-MP-TPT\\GRL-C3-TPT Release Notes.pdf\n2025-03-31 10:03:09,156 - INFO - Release Notes file verification passed.\n\n------------------------------ Captured log call -------------------------------\nINFO     root:test_file_checks.py:26 Starting test: Check for the Release Notes file\nINFO     root:fileverification.py:7 File found: C:\\GRL\\GRL-C3-MP-TPT\\GRL-C3-TPT Release Notes.pdf\nINFO     root:test_file_checks.py:28 Release Notes file verification passed.\n\n&#34;}], &#34;tests/test_file_checks.py::test_check_eload_files&#34;: [{&#34;extras&#34;: [], &#34;result&#34;: &#34;Passed&#34;, &#34;testId&#34;: &#34;tests/test_file_checks.py::test_check_eload_files&#34;, &#34;duration&#34;: &#34;4 ms&#34;, &#34;resultsTableRow&#34;: [&#34;&lt;td class=\&#34;col-result\&#34;&gt;Passed&lt;/td&gt;&#34;, &#34;&lt;td class=\&#34;col-testId\&#34;&gt;tests/test_file_checks.py::test_check_eload_files&lt;/td&gt;&#34;, &#34;&lt;td class=\&#34;col-duration\&#34;&gt;4 ms&lt;/td&gt;&#34;, &#34;&lt;td class=\&#34;col-links\&#34;&gt;&lt;/td&gt;&#34;], &#34;log&#34;: &#34;----------------------------- Captured stderr call -----------------------------\n2025-03-31 10:03:09,158 - INFO - Starting test: Check for the Eload files\n2025-03-31 10:03:09,160 - INFO - File found: C:\\GRL\\GRL-C3-MP-TPT\\Firmware_Files\\BPP_EPP\\PPS_ELOAD.bin\n2025-03-31 10:03:09,160 - INFO - Eload file verification passed.\n\n------------------------------ Captured log call -------------------------------\nINFO     root:test_file_checks.py:33 Starting test: Check for the Eload files\nINFO     root:fileverification.py:7 File found: C:\\GRL\\GRL-C3-MP-TPT\\Firmware_Files\\BPP_EPP\\PPS_ELOAD.bin\nINFO     root:test_file_checks.py:35 Eload file verification passed.\n\n&#34;}], &#34;tests/test_file_checks.py::test_check_firmware_files&#34;: [{&#34;extras&#34;: [], &#34;result&#34;: &#34;Passed&#34;, &#34;testId&#34;: &#34;tests/test_file_checks.py::test_check_firmware_files&#34;, &#34;duration&#34;: &#34;5 ms&#34;, &#34;resultsTableRow&#34;: [&#34;&lt;td class=\&#34;col-result\&#34;&gt;Passed&lt;/td&gt;&#34;, &#34;&lt;td class=\&#34;col-testId\&#34;&gt;tests/test_file_checks.py::test_check_firmware_files&lt;/td&gt;&#34;, &#34;&lt;td class=\&#34;col-duration\&#34;&gt;5 ms&lt;/td&gt;&#34;, &#34;&lt;td class=\&#34;col-links\&#34;&gt;&lt;/td&gt;&#34;], &#34;log&#34;: &#34;----------------------------- Captured stderr call -----------------------------\n2025-03-31 10:03:09,164 - INFO - Starting test: Check for the Firmware files\n2025-03-31 10:03:09,165 - INFO - Directory found: C:\\GRL\\GRL-C3-MP-TPT\\Firmware_Files\\BPP_EPP\n2025-03-31 10:03:09,166 - INFO - File found: C:\\GRL\\GRL-C3-MP-TPT\\Firmware_Files\\BPP_EPP\\BOOT.BIN\n2025-03-31 10:03:09,167 - INFO - File found: C:\\GRL\\GRL-C3-MP-TPT\\Firmware_Files\\BPP_EPP\\image.ub\n2025-03-31 10:03:09,167 - INFO - File found: C:\\GRL\\GRL-C3-MP-TPT\\Firmware_Files\\BPP_EPP\\start.sh\n2025-03-31 10:03:09,168 - INFO - All firmware files are present.\n2025-03-31 10:03:09,168 - INFO - Firmware files verification passed.\n\n------------------------------ Captured log call -------------------------------\nINFO     root:test_file_checks.py:40 Starting test: Check for the Firmware files\nINFO     root:fileverification.py:16 Directory found: C:\\GRL\\GRL-C3-MP-TPT\\Firmware_Files\\BPP_EPP\nINFO     root:fileverification.py:7 File found: C:\\GRL\\GRL-C3-MP-TPT\\Firmware_Files\\BPP_EPP\\BOOT.BIN\nINFO     root:fileverification.py:7 File found: C:\\GRL\\GRL-C3-MP-TPT\\Firmware_Files\\BPP_EPP\\image.ub\nINFO     root:fileverification.py:7 File found: C:\\GRL\\GRL-C3-MP-TPT\\Firmware_Files\\BPP_EPP\\start.sh\nINFO     root:fileverification.py:48 All firmware files are present.\nINFO     root:test_file_checks.py:43 Firmware files verification passed.\n\n&#34;}]}, &#34;renderCollapsed&#34;: [&#34;passed&#34;], &#34;initialSort&#34;: &#34;result&#34;, &#34;title&#34;: &#34;report.html&#34;}"></div>
    <script>
      (function(){function r(e,n,t){function o(i,f){if(!n[i]){if(!e[i]){var c="function"==typeof require&&require;if(!f&&c)return c(i,!0);if(u)return u(i,!0);var a=new Error("Cannot find module '"+i+"'");throw a.code="MODULE_NOT_FOUND",a}var p=n[i]={exports:{}};e[i][0].call(p.exports,function(r){var n=e[i][1][r];return o(n||r)},p,p.exports,r,e,n,t)}return n[i].exports}for(var u="function"==typeof require&&require,i=0;i<t.length;i++)o(t[i]);return o}return r})()({1:[function(require,module,exports){
const { getCollapsedCategory, setCollapsedIds } = require('./storage.js')

class DataManager {
    setManager(data) {
        const collapsedCategories = [...getCollapsedCategory(data.renderCollapsed)]
        const collapsedIds = []
        const tests = Object.values(data.tests).flat().map((test, index) => {
            const collapsed = collapsedCategories.includes(test.result.toLowerCase())
            const id = `test_${index}`
            if (collapsed) {
                collapsedIds.push(id)
            }
            return {
                ...test,
                id,
                collapsed,
            }
        })
        const dataBlob = { ...data, tests }
        this.data = { ...dataBlob }
        this.renderData = { ...dataBlob }
        setCollapsedIds(collapsedIds)
    }

    get allData() {
        return { ...this.data }
    }

    resetRender() {
        this.renderData = { ...this.data }
    }

    setRender(data) {
        this.renderData.tests = [...data]
    }

    toggleCollapsedItem(id) {
        this.renderData.tests = this.renderData.tests.map((test) =>
            test.id === id ? { ...test, collapsed: !test.collapsed } : test,
        )
    }

    set allCollapsed(collapsed) {
        this.renderData = { ...this.renderData, tests: [...this.renderData.tests.map((test) => (
            { ...test, collapsed }
        ))] }
    }

    get testSubset() {
        return [...this.renderData.tests]
    }

    get environment() {
        return this.renderData.environment
    }

    get initialSort() {
        return this.data.initialSort
    }
}

module.exports = {
    manager: new DataManager(),
}

},{"./storage.js":8}],2:[function(require,module,exports){
const mediaViewer = require('./mediaviewer.js')
const templateEnvRow = document.getElementById('template_environment_row')
const templateResult = document.getElementById('template_results-table__tbody')

function htmlToElements(html) {
    const temp = document.createElement('template')
    temp.innerHTML = html
    return temp.content.childNodes
}

const find = (selector, elem) => {
    if (!elem) {
        elem = document
    }
    return elem.querySelector(selector)
}

const findAll = (selector, elem) => {
    if (!elem) {
        elem = document
    }
    return [...elem.querySelectorAll(selector)]
}

const dom = {
    getStaticRow: (key, value) => {
        const envRow = templateEnvRow.content.cloneNode(true)
        const isObj = typeof value === 'object' && value !== null
        const values = isObj ? Object.keys(value).map((k) => `${k}: ${value[k]}`) : null

        const valuesElement = htmlToElements(
            values ? `<ul>${values.map((val) => `<li>${val}</li>`).join('')}<ul>` : `<div>${value}</div>`)[0]
        const td = findAll('td', envRow)
        td[0].textContent = key
        td[1].appendChild(valuesElement)

        return envRow
    },
    getResultTBody: ({ testId, id, log, extras, resultsTableRow, tableHtml, result, collapsed }) => {
        const resultBody = templateResult.content.cloneNode(true)
        resultBody.querySelector('tbody').classList.add(result.toLowerCase())
        resultBody.querySelector('tbody').id = testId
        resultBody.querySelector('.collapsible').dataset.id = id

        resultsTableRow.forEach((html) => {
            const t = document.createElement('template')
            t.innerHTML = html
            resultBody.querySelector('.collapsible').appendChild(t.content)
        })

        if (log) {
            // Wrap lines starting with "E" with span.error to color those lines red
            const wrappedLog = log.replace(/^E.*$/gm, (match) => `<span class="error">${match}</span>`)
            resultBody.querySelector('.log').innerHTML = wrappedLog
        } else {
            resultBody.querySelector('.log').remove()
        }

        if (collapsed) {
            resultBody.querySelector('.collapsible > td')?.classList.add('collapsed')
            resultBody.querySelector('.extras-row').classList.add('hidden')
        } else {
            resultBody.querySelector('.collapsible > td')?.classList.remove('collapsed')
        }

        const media = []
        extras?.forEach(({ name, format_type, content }) => {
            if (['image', 'video'].includes(format_type)) {
                media.push({ path: content, name, format_type })
            }

            if (format_type === 'html') {
                resultBody.querySelector('.extraHTML').insertAdjacentHTML('beforeend', `<div>${content}</div>`)
            }
        })
        mediaViewer.setup(resultBody, media)

        // Add custom html from the pytest_html_results_table_html hook
        tableHtml?.forEach((item) => {
            resultBody.querySelector('td[class="extra"]').insertAdjacentHTML('beforeend', item)
        })

        return resultBody
    },
}

module.exports = {
    dom,
    htmlToElements,
    find,
    findAll,
}

},{"./mediaviewer.js":6}],3:[function(require,module,exports){
const { manager } = require('./datamanager.js')
const { doSort } = require('./sort.js')
const storageModule = require('./storage.js')

const getFilteredSubSet = (filter) =>
    manager.allData.tests.filter(({ result }) => filter.includes(result.toLowerCase()))

const doInitFilter = () => {
    const currentFilter = storageModule.getVisible()
    const filteredSubset = getFilteredSubSet(currentFilter)
    manager.setRender(filteredSubset)
}

const doFilter = (type, show) => {
    if (show) {
        storageModule.showCategory(type)
    } else {
        storageModule.hideCategory(type)
    }

    const currentFilter = storageModule.getVisible()
    const filteredSubset = getFilteredSubSet(currentFilter)
    manager.setRender(filteredSubset)

    const sortColumn = storageModule.getSort()
    doSort(sortColumn, true)
}

module.exports = {
    doFilter,
    doInitFilter,
}

},{"./datamanager.js":1,"./sort.js":7,"./storage.js":8}],4:[function(require,module,exports){
const { redraw, bindEvents, renderStatic } = require('./main.js')
const { doInitFilter } = require('./filter.js')
const { doInitSort } = require('./sort.js')
const { manager } = require('./datamanager.js')
const data = JSON.parse(document.getElementById('data-container').dataset.jsonblob)

function init() {
    manager.setManager(data)
    doInitFilter()
    doInitSort()
    renderStatic()
    redraw()
    bindEvents()
}

init()

},{"./datamanager.js":1,"./filter.js":3,"./main.js":5,"./sort.js":7}],5:[function(require,module,exports){
const { dom, find, findAll } = require('./dom.js')
const { manager } = require('./datamanager.js')
const { doSort } = require('./sort.js')
const { doFilter } = require('./filter.js')
const {
    getVisible,
    getCollapsedIds,
    setCollapsedIds,
    getSort,
    getSortDirection,
    possibleFilters,
} = require('./storage.js')

const removeChildren = (node) => {
    while (node.firstChild) {
        node.removeChild(node.firstChild)
    }
}

const renderStatic = () => {
    const renderEnvironmentTable = () => {
        const environment = manager.environment
        const rows = Object.keys(environment).map((key) => dom.getStaticRow(key, environment[key]))
        const table = document.getElementById('environment')
        removeChildren(table)
        rows.forEach((row) => table.appendChild(row))
    }
    renderEnvironmentTable()
}

const addItemToggleListener = (elem) => {
    elem.addEventListener('click', ({ target }) => {
        const id = target.parentElement.dataset.id
        manager.toggleCollapsedItem(id)

        const collapsedIds = getCollapsedIds()
        if (collapsedIds.includes(id)) {
            const updated = collapsedIds.filter((item) => item !== id)
            setCollapsedIds(updated)
        } else {
            collapsedIds.push(id)
            setCollapsedIds(collapsedIds)
        }
        redraw()
    })
}

const renderContent = (tests) => {
    const sortAttr = getSort(manager.initialSort)
    const sortAsc = JSON.parse(getSortDirection())
    const rows = tests.map(dom.getResultTBody)
    const table = document.getElementById('results-table')
    const tableHeader = document.getElementById('results-table-head')

    const newTable = document.createElement('table')
    newTable.id = 'results-table'

    // remove all sorting classes and set the relevant
    findAll('.sortable', tableHeader).forEach((elem) => elem.classList.remove('asc', 'desc'))
    tableHeader.querySelector(`.sortable[data-column-type="${sortAttr}"]`)?.classList.add(sortAsc ? 'desc' : 'asc')
    newTable.appendChild(tableHeader)

    if (!rows.length) {
        const emptyTable = document.getElementById('template_results-table__body--empty').content.cloneNode(true)
        newTable.appendChild(emptyTable)
    } else {
        rows.forEach((row) => {
            if (!!row) {
                findAll('.collapsible td:not(.col-links', row).forEach(addItemToggleListener)
                find('.logexpander', row).addEventListener('click',
                    (evt) => evt.target.parentNode.classList.toggle('expanded'),
                )
                newTable.appendChild(row)
            }
        })
    }

    table.replaceWith(newTable)
}

const renderDerived = () => {
    const currentFilter = getVisible()
    possibleFilters.forEach((result) => {
        const input = document.querySelector(`input[data-test-result="${result}"]`)
        input.checked = currentFilter.includes(result)
    })
}

const bindEvents = () => {
    const filterColumn = (evt) => {
        const { target: element } = evt
        const { testResult } = element.dataset

        doFilter(testResult, element.checked)
        const collapsedIds = getCollapsedIds()
        const updated = manager.renderData.tests.map((test) => {
            return {
                ...test,
                collapsed: collapsedIds.includes(test.id),
            }
        })
        manager.setRender(updated)
        redraw()
    }

    const header = document.getElementById('environment-header')
    header.addEventListener('click', () => {
        const table = document.getElementById('environment')
        table.classList.toggle('hidden')
        header.classList.toggle('collapsed')
    })

    findAll('input[name="filter_checkbox"]').forEach((elem) => {
        elem.addEventListener('click', filterColumn)
    })

    findAll('.sortable').forEach((elem) => {
        elem.addEventListener('click', (evt) => {
            const { target: element } = evt
            const { columnType } = element.dataset
            doSort(columnType)
            redraw()
        })
    })

    document.getElementById('show_all_details').addEventListener('click', () => {
        manager.allCollapsed = false
        setCollapsedIds([])
        redraw()
    })
    document.getElementById('hide_all_details').addEventListener('click', () => {
        manager.allCollapsed = true
        const allIds = manager.renderData.tests.map((test) => test.id)
        setCollapsedIds(allIds)
        redraw()
    })
}

const redraw = () => {
    const { testSubset } = manager

    renderContent(testSubset)
    renderDerived()
}

module.exports = {
    redraw,
    bindEvents,
    renderStatic,
}

},{"./datamanager.js":1,"./dom.js":2,"./filter.js":3,"./sort.js":7,"./storage.js":8}],6:[function(require,module,exports){
class MediaViewer {
    constructor(assets) {
        this.assets = assets
        this.index = 0
    }

    nextActive() {
        this.index = this.index === this.assets.length - 1 ? 0 : this.index + 1
        return [this.activeFile, this.index]
    }

    prevActive() {
        this.index = this.index === 0 ? this.assets.length - 1 : this.index -1
        return [this.activeFile, this.index]
    }

    get currentIndex() {
        return this.index
    }

    get activeFile() {
        return this.assets[this.index]
    }
}


const setup = (resultBody, assets) => {
    if (!assets.length) {
        resultBody.querySelector('.media').classList.add('hidden')
        return
    }

    const mediaViewer = new MediaViewer(assets)
    const container = resultBody.querySelector('.media-container')
    const leftArrow = resultBody.querySelector('.media-container__nav--left')
    const rightArrow = resultBody.querySelector('.media-container__nav--right')
    const mediaName = resultBody.querySelector('.media__name')
    const counter = resultBody.querySelector('.media__counter')
    const imageEl = resultBody.querySelector('img')
    const sourceEl = resultBody.querySelector('source')
    const videoEl = resultBody.querySelector('video')

    const setImg = (media, index) => {
        if (media?.format_type === 'image') {
            imageEl.src = media.path

            imageEl.classList.remove('hidden')
            videoEl.classList.add('hidden')
        } else if (media?.format_type === 'video') {
            sourceEl.src = media.path

            videoEl.classList.remove('hidden')
            imageEl.classList.add('hidden')
        }

        mediaName.innerText = media?.name
        counter.innerText = `${index + 1} / ${assets.length}`
    }
    setImg(mediaViewer.activeFile, mediaViewer.currentIndex)

    const moveLeft = () => {
        const [media, index] = mediaViewer.prevActive()
        setImg(media, index)
    }
    const doRight = () => {
        const [media, index] = mediaViewer.nextActive()
        setImg(media, index)
    }
    const openImg = () => {
        window.open(mediaViewer.activeFile.path, '_blank')
    }
    if (assets.length === 1) {
        container.classList.add('media-container--fullscreen')
    } else {
        leftArrow.addEventListener('click', moveLeft)
        rightArrow.addEventListener('click', doRight)
    }
    imageEl.addEventListener('click', openImg)
}

module.exports = {
    setup,
}

},{}],7:[function(require,module,exports){
const { manager } = require('./datamanager.js')
const storageModule = require('./storage.js')

const genericSort = (list, key, ascending, customOrder) => {
    let sorted
    if (customOrder) {
        sorted = list.sort((a, b) => {
            const aValue = a.result.toLowerCase()
            const bValue = b.result.toLowerCase()

            const aIndex = customOrder.findIndex((item) => item.toLowerCase() === aValue)
            const bIndex = customOrder.findIndex((item) => item.toLowerCase() === bValue)

            // Compare the indices to determine the sort order
            return aIndex - bIndex
        })
    } else {
        sorted = list.sort((a, b) => a[key] === b[key] ? 0 : a[key] > b[key] ? 1 : -1)
    }

    if (ascending) {
        sorted.reverse()
    }
    return sorted
}

const durationSort = (list, ascending) => {
    const parseDuration = (duration) => {
        if (duration.includes(':')) {
            // If it's in the format "HH:mm:ss"
            const [hours, minutes, seconds] = duration.split(':').map(Number)
            return (hours * 3600 + minutes * 60 + seconds) * 1000
        } else {
            // If it's in the format "nnn ms"
            return parseInt(duration)
        }
    }
    const sorted = list.sort((a, b) => parseDuration(a['duration']) - parseDuration(b['duration']))
    if (ascending) {
        sorted.reverse()
    }
    return sorted
}

const doInitSort = () => {
    const type = storageModule.getSort(manager.initialSort)
    const ascending = storageModule.getSortDirection()
    const list = manager.testSubset
    const initialOrder = ['Error', 'Failed', 'Rerun', 'XFailed', 'XPassed', 'Skipped', 'Passed']

    storageModule.setSort(type)
    storageModule.setSortDirection(ascending)

    if (type?.toLowerCase() === 'original') {
        manager.setRender(list)
    } else {
        let sortedList
        switch (type) {
        case 'duration':
            sortedList = durationSort(list, ascending)
            break
        case 'result':
            sortedList = genericSort(list, type, ascending, initialOrder)
            break
        default:
            sortedList = genericSort(list, type, ascending)
            break
        }
        manager.setRender(sortedList)
    }
}

const doSort = (type, skipDirection) => {
    const newSortType = storageModule.getSort(manager.initialSort) !== type
    const currentAsc = storageModule.getSortDirection()
    let ascending
    if (skipDirection) {
        ascending = currentAsc
    } else {
        ascending = newSortType ? false : !currentAsc
    }
    storageModule.setSort(type)
    storageModule.setSortDirection(ascending)

    const list = manager.testSubset
    const sortedList = type === 'duration' ? durationSort(list, ascending) : genericSort(list, type, ascending)
    manager.setRender(sortedList)
}

module.exports = {
    doInitSort,
    doSort,
}

},{"./datamanager.js":1,"./storage.js":8}],8:[function(require,module,exports){
const possibleFilters = [
    'passed',
    'skipped',
    'failed',
    'error',
    'xfailed',
    'xpassed',
    'rerun',
]

const getVisible = () => {
    const url = new URL(window.location.href)
    const settings = new URLSearchParams(url.search).get('visible')
    const lower = (item) => {
        const lowerItem = item.toLowerCase()
        if (possibleFilters.includes(lowerItem)) {
            return lowerItem
        }
        return null
    }
    return settings === null ?
        possibleFilters :
        [...new Set(settings?.split(',').map(lower).filter((item) => item))]
}

const hideCategory = (categoryToHide) => {
    const url = new URL(window.location.href)
    const visibleParams = new URLSearchParams(url.search).get('visible')
    const currentVisible = visibleParams ? visibleParams.split(',') : [...possibleFilters]
    const settings = [...new Set(currentVisible)].filter((f) => f !== categoryToHide).join(',')

    url.searchParams.set('visible', settings)
    window.history.pushState({}, null, unescape(url.href))
}

const showCategory = (categoryToShow) => {
    if (typeof window === 'undefined') {
        return
    }
    const url = new URL(window.location.href)
    const currentVisible = new URLSearchParams(url.search).get('visible')?.split(',').filter(Boolean) ||
        [...possibleFilters]
    const settings = [...new Set([categoryToShow, ...currentVisible])]
    const noFilter = possibleFilters.length === settings.length || !settings.length

    noFilter ? url.searchParams.delete('visible') : url.searchParams.set('visible', settings.join(','))
    window.history.pushState({}, null, unescape(url.href))
}

const getSort = (initialSort) => {
    const url = new URL(window.location.href)
    let sort = new URLSearchParams(url.search).get('sort')
    if (!sort) {
        sort = initialSort || 'result'
    }
    return sort
}

const setSort = (type) => {
    const url = new URL(window.location.href)
    url.searchParams.set('sort', type)
    window.history.pushState({}, null, unescape(url.href))
}

const getCollapsedCategory = (renderCollapsed) => {
    let categories
    if (typeof window !== 'undefined') {
        const url = new URL(window.location.href)
        const collapsedItems = new URLSearchParams(url.search).get('collapsed')
        switch (true) {
        case !renderCollapsed && collapsedItems === null:
            categories = ['passed']
            break
        case collapsedItems?.length === 0 || /^["']{2}$/.test(collapsedItems):
            categories = []
            break
        case /^all$/.test(collapsedItems) || collapsedItems === null && /^all$/.test(renderCollapsed):
            categories = [...possibleFilters]
            break
        default:
            categories = collapsedItems?.split(',').map((item) => item.toLowerCase()) || renderCollapsed
            break
        }
    } else {
        categories = []
    }
    return categories
}

const getSortDirection = () => JSON.parse(sessionStorage.getItem('sortAsc')) || false
const setSortDirection = (ascending) => sessionStorage.setItem('sortAsc', ascending)

const getCollapsedIds = () => JSON.parse(sessionStorage.getItem('collapsedIds')) || []
const setCollapsedIds = (list) => sessionStorage.setItem('collapsedIds', JSON.stringify(list))

module.exports = {
    getVisible,
    hideCategory,
    showCategory,
    getCollapsedIds,
    setCollapsedIds,
    getSort,
    setSort,
    getSortDirection,
    setSortDirection,
    getCollapsedCategory,
    possibleFilters,
}

},{}]},{},[4]);
    </script>
  </footer>
</html>