<!DOCTYPE html>
<html>
  <head>
    <meta charset="utf-8"/>
    <title id="head-title">report.html</title>
      <style type="text/css">body {
  font-family: Helvetica, Arial, sans-serif;
  font-size: 12px;
  /* do not increase min-width as some may use split screens */
  min-width: 800px;
  color: #999;
}

h1 {
  font-size: 24px;
  color: black;
}

h2 {
  font-size: 16px;
  color: black;
}

p {
  color: black;
}

a {
  color: #999;
}

table {
  border-collapse: collapse;
}

/******************************
 * SUMMARY INFORMATION
 ******************************/
#environment td {
  padding: 5px;
  border: 1px solid #e6e6e6;
  vertical-align: top;
}
#environment tr:nth-child(odd) {
  background-color: #f6f6f6;
}
#environment ul {
  margin: 0;
  padding: 0 20px;
}

/******************************
 * TEST RESULT COLORS
 ******************************/
span.passed,
.passed .col-result {
  color: green;
}

span.skipped,
span.xfailed,
span.rerun,
.skipped .col-result,
.xfailed .col-result,
.rerun .col-result {
  color: orange;
}

span.error,
span.failed,
span.xpassed,
.error .col-result,
.failed .col-result,
.xpassed .col-result {
  color: red;
}

.col-links__extra {
  margin-right: 3px;
}

/******************************
 * RESULTS TABLE
 *
 * 1. Table Layout
 * 2. Extra
 * 3. Sorting items
 *
 ******************************/
/*------------------
 * 1. Table Layout
 *------------------*/
#results-table {
  border: 1px solid #e6e6e6;
  color: #999;
  font-size: 12px;
  width: 100%;
}
#results-table th,
#results-table td {
  padding: 5px;
  border: 1px solid #e6e6e6;
  text-align: left;
}
#results-table th {
  font-weight: bold;
}

/*------------------
 * 2. Extra
 *------------------*/
.logwrapper {
  max-height: 230px;
  overflow-y: scroll;
  background-color: #e6e6e6;
}
.logwrapper.expanded {
  max-height: none;
}
.logwrapper.expanded .logexpander:after {
  content: "collapse [-]";
}
.logwrapper .logexpander {
  z-index: 1;
  position: sticky;
  top: 10px;
  width: max-content;
  border: 1px solid;
  border-radius: 3px;
  padding: 5px 7px;
  margin: 10px 0 10px calc(100% - 80px);
  cursor: pointer;
  background-color: #e6e6e6;
}
.logwrapper .logexpander:after {
  content: "expand [+]";
}
.logwrapper .logexpander:hover {
  color: #000;
  border-color: #000;
}
.logwrapper .log {
  min-height: 40px;
  position: relative;
  top: -50px;
  height: calc(100% + 50px);
  border: 1px solid #e6e6e6;
  color: black;
  display: block;
  font-family: "Courier New", Courier, monospace;
  padding: 5px;
  padding-right: 80px;
  white-space: pre-wrap;
}

div.media {
  border: 1px solid #e6e6e6;
  float: right;
  height: 240px;
  margin: 0 5px;
  overflow: hidden;
  width: 320px;
}

.media-container {
  display: grid;
  grid-template-columns: 25px auto 25px;
  align-items: center;
  flex: 1 1;
  overflow: hidden;
  height: 200px;
}

.media-container--fullscreen {
  grid-template-columns: 0px auto 0px;
}

.media-container__nav--right,
.media-container__nav--left {
  text-align: center;
  cursor: pointer;
}

.media-container__viewport {
  cursor: pointer;
  text-align: center;
  height: inherit;
}
.media-container__viewport img,
.media-container__viewport video {
  object-fit: cover;
  width: 100%;
  max-height: 100%;
}

.media__name,
.media__counter {
  display: flex;
  flex-direction: row;
  justify-content: space-around;
  flex: 0 0 25px;
  align-items: center;
}

.collapsible td:not(.col-links) {
  cursor: pointer;
}
.collapsible td:not(.col-links):hover::after {
  color: #bbb;
  font-style: italic;
  cursor: pointer;
}

.col-result {
  width: 130px;
}
.col-result:hover::after {
  content: " (hide details)";
}

.col-result.collapsed:hover::after {
  content: " (show details)";
}

#environment-header h2:hover::after {
  content: " (hide details)";
  color: #bbb;
  font-style: italic;
  cursor: pointer;
  font-size: 12px;
}

#environment-header.collapsed h2:hover::after {
  content: " (show details)";
  color: #bbb;
  font-style: italic;
  cursor: pointer;
  font-size: 12px;
}

/*------------------
 * 3. Sorting items
 *------------------*/
.sortable {
  cursor: pointer;
}
.sortable.desc:after {
  content: " ";
  position: relative;
  left: 5px;
  bottom: -12.5px;
  border: 10px solid #4caf50;
  border-bottom: 0;
  border-left-color: transparent;
  border-right-color: transparent;
}
.sortable.asc:after {
  content: " ";
  position: relative;
  left: 5px;
  bottom: 12.5px;
  border: 10px solid #4caf50;
  border-top: 0;
  border-left-color: transparent;
  border-right-color: transparent;
}

.hidden, .summary__reload__button.hidden {
  display: none;
}

.summary__data {
  flex: 0 0 550px;
}
.summary__reload {
  flex: 1 1;
  display: flex;
  justify-content: center;
}
.summary__reload__button {
  flex: 0 0 300px;
  display: flex;
  color: white;
  font-weight: bold;
  background-color: #4caf50;
  text-align: center;
  justify-content: center;
  align-items: center;
  border-radius: 3px;
  cursor: pointer;
}
.summary__reload__button:hover {
  background-color: #46a049;
}
.summary__spacer {
  flex: 0 0 550px;
}

.controls {
  display: flex;
  justify-content: space-between;
}

.filters,
.collapse {
  display: flex;
  align-items: center;
}
.filters button,
.collapse button {
  color: #999;
  border: none;
  background: none;
  cursor: pointer;
  text-decoration: underline;
}
.filters button:hover,
.collapse button:hover {
  color: #ccc;
}

.filter__label {
  margin-right: 10px;
}

      </style>
    
  </head>
  <body>
    <h1 id="title">report.html</h1>
    <p>Report generated on 28-Mar-2025 at 16:20:14 by <a href="https://pypi.python.org/pypi/pytest-html">pytest-html</a>
        v4.1.1</p>
    <div id="environment-header">
      <h2>Environment</h2>
    </div>
    <table id="environment"></table>
    <!-- TEMPLATES -->
      <template id="template_environment_row">
      <tr>
        <td></td>
        <td></td>
      </tr>
    </template>
    <template id="template_results-table__body--empty">
      <tbody class="results-table-row">
        <tr id="not-found-message">
          <td colspan="4">No results found. Check the filters.</th>
        </tr>
    </template>
    <template id="template_results-table__tbody">
      <tbody class="results-table-row">
        <tr class="collapsible">
        </tr>
        <tr class="extras-row">
          <td class="extra" colspan="4">
            <div class="extraHTML"></div>
            <div class="media">
              <div class="media-container">
                  <div class="media-container__nav--left"><</div>
                  <div class="media-container__viewport">
                    <img src="" />
                    <video controls>
                      <source src="" type="video/mp4">
                    </video>
                  </div>
                  <div class="media-container__nav--right">></div>
                </div>
                <div class="media__name"></div>
                <div class="media__counter"></div>
            </div>
            <div class="logwrapper">
              <div class="logexpander"></div>
              <div class="log"></div>
            </div>
          </td>
        </tr>
      </tbody>
    </template>
    <!-- END TEMPLATES -->
    <div class="summary">
      <div class="summary__data">
        <h2>Summary</h2>
        <div class="additional-summary prefix">
        </div>
        <p class="run-count">57 tests took 00:07:16.</p>
        <p class="filter">(Un)check the boxes to filter the results.</p>
        <div class="summary__reload">
          <div class="summary__reload__button hidden" onclick="location.reload()">
            <div>There are still tests running. <br />Reload this page to get the latest results!</div>
          </div>
        </div>
        <div class="summary__spacer"></div>
        <div class="controls">
          <div class="filters">
            <input checked="true" class="filter" name="filter_checkbox" type="checkbox" data-test-result="failed" />
            <span class="failed">2 Failed,</span>
            <input checked="true" class="filter" name="filter_checkbox" type="checkbox" data-test-result="passed" />
            <span class="passed">55 Passed,</span>
            <input checked="true" class="filter" name="filter_checkbox" type="checkbox" data-test-result="skipped" disabled/>
            <span class="skipped">0 Skipped,</span>
            <input checked="true" class="filter" name="filter_checkbox" type="checkbox" data-test-result="xfailed" disabled/>
            <span class="xfailed">0 Expected failures,</span>
            <input checked="true" class="filter" name="filter_checkbox" type="checkbox" data-test-result="xpassed" disabled/>
            <span class="xpassed">0 Unexpected passes,</span>
            <input checked="true" class="filter" name="filter_checkbox" type="checkbox" data-test-result="error" disabled/>
            <span class="error">0 Errors,</span>
            <input checked="true" class="filter" name="filter_checkbox" type="checkbox" data-test-result="rerun" disabled/>
            <span class="rerun">0 Reruns</span>
          </div>
          <div class="collapse">
            <button id="show_all_details">Show all details</button>&nbsp;/&nbsp;<button id="hide_all_details">Hide all details</button>
          </div>
        </div>
      </div>
      <div class="additional-summary summary">
      </div>
      <div class="additional-summary postfix">
      </div>
    </div>
    <table id="results-table">
      <thead id="results-table-head">
        <tr>
          <th class="sortable" data-column-type="result">Result</th>
          <th class="sortable" data-column-type="testId">Test</th>
          <th class="sortable" data-column-type="duration">Duration</th>
          <th>Links</th>
        </tr>
      </thead>
    </table>
  </body>
  <footer>
    <div id="data-container" data-jsonblob="{&#34;environment&#34;: {&#34;Python&#34;: &#34;3.13.2&#34;, &#34;Platform&#34;: &#34;Windows-11-10.0.22000-SP0&#34;, &#34;Packages&#34;: {&#34;pytest&#34;: &#34;8.3.5&#34;, &#34;pluggy&#34;: &#34;1.5.0&#34;}, &#34;Plugins&#34;: {&#34;allure-pytest&#34;: &#34;2.13.5&#34;, &#34;html&#34;: &#34;4.1.1&#34;, &#34;metadata&#34;: &#34;3.1.1&#34;}, &#34;CI&#34;: &#34;true&#34;, &#34;BUILD_NUMBER&#34;: &#34;11&#34;, &#34;BUILD_ID&#34;: &#34;11&#34;, &#34;BUILD_URL&#34;: &#34;http://localhost:8080/job/Sanity/11/&#34;, &#34;NODE_NAME&#34;: &#34;built-in&#34;, &#34;JOB_NAME&#34;: &#34;Sanity&#34;, &#34;BUILD_TAG&#34;: &#34;jenkins-Sanity-11&#34;, &#34;EXECUTOR_NUMBER&#34;: &#34;0&#34;, &#34;JENKINS_URL&#34;: &#34;http://localhost:8080/&#34;, &#34;JAVA_HOME&#34;: &#34;C:\\Program Files\\Java\\jdk-21&#34;, &#34;WORKSPACE&#34;: &#34;D:\\Project-24\\tests&#34;}, &#34;tests&#34;: {&#34;tests/test_Qi_Exerciser_checks.py::test_TC30_A0_inputbox_checking&#34;: [{&#34;extras&#34;: [], &#34;result&#34;: &#34;Passed&#34;, &#34;testId&#34;: &#34;tests/test_Qi_Exerciser_checks.py::test_TC30_A0_inputbox_checking&#34;, &#34;duration&#34;: &#34;00:00:33&#34;, &#34;resultsTableRow&#34;: [&#34;&lt;td class=\&#34;col-result\&#34;&gt;Passed&lt;/td&gt;&#34;, &#34;&lt;td class=\&#34;col-testId\&#34;&gt;tests/test_Qi_Exerciser_checks.py::test_TC30_A0_inputbox_checking&lt;/td&gt;&#34;, &#34;&lt;td class=\&#34;col-duration\&#34;&gt;00:00:33&lt;/td&gt;&#34;, &#34;&lt;td class=\&#34;col-links\&#34;&gt;&lt;/td&gt;&#34;], &#34;log&#34;: &#34;------------------------------ Captured log setup ------------------------------\nINFO     root:test_Qi_Exerciser_checks.py:71 Setting up the browser for Qi Exerciser Panel\nINFO     root:browser_setup.py:36 Opening browser using way1\nINFO     root:Qi_Exerciser.py:112 Opening Qi Exerciser Panel\n\n------------------------------ Captured log call -------------------------------\nINFO     root:Qi_Exerciser.py:117 Verifying the input box functionality for A0\nERROR    root:Qi_Exerciser.py:135 A0 input box failed to accept 100 random characters\nERROR    root:Qi_Exerciser.py:145 A0 input box failed to accept 100 numbers\nERROR    root:Qi_Exerciser.py:155 A0 input box failed to accept 100 letters\nERROR    root:Qi_Exerciser.py:165 A0 input box failed to accept a combination of letters, numbers, and special characters\n\n&#34;}], &#34;tests/test_Qi_Exerciser_checks.py::test_TC31_A1_inputbox_checking&#34;: [{&#34;extras&#34;: [], &#34;result&#34;: &#34;Passed&#34;, &#34;testId&#34;: &#34;tests/test_Qi_Exerciser_checks.py::test_TC31_A1_inputbox_checking&#34;, &#34;duration&#34;: &#34;00:00:01&#34;, &#34;resultsTableRow&#34;: [&#34;&lt;td class=\&#34;col-result\&#34;&gt;Passed&lt;/td&gt;&#34;, &#34;&lt;td class=\&#34;col-testId\&#34;&gt;tests/test_Qi_Exerciser_checks.py::test_TC31_A1_inputbox_checking&lt;/td&gt;&#34;, &#34;&lt;td class=\&#34;col-duration\&#34;&gt;00:00:01&lt;/td&gt;&#34;, &#34;&lt;td class=\&#34;col-links\&#34;&gt;&lt;/td&gt;&#34;], &#34;log&#34;: &#34;------------------------------ Captured log call -------------------------------\nINFO     root:Qi_Exerciser.py:117 Verifying the input box functionality for A1\nERROR    root:Qi_Exerciser.py:135 A1 input box failed to accept 100 random characters\nERROR    root:Qi_Exerciser.py:145 A1 input box failed to accept 100 numbers\nERROR    root:Qi_Exerciser.py:155 A1 input box failed to accept 100 letters\nERROR    root:Qi_Exerciser.py:165 A1 input box failed to accept a combination of letters, numbers, and special characters\n\n&#34;}], &#34;tests/test_Qi_Exerciser_checks.py::test_TC32_d_Tx_inputbox_checking&#34;: [{&#34;extras&#34;: [], &#34;result&#34;: &#34;Passed&#34;, &#34;testId&#34;: &#34;tests/test_Qi_Exerciser_checks.py::test_TC32_d_Tx_inputbox_checking&#34;, &#34;duration&#34;: &#34;13 ms&#34;, &#34;resultsTableRow&#34;: [&#34;&lt;td class=\&#34;col-result\&#34;&gt;Passed&lt;/td&gt;&#34;, &#34;&lt;td class=\&#34;col-testId\&#34;&gt;tests/test_Qi_Exerciser_checks.py::test_TC32_d_Tx_inputbox_checking&lt;/td&gt;&#34;, &#34;&lt;td class=\&#34;col-duration\&#34;&gt;13 ms&lt;/td&gt;&#34;, &#34;&lt;td class=\&#34;col-links\&#34;&gt;&lt;/td&gt;&#34;], &#34;log&#34;: &#34;------------------------------ Captured log call -------------------------------\nINFO     root:Qi_Exerciser.py:117 Verifying the input box functionality for \u0394d_Tx\nERROR    root:Qi_Exerciser.py:123 \u0394d_Tx input box is not available on the page\n\n&#34;}], &#34;tests/test_Qi_Exerciser_checks.py::test_TC33_PPS_volts_checkbox_checking&#34;: [{&#34;extras&#34;: [], &#34;result&#34;: &#34;Passed&#34;, &#34;testId&#34;: &#34;tests/test_Qi_Exerciser_checks.py::test_TC33_PPS_volts_checkbox_checking&#34;, &#34;duration&#34;: &#34;14 ms&#34;, &#34;resultsTableRow&#34;: [&#34;&lt;td class=\&#34;col-result\&#34;&gt;Passed&lt;/td&gt;&#34;, &#34;&lt;td class=\&#34;col-testId\&#34;&gt;tests/test_Qi_Exerciser_checks.py::test_TC33_PPS_volts_checkbox_checking&lt;/td&gt;&#34;, &#34;&lt;td class=\&#34;col-duration\&#34;&gt;14 ms&lt;/td&gt;&#34;, &#34;&lt;td class=\&#34;col-links\&#34;&gt;&lt;/td&gt;&#34;], &#34;log&#34;: &#34;------------------------------ Captured log call -------------------------------\nINFO     root:Qi_Exerciser.py:168 Verifying the checkbox functionality for PPS Volts Checkbox\nERROR    root:Qi_Exerciser.py:174 PPS Volts Checkbox checkbox is not available on the page\n\n&#34;}], &#34;tests/test_Qi_Exerciser_checks.py::test_TC34_Q_factor_Measurement_checkbox_checking&#34;: [{&#34;extras&#34;: [], &#34;result&#34;: &#34;Passed&#34;, &#34;testId&#34;: &#34;tests/test_Qi_Exerciser_checks.py::test_TC34_Q_factor_Measurement_checkbox_checking&#34;, &#34;duration&#34;: &#34;160 ms&#34;, &#34;resultsTableRow&#34;: [&#34;&lt;td class=\&#34;col-result\&#34;&gt;Passed&lt;/td&gt;&#34;, &#34;&lt;td class=\&#34;col-testId\&#34;&gt;tests/test_Qi_Exerciser_checks.py::test_TC34_Q_factor_Measurement_checkbox_checking&lt;/td&gt;&#34;, &#34;&lt;td class=\&#34;col-duration\&#34;&gt;160 ms&lt;/td&gt;&#34;, &#34;&lt;td class=\&#34;col-links\&#34;&gt;&lt;/td&gt;&#34;], &#34;log&#34;: &#34;------------------------------ Captured log call -------------------------------\nINFO     root:Qi_Exerciser.py:168 Verifying the checkbox functionality for Q Factor Measurement Checkbox\nINFO     root:Qi_Exerciser.py:179 Q Factor Measurement Checkbox checkbox is unchecked by default\nINFO     root:Qi_Exerciser.py:187 Q Factor Measurement Checkbox checkbox is now checked\nINFO     root:Qi_Exerciser.py:194 Q Factor Measurement Checkbox checkbox is now unchecked\n\n&#34;}], &#34;tests/test_Qi_Exerciser_checks.py::test_TC35_Coil_Type_dropdown_checking&#34;: [{&#34;extras&#34;: [], &#34;result&#34;: &#34;Passed&#34;, &#34;testId&#34;: &#34;tests/test_Qi_Exerciser_checks.py::test_TC35_Coil_Type_dropdown_checking&#34;, &#34;duration&#34;: &#34;256 ms&#34;, &#34;resultsTableRow&#34;: [&#34;&lt;td class=\&#34;col-result\&#34;&gt;Passed&lt;/td&gt;&#34;, &#34;&lt;td class=\&#34;col-testId\&#34;&gt;tests/test_Qi_Exerciser_checks.py::test_TC35_Coil_Type_dropdown_checking&lt;/td&gt;&#34;, &#34;&lt;td class=\&#34;col-duration\&#34;&gt;256 ms&lt;/td&gt;&#34;, &#34;&lt;td class=\&#34;col-links\&#34;&gt;&lt;/td&gt;&#34;], &#34;log&#34;: &#34;------------------------------ Captured log call -------------------------------\nINFO     root:Qi_Exerciser.py:200 Verifying the dropdown functionality for Coil Type\nINFO     root:Qi_Exerciser.py:226 Available options in Coil Type:\n\n&#34;}], &#34;tests/test_Qi_Exerciser_checks.py::test_TC36_Demodulator_dropdown_checking&#34;: [{&#34;extras&#34;: [], &#34;result&#34;: &#34;Passed&#34;, &#34;testId&#34;: &#34;tests/test_Qi_Exerciser_checks.py::test_TC36_Demodulator_dropdown_checking&#34;, &#34;duration&#34;: &#34;00:00:02&#34;, &#34;resultsTableRow&#34;: [&#34;&lt;td class=\&#34;col-result\&#34;&gt;Passed&lt;/td&gt;&#34;, &#34;&lt;td class=\&#34;col-testId\&#34;&gt;tests/test_Qi_Exerciser_checks.py::test_TC36_Demodulator_dropdown_checking&lt;/td&gt;&#34;, &#34;&lt;td class=\&#34;col-duration\&#34;&gt;00:00:02&lt;/td&gt;&#34;, &#34;&lt;td class=\&#34;col-links\&#34;&gt;&lt;/td&gt;&#34;], &#34;log&#34;: &#34;------------------------------ Captured log call -------------------------------\nINFO     root:Qi_Exerciser.py:200 Verifying the dropdown functionality for Demodulator\nINFO     root:Qi_Exerciser.py:226 Available options in Demodulator:\n\n---------------------------- Captured log teardown -----------------------------\nINFO     root:test_Qi_Exerciser_checks.py:78 Tearing down the browser&#34;}], &#34;tests/test_UC1.py::test_connect_to_tester&#34;: [{&#34;extras&#34;: [], &#34;result&#34;: &#34;Failed&#34;, &#34;testId&#34;: &#34;tests/test_UC1.py::test_connect_to_tester&#34;, &#34;duration&#34;: &#34;00:00:14&#34;, &#34;resultsTableRow&#34;: [&#34;&lt;td class=\&#34;col-result\&#34;&gt;Failed&lt;/td&gt;&#34;, &#34;&lt;td class=\&#34;col-testId\&#34;&gt;tests/test_UC1.py::test_connect_to_tester&lt;/td&gt;&#34;, &#34;&lt;td class=\&#34;col-duration\&#34;&gt;00:00:14&lt;/td&gt;&#34;, &#34;&lt;td class=\&#34;col-links\&#34;&gt;&lt;/td&gt;&#34;], &#34;log&#34;: &#34;driver = &amp;lt;selenium.webdriver.chrome.webdriver.WebDriver (session=&amp;quot;2c9d8ac9da92af6363d6fa8d4737c88c&amp;quot;)&amp;gt;\n\n    @pytest.mark.sanity\n    def test_connect_to_tester(driver):\n        BA_URL = &amp;quot;http://localhost:2004&amp;quot;\n        # BA_URL = @pytest.mark.url\n        TESTER_IP = &amp;quot;192.168.5.74&amp;quot;\n    \n        logging.info(&amp;quot;Opening BA URL: %s&amp;quot;, BA_URL)\n        driver.get(BA_URL)\n    \n        wait = WebDriverWait(driver, 10)\n    \n        try:\n            # Clear existing IP address if the clear button exists\n            try:\n                ip_clear = wait.until(EC.element_to_be_clickable((By.XPATH, &amp;quot;//span[@class=&amp;#x27;rc-select-selection__clear&amp;#x27;]&amp;quot;)))\n                logging.info(&amp;quot;Clearing existing IP Address field&amp;quot;)\n                ip_clear.click()\n            except TimeoutException:\n                logging.warning(&amp;quot;Clear button not found. Skipping clearing IP field.&amp;quot;)\n    \n            # Enter new IP address\n            logging.info(&amp;quot;Entering new IP Address: %s&amp;quot;, TESTER_IP)\n            ip_input = wait.until(EC.presence_of_element_located((By.XPATH, &amp;quot;//input[@class=&amp;#x27;rc-select-search__field&amp;#x27;]&amp;quot;)))\n            ip_input.send_keys(TESTER_IP)\n            ip_input.send_keys(Keys.RETURN)\n            time.sleep(5)\n    \n            # Click the Connect button\n            logging.info(&amp;quot;Clicking the Connect button&amp;quot;)\n            connect_button = wait.until(EC.element_to_be_clickable((By.XPATH, &amp;quot;//button[@id=&amp;#x27;connectionsetup_connect_button&amp;#x27;]&amp;quot;)))\n            connect_button.click()\n            time.sleep(5)\n    \n            # Verify tester connection status\n            logging.info(&amp;quot;Verifying tester connection status&amp;quot;)\n            status_element = wait.until(EC.presence_of_element_located((By.XPATH, &amp;quot;//td[contains(@class, &amp;#x27;tester-info-border&amp;#x27;)]/div[@class=&amp;#x27;right-spacing-tester&amp;#x27;]/b&amp;quot;)))\n            tester_status = status_element.text.strip()\n            logging.info(&amp;quot;Tester connection status: %s&amp;quot;, tester_status)\n            assert &amp;quot;Connected&amp;quot; in tester_status, &amp;quot;Tester did not connect successfully!&amp;quot;\n    \n        except Exception as e:\n            logging.error(f&amp;quot;Error during connection setup: {e}&amp;quot;)\n            driver.save_screenshot(&amp;quot;failure_screenshot.png&amp;quot;)  # Capture screenshot for debugging\n            pytest.fail(f&amp;quot;Test failed due to error: {e}&amp;quot;)\n    \n        # Expected details\n        EXPECTED_DETAILS = {\n            &amp;quot;Tester Status&amp;quot;: &amp;quot;Connected&amp;quot;,\n            &amp;quot;Serial Number&amp;quot;: &amp;quot;GRL-C3-MP-2023052&amp;quot;,\n            &amp;quot;Firmware Version&amp;quot;: &amp;quot;5.0.1.31 / 1.8&amp;quot;,\n            &amp;quot;Next Calibration Date&amp;quot;: &amp;quot;03 July 2025&amp;quot;,\n            &amp;quot;Tester IP Address&amp;quot;: &amp;quot;192.168.5.79&amp;quot;,\n            &amp;quot;Port&amp;quot;: &amp;quot;5002&amp;quot;\n        }\n    \n        # Extract details from the table\n        extracted_details = {}\n        for key in EXPECTED_DETAILS.keys():\n            try:\n                key_element = wait.until(EC.presence_of_element_located((By.XPATH, f&amp;quot;//td[contains(text(), &amp;#x27;{key}&amp;#x27;)]&amp;quot;)))\n                value_element = key_element.find_element(By.XPATH, &amp;quot;./following-sibling::td//b&amp;quot;)\n                extracted_details[key] = value_element.text.strip()\n                logging.info(f&amp;quot;Extracted {key}: {extracted_details[key]}&amp;quot;)\n            except (NoSuchElementException, TimeoutException) as e:\n                logging.error(f&amp;quot;Error extracting {key}: {e}&amp;quot;)\n                extracted_details[key] = None\n    \n        # Log extracted details\n        logging.info(&amp;quot;Extracted details: %s&amp;quot;, extracted_details)\n    \n        # Verify extracted details against expected details\n        for key, expected_value in EXPECTED_DETAILS.items():\n&amp;gt;           assert extracted_details[key] == expected_value, f&amp;quot;Mismatch for {key}: Expected &amp;#x27;{expected_value}&amp;#x27;, but got &amp;#x27;{extracted_details[key]}&amp;#x27;&amp;quot;\nE           AssertionError: Mismatch for Serial Number: Expected &amp;#x27;GRL-C3-MP-2023052&amp;#x27;, but got &amp;#x27;GRL-C3-MP-2023006&amp;#x27;\nE           assert &amp;#x27;GRL-C3-MP-2023006&amp;#x27; == &amp;#x27;GRL-C3-MP-2023052&amp;#x27;\nE             \nE             - GRL-C3-MP-2023052\nE             ?                ^^\nE             + GRL-C3-MP-2023006\nE             ?                ^^\n\ntest_UC1.py:124: AssertionError\n\n------------------------------ Captured log setup ------------------------------\nINFO     root:test_UC1.py:36 Setting up the WebDriver\n\n------------------------------ Captured log call -------------------------------\nINFO     root:test_UC1.py:58 Opening BA URL: http://localhost:2004\nINFO     root:test_UC1.py:67 Clearing existing IP Address field\nINFO     root:test_UC1.py:73 Entering new IP Address: 192.168.5.74\nINFO     root:test_UC1.py:80 Clicking the Connect button\nINFO     root:test_UC1.py:86 Verifying tester connection status\nINFO     root:test_UC1.py:89 Tester connection status: Connected\nINFO     root:test_UC1.py:114 Extracted Tester Status: Connected\nINFO     root:test_UC1.py:114 Extracted Serial Number: GRL-C3-MP-2023006\nINFO     root:test_UC1.py:114 Extracted Firmware Version: 5.0.1.29 / 1.9\nINFO     root:test_UC1.py:114 Extracted Next Calibration Date: 22 May 2025\nINFO     root:test_UC1.py:114 Extracted Tester IP Address: 192.168.5.74\nINFO     root:test_UC1.py:114 Extracted Port: 5002\nINFO     root:test_UC1.py:120 Extracted details: {&amp;#x27;Tester Status&amp;#x27;: &amp;#x27;Connected&amp;#x27;, &amp;#x27;Serial Number&amp;#x27;: &amp;#x27;GRL-C3-MP-2023006&amp;#x27;, &amp;#x27;Firmware Version&amp;#x27;: &amp;#x27;5.0.1.29 / 1.9&amp;#x27;, &amp;#x27;Next Calibration Date&amp;#x27;: &amp;#x27;22 May 2025&amp;#x27;, &amp;#x27;Tester IP Address&amp;#x27;: &amp;#x27;192.168.5.74&amp;#x27;, &amp;#x27;Port&amp;#x27;: &amp;#x27;5002&amp;#x27;}\n\n&#34;}], &#34;tests/test_UC1.py::test_SDF_jsonval&#34;: [{&#34;extras&#34;: [], &#34;result&#34;: &#34;Failed&#34;, &#34;testId&#34;: &#34;tests/test_UC1.py::test_SDF_jsonval&#34;, &#34;duration&#34;: &#34;00:00:13&#34;, &#34;resultsTableRow&#34;: [&#34;&lt;td class=\&#34;col-result\&#34;&gt;Failed&lt;/td&gt;&#34;, &#34;&lt;td class=\&#34;col-testId\&#34;&gt;tests/test_UC1.py::test_SDF_jsonval&lt;/td&gt;&#34;, &#34;&lt;td class=\&#34;col-duration\&#34;&gt;00:00:13&lt;/td&gt;&#34;, &#34;&lt;td class=\&#34;col-links\&#34;&gt;&lt;/td&gt;&#34;], &#34;log&#34;: &#34;driver = &amp;lt;selenium.webdriver.chrome.webdriver.WebDriver (session=&amp;quot;2c9d8ac9da92af6363d6fa8d4737c88c&amp;quot;)&amp;gt;\n\n    def test_SDF_jsonval(driver):\n        wait = WebDriverWait(driver, 20)  # Increased timeout\n        logging.info(&amp;quot;Page title: %s&amp;quot;, driver.title)\n        logging.info(&amp;quot;Page URL: %s&amp;quot;, driver.current_url)\n    \n        try:\n            # Click on Test Configuration\n            logging.info(&amp;quot;Clicking on Test Configuration&amp;quot;)\n            test_config = wait.until(EC.visibility_of_element_located((By.XPATH, &amp;quot;//span[contains(text(),&amp;#x27;Test Configuration&amp;#x27;)]&amp;quot;)))\n            test_config.click()\n    \n            logging.info(&amp;quot;Clicking on body of the UI to enable interactions&amp;quot;)\n            driver.find_element(By.TAG_NAME, &amp;quot;body&amp;quot;).click()\n    \n            # Click Edit SDF\n            logging.info(&amp;quot;Clicking on Edit SDF Button&amp;quot;)\n            driver.find_element(By.XPATH, &amp;quot;//i[@class=&amp;#x27;fa fa-edit me-1 cursorPointer mt-1&amp;#x27;]&amp;quot;).click()\n    \n            # Enter details\n            logging.info(&amp;quot;Entering Applicant Name&amp;quot;)\n            driver.find_element(By.XPATH, &amp;quot;//div[@class=&amp;#x27;modal-body&amp;#x27;]//input[@id=&amp;#x27;ApplicantName&amp;#x27;]&amp;quot;).send_keys(&amp;quot;ApplicantName&amp;quot;)\n    \n            logging.info(&amp;quot;Entering Product Name&amp;quot;)\n            driver.find_element(By.XPATH, &amp;quot;//div[@class=&amp;#x27;modal-body&amp;#x27;]//input[@id=&amp;#x27;ProductName&amp;#x27;]&amp;quot;).send_keys(&amp;quot;ProductName&amp;quot;)\n    \n            logging.info(&amp;quot;Clicking WPID Support Checkbox&amp;quot;)\n            driver.find_element(By.XPATH, &amp;quot;//div[@class=&amp;#x27;modal-body&amp;#x27;]//input[@id=&amp;#x27;WPIDSupport-editEsdf&amp;#x27;]&amp;quot;).click()\n            time.sleep(2)\n    \n            logging.info(&amp;quot;Clicking Update Button&amp;quot;)\n            driver.find_element(By.XPATH, &amp;quot;//button[@class=&amp;#x27;grl-button&amp;#x27; and text()=&amp;#x27;Update&amp;#x27;]&amp;quot;).click()\n            time.sleep(5)\n    \n            logging.info(&amp;quot;Clicking Export Button&amp;quot;)\n            driver.find_element(By.XPATH, &amp;quot;//i[@class=&amp;#x27;fa fa-external-link cursorPointer mt-1&amp;#x27;]&amp;quot;).click()\n            time.sleep(5)\n    \n            # Verify file download\n            download_path = os.path.join(os.path.expanduser(&amp;quot;~&amp;quot;), &amp;quot;Downloads&amp;quot;)\n            timeout = 20\n            new_filename = f&amp;quot;SDF_Export_{datetime.now().strftime(&amp;#x27;%Y%m%d_%H%M%S&amp;#x27;)}.json&amp;quot;\n            logging.info(&amp;quot;Waiting for JSON file to download&amp;quot;)\n            start_time = time.time()\n            downloaded_file = None\n    \n            while time.time() - start_time &amp;lt; timeout:\n&amp;gt;               files = os.listdir(download_path)\nE               FileNotFoundError: [WinError 3] The system cannot find the path specified: &amp;#x27;C:\\\\WINDOWS\\\\system32\\\\config\\\\systemprofile\\\\Downloads&amp;#x27;\n\ntest_UC1.py:174: FileNotFoundError\n\nDuring handling of the above exception, another exception occurred:\n\ndriver = &amp;lt;selenium.webdriver.chrome.webdriver.WebDriver (session=&amp;quot;2c9d8ac9da92af6363d6fa8d4737c88c&amp;quot;)&amp;gt;\n\n    def test_SDF_jsonval(driver):\n        wait = WebDriverWait(driver, 20)  # Increased timeout\n        logging.info(&amp;quot;Page title: %s&amp;quot;, driver.title)\n        logging.info(&amp;quot;Page URL: %s&amp;quot;, driver.current_url)\n    \n        try:\n            # Click on Test Configuration\n            logging.info(&amp;quot;Clicking on Test Configuration&amp;quot;)\n            test_config = wait.until(EC.visibility_of_element_located((By.XPATH, &amp;quot;//span[contains(text(),&amp;#x27;Test Configuration&amp;#x27;)]&amp;quot;)))\n            test_config.click()\n    \n            logging.info(&amp;quot;Clicking on body of the UI to enable interactions&amp;quot;)\n            driver.find_element(By.TAG_NAME, &amp;quot;body&amp;quot;).click()\n    \n            # Click Edit SDF\n            logging.info(&amp;quot;Clicking on Edit SDF Button&amp;quot;)\n            driver.find_element(By.XPATH, &amp;quot;//i[@class=&amp;#x27;fa fa-edit me-1 cursorPointer mt-1&amp;#x27;]&amp;quot;).click()\n    \n            # Enter details\n            logging.info(&amp;quot;Entering Applicant Name&amp;quot;)\n            driver.find_element(By.XPATH, &amp;quot;//div[@class=&amp;#x27;modal-body&amp;#x27;]//input[@id=&amp;#x27;ApplicantName&amp;#x27;]&amp;quot;).send_keys(&amp;quot;ApplicantName&amp;quot;)\n    \n            logging.info(&amp;quot;Entering Product Name&amp;quot;)\n            driver.find_element(By.XPATH, &amp;quot;//div[@class=&amp;#x27;modal-body&amp;#x27;]//input[@id=&amp;#x27;ProductName&amp;#x27;]&amp;quot;).send_keys(&amp;quot;ProductName&amp;quot;)\n    \n            logging.info(&amp;quot;Clicking WPID Support Checkbox&amp;quot;)\n            driver.find_element(By.XPATH, &amp;quot;//div[@class=&amp;#x27;modal-body&amp;#x27;]//input[@id=&amp;#x27;WPIDSupport-editEsdf&amp;#x27;]&amp;quot;).click()\n            time.sleep(2)\n    \n            logging.info(&amp;quot;Clicking Update Button&amp;quot;)\n            driver.find_element(By.XPATH, &amp;quot;//button[@class=&amp;#x27;grl-button&amp;#x27; and text()=&amp;#x27;Update&amp;#x27;]&amp;quot;).click()\n            time.sleep(5)\n    \n            logging.info(&amp;quot;Clicking Export Button&amp;quot;)\n            driver.find_element(By.XPATH, &amp;quot;//i[@class=&amp;#x27;fa fa-external-link cursorPointer mt-1&amp;#x27;]&amp;quot;).click()\n            time.sleep(5)\n    \n            # Verify file download\n            download_path = os.path.join(os.path.expanduser(&amp;quot;~&amp;quot;), &amp;quot;Downloads&amp;quot;)\n            timeout = 20\n            new_filename = f&amp;quot;SDF_Export_{datetime.now().strftime(&amp;#x27;%Y%m%d_%H%M%S&amp;#x27;)}.json&amp;quot;\n            logging.info(&amp;quot;Waiting for JSON file to download&amp;quot;)\n            start_time = time.time()\n            downloaded_file = None\n    \n            while time.time() - start_time &amp;lt; timeout:\n                files = os.listdir(download_path)\n                json_files = [f for f in files if f.endswith(&amp;quot;.json&amp;quot;)]\n                if json_files:\n                    json_files = sorted(json_files, key=lambda f: os.path.getmtime(os.path.join(download_path, f)), reverse=True)\n                    downloaded_file = json_files[0]\n                    break\n                time.sleep(0.5)\n    \n            if downloaded_file:\n                old_file_path = os.path.join(download_path, downloaded_file)\n                new_file_path = os.path.join(download_path, new_filename)\n                try:\n                    os.rename(old_file_path, new_file_path)\n                    logging.info(f&amp;quot;Downloaded file renamed to: {new_filename}&amp;quot;)\n                except PermissionError:\n                    logging.warning(&amp;quot;File is still being written. Retrying...&amp;quot;)\n                    time.sleep(2)\n                    os.rename(old_file_path, new_file_path)\n            else:\n                logging.error(&amp;quot;No JSON file was downloaded.&amp;quot;)\n                assert False, &amp;quot;JSON file download failed.&amp;quot;\n    \n            # Navigating back\n            driver.find_element(By.XPATH, &amp;quot;//span[@class=&amp;#x27;project-name-label cursorPointer&amp;#x27;]&amp;quot;).click()\n            time.sleep(5)\n            driver.find_element(By.XPATH, &amp;quot;//input[@class=&amp;#x27;project-name-input panelcontrol textbox me-1&amp;#x27;]&amp;quot;).send_keys(&amp;quot;sample&amp;quot;)\n            time.sleep(2)\n    \n            # **Uploading the JSON File**\n            logging.info(&amp;quot;Uploading downloaded JSON file&amp;quot;)\n            print(new_file_path)\n            logging.info(new_file_path)\n    \n            # Try different upload methods\n            # upload_xpath = &amp;quot;(//div[@class=&amp;#x27;drag-drop-div-parent&amp;#x27;])[3]&amp;quot;\n            #file = r&amp;quot;C:\\Users\\GRL\\Downloads\\SDF_Export_20250321_143028.json&amp;quot;\n    \n            try:\n                # 1\ufe0f\u20e3 **First Attempt** \u2192 Find the input file element\n                upload_input = driver.find_element(By.XPATH, &amp;quot;//div[@class=&amp;#x27;drag-drop-div&amp;#x27;]//input[@type=&amp;#x27;file&amp;#x27; and @accept=&amp;#x27;.json&amp;#x27;]&amp;quot;)\n                upload_input.send_keys(new_file_path)  # Upload file\n                logging.info(f&amp;quot;File uploaded: {new_file_path}&amp;quot;)\n    \n            except Exception:\n                # 2\ufe0f\u20e3 **Alternative** \u2192 Use JavaScript if the file input is hidden\n                logging.warning(&amp;quot;File input might be hidden. Trying JavaScript method.&amp;quot;)\n                driver.execute_script(\n                    &amp;quot;arguments[0].style.display=&amp;#x27;block&amp;#x27;;&amp;quot;, driver.find_element(By.XPATH, &amp;quot;//div[@class=&amp;#x27;drag-drop-div&amp;#x27;]//input[@type=&amp;#x27;file&amp;#x27; and @accept=&amp;#x27;.json&amp;#x27;]&amp;quot;)\n                )\n                driver.find_element(By.XPATH, &amp;quot;//div[@class=&amp;#x27;drag-drop-div&amp;#x27;]//input[@type=&amp;#x27;file&amp;#x27; and @accept=&amp;#x27;.json&amp;#x27;]&amp;quot;).send_keys(new_file_path)\n                logging.info(f&amp;quot;File uploaded using JavaScript: {new_file_path}&amp;quot;)\n    \n            time.sleep(5)\n    \n            # \u2705 **Trigger UI updates by clicking elsewhere**\n    \n    \n            # \u2705 **Ensure &amp;#x27;Create Project&amp;#x27; button is enabled before clicking**\n            logging.info(&amp;quot;Waiting for &amp;#x27;Create Project&amp;#x27; button to be clickable&amp;quot;)\n            create_project_btn = wait.until(EC.element_to_be_clickable((By.XPATH, &amp;quot;//button[text()=&amp;#x27;Create Project&amp;#x27;]&amp;quot;)))\n            create_project_btn.click()\n            logging.info(&amp;quot;Clicked on &amp;#x27;Create Project&amp;#x27; successfully&amp;quot;)\n            time.sleep(5)\n    \n            # # \u2705 **Ensure &amp;#x27;Create Project&amp;#x27; button is enabled before clicking**\n            # logging.info(&amp;quot;Waiting for &amp;#x27;Create Project&amp;#x27; button to be clickable&amp;quot;)\n            # create_project_btn = wait.until(EC.element_to_be_clickable((By.XPATH, &amp;quot;//p[text()=&amp;#x27;Drag &amp;amp; drop file here&amp;#x27;]&amp;quot;)))\n            # create_project_btn.click()\n            # logging.info(&amp;quot;Clicked on &amp;#x27;Create Project&amp;#x27; successfully&amp;quot;)\n            # time.sleep(5)\n    \n    \n            # Validate uploaded data\n            logging.info(&amp;quot;Validating Product Name after upload&amp;quot;)\n            wait.until(EC.text_to_be_present_in_element_value((By.XPATH, &amp;quot;//input[@id=&amp;#x27;ProductName&amp;#x27;]&amp;quot;), &amp;quot;ProductName&amp;quot;))\n    \n            uploaded_product_name = driver.find_element(By.XPATH, &amp;quot;//input[@id=&amp;#x27;ProductName&amp;#x27;]&amp;quot;).get_attribute(&amp;quot;value&amp;quot;)\n            assert uploaded_product_name == &amp;quot;ProductName&amp;quot;, f&amp;quot;Mismatch: Expected &amp;#x27;ProductName&amp;#x27;, but got &amp;#x27;{uploaded_product_name}&amp;#x27;&amp;quot;\n    \n            logging.info(&amp;quot;\u2705 Product Name validation successful after upload.&amp;quot;)\n    \n        except Exception as e:\n            logging.error(f&amp;quot;\u274c Error during test execution: {e}&amp;quot;)\n            driver.save_screenshot(&amp;quot;failure_screenshot.png&amp;quot;)  # Capture screenshot for debugging\n&amp;gt;           pytest.fail(f&amp;quot;Test failed due to error: {e}&amp;quot;)\nE           Failed: Test failed due to error: [WinError 3] The system cannot find the path specified: &amp;#x27;C:\\\\WINDOWS\\\\system32\\\\config\\\\systemprofile\\\\Downloads&amp;#x27;\n\ntest_UC1.py:258: Failed\n\n------------------------------ Captured log call -------------------------------\nINFO     root:test_UC1.py:130 Page title: GRL-C3-TPT Software\nINFO     root:test_UC1.py:131 Page URL: http://localhost:2004/v3220126.html\nINFO     root:test_UC1.py:135 Clicking on Test Configuration\nINFO     root:test_UC1.py:139 Clicking on body of the UI to enable interactions\nINFO     root:test_UC1.py:143 Clicking on Edit SDF Button\nINFO     root:test_UC1.py:147 Entering Applicant Name\nINFO     root:test_UC1.py:150 Entering Product Name\nINFO     root:test_UC1.py:153 Clicking WPID Support Checkbox\nINFO     root:test_UC1.py:157 Clicking Update Button\nINFO     root:test_UC1.py:161 Clicking Export Button\nINFO     root:test_UC1.py:169 Waiting for JSON file to download\nERROR    root:test_UC1.py:256 \u274c Error during test execution: [WinError 3] The system cannot find the path specified: &amp;#x27;C:\\\\WINDOWS\\\\system32\\\\config\\\\systemprofile\\\\Downloads&amp;#x27;\n\n&#34;}], &#34;tests/test_UC1.py::test_countofTC&#34;: [{&#34;extras&#34;: [], &#34;result&#34;: &#34;Passed&#34;, &#34;testId&#34;: &#34;tests/test_UC1.py::test_countofTC&#34;, &#34;duration&#34;: &#34;00:00:23&#34;, &#34;resultsTableRow&#34;: [&#34;&lt;td class=\&#34;col-result\&#34;&gt;Passed&lt;/td&gt;&#34;, &#34;&lt;td class=\&#34;col-testId\&#34;&gt;tests/test_UC1.py::test_countofTC&lt;/td&gt;&#34;, &#34;&lt;td class=\&#34;col-duration\&#34;&gt;00:00:23&lt;/td&gt;&#34;, &#34;&lt;td class=\&#34;col-links\&#34;&gt;&lt;/td&gt;&#34;], &#34;log&#34;: &#34;------------------------------ Captured log call -------------------------------\nINFO     root:test_UC1.py:262 Page title: GRL-C3-TPT Software\nINFO     root:test_UC1.py:263 Page URL: http://localhost:2004/v3220126.html\nINFO     root:test_UC1.py:267 Locating PRx Compliance Tests MPP V2.0.1 checkbox\nERROR    root:test_UC1.py:300 Error occurred: Message: \nStacktrace:\n\tGetHandleVerifier [0x00007FF688634C25+3179557]\n\t(No symbol) [0x00007FF6882988A0]\n\t(No symbol) [0x00007FF6881291CA]\n\t(No symbol) [0x00007FF68817FA67]\n\t(No symbol) [0x00007FF68817FC9C]\n\t(No symbol) [0x00007FF6881D3627]\n\t(No symbol) [0x00007FF6881A7C6F]\n\t(No symbol) [0x00007FF6881D02F3]\n\t(No symbol) [0x00007FF6881A7A03]\n\t(No symbol) [0x00007FF6881706D0]\n\t(No symbol) [0x00007FF688171983]\n\tGetHandleVerifier [0x00007FF6886967CD+3579853]\n\tGetHandleVerifier [0x00007FF6886AD1D2+3672530]\n\tGetHandleVerifier [0x00007FF6886A2153+3627347]\n\tGetHandleVerifier [0x00007FF68840092A+868650]\n\t(No symbol) [0x00007FF6882A2FFF]\n\t(No symbol) [0x00007FF68829F4A4]\n\t(No symbol) [0x00007FF68829F646]\n\t(No symbol) [0x00007FF68828EAA9]\n\tBaseThreadInitThunk [0x00007FFB131E54E0+16]\n\tRtlUserThreadStart [0x00007FFB138E485B+43]\n\n---------------------------- Captured log teardown -----------------------------\nINFO     root:test_UC1.py:48 Closing the WebDriver&#34;}], &#34;tests/test_config_panelchecks.py::test_TC20_Product_Name_inputbox_checking&#34;: [{&#34;extras&#34;: [], &#34;result&#34;: &#34;Passed&#34;, &#34;testId&#34;: &#34;tests/test_config_panelchecks.py::test_TC20_Product_Name_inputbox_checking&#34;, &#34;duration&#34;: &#34;00:00:21&#34;, &#34;resultsTableRow&#34;: [&#34;&lt;td class=\&#34;col-result\&#34;&gt;Passed&lt;/td&gt;&#34;, &#34;&lt;td class=\&#34;col-testId\&#34;&gt;tests/test_config_panelchecks.py::test_TC20_Product_Name_inputbox_checking&lt;/td&gt;&#34;, &#34;&lt;td class=\&#34;col-duration\&#34;&gt;00:00:21&lt;/td&gt;&#34;, &#34;&lt;td class=\&#34;col-links\&#34;&gt;&lt;/td&gt;&#34;], &#34;log&#34;: &#34;------------------------------ Captured log setup ------------------------------\nINFO     root:test_config_panelchecks.py:143 Setting up the browser\nINFO     root:browser_setup.py:36 Opening browser using way1\nINFO     root:configpage_panel.py:73 Opening Test Configuration Panel\nINFO     root:configpage_panel.py:76 clicking on body of the UI to enble the UI\nINFO     root:configpage_panel.py:80 Clicking on Edit SDF Button\n\n------------------------------ Captured log call -------------------------------\nINFO     root:configpage_panel.py:84 Verifying the input box functionality for Product Name\nERROR    root:configpage_panel.py:102 Product Name input box failed to accept 100 random characters\nINFO     root:configpage_panel.py:110 Product Name input box accepted 100 numbers: 9994304779540777235757798342787810991130788833458402757322222898892270647305292462973562414414341810\nINFO     root:configpage_panel.py:120 Product Name input box accepted 100 letters: aIJjTaDUKzYevAfeKDxwZFCqyQRMiryCAKsEYapbGjNOKyUJcFSpnKInShetwjRblGxsbXhPWDTkjHqPjsxzTfWPlyEsUeKajHag\nERROR    root:configpage_panel.py:132 Product Name input box failed to accept a combination of letters, numbers, and special characters\n\n&#34;}], &#34;tests/test_config_panelchecks.py::test_TC21_Applicant_Name_inputbox_checking&#34;: [{&#34;extras&#34;: [], &#34;result&#34;: &#34;Passed&#34;, &#34;testId&#34;: &#34;tests/test_config_panelchecks.py::test_TC21_Applicant_Name_inputbox_checking&#34;, &#34;duration&#34;: &#34;00:00:02&#34;, &#34;resultsTableRow&#34;: [&#34;&lt;td class=\&#34;col-result\&#34;&gt;Passed&lt;/td&gt;&#34;, &#34;&lt;td class=\&#34;col-testId\&#34;&gt;tests/test_config_panelchecks.py::test_TC21_Applicant_Name_inputbox_checking&lt;/td&gt;&#34;, &#34;&lt;td class=\&#34;col-duration\&#34;&gt;00:00:02&lt;/td&gt;&#34;, &#34;&lt;td class=\&#34;col-links\&#34;&gt;&lt;/td&gt;&#34;], &#34;log&#34;: &#34;------------------------------ Captured log call -------------------------------\nINFO     root:configpage_panel.py:84 Verifying the input box functionality for Applicant Name\nERROR    root:configpage_panel.py:102 Applicant Name input box failed to accept 100 random characters\nINFO     root:configpage_panel.py:110 Applicant Name input box accepted 100 numbers: 3193627298540737581249510769520882736213286376131223191679593130011868372910980308527466784939055739\nINFO     root:configpage_panel.py:120 Applicant Name input box accepted 100 letters: MksLyZhkFxBbQGatltBPfMoUtbFFPDZCjxVUBCKECWTJKaCwmpvjsuFQJottcdnBWawYKuTrOICqJZMuZYvrutopYCYYyeSheUQq\nERROR    root:configpage_panel.py:132 Applicant Name input box failed to accept a combination of letters, numbers, and special characters\n\n&#34;}], &#34;tests/test_config_panelchecks.py::test_TC22_Part_Number_inputbox_checking&#34;: [{&#34;extras&#34;: [], &#34;result&#34;: &#34;Passed&#34;, &#34;testId&#34;: &#34;tests/test_config_panelchecks.py::test_TC22_Part_Number_inputbox_checking&#34;, &#34;duration&#34;: &#34;00:00:02&#34;, &#34;resultsTableRow&#34;: [&#34;&lt;td class=\&#34;col-result\&#34;&gt;Passed&lt;/td&gt;&#34;, &#34;&lt;td class=\&#34;col-testId\&#34;&gt;tests/test_config_panelchecks.py::test_TC22_Part_Number_inputbox_checking&lt;/td&gt;&#34;, &#34;&lt;td class=\&#34;col-duration\&#34;&gt;00:00:02&lt;/td&gt;&#34;, &#34;&lt;td class=\&#34;col-links\&#34;&gt;&lt;/td&gt;&#34;], &#34;log&#34;: &#34;------------------------------ Captured log call -------------------------------\nINFO     root:configpage_panel.py:84 Verifying the input box functionality for Part Number\nERROR    root:configpage_panel.py:102 Part Number input box failed to accept 100 random characters\nINFO     root:configpage_panel.py:110 Part Number input box accepted 100 numbers: 2025677266090283704377736513381715412022350474410637412929198375967276851102812332516748884733972871\nINFO     root:configpage_panel.py:120 Part Number input box accepted 100 letters: NMZOZcKUaqzHHiBXozISFfgUeqCnVfahQWdkVXsaUoZOMTOIetfenvvIAJspbwYsBOFZqrBxyROQVtcnRUVkIKxJvsarrCmARuef\nERROR    root:configpage_panel.py:132 Part Number input box failed to accept a combination of letters, numbers, and special characters\n\n&#34;}], &#34;tests/test_config_panelchecks.py::test_TC23_QIID_inputbox_checking&#34;: [{&#34;extras&#34;: [], &#34;result&#34;: &#34;Passed&#34;, &#34;testId&#34;: &#34;tests/test_config_panelchecks.py::test_TC23_QIID_inputbox_checking&#34;, &#34;duration&#34;: &#34;00:00:02&#34;, &#34;resultsTableRow&#34;: [&#34;&lt;td class=\&#34;col-result\&#34;&gt;Passed&lt;/td&gt;&#34;, &#34;&lt;td class=\&#34;col-testId\&#34;&gt;tests/test_config_panelchecks.py::test_TC23_QIID_inputbox_checking&lt;/td&gt;&#34;, &#34;&lt;td class=\&#34;col-duration\&#34;&gt;00:00:02&lt;/td&gt;&#34;, &#34;&lt;td class=\&#34;col-links\&#34;&gt;&lt;/td&gt;&#34;], &#34;log&#34;: &#34;------------------------------ Captured log call -------------------------------\nINFO     root:configpage_panel.py:84 Verifying the input box functionality for QIID\nERROR    root:configpage_panel.py:102 QIID input box failed to accept 100 random characters\nINFO     root:configpage_panel.py:110 QIID input box accepted 100 numbers: 8396160486838122776560087055721022940396667951654649438636707662142434884379782362754812244657207724\nERROR    root:configpage_panel.py:122 QIID input box failed to accept 100 letters\nERROR    root:configpage_panel.py:132 QIID input box failed to accept a combination of letters, numbers, and special characters\n\n&#34;}], &#34;tests/test_config_panelchecks.py::test_TC24_Manufacturer_Code_inputbox_checking&#34;: [{&#34;extras&#34;: [], &#34;result&#34;: &#34;Passed&#34;, &#34;testId&#34;: &#34;tests/test_config_panelchecks.py::test_TC24_Manufacturer_Code_inputbox_checking&#34;, &#34;duration&#34;: &#34;00:00:02&#34;, &#34;resultsTableRow&#34;: [&#34;&lt;td class=\&#34;col-result\&#34;&gt;Passed&lt;/td&gt;&#34;, &#34;&lt;td class=\&#34;col-testId\&#34;&gt;tests/test_config_panelchecks.py::test_TC24_Manufacturer_Code_inputbox_checking&lt;/td&gt;&#34;, &#34;&lt;td class=\&#34;col-duration\&#34;&gt;00:00:02&lt;/td&gt;&#34;, &#34;&lt;td class=\&#34;col-links\&#34;&gt;&lt;/td&gt;&#34;], &#34;log&#34;: &#34;------------------------------ Captured log call -------------------------------\nINFO     root:configpage_panel.py:84 Verifying the input box functionality for Manufacturer Code\nERROR    root:configpage_panel.py:102 Manufacturer Code input box failed to accept 100 random characters\nINFO     root:configpage_panel.py:110 Manufacturer Code input box accepted 100 numbers: 3150034212090889813030877979535973532154548456843524597928577126501721495205365458935350027090784712\nINFO     root:configpage_panel.py:120 Manufacturer Code input box accepted 100 letters: TaAArQkmPXpZyzBSrOCdXvjWJPVVnwOwGOUdtpWwZgUrtcGOuMADhkhQsPjVZBwOyUsRwBQnzCTFitDIKnwuhQtfHOXWaNEuTlfV\nERROR    root:configpage_panel.py:132 Manufacturer Code input box failed to accept a combination of letters, numbers, and special characters\n\n&#34;}], &#34;tests/test_config_panelchecks.py::test_TC25_Cloak_Retry_Count_inputbox_checking&#34;: [{&#34;extras&#34;: [], &#34;result&#34;: &#34;Passed&#34;, &#34;testId&#34;: &#34;tests/test_config_panelchecks.py::test_TC25_Cloak_Retry_Count_inputbox_checking&#34;, &#34;duration&#34;: &#34;00:00:02&#34;, &#34;resultsTableRow&#34;: [&#34;&lt;td class=\&#34;col-result\&#34;&gt;Passed&lt;/td&gt;&#34;, &#34;&lt;td class=\&#34;col-testId\&#34;&gt;tests/test_config_panelchecks.py::test_TC25_Cloak_Retry_Count_inputbox_checking&lt;/td&gt;&#34;, &#34;&lt;td class=\&#34;col-duration\&#34;&gt;00:00:02&lt;/td&gt;&#34;, &#34;&lt;td class=\&#34;col-links\&#34;&gt;&lt;/td&gt;&#34;], &#34;log&#34;: &#34;------------------------------ Captured log call -------------------------------\nINFO     root:configpage_panel.py:84 Verifying the input box functionality for Cloak Retry Count\nERROR    root:configpage_panel.py:102 Cloak Retry Count input box failed to accept 100 random characters\nINFO     root:configpage_panel.py:110 Cloak Retry Count input box accepted 100 numbers: 8158373975700112569279450094612498010215416147901376590250859432095230475001708004121703257667943176\nERROR    root:configpage_panel.py:122 Cloak Retry Count input box failed to accept 100 letters\nERROR    root:configpage_panel.py:132 Cloak Retry Count input box failed to accept a combination of letters, numbers, and special characters\n\n&#34;}], &#34;tests/test_config_panelchecks.py::test_TC26_Maximum_Power_inputbox_checking&#34;: [{&#34;extras&#34;: [], &#34;result&#34;: &#34;Passed&#34;, &#34;testId&#34;: &#34;tests/test_config_panelchecks.py::test_TC26_Maximum_Power_inputbox_checking&#34;, &#34;duration&#34;: &#34;00:00:02&#34;, &#34;resultsTableRow&#34;: [&#34;&lt;td class=\&#34;col-result\&#34;&gt;Passed&lt;/td&gt;&#34;, &#34;&lt;td class=\&#34;col-testId\&#34;&gt;tests/test_config_panelchecks.py::test_TC26_Maximum_Power_inputbox_checking&lt;/td&gt;&#34;, &#34;&lt;td class=\&#34;col-duration\&#34;&gt;00:00:02&lt;/td&gt;&#34;, &#34;&lt;td class=\&#34;col-links\&#34;&gt;&lt;/td&gt;&#34;], &#34;log&#34;: &#34;------------------------------ Captured log call -------------------------------\nINFO     root:configpage_panel.py:84 Verifying the input box functionality for Maximum Power\nERROR    root:configpage_panel.py:102 Maximum Power input box failed to accept 100 random characters\nERROR    root:configpage_panel.py:112 Maximum Power input box failed to accept 100 numbers\nERROR    root:configpage_panel.py:122 Maximum Power input box failed to accept 100 letters\nERROR    root:configpage_panel.py:132 Maximum Power input box failed to accept a combination of letters, numbers, and special characters\n\n&#34;}], &#34;tests/test_config_panelchecks.py::test_TC27_OB_Support_checkbox_checking&#34;: [{&#34;extras&#34;: [], &#34;result&#34;: &#34;Passed&#34;, &#34;testId&#34;: &#34;tests/test_config_panelchecks.py::test_TC27_OB_Support_checkbox_checking&#34;, &#34;duration&#34;: &#34;150 ms&#34;, &#34;resultsTableRow&#34;: [&#34;&lt;td class=\&#34;col-result\&#34;&gt;Passed&lt;/td&gt;&#34;, &#34;&lt;td class=\&#34;col-testId\&#34;&gt;tests/test_config_panelchecks.py::test_TC27_OB_Support_checkbox_checking&lt;/td&gt;&#34;, &#34;&lt;td class=\&#34;col-duration\&#34;&gt;150 ms&lt;/td&gt;&#34;, &#34;&lt;td class=\&#34;col-links\&#34;&gt;&lt;/td&gt;&#34;], &#34;log&#34;: &#34;------------------------------ Captured log call -------------------------------\nINFO     root:configpage_panel.py:135 Verifying the checkbox functionality for OB Support\nINFO     root:configpage_panel.py:146 OB Support checkbox is unchecked by default\nINFO     root:configpage_panel.py:154 OB Support checkbox is now checked\nINFO     root:configpage_panel.py:161 OB Support checkbox is now unchecked\n\n&#34;}], &#34;tests/test_config_panelchecks.py::test_TC28_Negotiation_Support_checkbox_checking&#34;: [{&#34;extras&#34;: [], &#34;result&#34;: &#34;Passed&#34;, &#34;testId&#34;: &#34;tests/test_config_panelchecks.py::test_TC28_Negotiation_Support_checkbox_checking&#34;, &#34;duration&#34;: &#34;138 ms&#34;, &#34;resultsTableRow&#34;: [&#34;&lt;td class=\&#34;col-result\&#34;&gt;Passed&lt;/td&gt;&#34;, &#34;&lt;td class=\&#34;col-testId\&#34;&gt;tests/test_config_panelchecks.py::test_TC28_Negotiation_Support_checkbox_checking&lt;/td&gt;&#34;, &#34;&lt;td class=\&#34;col-duration\&#34;&gt;138 ms&lt;/td&gt;&#34;, &#34;&lt;td class=\&#34;col-links\&#34;&gt;&lt;/td&gt;&#34;], &#34;log&#34;: &#34;------------------------------ Captured log call -------------------------------\nINFO     root:configpage_panel.py:135 Verifying the checkbox functionality for Negotiation Support\nINFO     root:configpage_panel.py:146 Negotiation Support checkbox is unchecked by default\nINFO     root:configpage_panel.py:154 Negotiation Support checkbox is now checked\nINFO     root:configpage_panel.py:161 Negotiation Support checkbox is now unchecked\n\n&#34;}], &#34;tests/test_config_panelchecks.py::test_TC29_XID_Data_Packet_Support_checkbox_checking&#34;: [{&#34;extras&#34;: [], &#34;result&#34;: &#34;Passed&#34;, &#34;testId&#34;: &#34;tests/test_config_panelchecks.py::test_TC29_XID_Data_Packet_Support_checkbox_checking&#34;, &#34;duration&#34;: &#34;143 ms&#34;, &#34;resultsTableRow&#34;: [&#34;&lt;td class=\&#34;col-result\&#34;&gt;Passed&lt;/td&gt;&#34;, &#34;&lt;td class=\&#34;col-testId\&#34;&gt;tests/test_config_panelchecks.py::test_TC29_XID_Data_Packet_Support_checkbox_checking&lt;/td&gt;&#34;, &#34;&lt;td class=\&#34;col-duration\&#34;&gt;143 ms&lt;/td&gt;&#34;, &#34;&lt;td class=\&#34;col-links\&#34;&gt;&lt;/td&gt;&#34;], &#34;log&#34;: &#34;------------------------------ Captured log call -------------------------------\nINFO     root:configpage_panel.py:135 Verifying the checkbox functionality for XID Data Packet Support\nINFO     root:configpage_panel.py:146 XID Data Packet Support checkbox is unchecked by default\nINFO     root:configpage_panel.py:154 XID Data Packet Support checkbox is now checked\nINFO     root:configpage_panel.py:161 XID Data Packet Support checkbox is now unchecked\n\n&#34;}], &#34;tests/test_config_panelchecks.py::test_TC30_Restricted_Mode_Support_checkbox_checking&#34;: [{&#34;extras&#34;: [], &#34;result&#34;: &#34;Passed&#34;, &#34;testId&#34;: &#34;tests/test_config_panelchecks.py::test_TC30_Restricted_Mode_Support_checkbox_checking&#34;, &#34;duration&#34;: &#34;138 ms&#34;, &#34;resultsTableRow&#34;: [&#34;&lt;td class=\&#34;col-result\&#34;&gt;Passed&lt;/td&gt;&#34;, &#34;&lt;td class=\&#34;col-testId\&#34;&gt;tests/test_config_panelchecks.py::test_TC30_Restricted_Mode_Support_checkbox_checking&lt;/td&gt;&#34;, &#34;&lt;td class=\&#34;col-duration\&#34;&gt;138 ms&lt;/td&gt;&#34;, &#34;&lt;td class=\&#34;col-links\&#34;&gt;&lt;/td&gt;&#34;], &#34;log&#34;: &#34;------------------------------ Captured log call -------------------------------\nINFO     root:configpage_panel.py:135 Verifying the checkbox functionality for Restricted Mode Support\nINFO     root:configpage_panel.py:146 Restricted Mode Support checkbox is unchecked by default\nINFO     root:configpage_panel.py:154 Restricted Mode Support checkbox is now checked\nINFO     root:configpage_panel.py:161 Restricted Mode Support checkbox is now unchecked\n\n&#34;}], &#34;tests/test_config_panelchecks.py::test_TC31_Cloak_Support_checkbox_checking&#34;: [{&#34;extras&#34;: [], &#34;result&#34;: &#34;Passed&#34;, &#34;testId&#34;: &#34;tests/test_config_panelchecks.py::test_TC31_Cloak_Support_checkbox_checking&#34;, &#34;duration&#34;: &#34;154 ms&#34;, &#34;resultsTableRow&#34;: [&#34;&lt;td class=\&#34;col-result\&#34;&gt;Passed&lt;/td&gt;&#34;, &#34;&lt;td class=\&#34;col-testId\&#34;&gt;tests/test_config_panelchecks.py::test_TC31_Cloak_Support_checkbox_checking&lt;/td&gt;&#34;, &#34;&lt;td class=\&#34;col-duration\&#34;&gt;154 ms&lt;/td&gt;&#34;, &#34;&lt;td class=\&#34;col-links\&#34;&gt;&lt;/td&gt;&#34;], &#34;log&#34;: &#34;------------------------------ Captured log call -------------------------------\nINFO     root:configpage_panel.py:135 Verifying the checkbox functionality for Cloak Support\nINFO     root:configpage_panel.py:146 Cloak Support checkbox is unchecked by default\nINFO     root:configpage_panel.py:154 Cloak Support checkbox is now checked\nINFO     root:configpage_panel.py:161 Cloak Support checkbox is now unchecked\n\n&#34;}], &#34;tests/test_config_panelchecks.py::test_TC32_Gain_Linearization_Support_checkbox_checking&#34;: [{&#34;extras&#34;: [], &#34;result&#34;: &#34;Passed&#34;, &#34;testId&#34;: &#34;tests/test_config_panelchecks.py::test_TC32_Gain_Linearization_Support_checkbox_checking&#34;, &#34;duration&#34;: &#34;152 ms&#34;, &#34;resultsTableRow&#34;: [&#34;&lt;td class=\&#34;col-result\&#34;&gt;Passed&lt;/td&gt;&#34;, &#34;&lt;td class=\&#34;col-testId\&#34;&gt;tests/test_config_panelchecks.py::test_TC32_Gain_Linearization_Support_checkbox_checking&lt;/td&gt;&#34;, &#34;&lt;td class=\&#34;col-duration\&#34;&gt;152 ms&lt;/td&gt;&#34;, &#34;&lt;td class=\&#34;col-links\&#34;&gt;&lt;/td&gt;&#34;], &#34;log&#34;: &#34;------------------------------ Captured log call -------------------------------\nINFO     root:configpage_panel.py:135 Verifying the checkbox functionality for Gain Linearization Support\nINFO     root:configpage_panel.py:146 Gain Linearization Support checkbox is unchecked by default\nINFO     root:configpage_panel.py:154 Gain Linearization Support checkbox is now checked\nINFO     root:configpage_panel.py:161 Gain Linearization Support checkbox is now unchecked\n\n&#34;}], &#34;tests/test_config_panelchecks.py::test_TC33_Dup_Support_checkbox_checking&#34;: [{&#34;extras&#34;: [], &#34;result&#34;: &#34;Passed&#34;, &#34;testId&#34;: &#34;tests/test_config_panelchecks.py::test_TC33_Dup_Support_checkbox_checking&#34;, &#34;duration&#34;: &#34;130 ms&#34;, &#34;resultsTableRow&#34;: [&#34;&lt;td class=\&#34;col-result\&#34;&gt;Passed&lt;/td&gt;&#34;, &#34;&lt;td class=\&#34;col-testId\&#34;&gt;tests/test_config_panelchecks.py::test_TC33_Dup_Support_checkbox_checking&lt;/td&gt;&#34;, &#34;&lt;td class=\&#34;col-duration\&#34;&gt;130 ms&lt;/td&gt;&#34;, &#34;&lt;td class=\&#34;col-links\&#34;&gt;&lt;/td&gt;&#34;], &#34;log&#34;: &#34;------------------------------ Captured log call -------------------------------\nINFO     root:configpage_panel.py:135 Verifying the checkbox functionality for Dup Support\nINFO     root:configpage_panel.py:146 Dup Support checkbox is unchecked by default\nINFO     root:configpage_panel.py:154 Dup Support checkbox is now checked\nINFO     root:configpage_panel.py:161 Dup Support checkbox is now unchecked\n\n&#34;}], &#34;tests/test_config_panelchecks.py::test_TC34_WPID_Support_checkbox_checking&#34;: [{&#34;extras&#34;: [], &#34;result&#34;: &#34;Passed&#34;, &#34;testId&#34;: &#34;tests/test_config_panelchecks.py::test_TC34_WPID_Support_checkbox_checking&#34;, &#34;duration&#34;: &#34;128 ms&#34;, &#34;resultsTableRow&#34;: [&#34;&lt;td class=\&#34;col-result\&#34;&gt;Passed&lt;/td&gt;&#34;, &#34;&lt;td class=\&#34;col-testId\&#34;&gt;tests/test_config_panelchecks.py::test_TC34_WPID_Support_checkbox_checking&lt;/td&gt;&#34;, &#34;&lt;td class=\&#34;col-duration\&#34;&gt;128 ms&lt;/td&gt;&#34;, &#34;&lt;td class=\&#34;col-links\&#34;&gt;&lt;/td&gt;&#34;], &#34;log&#34;: &#34;------------------------------ Captured log call -------------------------------\nINFO     root:configpage_panel.py:135 Verifying the checkbox functionality for WPID Support\nINFO     root:configpage_panel.py:146 WPID Support checkbox is unchecked by default\nINFO     root:configpage_panel.py:154 WPID Support checkbox is now checked\nINFO     root:configpage_panel.py:161 WPID Support checkbox is now unchecked\n\n&#34;}], &#34;tests/test_config_panelchecks.py::test_TC35_PCH_Data_Packet_Support_checkbox_checking&#34;: [{&#34;extras&#34;: [], &#34;result&#34;: &#34;Passed&#34;, &#34;testId&#34;: &#34;tests/test_config_panelchecks.py::test_TC35_PCH_Data_Packet_Support_checkbox_checking&#34;, &#34;duration&#34;: &#34;121 ms&#34;, &#34;resultsTableRow&#34;: [&#34;&lt;td class=\&#34;col-result\&#34;&gt;Passed&lt;/td&gt;&#34;, &#34;&lt;td class=\&#34;col-testId\&#34;&gt;tests/test_config_panelchecks.py::test_TC35_PCH_Data_Packet_Support_checkbox_checking&lt;/td&gt;&#34;, &#34;&lt;td class=\&#34;col-duration\&#34;&gt;121 ms&lt;/td&gt;&#34;, &#34;&lt;td class=\&#34;col-links\&#34;&gt;&lt;/td&gt;&#34;], &#34;log&#34;: &#34;------------------------------ Captured log call -------------------------------\nINFO     root:configpage_panel.py:135 Verifying the checkbox functionality for PCH Data Packet Support\nINFO     root:configpage_panel.py:146 PCH Data Packet Support checkbox is unchecked by default\nINFO     root:configpage_panel.py:154 PCH Data Packet Support checkbox is now checked\nINFO     root:configpage_panel.py:161 PCH Data Packet Support checkbox is now unchecked\n\n&#34;}], &#34;tests/test_config_panelchecks.py::test_TC36_Restricted_To_Full_Mode_checkbox_checking&#34;: [{&#34;extras&#34;: [], &#34;result&#34;: &#34;Passed&#34;, &#34;testId&#34;: &#34;tests/test_config_panelchecks.py::test_TC36_Restricted_To_Full_Mode_checkbox_checking&#34;, &#34;duration&#34;: &#34;131 ms&#34;, &#34;resultsTableRow&#34;: [&#34;&lt;td class=\&#34;col-result\&#34;&gt;Passed&lt;/td&gt;&#34;, &#34;&lt;td class=\&#34;col-testId\&#34;&gt;tests/test_config_panelchecks.py::test_TC36_Restricted_To_Full_Mode_checkbox_checking&lt;/td&gt;&#34;, &#34;&lt;td class=\&#34;col-duration\&#34;&gt;131 ms&lt;/td&gt;&#34;, &#34;&lt;td class=\&#34;col-links\&#34;&gt;&lt;/td&gt;&#34;], &#34;log&#34;: &#34;------------------------------ Captured log call -------------------------------\nINFO     root:configpage_panel.py:135 Verifying the checkbox functionality for Restricted To Full Mode\nINFO     root:configpage_panel.py:146 Restricted To Full Mode checkbox is unchecked by default\nINFO     root:configpage_panel.py:154 Restricted To Full Mode checkbox is now checked\nINFO     root:configpage_panel.py:161 Restricted To Full Mode checkbox is now unchecked\n\n&#34;}], &#34;tests/test_config_panelchecks.py::test_TC37_Detect_Ping_Support_checkbox_checking&#34;: [{&#34;extras&#34;: [], &#34;result&#34;: &#34;Passed&#34;, &#34;testId&#34;: &#34;tests/test_config_panelchecks.py::test_TC37_Detect_Ping_Support_checkbox_checking&#34;, &#34;duration&#34;: &#34;164 ms&#34;, &#34;resultsTableRow&#34;: [&#34;&lt;td class=\&#34;col-result\&#34;&gt;Passed&lt;/td&gt;&#34;, &#34;&lt;td class=\&#34;col-testId\&#34;&gt;tests/test_config_panelchecks.py::test_TC37_Detect_Ping_Support_checkbox_checking&lt;/td&gt;&#34;, &#34;&lt;td class=\&#34;col-duration\&#34;&gt;164 ms&lt;/td&gt;&#34;, &#34;&lt;td class=\&#34;col-links\&#34;&gt;&lt;/td&gt;&#34;], &#34;log&#34;: &#34;------------------------------ Captured log call -------------------------------\nINFO     root:configpage_panel.py:135 Verifying the checkbox functionality for Detect Ping Support\nINFO     root:configpage_panel.py:146 Detect Ping Support checkbox is unchecked by default\nINFO     root:configpage_panel.py:154 Detect Ping Support checkbox is now checked\nINFO     root:configpage_panel.py:161 Detect Ping Support checkbox is now unchecked\n\n&#34;}], &#34;tests/test_config_panelchecks.py::test_TC38_HPM_Ping_Support_checkbox_checking&#34;: [{&#34;extras&#34;: [], &#34;result&#34;: &#34;Passed&#34;, &#34;testId&#34;: &#34;tests/test_config_panelchecks.py::test_TC38_HPM_Ping_Support_checkbox_checking&#34;, &#34;duration&#34;: &#34;155 ms&#34;, &#34;resultsTableRow&#34;: [&#34;&lt;td class=\&#34;col-result\&#34;&gt;Passed&lt;/td&gt;&#34;, &#34;&lt;td class=\&#34;col-testId\&#34;&gt;tests/test_config_panelchecks.py::test_TC38_HPM_Ping_Support_checkbox_checking&lt;/td&gt;&#34;, &#34;&lt;td class=\&#34;col-duration\&#34;&gt;155 ms&lt;/td&gt;&#34;, &#34;&lt;td class=\&#34;col-links\&#34;&gt;&lt;/td&gt;&#34;], &#34;log&#34;: &#34;------------------------------ Captured log call -------------------------------\nINFO     root:configpage_panel.py:135 Verifying the checkbox functionality for HPM Ping Support\nINFO     root:configpage_panel.py:146 HPM Ping Support checkbox is unchecked by default\nINFO     root:configpage_panel.py:154 HPM Ping Support checkbox is now checked\nINFO     root:configpage_panel.py:161 HPM Ping Support checkbox is now unchecked\n\n&#34;}], &#34;tests/test_config_panelchecks.py::test_TC39_Authentication_Support_checkbox_checking&#34;: [{&#34;extras&#34;: [], &#34;result&#34;: &#34;Passed&#34;, &#34;testId&#34;: &#34;tests/test_config_panelchecks.py::test_TC39_Authentication_Support_checkbox_checking&#34;, &#34;duration&#34;: &#34;130 ms&#34;, &#34;resultsTableRow&#34;: [&#34;&lt;td class=\&#34;col-result\&#34;&gt;Passed&lt;/td&gt;&#34;, &#34;&lt;td class=\&#34;col-testId\&#34;&gt;tests/test_config_panelchecks.py::test_TC39_Authentication_Support_checkbox_checking&lt;/td&gt;&#34;, &#34;&lt;td class=\&#34;col-duration\&#34;&gt;130 ms&lt;/td&gt;&#34;, &#34;&lt;td class=\&#34;col-links\&#34;&gt;&lt;/td&gt;&#34;], &#34;log&#34;: &#34;------------------------------ Captured log call -------------------------------\nINFO     root:configpage_panel.py:135 Verifying the checkbox functionality for Authentication Support\nINFO     root:configpage_panel.py:146 Authentication Support checkbox is unchecked by default\nINFO     root:configpage_panel.py:154 Authentication Support checkbox is now checked\nINFO     root:configpage_panel.py:161 Authentication Support checkbox is now unchecked\n\n&#34;}], &#34;tests/test_config_panelchecks.py::test_TC40_Supported_Specification_dropdown_checking&#34;: [{&#34;extras&#34;: [], &#34;result&#34;: &#34;Passed&#34;, &#34;testId&#34;: &#34;tests/test_config_panelchecks.py::test_TC40_Supported_Specification_dropdown_checking&#34;, &#34;duration&#34;: &#34;18 ms&#34;, &#34;resultsTableRow&#34;: [&#34;&lt;td class=\&#34;col-result\&#34;&gt;Passed&lt;/td&gt;&#34;, &#34;&lt;td class=\&#34;col-testId\&#34;&gt;tests/test_config_panelchecks.py::test_TC40_Supported_Specification_dropdown_checking&lt;/td&gt;&#34;, &#34;&lt;td class=\&#34;col-duration\&#34;&gt;18 ms&lt;/td&gt;&#34;, &#34;&lt;td class=\&#34;col-links\&#34;&gt;&lt;/td&gt;&#34;], &#34;log&#34;: &#34;------------------------------ Captured log call -------------------------------\nINFO     root:configpage_panel.py:217 Verifying the dropdown functionality for Supported Specification\nERROR    root:configpage_panel.py:228 Supported Specification dropdown is not enabled\n\n&#34;}], &#34;tests/test_config_panelchecks.py::test_TC41_Power_Profile_dropdown_checking&#34;: [{&#34;extras&#34;: [], &#34;result&#34;: &#34;Passed&#34;, &#34;testId&#34;: &#34;tests/test_config_panelchecks.py::test_TC41_Power_Profile_dropdown_checking&#34;, &#34;duration&#34;: &#34;20 ms&#34;, &#34;resultsTableRow&#34;: [&#34;&lt;td class=\&#34;col-result\&#34;&gt;Passed&lt;/td&gt;&#34;, &#34;&lt;td class=\&#34;col-testId\&#34;&gt;tests/test_config_panelchecks.py::test_TC41_Power_Profile_dropdown_checking&lt;/td&gt;&#34;, &#34;&lt;td class=\&#34;col-duration\&#34;&gt;20 ms&lt;/td&gt;&#34;, &#34;&lt;td class=\&#34;col-links\&#34;&gt;&lt;/td&gt;&#34;], &#34;log&#34;: &#34;------------------------------ Captured log call -------------------------------\nINFO     root:configpage_panel.py:217 Verifying the dropdown functionality for Power Profile\nERROR    root:configpage_panel.py:228 Power Profile dropdown is not enabled\n\n&#34;}], &#34;tests/test_config_panelchecks.py::test_TC42_Supported_PROP_DP_dropdown_checking&#34;: [{&#34;extras&#34;: [], &#34;result&#34;: &#34;Passed&#34;, &#34;testId&#34;: &#34;tests/test_config_panelchecks.py::test_TC42_Supported_PROP_DP_dropdown_checking&#34;, &#34;duration&#34;: &#34;177 ms&#34;, &#34;resultsTableRow&#34;: [&#34;&lt;td class=\&#34;col-result\&#34;&gt;Passed&lt;/td&gt;&#34;, &#34;&lt;td class=\&#34;col-testId\&#34;&gt;tests/test_config_panelchecks.py::test_TC42_Supported_PROP_DP_dropdown_checking&lt;/td&gt;&#34;, &#34;&lt;td class=\&#34;col-duration\&#34;&gt;177 ms&lt;/td&gt;&#34;, &#34;&lt;td class=\&#34;col-links\&#34;&gt;&lt;/td&gt;&#34;], &#34;log&#34;: &#34;------------------------------ Captured log call -------------------------------\nINFO     root:configpage_panel.py:217 Verifying the dropdown functionality for Supported PROP Data Packets\nINFO     root:configpage_panel.py:243 Available options in Supported PROP Data Packets:\n\n&#34;}], &#34;tests/test_config_panelchecks.py::test_TC43_Supported_Protocols_dropdown_checking&#34;: [{&#34;extras&#34;: [], &#34;result&#34;: &#34;Passed&#34;, &#34;testId&#34;: &#34;tests/test_config_panelchecks.py::test_TC43_Supported_Protocols_dropdown_checking&#34;, &#34;duration&#34;: &#34;161 ms&#34;, &#34;resultsTableRow&#34;: [&#34;&lt;td class=\&#34;col-result\&#34;&gt;Passed&lt;/td&gt;&#34;, &#34;&lt;td class=\&#34;col-testId\&#34;&gt;tests/test_config_panelchecks.py::test_TC43_Supported_Protocols_dropdown_checking&lt;/td&gt;&#34;, &#34;&lt;td class=\&#34;col-duration\&#34;&gt;161 ms&lt;/td&gt;&#34;, &#34;&lt;td class=\&#34;col-links\&#34;&gt;&lt;/td&gt;&#34;], &#34;log&#34;: &#34;------------------------------ Captured log call -------------------------------\nINFO     root:configpage_panel.py:217 Verifying the dropdown functionality for Supported Protocols\nINFO     root:configpage_panel.py:243 Available options in Supported Protocols:\n\n&#34;}], &#34;tests/test_config_panelchecks.py::test_TC44_Supported_Cloak_Reasons_dropdown_checking&#34;: [{&#34;extras&#34;: [], &#34;result&#34;: &#34;Passed&#34;, &#34;testId&#34;: &#34;tests/test_config_panelchecks.py::test_TC44_Supported_Cloak_Reasons_dropdown_checking&#34;, &#34;duration&#34;: &#34;154 ms&#34;, &#34;resultsTableRow&#34;: [&#34;&lt;td class=\&#34;col-result\&#34;&gt;Passed&lt;/td&gt;&#34;, &#34;&lt;td class=\&#34;col-testId\&#34;&gt;tests/test_config_panelchecks.py::test_TC44_Supported_Cloak_Reasons_dropdown_checking&lt;/td&gt;&#34;, &#34;&lt;td class=\&#34;col-duration\&#34;&gt;154 ms&lt;/td&gt;&#34;, &#34;&lt;td class=\&#34;col-links\&#34;&gt;&lt;/td&gt;&#34;], &#34;log&#34;: &#34;------------------------------ Captured log call -------------------------------\nINFO     root:configpage_panel.py:217 Verifying the dropdown functionality for Supported Cloak Reasons\nINFO     root:configpage_panel.py:243 Available options in Supported Cloak Reasons:\n\n&#34;}], &#34;tests/test_config_panelchecks.py::test_TC45_Supported_GetRequests_dropdown_checking&#34;: [{&#34;extras&#34;: [], &#34;result&#34;: &#34;Passed&#34;, &#34;testId&#34;: &#34;tests/test_config_panelchecks.py::test_TC45_Supported_GetRequests_dropdown_checking&#34;, &#34;duration&#34;: &#34;00:00:02&#34;, &#34;resultsTableRow&#34;: [&#34;&lt;td class=\&#34;col-result\&#34;&gt;Passed&lt;/td&gt;&#34;, &#34;&lt;td class=\&#34;col-testId\&#34;&gt;tests/test_config_panelchecks.py::test_TC45_Supported_GetRequests_dropdown_checking&lt;/td&gt;&#34;, &#34;&lt;td class=\&#34;col-duration\&#34;&gt;00:00:02&lt;/td&gt;&#34;, &#34;&lt;td class=\&#34;col-links\&#34;&gt;&lt;/td&gt;&#34;], &#34;log&#34;: &#34;------------------------------ Captured log call -------------------------------\nINFO     root:configpage_panel.py:217 Verifying the dropdown functionality for Supported GetRequests\nINFO     root:configpage_panel.py:243 Available options in Supported GetRequests:\n\n---------------------------- Captured log teardown -----------------------------\nINFO     root:test_config_panelchecks.py:151 Tearing down the browser&#34;}], &#34;tests/test_connection_panel.py::test_TC6&#34;: [{&#34;extras&#34;: [], &#34;result&#34;: &#34;Passed&#34;, &#34;testId&#34;: &#34;tests/test_connection_panel.py::test_TC6&#34;, &#34;duration&#34;: &#34;00:00:20&#34;, &#34;resultsTableRow&#34;: [&#34;&lt;td class=\&#34;col-result\&#34;&gt;Passed&lt;/td&gt;&#34;, &#34;&lt;td class=\&#34;col-testId\&#34;&gt;tests/test_connection_panel.py::test_TC6&lt;/td&gt;&#34;, &#34;&lt;td class=\&#34;col-duration\&#34;&gt;00:00:20&lt;/td&gt;&#34;, &#34;&lt;td class=\&#34;col-links\&#34;&gt;&lt;/td&gt;&#34;], &#34;log&#34;: &#34;------------------------------ Captured log call -------------------------------\nINFO     root:browser_setup.py:36 Opening browser using way1\nINFO     root:connection_panel.py:32 Checking if the browser is landing on the Connection Panel\nINFO     root:connection_panel.py:36 Connection button is available, so the browser is on the Connection Page\n\n&#34;}], &#34;tests/test_connection_panel.py::test_TC7&#34;: [{&#34;extras&#34;: [], &#34;result&#34;: &#34;Passed&#34;, &#34;testId&#34;: &#34;tests/test_connection_panel.py::test_TC7&#34;, &#34;duration&#34;: &#34;00:00:15&#34;, &#34;resultsTableRow&#34;: [&#34;&lt;td class=\&#34;col-result\&#34;&gt;Passed&lt;/td&gt;&#34;, &#34;&lt;td class=\&#34;col-testId\&#34;&gt;tests/test_connection_panel.py::test_TC7&lt;/td&gt;&#34;, &#34;&lt;td class=\&#34;col-duration\&#34;&gt;00:00:15&lt;/td&gt;&#34;, &#34;&lt;td class=\&#34;col-links\&#34;&gt;&lt;/td&gt;&#34;], &#34;log&#34;: &#34;------------------------------ Captured log call -------------------------------\nINFO     root:browser_setup.py:36 Opening browser using way1\nINFO     root:connection_panel.py:44 Verify The browser title in the UI tab should contain the text GRL-C3-TPT.\nINFO     root:connection_panel.py:52 The browser title is GRL-C3-TPT\n\n&#34;}], &#34;tests/test_connection_panel.py::test_TC8&#34;: [{&#34;extras&#34;: [], &#34;result&#34;: &#34;Passed&#34;, &#34;testId&#34;: &#34;tests/test_connection_panel.py::test_TC8&#34;, &#34;duration&#34;: &#34;00:00:26&#34;, &#34;resultsTableRow&#34;: [&#34;&lt;td class=\&#34;col-result\&#34;&gt;Passed&lt;/td&gt;&#34;, &#34;&lt;td class=\&#34;col-testId\&#34;&gt;tests/test_connection_panel.py::test_TC8&lt;/td&gt;&#34;, &#34;&lt;td class=\&#34;col-duration\&#34;&gt;00:00:26&lt;/td&gt;&#34;, &#34;&lt;td class=\&#34;col-links\&#34;&gt;&lt;/td&gt;&#34;], &#34;log&#34;: &#34;------------------------------ Captured log call -------------------------------\nINFO     root:browser_setup.py:36 Opening browser using way1\nINFO     root:connection_panel.py:58 Verifying the &amp;#x27;Scan Network&amp;#x27; button is visible on the UI\nINFO     root:connection_panel.py:64 The &amp;#x27;Scan Network&amp;#x27; button is visible on the UI.\nINFO     root:connection_panel.py:71 Verifying the &amp;#x27;Scan Network&amp;#x27; button is clickable\nINFO     root:connection_panel.py:73 The &amp;#x27;Scan Network&amp;#x27; button is clickable.\nINFO     root:connection_panel.py:84 Clicking the &amp;#x27;Scan Network&amp;#x27; button\nWARNING  root:connection_panel.py:97 Could not confirm that the scan has started via button state: Message: \n\nINFO     root:connection_panel.py:100 Scan button click registered. Proceeding without disabled state confirmation as the UI may not change the button&amp;#x27;s state.\nINFO     root:connection_panel.py:107 Scan completed in 10.25 seconds\nINFO     root:connection_panel.py:115 Screenshot of available networks taken.\n\n&#34;}], &#34;tests/test_connection_panel.py::test_TC9&#34;: [{&#34;extras&#34;: [], &#34;result&#34;: &#34;Passed&#34;, &#34;testId&#34;: &#34;tests/test_connection_panel.py::test_TC9&#34;, &#34;duration&#34;: &#34;00:01:16&#34;, &#34;resultsTableRow&#34;: [&#34;&lt;td class=\&#34;col-result\&#34;&gt;Passed&lt;/td&gt;&#34;, &#34;&lt;td class=\&#34;col-testId\&#34;&gt;tests/test_connection_panel.py::test_TC9&lt;/td&gt;&#34;, &#34;&lt;td class=\&#34;col-duration\&#34;&gt;00:01:16&lt;/td&gt;&#34;, &#34;&lt;td class=\&#34;col-links\&#34;&gt;&lt;/td&gt;&#34;], &#34;log&#34;: &#34;------------------------------ Captured log call -------------------------------\nINFO     root:browser_setup.py:36 Opening browser using way1\nINFO     root:connection_panel.py:124 The &amp;#x27;Scan Network&amp;#x27; button is visible on the UI.\nINFO     root:connection_panel.py:127 Clicking the &amp;#x27;Scan Network&amp;#x27; button.\nINFO     root:connection_panel.py:137 The &amp;#x27;Connect&amp;#x27; button is disabled during scanning as expected.\nINFO     root:connection_panel.py:148 Scanning process completed. The &amp;#x27;connection&amp;#x27; button is visible again.\n\n&#34;}], &#34;tests/test_connection_panel.py::test_TC10&#34;: [{&#34;extras&#34;: [], &#34;result&#34;: &#34;Passed&#34;, &#34;testId&#34;: &#34;tests/test_connection_panel.py::test_TC10&#34;, &#34;duration&#34;: &#34;00:00:16&#34;, &#34;resultsTableRow&#34;: [&#34;&lt;td class=\&#34;col-result\&#34;&gt;Passed&lt;/td&gt;&#34;, &#34;&lt;td class=\&#34;col-testId\&#34;&gt;tests/test_connection_panel.py::test_TC10&lt;/td&gt;&#34;, &#34;&lt;td class=\&#34;col-duration\&#34;&gt;00:00:16&lt;/td&gt;&#34;, &#34;&lt;td class=\&#34;col-links\&#34;&gt;&lt;/td&gt;&#34;], &#34;log&#34;: &#34;------------------------------ Captured log call -------------------------------\nINFO     root:browser_setup.py:36 Opening browser using way1\nINFO     root:connection_panel.py:159 Waiting for the Setup Diagram element to be visible\nINFO     root:connection_panel.py:163 Setup Diagram element is visible. Clicking it now.\nINFO     root:connection_panel.py:167 Waiting for the modal to display the expected text\nINFO     root:connection_panel.py:172 Modal displays the expected text: &amp;#x27;GRL-C3-TPT Setup Diagram&amp;#x27;\nINFO     root:connection_panel.py:179 Screenshot of the Setup Diagram view taken after clicking OK.\nINFO     root:connection_panel.py:182 Waiting for the OK button to be clickable\nINFO     root:connection_panel.py:186 Clicking the OK button in the modal\nINFO     root:connection_panel.py:193 Modal dismissed; back to the Connection Panel.\n\n&#34;}], &#34;tests/test_connection_panel.py::test_TC11&#34;: [{&#34;extras&#34;: [], &#34;result&#34;: &#34;Passed&#34;, &#34;testId&#34;: &#34;tests/test_connection_panel.py::test_TC11&#34;, &#34;duration&#34;: &#34;00:00:32&#34;, &#34;resultsTableRow&#34;: [&#34;&lt;td class=\&#34;col-result\&#34;&gt;Passed&lt;/td&gt;&#34;, &#34;&lt;td class=\&#34;col-testId\&#34;&gt;tests/test_connection_panel.py::test_TC11&lt;/td&gt;&#34;, &#34;&lt;td class=\&#34;col-duration\&#34;&gt;00:00:32&lt;/td&gt;&#34;, &#34;&lt;td class=\&#34;col-links\&#34;&gt;&lt;/td&gt;&#34;], &#34;log&#34;: &#34;------------------------------ Captured log call -------------------------------\nINFO     root:browser_setup.py:36 Opening browser using way1\nINFO     root:connection_panel.py:196 Opening application URL\nINFO     root:connection_panel.py:204 Initial tester status: Connected\nINFO     root:connection_panel.py:212 Entered wrong IP: 192.168.255.22\nINFO     root:connection_panel.py:220 Clicked on the Connect button.\nINFO     root:connection_panel.py:225 Tester status after clicking Connect: Invalid IP address format : 192.168.5.74192.168.255.22\nINFO     root:connection_panel.py:230 Expected error message is present: Invalid IP address format : 192.168.5.74192.168.255.22\n\n&#34;}], &#34;tests/test_file_checks.py::test_check_readme_file&#34;: [{&#34;extras&#34;: [], &#34;result&#34;: &#34;Passed&#34;, &#34;testId&#34;: &#34;tests/test_file_checks.py::test_check_readme_file&#34;, &#34;duration&#34;: &#34;3 ms&#34;, &#34;resultsTableRow&#34;: [&#34;&lt;td class=\&#34;col-result\&#34;&gt;Passed&lt;/td&gt;&#34;, &#34;&lt;td class=\&#34;col-testId\&#34;&gt;tests/test_file_checks.py::test_check_readme_file&lt;/td&gt;&#34;, &#34;&lt;td class=\&#34;col-duration\&#34;&gt;3 ms&lt;/td&gt;&#34;, &#34;&lt;td class=\&#34;col-links\&#34;&gt;&lt;/td&gt;&#34;], &#34;log&#34;: &#34;------------------------------ Captured log call -------------------------------\nINFO     root:test_file_checks.py:18 Starting test: Check for the Readme file\nINFO     root:fileverification.py:7 File found: C:\\GRL\\GRL-C3-MP-TPT\\ReadMe.txt\nINFO     root:fileverification.py:28 File content verified: C:\\GRL\\GRL-C3-MP-TPT\\ReadMe.txt\nINFO     root:test_file_checks.py:21 Readme file verification passed.\n\n&#34;}], &#34;tests/test_file_checks.py::test_check_release_notes_file&#34;: [{&#34;extras&#34;: [], &#34;result&#34;: &#34;Passed&#34;, &#34;testId&#34;: &#34;tests/test_file_checks.py::test_check_release_notes_file&#34;, &#34;duration&#34;: &#34;1 ms&#34;, &#34;resultsTableRow&#34;: [&#34;&lt;td class=\&#34;col-result\&#34;&gt;Passed&lt;/td&gt;&#34;, &#34;&lt;td class=\&#34;col-testId\&#34;&gt;tests/test_file_checks.py::test_check_release_notes_file&lt;/td&gt;&#34;, &#34;&lt;td class=\&#34;col-duration\&#34;&gt;1 ms&lt;/td&gt;&#34;, &#34;&lt;td class=\&#34;col-links\&#34;&gt;&lt;/td&gt;&#34;], &#34;log&#34;: &#34;------------------------------ Captured log call -------------------------------\nINFO     root:test_file_checks.py:26 Starting test: Check for the Release Notes file\nINFO     root:fileverification.py:7 File found: C:\\GRL\\GRL-C3-MP-TPT\\GRL-C3-TPT Release Notes.pdf\nINFO     root:test_file_checks.py:28 Release Notes file verification passed.\n\n&#34;}], &#34;tests/test_file_checks.py::test_check_eload_files&#34;: [{&#34;extras&#34;: [], &#34;result&#34;: &#34;Passed&#34;, &#34;testId&#34;: &#34;tests/test_file_checks.py::test_check_eload_files&#34;, &#34;duration&#34;: &#34;2 ms&#34;, &#34;resultsTableRow&#34;: [&#34;&lt;td class=\&#34;col-result\&#34;&gt;Passed&lt;/td&gt;&#34;, &#34;&lt;td class=\&#34;col-testId\&#34;&gt;tests/test_file_checks.py::test_check_eload_files&lt;/td&gt;&#34;, &#34;&lt;td class=\&#34;col-duration\&#34;&gt;2 ms&lt;/td&gt;&#34;, &#34;&lt;td class=\&#34;col-links\&#34;&gt;&lt;/td&gt;&#34;], &#34;log&#34;: &#34;------------------------------ Captured log call -------------------------------\nINFO     root:test_file_checks.py:33 Starting test: Check for the Eload files\nINFO     root:fileverification.py:7 File found: C:\\GRL\\GRL-C3-MP-TPT\\Firmware_Files\\BPP_EPP\\PPS_ELOAD.bin\nINFO     root:test_file_checks.py:35 Eload file verification passed.\n\n&#34;}], &#34;tests/test_file_checks.py::test_check_firmware_files&#34;: [{&#34;extras&#34;: [], &#34;result&#34;: &#34;Passed&#34;, &#34;testId&#34;: &#34;tests/test_file_checks.py::test_check_firmware_files&#34;, &#34;duration&#34;: &#34;1 ms&#34;, &#34;resultsTableRow&#34;: [&#34;&lt;td class=\&#34;col-result\&#34;&gt;Passed&lt;/td&gt;&#34;, &#34;&lt;td class=\&#34;col-testId\&#34;&gt;tests/test_file_checks.py::test_check_firmware_files&lt;/td&gt;&#34;, &#34;&lt;td class=\&#34;col-duration\&#34;&gt;1 ms&lt;/td&gt;&#34;, &#34;&lt;td class=\&#34;col-links\&#34;&gt;&lt;/td&gt;&#34;], &#34;log&#34;: &#34;------------------------------ Captured log call -------------------------------\nINFO     root:test_file_checks.py:40 Starting test: Check for the Firmware files\nINFO     root:fileverification.py:16 Directory found: C:\\GRL\\GRL-C3-MP-TPT\\Firmware_Files\\BPP_EPP\nINFO     root:fileverification.py:7 File found: C:\\GRL\\GRL-C3-MP-TPT\\Firmware_Files\\BPP_EPP\\BOOT.BIN\nINFO     root:fileverification.py:7 File found: C:\\GRL\\GRL-C3-MP-TPT\\Firmware_Files\\BPP_EPP\\image.ub\nINFO     root:fileverification.py:7 File found: C:\\GRL\\GRL-C3-MP-TPT\\Firmware_Files\\BPP_EPP\\start.sh\nINFO     root:fileverification.py:48 All firmware files are present.\nINFO     root:test_file_checks.py:43 Firmware files verification passed.\n\n&#34;}], &#34;tests/test_helppanel_checks.py::test_TC1&#34;: [{&#34;extras&#34;: [], &#34;result&#34;: &#34;Passed&#34;, &#34;testId&#34;: &#34;tests/test_helppanel_checks.py::test_TC1&#34;, &#34;duration&#34;: &#34;00:00:15&#34;, &#34;resultsTableRow&#34;: [&#34;&lt;td class=\&#34;col-result\&#34;&gt;Passed&lt;/td&gt;&#34;, &#34;&lt;td class=\&#34;col-testId\&#34;&gt;tests/test_helppanel_checks.py::test_TC1&lt;/td&gt;&#34;, &#34;&lt;td class=\&#34;col-duration\&#34;&gt;00:00:15&lt;/td&gt;&#34;, &#34;&lt;td class=\&#34;col-links\&#34;&gt;&lt;/td&gt;&#34;], &#34;log&#34;: &#34;------------------------------ Captured log call -------------------------------\nINFO     root:browser_setup.py:36 Opening browser using way1\nINFO     root:helppanel.py:37 Checking if Help button is present\nINFO     root:helppanel.py:41 Help button is present\n\n&#34;}], &#34;tests/test_helppanel_checks.py::test_TC2&#34;: [{&#34;extras&#34;: [], &#34;result&#34;: &#34;Passed&#34;, &#34;testId&#34;: &#34;tests/test_helppanel_checks.py::test_TC2&#34;, &#34;duration&#34;: &#34;00:00:15&#34;, &#34;resultsTableRow&#34;: [&#34;&lt;td class=\&#34;col-result\&#34;&gt;Passed&lt;/td&gt;&#34;, &#34;&lt;td class=\&#34;col-testId\&#34;&gt;tests/test_helppanel_checks.py::test_TC2&lt;/td&gt;&#34;, &#34;&lt;td class=\&#34;col-duration\&#34;&gt;00:00:15&lt;/td&gt;&#34;, &#34;&lt;td class=\&#34;col-links\&#34;&gt;&lt;/td&gt;&#34;], &#34;log&#34;: &#34;------------------------------ Captured log call -------------------------------\nINFO     root:test_helppanel_checks.py:17 Starting test_TC2\nINFO     root:browser_setup.py:36 Opening browser using way1\nINFO     root:helppanel.py:50 Clicking on Help button\nINFO     root:helppanel.py:61 APP version matches expected version.\n\n&#34;}], &#34;tests/test_helppanel_checks.py::test_TC3&#34;: [{&#34;extras&#34;: [], &#34;result&#34;: &#34;Passed&#34;, &#34;testId&#34;: &#34;tests/test_helppanel_checks.py::test_TC3&#34;, &#34;duration&#34;: &#34;00:00:28&#34;, &#34;resultsTableRow&#34;: [&#34;&lt;td class=\&#34;col-result\&#34;&gt;Passed&lt;/td&gt;&#34;, &#34;&lt;td class=\&#34;col-testId\&#34;&gt;tests/test_helppanel_checks.py::test_TC3&lt;/td&gt;&#34;, &#34;&lt;td class=\&#34;col-duration\&#34;&gt;00:00:28&lt;/td&gt;&#34;, &#34;&lt;td class=\&#34;col-links\&#34;&gt;&lt;/td&gt;&#34;], &#34;log&#34;: &#34;------------------------------ Captured log call -------------------------------\nINFO     root:test_helppanel_checks.py:29 Starting test_TC3\nINFO     root:browser_setup.py:36 Opening browser using way1\nINFO     root:helppanel.py:68 Clicking on Help button\nINFO     root:helppanel.py:84 Switched to new window: Knowledge Base | Create Support Ticket\nINFO     root:helppanel.py:89 New page title: Knowledge Base | Create Support Ticket\n\n&#34;}], &#34;tests/test_helppanel_checks.py::test_TC4&#34;: [{&#34;extras&#34;: [], &#34;result&#34;: &#34;Passed&#34;, &#34;testId&#34;: &#34;tests/test_helppanel_checks.py::test_TC4&#34;, &#34;duration&#34;: &#34;00:00:20&#34;, &#34;resultsTableRow&#34;: [&#34;&lt;td class=\&#34;col-result\&#34;&gt;Passed&lt;/td&gt;&#34;, &#34;&lt;td class=\&#34;col-testId\&#34;&gt;tests/test_helppanel_checks.py::test_TC4&lt;/td&gt;&#34;, &#34;&lt;td class=\&#34;col-duration\&#34;&gt;00:00:20&lt;/td&gt;&#34;, &#34;&lt;td class=\&#34;col-links\&#34;&gt;&lt;/td&gt;&#34;], &#34;log&#34;: &#34;------------------------------ Captured log call -------------------------------\nINFO     root:test_helppanel_checks.py:42 Starting test_TC4\nINFO     root:browser_setup.py:36 Opening browser using way1\nINFO     root:helppanel.py:97 Checking if Email Support button is clickable\nINFO     root:helppanel.py:101 Help tab clicked successfully.\nINFO     root:helppanel.py:104 Email Support button located.\n\n&#34;}], &#34;tests/test_helppanel_checks.py::test_TC5&#34;: [{&#34;extras&#34;: [], &#34;result&#34;: &#34;Passed&#34;, &#34;testId&#34;: &#34;tests/test_helppanel_checks.py::test_TC5&#34;, &#34;duration&#34;: &#34;00:00:32&#34;, &#34;resultsTableRow&#34;: [&#34;&lt;td class=\&#34;col-result\&#34;&gt;Passed&lt;/td&gt;&#34;, &#34;&lt;td class=\&#34;col-testId\&#34;&gt;tests/test_helppanel_checks.py::test_TC5&lt;/td&gt;&#34;, &#34;&lt;td class=\&#34;col-duration\&#34;&gt;00:00:32&lt;/td&gt;&#34;, &#34;&lt;td class=\&#34;col-links\&#34;&gt;&lt;/td&gt;&#34;], &#34;log&#34;: &#34;------------------------------ Captured log call -------------------------------\nINFO     root:test_helppanel_checks.py:52 Starting test_TC5\nINFO     root:browser_setup.py:36 Opening browser using way1\nINFO     root:helppanel.py:111 Checking Downloads debug logs button working properly in Help Panel or not\nINFO     root:helppanel.py:115 Help tab clicked successfully.\nINFO     root:helppanel.py:119 Debug Logs button clicked successfully.\nERROR    root:helppanel.py:142 No files found in the download directory.\n\n&#34;}], &#34;tests/test_report_panel_checks.py::test_report_button_available&#34;: [{&#34;extras&#34;: [], &#34;result&#34;: &#34;Passed&#34;, &#34;testId&#34;: &#34;tests/test_report_panel_checks.py::test_report_button_available&#34;, &#34;duration&#34;: &#34;00:00:15&#34;, &#34;resultsTableRow&#34;: [&#34;&lt;td class=\&#34;col-result\&#34;&gt;Passed&lt;/td&gt;&#34;, &#34;&lt;td class=\&#34;col-testId\&#34;&gt;tests/test_report_panel_checks.py::test_report_button_available&lt;/td&gt;&#34;, &#34;&lt;td class=\&#34;col-duration\&#34;&gt;00:00:15&lt;/td&gt;&#34;, &#34;&lt;td class=\&#34;col-links\&#34;&gt;&lt;/td&gt;&#34;], &#34;log&#34;: &#34;------------------------------ Captured log setup ------------------------------\nINFO     root:browser_setup.py:36 Opening browser using way1\n\n------------------------------ Captured log call -------------------------------\nINFO     root:report_panel.py:221 Checking if the Browser application is having Report Panel\nINFO     root:report_panel.py:225 Report button is available on the Browser Application\n\n&#34;}], &#34;tests/test_report_panel_checks.py::test_view_report_button_available&#34;: [{&#34;extras&#34;: [], &#34;result&#34;: &#34;Passed&#34;, &#34;testId&#34;: &#34;tests/test_report_panel_checks.py::test_view_report_button_available&#34;, &#34;duration&#34;: &#34;17 ms&#34;, &#34;resultsTableRow&#34;: [&#34;&lt;td class=\&#34;col-result\&#34;&gt;Passed&lt;/td&gt;&#34;, &#34;&lt;td class=\&#34;col-testId\&#34;&gt;tests/test_report_panel_checks.py::test_view_report_button_available&lt;/td&gt;&#34;, &#34;&lt;td class=\&#34;col-duration\&#34;&gt;17 ms&lt;/td&gt;&#34;, &#34;&lt;td class=\&#34;col-links\&#34;&gt;&lt;/td&gt;&#34;], &#34;log&#34;: &#34;------------------------------ Captured log call -------------------------------\nINFO     root:report_panel.py:245 View Report button is available.\n\n&#34;}], &#34;tests/test_report_panel_checks.py::test_download_current_html_button_available&#34;: [{&#34;extras&#34;: [], &#34;result&#34;: &#34;Passed&#34;, &#34;testId&#34;: &#34;tests/test_report_panel_checks.py::test_download_current_html_button_available&#34;, &#34;duration&#34;: &#34;11 ms&#34;, &#34;resultsTableRow&#34;: [&#34;&lt;td class=\&#34;col-result\&#34;&gt;Passed&lt;/td&gt;&#34;, &#34;&lt;td class=\&#34;col-testId\&#34;&gt;tests/test_report_panel_checks.py::test_download_current_html_button_available&lt;/td&gt;&#34;, &#34;&lt;td class=\&#34;col-duration\&#34;&gt;11 ms&lt;/td&gt;&#34;, &#34;&lt;td class=\&#34;col-links\&#34;&gt;&lt;/td&gt;&#34;], &#34;log&#34;: &#34;------------------------------ Captured log call -------------------------------\nINFO     root:report_panel.py:245 Download Current HTML button is available.\n\n&#34;}], &#34;tests/test_report_panel_checks.py::test_download_bsut_report_button_available&#34;: [{&#34;extras&#34;: [], &#34;result&#34;: &#34;Passed&#34;, &#34;testId&#34;: &#34;tests/test_report_panel_checks.py::test_download_bsut_report_button_available&#34;, &#34;duration&#34;: &#34;14 ms&#34;, &#34;resultsTableRow&#34;: [&#34;&lt;td class=\&#34;col-result\&#34;&gt;Passed&lt;/td&gt;&#34;, &#34;&lt;td class=\&#34;col-testId\&#34;&gt;tests/test_report_panel_checks.py::test_download_bsut_report_button_available&lt;/td&gt;&#34;, &#34;&lt;td class=\&#34;col-duration\&#34;&gt;14 ms&lt;/td&gt;&#34;, &#34;&lt;td class=\&#34;col-links\&#34;&gt;&lt;/td&gt;&#34;], &#34;log&#34;: &#34;------------------------------ Captured log call -------------------------------\nINFO     root:report_panel.py:245 Download BSUT Report button is available.\n\n&#34;}], &#34;tests/test_report_panel_checks.py::test_report_data_management_button_available&#34;: [{&#34;extras&#34;: [], &#34;result&#34;: &#34;Passed&#34;, &#34;testId&#34;: &#34;tests/test_report_panel_checks.py::test_report_data_management_button_available&#34;, &#34;duration&#34;: &#34;12 ms&#34;, &#34;resultsTableRow&#34;: [&#34;&lt;td class=\&#34;col-result\&#34;&gt;Passed&lt;/td&gt;&#34;, &#34;&lt;td class=\&#34;col-testId\&#34;&gt;tests/test_report_panel_checks.py::test_report_data_management_button_available&lt;/td&gt;&#34;, &#34;&lt;td class=\&#34;col-duration\&#34;&gt;12 ms&lt;/td&gt;&#34;, &#34;&lt;td class=\&#34;col-links\&#34;&gt;&lt;/td&gt;&#34;], &#34;log&#34;: &#34;------------------------------ Captured log call -------------------------------\nINFO     root:report_panel.py:245 Report Data Management button is available.\n\n&#34;}], &#34;tests/test_report_panel_checks.py::test_synthetic_file_button_available&#34;: [{&#34;extras&#34;: [], &#34;result&#34;: &#34;Passed&#34;, &#34;testId&#34;: &#34;tests/test_report_panel_checks.py::test_synthetic_file_button_available&#34;, &#34;duration&#34;: &#34;00:00:02&#34;, &#34;resultsTableRow&#34;: [&#34;&lt;td class=\&#34;col-result\&#34;&gt;Passed&lt;/td&gt;&#34;, &#34;&lt;td class=\&#34;col-testId\&#34;&gt;tests/test_report_panel_checks.py::test_synthetic_file_button_available&lt;/td&gt;&#34;, &#34;&lt;td class=\&#34;col-duration\&#34;&gt;00:00:02&lt;/td&gt;&#34;, &#34;&lt;td class=\&#34;col-links\&#34;&gt;&lt;/td&gt;&#34;], &#34;log&#34;: &#34;------------------------------ Captured log call -------------------------------\nINFO     root:report_panel.py:245 Synthetic File button is available.\n\n&#34;}]}, &#34;renderCollapsed&#34;: [&#34;passed&#34;], &#34;initialSort&#34;: &#34;result&#34;, &#34;title&#34;: &#34;report.html&#34;}"></div>
    <script>
      (function(){function r(e,n,t){function o(i,f){if(!n[i]){if(!e[i]){var c="function"==typeof require&&require;if(!f&&c)return c(i,!0);if(u)return u(i,!0);var a=new Error("Cannot find module '"+i+"'");throw a.code="MODULE_NOT_FOUND",a}var p=n[i]={exports:{}};e[i][0].call(p.exports,function(r){var n=e[i][1][r];return o(n||r)},p,p.exports,r,e,n,t)}return n[i].exports}for(var u="function"==typeof require&&require,i=0;i<t.length;i++)o(t[i]);return o}return r})()({1:[function(require,module,exports){
const { getCollapsedCategory, setCollapsedIds } = require('./storage.js')

class DataManager {
    setManager(data) {
        const collapsedCategories = [...getCollapsedCategory(data.renderCollapsed)]
        const collapsedIds = []
        const tests = Object.values(data.tests).flat().map((test, index) => {
            const collapsed = collapsedCategories.includes(test.result.toLowerCase())
            const id = `test_${index}`
            if (collapsed) {
                collapsedIds.push(id)
            }
            return {
                ...test,
                id,
                collapsed,
            }
        })
        const dataBlob = { ...data, tests }
        this.data = { ...dataBlob }
        this.renderData = { ...dataBlob }
        setCollapsedIds(collapsedIds)
    }

    get allData() {
        return { ...this.data }
    }

    resetRender() {
        this.renderData = { ...this.data }
    }

    setRender(data) {
        this.renderData.tests = [...data]
    }

    toggleCollapsedItem(id) {
        this.renderData.tests = this.renderData.tests.map((test) =>
            test.id === id ? { ...test, collapsed: !test.collapsed } : test,
        )
    }

    set allCollapsed(collapsed) {
        this.renderData = { ...this.renderData, tests: [...this.renderData.tests.map((test) => (
            { ...test, collapsed }
        ))] }
    }

    get testSubset() {
        return [...this.renderData.tests]
    }

    get environment() {
        return this.renderData.environment
    }

    get initialSort() {
        return this.data.initialSort
    }
}

module.exports = {
    manager: new DataManager(),
}

},{"./storage.js":8}],2:[function(require,module,exports){
const mediaViewer = require('./mediaviewer.js')
const templateEnvRow = document.getElementById('template_environment_row')
const templateResult = document.getElementById('template_results-table__tbody')

function htmlToElements(html) {
    const temp = document.createElement('template')
    temp.innerHTML = html
    return temp.content.childNodes
}

const find = (selector, elem) => {
    if (!elem) {
        elem = document
    }
    return elem.querySelector(selector)
}

const findAll = (selector, elem) => {
    if (!elem) {
        elem = document
    }
    return [...elem.querySelectorAll(selector)]
}

const dom = {
    getStaticRow: (key, value) => {
        const envRow = templateEnvRow.content.cloneNode(true)
        const isObj = typeof value === 'object' && value !== null
        const values = isObj ? Object.keys(value).map((k) => `${k}: ${value[k]}`) : null

        const valuesElement = htmlToElements(
            values ? `<ul>${values.map((val) => `<li>${val}</li>`).join('')}<ul>` : `<div>${value}</div>`)[0]
        const td = findAll('td', envRow)
        td[0].textContent = key
        td[1].appendChild(valuesElement)

        return envRow
    },
    getResultTBody: ({ testId, id, log, extras, resultsTableRow, tableHtml, result, collapsed }) => {
        const resultBody = templateResult.content.cloneNode(true)
        resultBody.querySelector('tbody').classList.add(result.toLowerCase())
        resultBody.querySelector('tbody').id = testId
        resultBody.querySelector('.collapsible').dataset.id = id

        resultsTableRow.forEach((html) => {
            const t = document.createElement('template')
            t.innerHTML = html
            resultBody.querySelector('.collapsible').appendChild(t.content)
        })

        if (log) {
            // Wrap lines starting with "E" with span.error to color those lines red
            const wrappedLog = log.replace(/^E.*$/gm, (match) => `<span class="error">${match}</span>`)
            resultBody.querySelector('.log').innerHTML = wrappedLog
        } else {
            resultBody.querySelector('.log').remove()
        }

        if (collapsed) {
            resultBody.querySelector('.collapsible > td')?.classList.add('collapsed')
            resultBody.querySelector('.extras-row').classList.add('hidden')
        } else {
            resultBody.querySelector('.collapsible > td')?.classList.remove('collapsed')
        }

        const media = []
        extras?.forEach(({ name, format_type, content }) => {
            if (['image', 'video'].includes(format_type)) {
                media.push({ path: content, name, format_type })
            }

            if (format_type === 'html') {
                resultBody.querySelector('.extraHTML').insertAdjacentHTML('beforeend', `<div>${content}</div>`)
            }
        })
        mediaViewer.setup(resultBody, media)

        // Add custom html from the pytest_html_results_table_html hook
        tableHtml?.forEach((item) => {
            resultBody.querySelector('td[class="extra"]').insertAdjacentHTML('beforeend', item)
        })

        return resultBody
    },
}

module.exports = {
    dom,
    htmlToElements,
    find,
    findAll,
}

},{"./mediaviewer.js":6}],3:[function(require,module,exports){
const { manager } = require('./datamanager.js')
const { doSort } = require('./sort.js')
const storageModule = require('./storage.js')

const getFilteredSubSet = (filter) =>
    manager.allData.tests.filter(({ result }) => filter.includes(result.toLowerCase()))

const doInitFilter = () => {
    const currentFilter = storageModule.getVisible()
    const filteredSubset = getFilteredSubSet(currentFilter)
    manager.setRender(filteredSubset)
}

const doFilter = (type, show) => {
    if (show) {
        storageModule.showCategory(type)
    } else {
        storageModule.hideCategory(type)
    }

    const currentFilter = storageModule.getVisible()
    const filteredSubset = getFilteredSubSet(currentFilter)
    manager.setRender(filteredSubset)

    const sortColumn = storageModule.getSort()
    doSort(sortColumn, true)
}

module.exports = {
    doFilter,
    doInitFilter,
}

},{"./datamanager.js":1,"./sort.js":7,"./storage.js":8}],4:[function(require,module,exports){
const { redraw, bindEvents, renderStatic } = require('./main.js')
const { doInitFilter } = require('./filter.js')
const { doInitSort } = require('./sort.js')
const { manager } = require('./datamanager.js')
const data = JSON.parse(document.getElementById('data-container').dataset.jsonblob)

function init() {
    manager.setManager(data)
    doInitFilter()
    doInitSort()
    renderStatic()
    redraw()
    bindEvents()
}

init()

},{"./datamanager.js":1,"./filter.js":3,"./main.js":5,"./sort.js":7}],5:[function(require,module,exports){
const { dom, find, findAll } = require('./dom.js')
const { manager } = require('./datamanager.js')
const { doSort } = require('./sort.js')
const { doFilter } = require('./filter.js')
const {
    getVisible,
    getCollapsedIds,
    setCollapsedIds,
    getSort,
    getSortDirection,
    possibleFilters,
} = require('./storage.js')

const removeChildren = (node) => {
    while (node.firstChild) {
        node.removeChild(node.firstChild)
    }
}

const renderStatic = () => {
    const renderEnvironmentTable = () => {
        const environment = manager.environment
        const rows = Object.keys(environment).map((key) => dom.getStaticRow(key, environment[key]))
        const table = document.getElementById('environment')
        removeChildren(table)
        rows.forEach((row) => table.appendChild(row))
    }
    renderEnvironmentTable()
}

const addItemToggleListener = (elem) => {
    elem.addEventListener('click', ({ target }) => {
        const id = target.parentElement.dataset.id
        manager.toggleCollapsedItem(id)

        const collapsedIds = getCollapsedIds()
        if (collapsedIds.includes(id)) {
            const updated = collapsedIds.filter((item) => item !== id)
            setCollapsedIds(updated)
        } else {
            collapsedIds.push(id)
            setCollapsedIds(collapsedIds)
        }
        redraw()
    })
}

const renderContent = (tests) => {
    const sortAttr = getSort(manager.initialSort)
    const sortAsc = JSON.parse(getSortDirection())
    const rows = tests.map(dom.getResultTBody)
    const table = document.getElementById('results-table')
    const tableHeader = document.getElementById('results-table-head')

    const newTable = document.createElement('table')
    newTable.id = 'results-table'

    // remove all sorting classes and set the relevant
    findAll('.sortable', tableHeader).forEach((elem) => elem.classList.remove('asc', 'desc'))
    tableHeader.querySelector(`.sortable[data-column-type="${sortAttr}"]`)?.classList.add(sortAsc ? 'desc' : 'asc')
    newTable.appendChild(tableHeader)

    if (!rows.length) {
        const emptyTable = document.getElementById('template_results-table__body--empty').content.cloneNode(true)
        newTable.appendChild(emptyTable)
    } else {
        rows.forEach((row) => {
            if (!!row) {
                findAll('.collapsible td:not(.col-links', row).forEach(addItemToggleListener)
                find('.logexpander', row).addEventListener('click',
                    (evt) => evt.target.parentNode.classList.toggle('expanded'),
                )
                newTable.appendChild(row)
            }
        })
    }

    table.replaceWith(newTable)
}

const renderDerived = () => {
    const currentFilter = getVisible()
    possibleFilters.forEach((result) => {
        const input = document.querySelector(`input[data-test-result="${result}"]`)
        input.checked = currentFilter.includes(result)
    })
}

const bindEvents = () => {
    const filterColumn = (evt) => {
        const { target: element } = evt
        const { testResult } = element.dataset

        doFilter(testResult, element.checked)
        const collapsedIds = getCollapsedIds()
        const updated = manager.renderData.tests.map((test) => {
            return {
                ...test,
                collapsed: collapsedIds.includes(test.id),
            }
        })
        manager.setRender(updated)
        redraw()
    }

    const header = document.getElementById('environment-header')
    header.addEventListener('click', () => {
        const table = document.getElementById('environment')
        table.classList.toggle('hidden')
        header.classList.toggle('collapsed')
    })

    findAll('input[name="filter_checkbox"]').forEach((elem) => {
        elem.addEventListener('click', filterColumn)
    })

    findAll('.sortable').forEach((elem) => {
        elem.addEventListener('click', (evt) => {
            const { target: element } = evt
            const { columnType } = element.dataset
            doSort(columnType)
            redraw()
        })
    })

    document.getElementById('show_all_details').addEventListener('click', () => {
        manager.allCollapsed = false
        setCollapsedIds([])
        redraw()
    })
    document.getElementById('hide_all_details').addEventListener('click', () => {
        manager.allCollapsed = true
        const allIds = manager.renderData.tests.map((test) => test.id)
        setCollapsedIds(allIds)
        redraw()
    })
}

const redraw = () => {
    const { testSubset } = manager

    renderContent(testSubset)
    renderDerived()
}

module.exports = {
    redraw,
    bindEvents,
    renderStatic,
}

},{"./datamanager.js":1,"./dom.js":2,"./filter.js":3,"./sort.js":7,"./storage.js":8}],6:[function(require,module,exports){
class MediaViewer {
    constructor(assets) {
        this.assets = assets
        this.index = 0
    }

    nextActive() {
        this.index = this.index === this.assets.length - 1 ? 0 : this.index + 1
        return [this.activeFile, this.index]
    }

    prevActive() {
        this.index = this.index === 0 ? this.assets.length - 1 : this.index -1
        return [this.activeFile, this.index]
    }

    get currentIndex() {
        return this.index
    }

    get activeFile() {
        return this.assets[this.index]
    }
}


const setup = (resultBody, assets) => {
    if (!assets.length) {
        resultBody.querySelector('.media').classList.add('hidden')
        return
    }

    const mediaViewer = new MediaViewer(assets)
    const container = resultBody.querySelector('.media-container')
    const leftArrow = resultBody.querySelector('.media-container__nav--left')
    const rightArrow = resultBody.querySelector('.media-container__nav--right')
    const mediaName = resultBody.querySelector('.media__name')
    const counter = resultBody.querySelector('.media__counter')
    const imageEl = resultBody.querySelector('img')
    const sourceEl = resultBody.querySelector('source')
    const videoEl = resultBody.querySelector('video')

    const setImg = (media, index) => {
        if (media?.format_type === 'image') {
            imageEl.src = media.path

            imageEl.classList.remove('hidden')
            videoEl.classList.add('hidden')
        } else if (media?.format_type === 'video') {
            sourceEl.src = media.path

            videoEl.classList.remove('hidden')
            imageEl.classList.add('hidden')
        }

        mediaName.innerText = media?.name
        counter.innerText = `${index + 1} / ${assets.length}`
    }
    setImg(mediaViewer.activeFile, mediaViewer.currentIndex)

    const moveLeft = () => {
        const [media, index] = mediaViewer.prevActive()
        setImg(media, index)
    }
    const doRight = () => {
        const [media, index] = mediaViewer.nextActive()
        setImg(media, index)
    }
    const openImg = () => {
        window.open(mediaViewer.activeFile.path, '_blank')
    }
    if (assets.length === 1) {
        container.classList.add('media-container--fullscreen')
    } else {
        leftArrow.addEventListener('click', moveLeft)
        rightArrow.addEventListener('click', doRight)
    }
    imageEl.addEventListener('click', openImg)
}

module.exports = {
    setup,
}

},{}],7:[function(require,module,exports){
const { manager } = require('./datamanager.js')
const storageModule = require('./storage.js')

const genericSort = (list, key, ascending, customOrder) => {
    let sorted
    if (customOrder) {
        sorted = list.sort((a, b) => {
            const aValue = a.result.toLowerCase()
            const bValue = b.result.toLowerCase()

            const aIndex = customOrder.findIndex((item) => item.toLowerCase() === aValue)
            const bIndex = customOrder.findIndex((item) => item.toLowerCase() === bValue)

            // Compare the indices to determine the sort order
            return aIndex - bIndex
        })
    } else {
        sorted = list.sort((a, b) => a[key] === b[key] ? 0 : a[key] > b[key] ? 1 : -1)
    }

    if (ascending) {
        sorted.reverse()
    }
    return sorted
}

const durationSort = (list, ascending) => {
    const parseDuration = (duration) => {
        if (duration.includes(':')) {
            // If it's in the format "HH:mm:ss"
            const [hours, minutes, seconds] = duration.split(':').map(Number)
            return (hours * 3600 + minutes * 60 + seconds) * 1000
        } else {
            // If it's in the format "nnn ms"
            return parseInt(duration)
        }
    }
    const sorted = list.sort((a, b) => parseDuration(a['duration']) - parseDuration(b['duration']))
    if (ascending) {
        sorted.reverse()
    }
    return sorted
}

const doInitSort = () => {
    const type = storageModule.getSort(manager.initialSort)
    const ascending = storageModule.getSortDirection()
    const list = manager.testSubset
    const initialOrder = ['Error', 'Failed', 'Rerun', 'XFailed', 'XPassed', 'Skipped', 'Passed']

    storageModule.setSort(type)
    storageModule.setSortDirection(ascending)

    if (type?.toLowerCase() === 'original') {
        manager.setRender(list)
    } else {
        let sortedList
        switch (type) {
        case 'duration':
            sortedList = durationSort(list, ascending)
            break
        case 'result':
            sortedList = genericSort(list, type, ascending, initialOrder)
            break
        default:
            sortedList = genericSort(list, type, ascending)
            break
        }
        manager.setRender(sortedList)
    }
}

const doSort = (type, skipDirection) => {
    const newSortType = storageModule.getSort(manager.initialSort) !== type
    const currentAsc = storageModule.getSortDirection()
    let ascending
    if (skipDirection) {
        ascending = currentAsc
    } else {
        ascending = newSortType ? false : !currentAsc
    }
    storageModule.setSort(type)
    storageModule.setSortDirection(ascending)

    const list = manager.testSubset
    const sortedList = type === 'duration' ? durationSort(list, ascending) : genericSort(list, type, ascending)
    manager.setRender(sortedList)
}

module.exports = {
    doInitSort,
    doSort,
}

},{"./datamanager.js":1,"./storage.js":8}],8:[function(require,module,exports){
const possibleFilters = [
    'passed',
    'skipped',
    'failed',
    'error',
    'xfailed',
    'xpassed',
    'rerun',
]

const getVisible = () => {
    const url = new URL(window.location.href)
    const settings = new URLSearchParams(url.search).get('visible')
    const lower = (item) => {
        const lowerItem = item.toLowerCase()
        if (possibleFilters.includes(lowerItem)) {
            return lowerItem
        }
        return null
    }
    return settings === null ?
        possibleFilters :
        [...new Set(settings?.split(',').map(lower).filter((item) => item))]
}

const hideCategory = (categoryToHide) => {
    const url = new URL(window.location.href)
    const visibleParams = new URLSearchParams(url.search).get('visible')
    const currentVisible = visibleParams ? visibleParams.split(',') : [...possibleFilters]
    const settings = [...new Set(currentVisible)].filter((f) => f !== categoryToHide).join(',')

    url.searchParams.set('visible', settings)
    window.history.pushState({}, null, unescape(url.href))
}

const showCategory = (categoryToShow) => {
    if (typeof window === 'undefined') {
        return
    }
    const url = new URL(window.location.href)
    const currentVisible = new URLSearchParams(url.search).get('visible')?.split(',').filter(Boolean) ||
        [...possibleFilters]
    const settings = [...new Set([categoryToShow, ...currentVisible])]
    const noFilter = possibleFilters.length === settings.length || !settings.length

    noFilter ? url.searchParams.delete('visible') : url.searchParams.set('visible', settings.join(','))
    window.history.pushState({}, null, unescape(url.href))
}

const getSort = (initialSort) => {
    const url = new URL(window.location.href)
    let sort = new URLSearchParams(url.search).get('sort')
    if (!sort) {
        sort = initialSort || 'result'
    }
    return sort
}

const setSort = (type) => {
    const url = new URL(window.location.href)
    url.searchParams.set('sort', type)
    window.history.pushState({}, null, unescape(url.href))
}

const getCollapsedCategory = (renderCollapsed) => {
    let categories
    if (typeof window !== 'undefined') {
        const url = new URL(window.location.href)
        const collapsedItems = new URLSearchParams(url.search).get('collapsed')
        switch (true) {
        case !renderCollapsed && collapsedItems === null:
            categories = ['passed']
            break
        case collapsedItems?.length === 0 || /^["']{2}$/.test(collapsedItems):
            categories = []
            break
        case /^all$/.test(collapsedItems) || collapsedItems === null && /^all$/.test(renderCollapsed):
            categories = [...possibleFilters]
            break
        default:
            categories = collapsedItems?.split(',').map((item) => item.toLowerCase()) || renderCollapsed
            break
        }
    } else {
        categories = []
    }
    return categories
}

const getSortDirection = () => JSON.parse(sessionStorage.getItem('sortAsc')) || false
const setSortDirection = (ascending) => sessionStorage.setItem('sortAsc', ascending)

const getCollapsedIds = () => JSON.parse(sessionStorage.getItem('collapsedIds')) || []
const setCollapsedIds = (list) => sessionStorage.setItem('collapsedIds', JSON.stringify(list))

module.exports = {
    getVisible,
    hideCategory,
    showCategory,
    getCollapsedIds,
    setCollapsedIds,
    getSort,
    setSort,
    getSortDirection,
    setSortDirection,
    getCollapsedCategory,
    possibleFilters,
}

},{}]},{},[4]);
    </script>
  </footer>
</html>