{"uid":"46643e63a7a44a7c","name":"test_connect_to_tester","fullName":"tests.test_UC1#test_connect_to_tester","historyId":"aaa9b7b476ee8d67704f8e72a130a31d","time":{"start":1743158614004,"stop":1743158626622,"duration":12618},"status":"failed","statusMessage":"AssertionError: Mismatch for Serial Number: Expected 'GRL-C3-MP-2023052', but got 'GRL-C3-MP-2023006'\nassert 'GRL-C3-MP-2023006' == 'GRL-C3-MP-2023052'\n  \n  - GRL-C3-MP-2023052\n  ?                ^^\n  + GRL-C3-MP-2023006\n  ?                ^^","statusTrace":"driver = <selenium.webdriver.chrome.webdriver.WebDriver (session=\"2c9d8ac9da92af6363d6fa8d4737c88c\")>\n\n    @pytest.mark.sanity\n    def test_connect_to_tester(driver):\n        BA_URL = \"http://localhost:2004\"\n        # BA_URL = @pytest.mark.url\n        TESTER_IP = \"192.168.5.74\"\n    \n        logging.info(\"Opening BA URL: %s\", BA_URL)\n        driver.get(BA_URL)\n    \n        wait = WebDriverWait(driver, 10)\n    \n        try:\n            # Clear existing IP address if the clear button exists\n            try:\n                ip_clear = wait.until(EC.element_to_be_clickable((By.XPATH, \"//span[@class='rc-select-selection__clear']\")))\n                logging.info(\"Clearing existing IP Address field\")\n                ip_clear.click()\n            except TimeoutException:\n                logging.warning(\"Clear button not found. Skipping clearing IP field.\")\n    \n            # Enter new IP address\n            logging.info(\"Entering new IP Address: %s\", TESTER_IP)\n            ip_input = wait.until(EC.presence_of_element_located((By.XPATH, \"//input[@class='rc-select-search__field']\")))\n            ip_input.send_keys(TESTER_IP)\n            ip_input.send_keys(Keys.RETURN)\n            time.sleep(5)\n    \n            # Click the Connect button\n            logging.info(\"Clicking the Connect button\")\n            connect_button = wait.until(EC.element_to_be_clickable((By.XPATH, \"//button[@id='connectionsetup_connect_button']\")))\n            connect_button.click()\n            time.sleep(5)\n    \n            # Verify tester connection status\n            logging.info(\"Verifying tester connection status\")\n            status_element = wait.until(EC.presence_of_element_located((By.XPATH, \"//td[contains(@class, 'tester-info-border')]/div[@class='right-spacing-tester']/b\")))\n            tester_status = status_element.text.strip()\n            logging.info(\"Tester connection status: %s\", tester_status)\n            assert \"Connected\" in tester_status, \"Tester did not connect successfully!\"\n    \n        except Exception as e:\n            logging.error(f\"Error during connection setup: {e}\")\n            driver.save_screenshot(\"failure_screenshot.png\")  # Capture screenshot for debugging\n            pytest.fail(f\"Test failed due to error: {e}\")\n    \n        # Expected details\n        EXPECTED_DETAILS = {\n            \"Tester Status\": \"Connected\",\n            \"Serial Number\": \"GRL-C3-MP-2023052\",\n            \"Firmware Version\": \"5.0.1.31 / 1.8\",\n            \"Next Calibration Date\": \"03 July 2025\",\n            \"Tester IP Address\": \"192.168.5.79\",\n            \"Port\": \"5002\"\n        }\n    \n        # Extract details from the table\n        extracted_details = {}\n        for key in EXPECTED_DETAILS.keys():\n            try:\n                key_element = wait.until(EC.presence_of_element_located((By.XPATH, f\"//td[contains(text(), '{key}')]\")))\n                value_element = key_element.find_element(By.XPATH, \"./following-sibling::td//b\")\n                extracted_details[key] = value_element.text.strip()\n                logging.info(f\"Extracted {key}: {extracted_details[key]}\")\n            except (NoSuchElementException, TimeoutException) as e:\n                logging.error(f\"Error extracting {key}: {e}\")\n                extracted_details[key] = None\n    \n        # Log extracted details\n        logging.info(\"Extracted details: %s\", extracted_details)\n    \n        # Verify extracted details against expected details\n        for key, expected_value in EXPECTED_DETAILS.items():\n>           assert extracted_details[key] == expected_value, f\"Mismatch for {key}: Expected '{expected_value}', but got '{extracted_details[key]}'\"\nE           AssertionError: Mismatch for Serial Number: Expected 'GRL-C3-MP-2023052', but got 'GRL-C3-MP-2023006'\nE           assert 'GRL-C3-MP-2023006' == 'GRL-C3-MP-2023052'\nE             \nE             - GRL-C3-MP-2023052\nE             ?                ^^\nE             + GRL-C3-MP-2023006\nE             ?                ^^\n\ntest_UC1.py:124: AssertionError","flaky":false,"newFailed":false,"newBroken":false,"newPassed":false,"retriesCount":16,"retriesStatusChange":true,"beforeStages":[{"name":"driver","time":{"start":1743158612594,"stop":1743158614003,"duration":1409},"status":"passed","steps":[],"attachments":[],"parameters":[],"stepsCount":0,"attachmentStep":false,"hasContent":false,"attachmentsCount":0,"shouldDisplayMessage":false}],"testStage":{"status":"failed","statusMessage":"AssertionError: Mismatch for Serial Number: Expected 'GRL-C3-MP-2023052', but got 'GRL-C3-MP-2023006'\nassert 'GRL-C3-MP-2023006' == 'GRL-C3-MP-2023052'\n  \n  - GRL-C3-MP-2023052\n  ?                ^^\n  + GRL-C3-MP-2023006\n  ?                ^^","statusTrace":"driver = <selenium.webdriver.chrome.webdriver.WebDriver (session=\"2c9d8ac9da92af6363d6fa8d4737c88c\")>\n\n    @pytest.mark.sanity\n    def test_connect_to_tester(driver):\n        BA_URL = \"http://localhost:2004\"\n        # BA_URL = @pytest.mark.url\n        TESTER_IP = \"192.168.5.74\"\n    \n        logging.info(\"Opening BA URL: %s\", BA_URL)\n        driver.get(BA_URL)\n    \n        wait = WebDriverWait(driver, 10)\n    \n        try:\n            # Clear existing IP address if the clear button exists\n            try:\n                ip_clear = wait.until(EC.element_to_be_clickable((By.XPATH, \"//span[@class='rc-select-selection__clear']\")))\n                logging.info(\"Clearing existing IP Address field\")\n                ip_clear.click()\n            except TimeoutException:\n                logging.warning(\"Clear button not found. Skipping clearing IP field.\")\n    \n            # Enter new IP address\n            logging.info(\"Entering new IP Address: %s\", TESTER_IP)\n            ip_input = wait.until(EC.presence_of_element_located((By.XPATH, \"//input[@class='rc-select-search__field']\")))\n            ip_input.send_keys(TESTER_IP)\n            ip_input.send_keys(Keys.RETURN)\n            time.sleep(5)\n    \n            # Click the Connect button\n            logging.info(\"Clicking the Connect button\")\n            connect_button = wait.until(EC.element_to_be_clickable((By.XPATH, \"//button[@id='connectionsetup_connect_button']\")))\n            connect_button.click()\n            time.sleep(5)\n    \n            # Verify tester connection status\n            logging.info(\"Verifying tester connection status\")\n            status_element = wait.until(EC.presence_of_element_located((By.XPATH, \"//td[contains(@class, 'tester-info-border')]/div[@class='right-spacing-tester']/b\")))\n            tester_status = status_element.text.strip()\n            logging.info(\"Tester connection status: %s\", tester_status)\n            assert \"Connected\" in tester_status, \"Tester did not connect successfully!\"\n    \n        except Exception as e:\n            logging.error(f\"Error during connection setup: {e}\")\n            driver.save_screenshot(\"failure_screenshot.png\")  # Capture screenshot for debugging\n            pytest.fail(f\"Test failed due to error: {e}\")\n    \n        # Expected details\n        EXPECTED_DETAILS = {\n            \"Tester Status\": \"Connected\",\n            \"Serial Number\": \"GRL-C3-MP-2023052\",\n            \"Firmware Version\": \"5.0.1.31 / 1.8\",\n            \"Next Calibration Date\": \"03 July 2025\",\n            \"Tester IP Address\": \"192.168.5.79\",\n            \"Port\": \"5002\"\n        }\n    \n        # Extract details from the table\n        extracted_details = {}\n        for key in EXPECTED_DETAILS.keys():\n            try:\n                key_element = wait.until(EC.presence_of_element_located((By.XPATH, f\"//td[contains(text(), '{key}')]\")))\n                value_element = key_element.find_element(By.XPATH, \"./following-sibling::td//b\")\n                extracted_details[key] = value_element.text.strip()\n                logging.info(f\"Extracted {key}: {extracted_details[key]}\")\n            except (NoSuchElementException, TimeoutException) as e:\n                logging.error(f\"Error extracting {key}: {e}\")\n                extracted_details[key] = None\n    \n        # Log extracted details\n        logging.info(\"Extracted details: %s\", extracted_details)\n    \n        # Verify extracted details against expected details\n        for key, expected_value in EXPECTED_DETAILS.items():\n>           assert extracted_details[key] == expected_value, f\"Mismatch for {key}: Expected '{expected_value}', but got '{extracted_details[key]}'\"\nE           AssertionError: Mismatch for Serial Number: Expected 'GRL-C3-MP-2023052', but got 'GRL-C3-MP-2023006'\nE           assert 'GRL-C3-MP-2023006' == 'GRL-C3-MP-2023052'\nE             \nE             - GRL-C3-MP-2023052\nE             ?                ^^\nE             + GRL-C3-MP-2023006\nE             ?                ^^\n\ntest_UC1.py:124: AssertionError","steps":[],"attachments":[{"uid":"d6e8791d81924c1b","name":"log","source":"d6e8791d81924c1b.txt","type":"text/plain","size":1095}],"parameters":[],"stepsCount":0,"attachmentStep":false,"hasContent":true,"attachmentsCount":1,"shouldDisplayMessage":true},"afterStages":[{"name":"driver::0","time":{"start":1743158664341,"stop":1743158666498,"duration":2157},"status":"passed","steps":[],"attachments":[],"parameters":[],"stepsCount":0,"attachmentStep":false,"hasContent":false,"attachmentsCount":0,"shouldDisplayMessage":false}],"labels":[{"name":"tag","value":"sanity"},{"name":"parentSuite","value":"tests"},{"name":"suite","value":"test_UC1"},{"name":"host","value":"DESKTOP-EJG8AND"},{"name":"thread","value":"6932-MainThread"},{"name":"framework","value":"pytest"},{"name":"language","value":"cpython3"},{"name":"package","value":"tests.test_UC1"},{"name":"resultFormat","value":"allure2"}],"parameters":[],"links":[],"hidden":false,"retry":false,"extra":{"severity":"normal","retries":[{"uid":"c70eb75075286ed7","status":"failed","statusDetails":"Failed: Test failed due to error: Tester did not connect successfully!\nassert 'Connected' in 'IP address \"192.168.5.79\" unreachable'","time":{"start":1742912131656,"stop":1742912148941,"duration":17285}},{"uid":"2bd4f486ebbdc4f0","status":"failed","statusDetails":"AssertionError: Mismatch for Serial Number: Expected 'GRL-C3-MP-2023052', but got 'GRL-C3-MP-2023006'\nassert 'GRL-C3-MP-2023006' == 'GRL-C3-MP-2023052'\n  \n  - GRL-C3-MP-2023052\n  ?                ^^\n  + GRL-C3-MP-2023006\n  ?                ^^","time":{"start":1742904787711,"stop":1742904804297,"duration":16586}},{"uid":"3d0b6bc9bfb168d5","status":"failed","statusDetails":"AssertionError: Mismatch for Serial Number: Expected 'GRL-C3-MP-2023052', but got 'GRL-C3-MP-2023006'\nassert 'GRL-C3-MP-2023006' == 'GRL-C3-MP-2023052'\n  \n  - GRL-C3-MP-2023052\n  ?                ^^\n  + GRL-C3-MP-2023006\n  ?                ^^","time":{"start":1742899996083,"stop":1742900054386,"duration":58303}},{"uid":"3313dced56d02f9b","status":"failed","statusDetails":"AssertionError: Mismatch for Serial Number: Expected 'GRL-C3-MP-2023052', but got 'GRL-C3-MP-2023006'\nassert 'GRL-C3-MP-2023006' == 'GRL-C3-MP-2023052'\n  \n  - GRL-C3-MP-2023052\n  ?                ^^\n  + GRL-C3-MP-2023006\n  ?                ^^","time":{"start":1742887962649,"stop":1742887994951,"duration":32302}},{"uid":"b10b90e7553c2659","status":"failed","statusDetails":"Failed: Test failed due to error: Tester did not connect successfully!\nassert 'Connected' in 'IP address \"192.168.5.63\" unreachable'","time":{"start":1742729247198,"stop":1742729264443,"duration":17245}},{"uid":"b98b326e765c71f0","status":"failed","statusDetails":"Failed: Test failed due to error: Tester did not connect successfully!\nassert 'Connected' in 'IP address \"192.168.5.63\" unreachable'","time":{"start":1742557277939,"stop":1742557291849,"duration":13910}},{"uid":"647dfea8ddc0c4c0","status":"passed","time":{"start":1742553101261,"stop":1742553116834,"duration":15573}},{"uid":"c3dabf40f97ebce6","status":"passed","time":{"start":1742552303086,"stop":1742552317588,"duration":14502}},{"uid":"6f92aa8f2090f2a9","status":"passed","time":{"start":1742551415842,"stop":1742551430125,"duration":14283}},{"uid":"23758472ff28bf24","status":"failed","statusDetails":"Failed: Test failed due to error: Message: element click intercepted: Element <button type=\"button\" id=\"connectionsetup_connect_button\" class=\"grl-connect-button grl-button connectionsetup-leftsideSetWidth btn btn-primary\">...</button> is not clickable at point (416, 210). Other element would receive the click: <body style=\"overflow-x: hidden; cursor: wait;\">...</body>\n  (Session info: chrome=134.0.6998.90)\nStacktrace:\n\tGetHandleVerifier [0x00007FF72DD8FE65+26629]\n\t(No symbol) [0x00007FF72DCF6030]\n\t(No symbol) [0x00007FF72DB8931A]\n\t(No symbol) [0x00007FF72DBE77A9]\n\t(No symbol) [0x00007FF72DBE5162]\n\t(No symbol) [0x00007FF72DBE2201]\n\t(No symbol) [0x00007FF72DBE1108]\n\t(No symbol) [0x00007FF72DBD28A4]\n\t(No symbol) [0x00007FF72DC07AAA]\n\t(No symbol) [0x00007FF72DBD2156]\n\t(No symbol) [0x00007FF72DC07CC0]\n\t(No symbol) [0x00007FF72DC30169]\n\t(No symbol) [0x00007FF72DC07883]\n\t(No symbol) [0x00007FF72DBD0550]\n\t(No symbol) [0x00007FF72DBD1803]\n\tGetHandleVerifier [0x00007FF72E0E72DD+3529853]\n\tGetHandleVerifier [0x00007FF72E0FDA42+3621858]\n\tGetHandleVerifier [0x00007FF72E0F24F3+3575443]\n\tGetHandleVerifier [0x00007FF72DE5B79A+860474]\n\t(No symbol) [0x00007FF72DD008AF]\n\t(No symbol) [0x00007FF72DCFCBE4]\n\t(No symbol) [0x00007FF72DCFCD86]\n\t(No symbol) [0x00007FF72DCEC2E9]\n\tBaseThreadInitThunk [0x00007FFEE8F2E8D7+23]\n\tRtlUserThreadStart [0x00007FFEE957BF6C+44]","time":{"start":1742550788288,"stop":1742550800140,"duration":11852}},{"uid":"d84fc5b0a961f13c","status":"passed","time":{"start":1742538103296,"stop":1742538120231,"duration":16935}},{"uid":"26a35b841fe547ca","status":"passed","time":{"start":1742534769425,"stop":1742534793237,"duration":23812}},{"uid":"79834ae9c633b069","status":"passed","time":{"start":1742532071983,"stop":1742532097416,"duration":25433}},{"uid":"81dfc91062550382","status":"failed","statusDetails":"AssertionError: Tester did not connect successfully!\nassert 'Connected' in 'IP address \"192.168.5.63\" unreachable'\n +  where 'IP address \"192.168.5.63\" unreachable' = <selenium.webdriver.remote.webelement.WebElement (session=\"d520983d7e7cb83b15f95508aa6c1533\", element=\"f.BF97EF39B58A48197D208CC0DB93AE92.d.E9E60B076C992EE01F136986C411FB01.e.279\")>.text","time":{"start":1742495527033,"stop":1742495550112,"duration":23079}},{"uid":"e091c39bbe270ba5","status":"broken","statusDetails":"selenium.common.exceptions.WebDriverException: Message: unknown error: net::ERR_CONNECTION_REFUSED\n  (Session info: chrome=134.0.6998.90)\nStacktrace:\n\tGetHandleVerifier [0x00007FF791E9FE65+26629]\n\t(No symbol) [0x00007FF791E06030]\n\t(No symbol) [0x00007FF791C9931A]\n\t(No symbol) [0x00007FF791C95D10]\n\t(No symbol) [0x00007FF791C868C9]\n\t(No symbol) [0x00007FF791C88638]\n\t(No symbol) [0x00007FF791C86BD6]\n\t(No symbol) [0x00007FF791C86656]\n\t(No symbol) [0x00007FF791C8631A]\n\t(No symbol) [0x00007FF791C83E9F]\n\t(No symbol) [0x00007FF791C8478C]\n\t(No symbol) [0x00007FF791C9D16A]\n\t(No symbol) [0x00007FF791D4102E]\n\t(No symbol) [0x00007FF791D17AAA]\n\t(No symbol) [0x00007FF791D40169]\n\t(No symbol) [0x00007FF791D17883]\n\t(No symbol) [0x00007FF791CE0550]\n\t(No symbol) [0x00007FF791CE1803]\n\tGetHandleVerifier [0x00007FF7921F72DD+3529853]\n\tGetHandleVerifier [0x00007FF79220DA42+3621858]\n\tGetHandleVerifier [0x00007FF7922024F3+3575443]\n\tGetHandleVerifier [0x00007FF791F6B79A+860474]\n\t(No symbol) [0x00007FF791E108AF]\n\t(No symbol) [0x00007FF791E0CBE4]\n\t(No symbol) [0x00007FF791E0CD86]\n\t(No symbol) [0x00007FF791DFC2E9]\n\tBaseThreadInitThunk [0x00007FFEE8F2E8D7+23]\n\tRtlUserThreadStart [0x00007FFEE957BF6C+44]","time":{"start":1742494021473,"stop":1742494026267,"duration":4794}},{"uid":"a03b47fc95dfbea6","status":"broken","statusDetails":"selenium.common.exceptions.WebDriverException: Message: unknown error: net::ERR_CONNECTION_REFUSED\n  (Session info: chrome=134.0.6998.90)\nStacktrace:\n\tGetHandleVerifier [0x00007FF7D324FE65+26629]\n\t(No symbol) [0x00007FF7D31B6030]\n\t(No symbol) [0x00007FF7D304931A]\n\t(No symbol) [0x00007FF7D3045D10]\n\t(No symbol) [0x00007FF7D30368C9]\n\t(No symbol) [0x00007FF7D3038638]\n\t(No symbol) [0x00007FF7D3036BD6]\n\t(No symbol) [0x00007FF7D3036656]\n\t(No symbol) [0x00007FF7D303631A]\n\t(No symbol) [0x00007FF7D3033E9F]\n\t(No symbol) [0x00007FF7D303478C]\n\t(No symbol) [0x00007FF7D304D16A]\n\t(No symbol) [0x00007FF7D30F102E]\n\t(No symbol) [0x00007FF7D30C7AAA]\n\t(No symbol) [0x00007FF7D30F0169]\n\t(No symbol) [0x00007FF7D30C7883]\n\t(No symbol) [0x00007FF7D3090550]\n\t(No symbol) [0x00007FF7D3091803]\n\tGetHandleVerifier [0x00007FF7D35A72DD+3529853]\n\tGetHandleVerifier [0x00007FF7D35BDA42+3621858]\n\tGetHandleVerifier [0x00007FF7D35B24F3+3575443]\n\tGetHandleVerifier [0x00007FF7D331B79A+860474]\n\t(No symbol) [0x00007FF7D31C08AF]\n\t(No symbol) [0x00007FF7D31BCBE4]\n\t(No symbol) [0x00007FF7D31BCD86]\n\t(No symbol) [0x00007FF7D31AC2E9]\n\tBaseThreadInitThunk [0x00007FFEE8F2E8D7+23]\n\tRtlUserThreadStart [0x00007FFEE957BF6C+44]","time":{"start":1742478966796,"stop":1742478971581,"duration":4785}}],"categories":[{"name":"Product defects","matchedStatuses":[]}],"history":{"statistic":{"failed":14,"broken":2,"skipped":0,"passed":7,"unknown":0,"total":23},"items":[{"uid":"9ecfdede2f2f65a1","reportUrl":"http://localhost:8080/job/Sanity/10/allure/#testresult/9ecfdede2f2f65a1","status":"failed","statusDetails":"Failed: Test failed due to error: Tester did not connect successfully!\nassert 'Connected' in 'IP address \"192.168.5.79\" unreachable'","time":{"start":1742912131656,"stop":1742912148941,"duration":17285}},{"uid":"9c0c090bf22425fd","reportUrl":"http://localhost:8080/job/Sanity/9/allure/#testresult/9c0c090bf22425fd","status":"failed","statusDetails":"Failed: Test failed due to error: Tester did not connect successfully!\nassert 'Connected' in 'IP address \"192.168.5.79\" unreachable'","time":{"start":1742912131656,"stop":1742912148941,"duration":17285}},{"uid":"e5bd87ff4aa8028d","reportUrl":"http://localhost:8080/job/Sanity/8/allure/#testresult/e5bd87ff4aa8028d","status":"failed","statusDetails":"Failed: Test failed due to error: Tester did not connect successfully!\nassert 'Connected' in 'IP address \"192.168.5.79\" unreachable'","time":{"start":1742912131656,"stop":1742912148941,"duration":17285}},{"uid":"d0166cac419f65b5","reportUrl":"http://localhost:8080/job/Sanity/7/allure/#testresult/d0166cac419f65b5","status":"failed","statusDetails":"Failed: Test failed due to error: Tester did not connect successfully!\nassert 'Connected' in 'IP address \"192.168.5.79\" unreachable'","time":{"start":1742912131656,"stop":1742912148941,"duration":17285}},{"uid":"49a73eb04c623f9d","reportUrl":"http://localhost:1010/job/Sanity/57/allure/#testresult/49a73eb04c623f9d","status":"failed","statusDetails":"AssertionError: Mismatch for Serial Number: Expected 'GRL-C3-MP-2023052', but got 'GRL-C3-MP-2023006'\nassert 'GRL-C3-MP-2023006' == 'GRL-C3-MP-2023052'\n  \n  - GRL-C3-MP-2023052\n  ?                ^^\n  + GRL-C3-MP-2023006\n  ?                ^^","time":{"start":1742904787711,"stop":1742904804297,"duration":16586}},{"uid":"60c1744b81508a9","reportUrl":"http://localhost:1010/job/Sanity/56/allure/#testresult/60c1744b81508a9","status":"failed","statusDetails":"AssertionError: Mismatch for Serial Number: Expected 'GRL-C3-MP-2023052', but got 'GRL-C3-MP-2023006'\nassert 'GRL-C3-MP-2023006' == 'GRL-C3-MP-2023052'\n  \n  - GRL-C3-MP-2023052\n  ?                ^^\n  + GRL-C3-MP-2023006\n  ?                ^^","time":{"start":1742899996083,"stop":1742900054386,"duration":58303}},{"uid":"53a408eb3dc49afe","reportUrl":"http://localhost:1010/job/Sanity/55/allure/#testresult/53a408eb3dc49afe","status":"failed","statusDetails":"AssertionError: Mismatch for Serial Number: Expected 'GRL-C3-MP-2023052', but got 'GRL-C3-MP-2023006'\nassert 'GRL-C3-MP-2023006' == 'GRL-C3-MP-2023052'\n  \n  - GRL-C3-MP-2023052\n  ?                ^^\n  + GRL-C3-MP-2023006\n  ?                ^^","time":{"start":1742887962649,"stop":1742887994951,"duration":32302}},{"uid":"531a3eb989a1e5d1","reportUrl":"http://localhost:1010/job/Sanity/54/allure/#testresult/531a3eb989a1e5d1","status":"failed","statusDetails":"Failed: Test failed due to error: Tester did not connect successfully!\nassert 'Connected' in 'IP address \"192.168.5.63\" unreachable'","time":{"start":1742729247198,"stop":1742729264443,"duration":17245}},{"uid":"8886c659099faeda","reportUrl":"http://localhost:1010/job/Sanity/53/allure/#testresult/8886c659099faeda","status":"failed","statusDetails":"Failed: Test failed due to error: Tester did not connect successfully!\nassert 'Connected' in 'IP address \"192.168.5.63\" unreachable'","time":{"start":1742557277939,"stop":1742557291849,"duration":13910}},{"uid":"182602fcb591b532","reportUrl":"http://localhost:1010/job/Sanity/52/allure/#testresult/182602fcb591b532","status":"failed","statusDetails":"Failed: Test failed due to error: Tester did not connect successfully!\nassert 'Connected' in 'IP address \"192.168.5.63\" unreachable'","time":{"start":1742557277939,"stop":1742557291849,"duration":13910}},{"uid":"587e23d1fc58f733","reportUrl":"http://localhost:1010/job/Sanity/51/allure/#testresult/587e23d1fc58f733","status":"failed","statusDetails":"Failed: Test failed due to error: Tester did not connect successfully!\nassert 'Connected' in 'IP address \"192.168.5.63\" unreachable'","time":{"start":1742557277939,"stop":1742557291849,"duration":13910}},{"uid":"ab8b8f1bc71d9954","reportUrl":"http://localhost:1010/job/Sanity/50/allure/#testresult/ab8b8f1bc71d9954","status":"passed","time":{"start":1742553101261,"stop":1742553116834,"duration":15573}},{"uid":"efbdf222d85e24a5","reportUrl":"http://localhost:1010/job/Sanity/49/allure/#testresult/efbdf222d85e24a5","status":"passed","time":{"start":1742552303086,"stop":1742552317588,"duration":14502}},{"uid":"fa9c5847cd89725f","reportUrl":"http://localhost:1010/job/Sanity/48/allure/#testresult/fa9c5847cd89725f","status":"passed","time":{"start":1742551415842,"stop":1742551430125,"duration":14283}},{"uid":"92b235fcd2fb526e","reportUrl":"http://localhost:1010/job/Sanity/47/allure/#testresult/92b235fcd2fb526e","status":"failed","statusDetails":"Failed: Test failed due to error: Message: element click intercepted: Element <button type=\"button\" id=\"connectionsetup_connect_button\" class=\"grl-connect-button grl-button connectionsetup-leftsideSetWidth btn btn-primary\">...</button> is not clickable at point (416, 210). Other element would receive the click: <body style=\"overflow-x: hidden; cursor: wait;\">...</body>\n  (Session info: chrome=134.0.6998.90)\nStacktrace:\n\tGetHandleVerifier [0x00007FF72DD8FE65+26629]\n\t(No symbol) [0x00007FF72DCF6030]\n\t(No symbol) [0x00007FF72DB8931A]\n\t(No symbol) [0x00007FF72DBE77A9]\n\t(No symbol) [0x00007FF72DBE5162]\n\t(No symbol) [0x00007FF72DBE2201]\n\t(No symbol) [0x00007FF72DBE1108]\n\t(No symbol) [0x00007FF72DBD28A4]\n\t(No symbol) [0x00007FF72DC07AAA]\n\t(No symbol) [0x00007FF72DBD2156]\n\t(No symbol) [0x00007FF72DC07CC0]\n\t(No symbol) [0x00007FF72DC30169]\n\t(No symbol) [0x00007FF72DC07883]\n\t(No symbol) [0x00007FF72DBD0550]\n\t(No symbol) [0x00007FF72DBD1803]\n\tGetHandleVerifier [0x00007FF72E0E72DD+3529853]\n\tGetHandleVerifier [0x00007FF72E0FDA42+3621858]\n\tGetHandleVerifier [0x00007FF72E0F24F3+3575443]\n\tGetHandleVerifier [0x00007FF72DE5B79A+860474]\n\t(No symbol) [0x00007FF72DD008AF]\n\t(No symbol) [0x00007FF72DCFCBE4]\n\t(No symbol) [0x00007FF72DCFCD86]\n\t(No symbol) [0x00007FF72DCEC2E9]\n\tBaseThreadInitThunk [0x00007FFEE8F2E8D7+23]\n\tRtlUserThreadStart [0x00007FFEE957BF6C+44]","time":{"start":1742550788288,"stop":1742550800140,"duration":11852}},{"uid":"38af428d435bd5a8","reportUrl":"http://localhost:1010/job/Sanity/46/allure/#testresult/38af428d435bd5a8","status":"passed","time":{"start":1742538103296,"stop":1742538120231,"duration":16935}},{"uid":"88709ea13f37cb32","reportUrl":"http://localhost:1010/job/Sanity/45/allure/#testresult/88709ea13f37cb32","status":"passed","time":{"start":1742538103296,"stop":1742538120231,"duration":16935}},{"uid":"f004d0095be32f2e","reportUrl":"http://localhost:1010/job/Sanity/40/allure/#testresult/f004d0095be32f2e","status":"passed","time":{"start":1742534769425,"stop":1742534793237,"duration":23812}},{"uid":"33d6bac4c1608b46","reportUrl":"http://localhost:1010/job/Sanity/39/allure/#testresult/33d6bac4c1608b46","status":"passed","time":{"start":1742532071983,"stop":1742532097416,"duration":25433}},{"uid":"11513bf2d50ea5a9","reportUrl":"http://localhost:1010/job/Sanity/38/allure/#testresult/11513bf2d50ea5a9","status":"failed","statusDetails":"AssertionError: Tester did not connect successfully!\nassert 'Connected' in 'IP address \"192.168.5.63\" unreachable'\n +  where 'IP address \"192.168.5.63\" unreachable' = <selenium.webdriver.remote.webelement.WebElement (session=\"d520983d7e7cb83b15f95508aa6c1533\", element=\"f.BF97EF39B58A48197D208CC0DB93AE92.d.E9E60B076C992EE01F136986C411FB01.e.279\")>.text","time":{"start":1742495527033,"stop":1742495550112,"duration":23079}}]},"tags":["sanity"]},"source":"46643e63a7a44a7c.json","parameterValues":[]}