{"uid":"90b381638be1d8d3","name":"test_download_current_html_button_available","fullName":"tests.test_report_panel_checks#test_download_current_html_button_available","historyId":"c73cbcc45a9693c960d0db30907b6793","time":{"start":1742888089559,"stop":1742888090023,"duration":464},"description":"\nTest Case 3: Verify if the Download Current HTML button is available.\n","descriptionHtml":"<p>Test Case 3: Verify if the Download Current HTML button is available.</p>\n","status":"failed","statusMessage":"AssertionError: Download Current HTML button is not available.\nassert False\n +  where False = verify_button_available('Download Current HTML', \"//button[@id='report_toolbar_download_html_button']\")\n +    where verify_button_available = <pages.report_panel.ReportPanel object at 0x0000019780970440>.verify_button_available","statusTrace":"setup = <selenium.webdriver.chrome.webdriver.WebDriver (session=\"59bfcd2b52a73457b99d44dfefd8cbf9\")>\n\n    def test_download_current_html_button_available(setup):\n        \"\"\"\n        Test Case 3: Verify if the Download Current HTML button is available.\n        \"\"\"\n        report = ReportPanel(setup)\n>       assert report.verify_button_available(\"Download Current HTML\", Download_current_HTML), \"Download Current HTML button is not available.\"\nE       AssertionError: Download Current HTML button is not available.\nE       assert False\nE        +  where False = verify_button_available('Download Current HTML', \"//button[@id='report_toolbar_download_html_button']\")\nE        +    where verify_button_available = <pages.report_panel.ReportPanel object at 0x0000019780970440>.verify_button_available\n\ntest_report_panel_checks.py:55: AssertionError","flaky":false,"newFailed":false,"newBroken":false,"newPassed":false,"retriesCount":0,"retriesStatusChange":false,"beforeStages":[{"name":"setup","time":{"start":1742888067432,"stop":1742888089558,"duration":22126},"status":"passed","steps":[],"attachments":[],"parameters":[],"stepsCount":0,"attachmentStep":false,"hasContent":false,"attachmentsCount":0,"shouldDisplayMessage":false}],"testStage":{"description":"\nTest Case 3: Verify if the Download Current HTML button is available.\n","status":"failed","statusMessage":"AssertionError: Download Current HTML button is not available.\nassert False\n +  where False = verify_button_available('Download Current HTML', \"//button[@id='report_toolbar_download_html_button']\")\n +    where verify_button_available = <pages.report_panel.ReportPanel object at 0x0000019780970440>.verify_button_available","statusTrace":"setup = <selenium.webdriver.chrome.webdriver.WebDriver (session=\"59bfcd2b52a73457b99d44dfefd8cbf9\")>\n\n    def test_download_current_html_button_available(setup):\n        \"\"\"\n        Test Case 3: Verify if the Download Current HTML button is available.\n        \"\"\"\n        report = ReportPanel(setup)\n>       assert report.verify_button_available(\"Download Current HTML\", Download_current_HTML), \"Download Current HTML button is not available.\"\nE       AssertionError: Download Current HTML button is not available.\nE       assert False\nE        +  where False = verify_button_available('Download Current HTML', \"//button[@id='report_toolbar_download_html_button']\")\nE        +    where verify_button_available = <pages.report_panel.ReportPanel object at 0x0000019780970440>.verify_button_available\n\ntest_report_panel_checks.py:55: AssertionError","steps":[],"attachments":[{"uid":"c210549adca7225f","name":"log","source":"c210549adca7225f.txt","type":"text/plain","size":163}],"parameters":[],"stepsCount":0,"attachmentStep":false,"hasContent":true,"attachmentsCount":1,"shouldDisplayMessage":true},"afterStages":[{"name":"setup::0","time":{"start":1742888090394,"stop":1742888093315,"duration":2921},"status":"passed","steps":[],"attachments":[],"parameters":[],"stepsCount":0,"attachmentStep":false,"hasContent":false,"attachmentsCount":0,"shouldDisplayMessage":false}],"labels":[{"name":"parentSuite","value":"tests"},{"name":"suite","value":"test_report_panel_checks"},{"name":"host","value":"DESKTOP-GHENSD5"},{"name":"thread","value":"2220-MainThread"},{"name":"framework","value":"pytest"},{"name":"language","value":"cpython3"},{"name":"package","value":"tests.test_report_panel_checks"},{"name":"resultFormat","value":"allure2"}],"parameters":[],"links":[],"hidden":true,"retry":true,"extra":{"categories":[],"tags":[]},"source":"90b381638be1d8d3.json","parameterValues":[]}