{"uid":"a9aaebfe9baba6ee","name":"test_download_bsut_report_button_available","fullName":"tests.test_report_panel_checks#test_download_bsut_report_button_available","historyId":"a270d6c0d3cd7bab410d224a81239ada","time":{"start":1742900070368,"stop":1742900071265,"duration":897},"description":"\nTest Case 4: Verify if the Download BSUT Report button is available.\n","descriptionHtml":"<p>Test Case 4: Verify if the Download BSUT Report button is available.</p>\n","status":"failed","statusMessage":"AssertionError: Download BSUT Report button is not available.\nassert False\n +  where False = verify_button_available('Download BSUT Report', \"//button[@id='report_toolbar_dwonload_dut_button']\")\n +    where verify_button_available = <pages.report_panel.ReportPanel object at 0x0000018B31D60440>.verify_button_available","statusTrace":"setup = <selenium.webdriver.chrome.webdriver.WebDriver (session=\"236d24d5e524ef8182c3f7eb79e80a35\")>\n\n    def test_download_bsut_report_button_available(setup):\n        \"\"\"\n        Test Case 4: Verify if the Download BSUT Report button is available.\n        \"\"\"\n        report = ReportPanel(setup)\n>       assert report.verify_button_available(\"Download BSUT Report\", Download_BSUT_report), \"Download BSUT Report button is not available.\"\nE       AssertionError: Download BSUT Report button is not available.\nE       assert False\nE        +  where False = verify_button_available('Download BSUT Report', \"//button[@id='report_toolbar_dwonload_dut_button']\")\nE        +    where verify_button_available = <pages.report_panel.ReportPanel object at 0x0000018B31D60440>.verify_button_available\n\ntest_report_panel_checks.py:62: AssertionError","flaky":false,"newFailed":false,"newBroken":false,"newPassed":false,"retriesCount":0,"retriesStatusChange":false,"beforeStages":[{"name":"setup","time":{"start":1742900049659,"stop":1742900070367,"duration":20708},"status":"passed","steps":[],"attachments":[],"parameters":[],"hasContent":false,"attachmentsCount":0,"shouldDisplayMessage":false,"attachmentStep":false,"stepsCount":0}],"testStage":{"description":"\nTest Case 4: Verify if the Download BSUT Report button is available.\n","status":"failed","statusMessage":"AssertionError: Download BSUT Report button is not available.\nassert False\n +  where False = verify_button_available('Download BSUT Report', \"//button[@id='report_toolbar_dwonload_dut_button']\")\n +    where verify_button_available = <pages.report_panel.ReportPanel object at 0x0000018B31D60440>.verify_button_available","statusTrace":"setup = <selenium.webdriver.chrome.webdriver.WebDriver (session=\"236d24d5e524ef8182c3f7eb79e80a35\")>\n\n    def test_download_bsut_report_button_available(setup):\n        \"\"\"\n        Test Case 4: Verify if the Download BSUT Report button is available.\n        \"\"\"\n        report = ReportPanel(setup)\n>       assert report.verify_button_available(\"Download BSUT Report\", Download_BSUT_report), \"Download BSUT Report button is not available.\"\nE       AssertionError: Download BSUT Report button is not available.\nE       assert False\nE        +  where False = verify_button_available('Download BSUT Report', \"//button[@id='report_toolbar_dwonload_dut_button']\")\nE        +    where verify_button_available = <pages.report_panel.ReportPanel object at 0x0000018B31D60440>.verify_button_available\n\ntest_report_panel_checks.py:62: AssertionError","steps":[],"attachments":[{"uid":"f11caceee1a77b06","name":"log","source":"f11caceee1a77b06.txt","type":"text/plain","size":162}],"parameters":[],"hasContent":true,"attachmentsCount":1,"shouldDisplayMessage":true,"attachmentStep":false,"stepsCount":0},"afterStages":[{"name":"setup::0","time":{"start":1742900079868,"stop":1742900098210,"duration":18342},"status":"passed","steps":[],"attachments":[],"parameters":[],"hasContent":false,"attachmentsCount":0,"shouldDisplayMessage":false,"attachmentStep":false,"stepsCount":0}],"labels":[{"name":"parentSuite","value":"tests"},{"name":"suite","value":"test_report_panel_checks"},{"name":"host","value":"DESKTOP-GHENSD5"},{"name":"thread","value":"19224-MainThread"},{"name":"framework","value":"pytest"},{"name":"language","value":"cpython3"},{"name":"package","value":"tests.test_report_panel_checks"},{"name":"resultFormat","value":"allure2"}],"parameters":[],"links":[],"hidden":true,"retry":true,"extra":{"categories":[],"tags":[]},"source":"a9aaebfe9baba6ee.json","parameterValues":[]}