{"uid":"b6cd3bd960036b3d","name":"test_view_report_button_available","fullName":"tests.test_report_panel_checks#test_view_report_button_available","historyId":"226f40a7cccbcd7d57accf949aa54902","time":{"start":1742494137481,"stop":1742494137481,"duration":0},"description":"\nTest Case 2: Verify if the View Report button is available.\n","descriptionHtml":"<p>Test Case 2: Verify if the View Report button is available.</p>\n","status":"broken","statusMessage":"selenium.common.exceptions.WebDriverException: Message: unknown error: net::ERR_CONNECTION_REFUSED\n  (Session info: chrome=134.0.6998.90)\nStacktrace:\n\tGetHandleVerifier [0x00007FF791E9FE65+26629]\n\t(No symbol) [0x00007FF791E06030]\n\t(No symbol) [0x00007FF791C9931A]\n\t(No symbol) [0x00007FF791C95D10]\n\t(No symbol) [0x00007FF791C868C9]\n\t(No symbol) [0x00007FF791C88638]\n\t(No symbol) [0x00007FF791C86BD6]\n\t(No symbol) [0x00007FF791C86656]\n\t(No symbol) [0x00007FF791C8631A]\n\t(No symbol) [0x00007FF791C83E9F]\n\t(No symbol) [0x00007FF791C8478C]\n\t(No symbol) [0x00007FF791C9D16A]\n\t(No symbol) [0x00007FF791D4102E]\n\t(No symbol) [0x00007FF791D17AAA]\n\t(No symbol) [0x00007FF791D40169]\n\t(No symbol) [0x00007FF791D17883]\n\t(No symbol) [0x00007FF791CE0550]\n\t(No symbol) [0x00007FF791CE1803]\n\tGetHandleVerifier [0x00007FF7921F72DD+3529853]\n\tGetHandleVerifier [0x00007FF79220DA42+3621858]\n\tGetHandleVerifier [0x00007FF7922024F3+3575443]\n\tGetHandleVerifier [0x00007FF791F6B79A+860474]\n\t(No symbol) [0x00007FF791E108AF]\n\t(No symbol) [0x00007FF791E0CBE4]\n\t(No symbol) [0x00007FF791E0CD86]\n\t(No symbol) [0x00007FF791DFC2E9]\n\tBaseThreadInitThunk [0x00007FFEE8F2E8D7+23]\n\tRtlUserThreadStart [0x00007FFEE957BF6C+44]","statusTrace":"@pytest.fixture(scope=\"module\")\n    def setup():\n        browser = BrowserSetup()\n>       driver = browser.way1(URL)\n\ntest_report_panel_checks.py:32: \n_ _ _ _ _ _ _ _ _ _ _ _ _ _ _ _ _ _ _ _ _ _ _ _ _ _ _ _ _ _ _ _ _ _ _ _ _ _ _ _\n..\\utilities\\browser_setup.py:37: in way1\n    self.driver.get(url)\n..\\..\\..\\..\\AppData\\Local\\Programs\\Python\\Python313\\Lib\\site-packages\\selenium\\webdriver\\remote\\webdriver.py:393: in get\n    self.execute(Command.GET, {\"url\": url})\n..\\..\\..\\..\\AppData\\Local\\Programs\\Python\\Python313\\Lib\\site-packages\\selenium\\webdriver\\remote\\webdriver.py:384: in execute\n    self.error_handler.check_response(response)\n_ _ _ _ _ _ _ _ _ _ _ _ _ _ _ _ _ _ _ _ _ _ _ _ _ _ _ _ _ _ _ _ _ _ _ _ _ _ _ _\n\nself = <selenium.webdriver.remote.errorhandler.ErrorHandler object at 0x0000018077B27D40>\nresponse = {'status': 500, 'value': '{\"value\":{\"error\":\"unknown error\",\"message\":\"unknown error: net::ERR_CONNECTION_REFUSED\\\\n  ...07FF791DFC2E9]\\\\n\\\\tBaseThreadInitThunk [0x00007FFEE8F2E8D7+23]\\\\n\\\\tRtlUserThreadStart [0x00007FFEE957BF6C+44]\\\\n\"}}'}\n\n    def check_response(self, response: Dict[str, Any]) -> None:\n        \"\"\"Checks that a JSON response from the WebDriver does not have an\n        error.\n    \n        :Args:\n         - response - The JSON response from the WebDriver server as a dictionary\n           object.\n    \n        :Raises: If the response contains an error message.\n        \"\"\"\n        status = response.get(\"status\", None)\n        if not status or status == ErrorCode.SUCCESS:\n            return\n        value = None\n        message = response.get(\"message\", \"\")\n        screen: str = response.get(\"screen\", \"\")\n        stacktrace = None\n        if isinstance(status, int):\n            value_json = response.get(\"value\", None)\n            if value_json and isinstance(value_json, str):\n                import json\n    \n                try:\n                    value = json.loads(value_json)\n                    if len(value) == 1:\n                        value = value[\"value\"]\n                    status = value.get(\"error\", None)\n                    if not status:\n                        status = value.get(\"status\", ErrorCode.UNKNOWN_ERROR)\n                        message = value.get(\"value\") or value.get(\"message\")\n                        if not isinstance(message, str):\n                            value = message\n                            message = message.get(\"message\")\n                    else:\n                        message = value.get(\"message\", None)\n                except ValueError:\n                    pass\n    \n        exception_class: Type[WebDriverException]\n        e = ErrorCode()\n        error_codes = [item for item in dir(e) if not item.startswith(\"__\")]\n        for error_code in error_codes:\n            error_info = getattr(ErrorCode, error_code)\n            if isinstance(error_info, list) and status in error_info:\n                exception_class = getattr(ExceptionMapping, error_code, WebDriverException)\n                break\n        else:\n            exception_class = WebDriverException\n    \n        if not value:\n            value = response[\"value\"]\n        if isinstance(value, str):\n            raise exception_class(value)\n        if message == \"\" and \"message\" in value:\n            message = value[\"message\"]\n    \n        screen = None  # type: ignore[assignment]\n        if \"screen\" in value:\n            screen = value[\"screen\"]\n    \n        stacktrace = None\n        st_value = value.get(\"stackTrace\") or value.get(\"stacktrace\")\n        if st_value:\n            if isinstance(st_value, str):\n                stacktrace = st_value.split(\"\\n\")\n            else:\n                stacktrace = []\n                try:\n                    for frame in st_value:\n                        line = frame.get(\"lineNumber\", \"\")\n                        file = frame.get(\"fileName\", \"<anonymous>\")\n                        if line:\n                            file = f\"{file}:{line}\"\n                        meth = frame.get(\"methodName\", \"<anonymous>\")\n                        if \"className\" in frame:\n                            meth = f\"{frame['className']}.{meth}\"\n                        msg = \"    at %s (%s)\"\n                        msg = msg % (meth, file)\n                        stacktrace.append(msg)\n                except TypeError:\n                    pass\n        if exception_class == UnexpectedAlertPresentException:\n            alert_text = None\n            if \"data\" in value:\n                alert_text = value[\"data\"].get(\"text\")\n            elif \"alert\" in value:\n                alert_text = value[\"alert\"].get(\"text\")\n            raise exception_class(message, screen, stacktrace, alert_text)  # type: ignore[call-arg]  # mypy is not smart enough here\n>       raise exception_class(message, screen, stacktrace)\nE       selenium.common.exceptions.WebDriverException: Message: unknown error: net::ERR_CONNECTION_REFUSED\nE         (Session info: chrome=134.0.6998.90)\nE       Stacktrace:\nE       \tGetHandleVerifier [0x00007FF791E9FE65+26629]\nE       \t(No symbol) [0x00007FF791E06030]\nE       \t(No symbol) [0x00007FF791C9931A]\nE       \t(No symbol) [0x00007FF791C95D10]\nE       \t(No symbol) [0x00007FF791C868C9]\nE       \t(No symbol) [0x00007FF791C88638]\nE       \t(No symbol) [0x00007FF791C86BD6]\nE       \t(No symbol) [0x00007FF791C86656]\nE       \t(No symbol) [0x00007FF791C8631A]\nE       \t(No symbol) [0x00007FF791C83E9F]\nE       \t(No symbol) [0x00007FF791C8478C]\nE       \t(No symbol) [0x00007FF791C9D16A]\nE       \t(No symbol) [0x00007FF791D4102E]\nE       \t(No symbol) [0x00007FF791D17AAA]\nE       \t(No symbol) [0x00007FF791D40169]\nE       \t(No symbol) [0x00007FF791D17883]\nE       \t(No symbol) [0x00007FF791CE0550]\nE       \t(No symbol) [0x00007FF791CE1803]\nE       \tGetHandleVerifier [0x00007FF7921F72DD+3529853]\nE       \tGetHandleVerifier [0x00007FF79220DA42+3621858]\nE       \tGetHandleVerifier [0x00007FF7922024F3+3575443]\nE       \tGetHandleVerifier [0x00007FF791F6B79A+860474]\nE       \t(No symbol) [0x00007FF791E108AF]\nE       \t(No symbol) [0x00007FF791E0CBE4]\nE       \t(No symbol) [0x00007FF791E0CD86]\nE       \t(No symbol) [0x00007FF791DFC2E9]\nE       \tBaseThreadInitThunk [0x00007FFEE8F2E8D7+23]\nE       \tRtlUserThreadStart [0x00007FFEE957BF6C+44]\n\n..\\..\\..\\..\\AppData\\Local\\Programs\\Python\\Python313\\Lib\\site-packages\\selenium\\webdriver\\remote\\errorhandler.py:232: WebDriverException","flaky":false,"newFailed":false,"newBroken":false,"newPassed":false,"retriesCount":0,"retriesStatusChange":false,"beforeStages":[{"name":"setup","time":{"start":1742494130717,"stop":1742494137452,"duration":6735},"status":"broken","statusMessage":"selenium.common.exceptions.WebDriverException: Message: unknown error: net::ERR_CONNECTION_REFUSED\n  (Session info: chrome=134.0.6998.90)\nStacktrace:\n\tGetHandleVerifier [0x00007FF791E9FE65+26629]\n\t(No symbol) [0x00007FF791E06030]\n\t(No symbol) [0x00007FF791C9931A]\n\t(No symbol) [0x00007FF791C95D10]\n\t(No symbol) [0x00007FF791C868C9]\n\t(No symbol) [0x00007FF791C88638]\n\t(No symbol) [0x00007FF791C86BD6]\n\t(No symbol) [0x00007FF791C86656]\n\t(No symbol) [0x00007FF791C8631A]\n\t(No symbol) [0x00007FF791C83E9F]\n\t(No symbol) [0x00007FF791C8478C]\n\t(No symbol) [0x00007FF791C9D16A]\n\t(No symbol) [0x00007FF791D4102E]\n\t(No symbol) [0x00007FF791D17AAA]\n\t(No symbol) [0x00007FF791D40169]\n\t(No symbol) [0x00007FF791D17883]\n\t(No symbol) [0x00007FF791CE0550]\n\t(No symbol) [0x00007FF791CE1803]\n\tGetHandleVerifier [0x00007FF7921F72DD+3529853]\n\tGetHandleVerifier [0x00007FF79220DA42+3621858]\n\tGetHandleVerifier [0x00007FF7922024F3+3575443]\n\tGetHandleVerifier [0x00007FF791F6B79A+860474]\n\t(No symbol) [0x00007FF791E108AF]\n\t(No symbol) [0x00007FF791E0CBE4]\n\t(No symbol) [0x00007FF791E0CD86]\n\t(No symbol) [0x00007FF791DFC2E9]\n\tBaseThreadInitThunk [0x00007FFEE8F2E8D7+23]\n\tRtlUserThreadStart [0x00007FFEE957BF6C+44]\n\n","statusTrace":"  File \"C:\\Users\\GRL\\AppData\\Local\\Programs\\Python\\Python313\\Lib\\site-packages\\pluggy\\_callers.py\", line 167, in _multicall\n    teardown.throw(outcome._exception)\n    ~~~~~~~~~~~~~~^^^^^^^^^^^^^^^^^^^^\n  File \"C:\\Users\\GRL\\AppData\\Local\\Programs\\Python\\Python313\\Lib\\site-packages\\_pytest\\setuponly.py\", line 36, in pytest_fixture_setup\n    return (yield)\n            ^^^^^\n  File \"C:\\Users\\GRL\\AppData\\Local\\Programs\\Python\\Python313\\Lib\\site-packages\\pluggy\\_callers.py\", line 103, in _multicall\n    res = hook_impl.function(*args)\n  File \"C:\\Users\\GRL\\AppData\\Local\\Programs\\Python\\Python313\\Lib\\site-packages\\_pytest\\fixtures.py\", line 1140, in pytest_fixture_setup\n    result = call_fixture_func(fixturefunc, request, kwargs)\n  File \"C:\\Users\\GRL\\AppData\\Local\\Programs\\Python\\Python313\\Lib\\site-packages\\_pytest\\fixtures.py\", line 891, in call_fixture_func\n    fixture_result = next(generator)\n  File \"C:\\Users\\GRL\\PycharmProjects\\25W automation\\Project-24\\tests\\test_report_panel_checks.py\", line 32, in setup\n    driver = browser.way1(URL)\n  File \"C:\\Users\\GRL\\PycharmProjects\\25W automation\\Project-24\\utilities\\browser_setup.py\", line 37, in way1\n    self.driver.get(url)\n    ~~~~~~~~~~~~~~~^^^^^\n  File \"C:\\Users\\GRL\\AppData\\Local\\Programs\\Python\\Python313\\Lib\\site-packages\\selenium\\webdriver\\remote\\webdriver.py\", line 393, in get\n    self.execute(Command.GET, {\"url\": url})\n    ~~~~~~~~~~~~^^^^^^^^^^^^^^^^^^^^^^^^^^^\n  File \"C:\\Users\\GRL\\AppData\\Local\\Programs\\Python\\Python313\\Lib\\site-packages\\selenium\\webdriver\\remote\\webdriver.py\", line 384, in execute\n    self.error_handler.check_response(response)\n    ~~~~~~~~~~~~~~~~~~~~~~~~~~~~~~~~~^^^^^^^^^^\n  File \"C:\\Users\\GRL\\AppData\\Local\\Programs\\Python\\Python313\\Lib\\site-packages\\selenium\\webdriver\\remote\\errorhandler.py\", line 232, in check_response\n    raise exception_class(message, screen, stacktrace)\n","steps":[],"attachments":[],"parameters":[],"stepsCount":0,"attachmentStep":false,"hasContent":true,"attachmentsCount":0,"shouldDisplayMessage":true}],"afterStages":[],"labels":[{"name":"parentSuite","value":"tests"},{"name":"suite","value":"test_report_panel_checks"},{"name":"host","value":"DESKTOP-GHENSD5"},{"name":"thread","value":"42296-MainThread"},{"name":"framework","value":"pytest"},{"name":"language","value":"cpython3"},{"name":"package","value":"tests.test_report_panel_checks"},{"name":"resultFormat","value":"allure2"}],"parameters":[],"links":[],"hidden":true,"retry":true,"extra":{"categories":[],"tags":[]},"source":"b6cd3bd960036b3d.json","parameterValues":[]}