{"uid":"cb27dd3d187f3faf","name":"test_TC36_Demodulator_dropdown_checking","fullName":"tests.test_Qi_Exerciser_checks#test_TC36_Demodulator_dropdown_checking","historyId":"4f1e1f76178a6fb47ae657309df19ef8","time":{"start":1743158610099,"stop":1743158610351,"duration":252},"status":"passed","flaky":false,"newFailed":false,"newBroken":false,"newPassed":true,"retriesCount":16,"retriesStatusChange":true,"beforeStages":[{"name":"setup_teardown_qi_exerciser","time":{"start":1743158574659,"stop":1743158606830,"duration":32171},"status":"passed","steps":[],"attachments":[],"parameters":[],"stepsCount":0,"attachmentStep":false,"hasContent":false,"attachmentsCount":0,"shouldDisplayMessage":false}],"testStage":{"status":"passed","steps":[],"attachments":[{"uid":"24a08611894f91ab","name":"log","source":"24a08611894f91ab.txt","type":"text/plain","size":224}],"parameters":[],"stepsCount":0,"attachmentStep":false,"hasContent":true,"attachmentsCount":1,"shouldDisplayMessage":false},"afterStages":[{"name":"setup_teardown_qi_exerciser::0","time":{"start":1743158610352,"stop":1743158612590,"duration":2238},"status":"passed","steps":[],"attachments":[],"parameters":[],"stepsCount":0,"attachmentStep":false,"hasContent":false,"attachmentsCount":0,"shouldDisplayMessage":false}],"labels":[{"name":"parentSuite","value":"tests"},{"name":"suite","value":"test_Qi_Exerciser_checks"},{"name":"host","value":"DESKTOP-EJG8AND"},{"name":"thread","value":"6932-MainThread"},{"name":"framework","value":"pytest"},{"name":"language","value":"cpython3"},{"name":"package","value":"tests.test_Qi_Exerciser_checks"},{"name":"resultFormat","value":"allure2"}],"parameters":[],"links":[],"hidden":false,"retry":false,"extra":{"severity":"normal","retries":[{"uid":"62716a9ccb0da4ac","status":"broken","statusDetails":"selenium.common.exceptions.ElementClickInterceptedException: Message: element click intercepted: Element <button type=\"button\" id=\"react-aria1934588517-3\" aria-expanded=\"false\" class=\"dropdowncustom tpt_config_control_dropdown dropdown-toggle btn btn-success\">...</button> is not clickable at point (611, 160). Other element would receive the click: <div id=\"page-wrap-onOpen\">...</div>\n  (Session info: chrome=134.0.6998.165)\nStacktrace:\n\tGetHandleVerifier [0x00007FF78F704C25+3179557]\n\t(No symbol) [0x00007FF78F3688A0]\n\t(No symbol) [0x00007FF78F1F91CA]\n\t(No symbol) [0x00007FF78F257929]\n\t(No symbol) [0x00007FF78F2552E2]\n\t(No symbol) [0x00007FF78F252381]\n\t(No symbol) [0x00007FF78F251281]\n\t(No symbol) [0x00007FF78F242A24]\n\t(No symbol) [0x00007FF78F277C2A]\n\t(No symbol) [0x00007FF78F2422D6]\n\t(No symbol) [0x00007FF78F277E40]\n\t(No symbol) [0x00007FF78F2A02F3]\n\t(No symbol) [0x00007FF78F277A03]\n\t(No symbol) [0x00007FF78F2406D0]\n\t(No symbol) [0x00007FF78F241983]\n\tGetHandleVerifier [0x00007FF78F7667CD+3579853]\n\tGetHandleVerifier [0x00007FF78F77D1D2+3672530]\n\tGetHandleVerifier [0x00007FF78F772153+3627347]\n\tGetHandleVerifier [0x00007FF78F4D092A+868650]\n\t(No symbol) [0x00007FF78F372FFF]\n\t(No symbol) [0x00007FF78F36F4A4]\n\t(No symbol) [0x00007FF78F36F646]\n\t(No symbol) [0x00007FF78F35EAA9]\n\tBaseThreadInitThunk [0x00007FFEE8F2E8D7+23]\n\tRtlUserThreadStart [0x00007FFEE957BF6C+44]","time":{"start":1742912125294,"stop":1742912126444,"duration":1150}},{"uid":"1b5a3aab439bc314","status":"broken","statusDetails":"selenium.common.exceptions.ElementClickInterceptedException: Message: element click intercepted: Element <button type=\"button\" id=\"react-aria4084111621-3\" aria-expanded=\"false\" class=\"dropdowncustom tpt_config_control_dropdown dropdown-toggle btn btn-success\">...</button> is not clickable at point (611, 160). Other element would receive the click: <div id=\"page-wrap-onOpen\">...</div>\n  (Session info: chrome=134.0.6998.165)\nStacktrace:\n\tGetHandleVerifier [0x00007FF686DC4C25+3179557]\n\t(No symbol) [0x00007FF686A288A0]\n\t(No symbol) [0x00007FF6868B91CA]\n\t(No symbol) [0x00007FF686917929]\n\t(No symbol) [0x00007FF6869152E2]\n\t(No symbol) [0x00007FF686912381]\n\t(No symbol) [0x00007FF686911281]\n\t(No symbol) [0x00007FF686902A24]\n\t(No symbol) [0x00007FF686937C2A]\n\t(No symbol) [0x00007FF6869022D6]\n\t(No symbol) [0x00007FF686937E40]\n\t(No symbol) [0x00007FF6869602F3]\n\t(No symbol) [0x00007FF686937A03]\n\t(No symbol) [0x00007FF6869006D0]\n\t(No symbol) [0x00007FF686901983]\n\tGetHandleVerifier [0x00007FF686E267CD+3579853]\n\tGetHandleVerifier [0x00007FF686E3D1D2+3672530]\n\tGetHandleVerifier [0x00007FF686E32153+3627347]\n\tGetHandleVerifier [0x00007FF686B9092A+868650]\n\t(No symbol) [0x00007FF686A32FFF]\n\t(No symbol) [0x00007FF686A2F4A4]\n\t(No symbol) [0x00007FF686A2F646]\n\t(No symbol) [0x00007FF686A1EAA9]\n\tBaseThreadInitThunk [0x00007FFEE8F2E8D7+23]\n\tRtlUserThreadStart [0x00007FFEE957BF6C+44]","time":{"start":1742904781324,"stop":1742904782454,"duration":1130}},{"uid":"53f3ee24dda7a498","status":"passed","time":{"start":1742899954255,"stop":1742899962193,"duration":7938}},{"uid":"7bbf45891da00448","status":"passed","time":{"start":1742887923159,"stop":1742887936674,"duration":13515}},{"uid":"1eff85da93d8c0d9","status":"broken","statusDetails":"selenium.common.exceptions.ElementClickInterceptedException: Message: element click intercepted: Element <button type=\"button\" id=\"react-aria3639269904-3\" aria-expanded=\"false\" class=\"dropdowncustom tpt_config_control_dropdown dropdown-toggle btn btn-success\">...</button> is not clickable at point (611, 160). Other element would receive the click: <div id=\"page-wrap-onOpen\">...</div>\n  (Session info: chrome=134.0.6998.165)\nStacktrace:\n\tGetHandleVerifier [0x00007FF63A924C25+3179557]\n\t(No symbol) [0x00007FF63A5888A0]\n\t(No symbol) [0x00007FF63A4191CA]\n\t(No symbol) [0x00007FF63A477929]\n\t(No symbol) [0x00007FF63A4752E2]\n\t(No symbol) [0x00007FF63A472381]\n\t(No symbol) [0x00007FF63A471281]\n\t(No symbol) [0x00007FF63A462A24]\n\t(No symbol) [0x00007FF63A497C2A]\n\t(No symbol) [0x00007FF63A4622D6]\n\t(No symbol) [0x00007FF63A497E40]\n\t(No symbol) [0x00007FF63A4C02F3]\n\t(No symbol) [0x00007FF63A497A03]\n\t(No symbol) [0x00007FF63A4606D0]\n\t(No symbol) [0x00007FF63A461983]\n\tGetHandleVerifier [0x00007FF63A9867CD+3579853]\n\tGetHandleVerifier [0x00007FF63A99D1D2+3672530]\n\tGetHandleVerifier [0x00007FF63A992153+3627347]\n\tGetHandleVerifier [0x00007FF63A6F092A+868650]\n\t(No symbol) [0x00007FF63A592FFF]\n\t(No symbol) [0x00007FF63A58F4A4]\n\t(No symbol) [0x00007FF63A58F646]\n\t(No symbol) [0x00007FF63A57EAA9]\n\tBaseThreadInitThunk [0x00007FFEE8F2E8D7+23]\n\tRtlUserThreadStart [0x00007FFEE957BF6C+44]","time":{"start":1742729269350,"stop":1742729270419,"duration":1069}},{"uid":"a1caaa7aff54715c","status":"broken","statusDetails":"selenium.common.exceptions.ElementClickInterceptedException: Message: element click intercepted: Element <button type=\"button\" id=\"react-aria2178997264-3\" aria-expanded=\"false\" class=\"dropdowncustom tpt_config_control_dropdown dropdown-toggle btn btn-success\">...</button> is not clickable at point (611, 160). Other element would receive the click: <div id=\"page-wrap-onOpen\">...</div>\n  (Session info: chrome=134.0.6998.90)\nStacktrace:\n\tGetHandleVerifier [0x00007FF6D302FE65+26629]\n\t(No symbol) [0x00007FF6D2F96030]\n\t(No symbol) [0x00007FF6D2E2931A]\n\t(No symbol) [0x00007FF6D2E877A9]\n\t(No symbol) [0x00007FF6D2E85162]\n\t(No symbol) [0x00007FF6D2E82201]\n\t(No symbol) [0x00007FF6D2E81108]\n\t(No symbol) [0x00007FF6D2E728A4]\n\t(No symbol) [0x00007FF6D2EA7AAA]\n\t(No symbol) [0x00007FF6D2E72156]\n\t(No symbol) [0x00007FF6D2EA7CC0]\n\t(No symbol) [0x00007FF6D2ED0169]\n\t(No symbol) [0x00007FF6D2EA7883]\n\t(No symbol) [0x00007FF6D2E70550]\n\t(No symbol) [0x00007FF6D2E71803]\n\tGetHandleVerifier [0x00007FF6D33872DD+3529853]\n\tGetHandleVerifier [0x00007FF6D339DA42+3621858]\n\tGetHandleVerifier [0x00007FF6D33924F3+3575443]\n\tGetHandleVerifier [0x00007FF6D30FB79A+860474]\n\t(No symbol) [0x00007FF6D2FA08AF]\n\t(No symbol) [0x00007FF6D2F9CBE4]\n\t(No symbol) [0x00007FF6D2F9CD86]\n\t(No symbol) [0x00007FF6D2F8C2E9]\n\tBaseThreadInitThunk [0x00007FFEE8F2E8D7+23]\n\tRtlUserThreadStart [0x00007FFEE957BF6C+44]","time":{"start":1742557272038,"stop":1742557273145,"duration":1107}},{"uid":"3961b97cfd101a94","status":"broken","statusDetails":"selenium.common.exceptions.ElementClickInterceptedException: Message: element click intercepted: Element <button type=\"button\" id=\"react-aria4570369327-3\" aria-expanded=\"false\" class=\"dropdowncustom tpt_config_control_dropdown dropdown-toggle btn btn-success\">...</button> is not clickable at point (611, 160). Other element would receive the click: <div id=\"page-wrap-onOpen\">...</div>\n  (Session info: chrome=134.0.6998.90)\nStacktrace:\n\tGetHandleVerifier [0x00007FF72DD8FE65+26629]\n\t(No symbol) [0x00007FF72DCF6030]\n\t(No symbol) [0x00007FF72DB8931A]\n\t(No symbol) [0x00007FF72DBE77A9]\n\t(No symbol) [0x00007FF72DBE5162]\n\t(No symbol) [0x00007FF72DBE2201]\n\t(No symbol) [0x00007FF72DBE1108]\n\t(No symbol) [0x00007FF72DBD28A4]\n\t(No symbol) [0x00007FF72DC07AAA]\n\t(No symbol) [0x00007FF72DBD2156]\n\t(No symbol) [0x00007FF72DC07CC0]\n\t(No symbol) [0x00007FF72DC30169]\n\t(No symbol) [0x00007FF72DC07883]\n\t(No symbol) [0x00007FF72DBD0550]\n\t(No symbol) [0x00007FF72DBD1803]\n\tGetHandleVerifier [0x00007FF72E0E72DD+3529853]\n\tGetHandleVerifier [0x00007FF72E0FDA42+3621858]\n\tGetHandleVerifier [0x00007FF72E0F24F3+3575443]\n\tGetHandleVerifier [0x00007FF72DE5B79A+860474]\n\t(No symbol) [0x00007FF72DD008AF]\n\t(No symbol) [0x00007FF72DCFCBE4]\n\t(No symbol) [0x00007FF72DCFCD86]\n\t(No symbol) [0x00007FF72DCEC2E9]\n\tBaseThreadInitThunk [0x00007FFEE8F2E8D7+23]\n\tRtlUserThreadStart [0x00007FFEE957BF6C+44]","time":{"start":1742553094888,"stop":1742553096015,"duration":1127}},{"uid":"c55c83c14a742800","status":"passed","time":{"start":1742552298411,"stop":1742552298628,"duration":217}},{"uid":"27cccf9e57da04da","status":"passed","time":{"start":1742551411206,"stop":1742551411487,"duration":281}},{"uid":"f003b8c65bdd605d","status":"passed","time":{"start":1742550782869,"stop":1742550783141,"duration":272}},{"uid":"49fe30ce90b3310a","status":"passed","time":{"start":1742538098488,"stop":1742538098753,"duration":265}},{"uid":"dd3aa21fb7b3fa0a","status":"passed","time":{"start":1742534764702,"stop":1742534764933,"duration":231}},{"uid":"2bcd74c549c01a20","status":"passed","time":{"start":1742532066751,"stop":1742532067087,"duration":336}},{"uid":"36b4e799a9d99432","status":"broken","statusDetails":"selenium.common.exceptions.ElementClickInterceptedException: Message: element click intercepted: Element <button type=\"button\" id=\"react-aria513929283-3\" aria-expanded=\"false\" class=\"dropdowncustom tpt_config_control_dropdown dropdown-toggle btn btn-success\">...</button> is not clickable at point (611, 160). Other element would receive the click: <div id=\"page-wrap-onOpen\">...</div>\n  (Session info: chrome=134.0.6998.90)\nStacktrace:\n\tGetHandleVerifier [0x00007FF713F4FE65+26629]\n\t(No symbol) [0x00007FF713EB6030]\n\t(No symbol) [0x00007FF713D4931A]\n\t(No symbol) [0x00007FF713DA77A9]\n\t(No symbol) [0x00007FF713DA5162]\n\t(No symbol) [0x00007FF713DA2201]\n\t(No symbol) [0x00007FF713DA1108]\n\t(No symbol) [0x00007FF713D928A4]\n\t(No symbol) [0x00007FF713DC7AAA]\n\t(No symbol) [0x00007FF713D92156]\n\t(No symbol) [0x00007FF713DC7CC0]\n\t(No symbol) [0x00007FF713DF0169]\n\t(No symbol) [0x00007FF713DC7883]\n\t(No symbol) [0x00007FF713D90550]\n\t(No symbol) [0x00007FF713D91803]\n\tGetHandleVerifier [0x00007FF7142A72DD+3529853]\n\tGetHandleVerifier [0x00007FF7142BDA42+3621858]\n\tGetHandleVerifier [0x00007FF7142B24F3+3575443]\n\tGetHandleVerifier [0x00007FF71401B79A+860474]\n\t(No symbol) [0x00007FF713EC08AF]\n\t(No symbol) [0x00007FF713EBCBE4]\n\t(No symbol) [0x00007FF713EBCD86]\n\t(No symbol) [0x00007FF713EAC2E9]\n\tBaseThreadInitThunk [0x00007FFEE8F2E8D7+23]\n\tRtlUserThreadStart [0x00007FFEE957BF6C+44]","time":{"start":1742495521418,"stop":1742495522458,"duration":1040}},{"uid":"98fec5da49e5224b","status":"broken","statusDetails":"selenium.common.exceptions.WebDriverException: Message: unknown error: net::ERR_CONNECTION_REFUSED\n  (Session info: chrome=134.0.6998.90)\nStacktrace:\n\tGetHandleVerifier [0x00007FF791E9FE65+26629]\n\t(No symbol) [0x00007FF791E06030]\n\t(No symbol) [0x00007FF791C9931A]\n\t(No symbol) [0x00007FF791C95D10]\n\t(No symbol) [0x00007FF791C868C9]\n\t(No symbol) [0x00007FF791C88638]\n\t(No symbol) [0x00007FF791C86BD6]\n\t(No symbol) [0x00007FF791C86656]\n\t(No symbol) [0x00007FF791C8631A]\n\t(No symbol) [0x00007FF791C83E9F]\n\t(No symbol) [0x00007FF791C8478C]\n\t(No symbol) [0x00007FF791C9D16A]\n\t(No symbol) [0x00007FF791D4102E]\n\t(No symbol) [0x00007FF791D17AAA]\n\t(No symbol) [0x00007FF791D40169]\n\t(No symbol) [0x00007FF791D17883]\n\t(No symbol) [0x00007FF791CE0550]\n\t(No symbol) [0x00007FF791CE1803]\n\tGetHandleVerifier [0x00007FF7921F72DD+3529853]\n\tGetHandleVerifier [0x00007FF79220DA42+3621858]\n\tGetHandleVerifier [0x00007FF7922024F3+3575443]\n\tGetHandleVerifier [0x00007FF791F6B79A+860474]\n\t(No symbol) [0x00007FF791E108AF]\n\t(No symbol) [0x00007FF791E0CBE4]\n\t(No symbol) [0x00007FF791E0CD86]\n\t(No symbol) [0x00007FF791DFC2E9]\n\tBaseThreadInitThunk [0x00007FFEE8F2E8D7+23]\n\tRtlUserThreadStart [0x00007FFEE957BF6C+44]","time":{"start":1742494019650,"stop":1742494019650,"duration":0}},{"uid":"25e524a7497d22b","status":"broken","statusDetails":"selenium.common.exceptions.WebDriverException: Message: unknown error: net::ERR_CONNECTION_REFUSED\n  (Session info: chrome=134.0.6998.90)\nStacktrace:\n\tGetHandleVerifier [0x00007FF7D324FE65+26629]\n\t(No symbol) [0x00007FF7D31B6030]\n\t(No symbol) [0x00007FF7D304931A]\n\t(No symbol) [0x00007FF7D3045D10]\n\t(No symbol) [0x00007FF7D30368C9]\n\t(No symbol) [0x00007FF7D3038638]\n\t(No symbol) [0x00007FF7D3036BD6]\n\t(No symbol) [0x00007FF7D3036656]\n\t(No symbol) [0x00007FF7D303631A]\n\t(No symbol) [0x00007FF7D3033E9F]\n\t(No symbol) [0x00007FF7D303478C]\n\t(No symbol) [0x00007FF7D304D16A]\n\t(No symbol) [0x00007FF7D30F102E]\n\t(No symbol) [0x00007FF7D30C7AAA]\n\t(No symbol) [0x00007FF7D30F0169]\n\t(No symbol) [0x00007FF7D30C7883]\n\t(No symbol) [0x00007FF7D3090550]\n\t(No symbol) [0x00007FF7D3091803]\n\tGetHandleVerifier [0x00007FF7D35A72DD+3529853]\n\tGetHandleVerifier [0x00007FF7D35BDA42+3621858]\n\tGetHandleVerifier [0x00007FF7D35B24F3+3575443]\n\tGetHandleVerifier [0x00007FF7D331B79A+860474]\n\t(No symbol) [0x00007FF7D31C08AF]\n\t(No symbol) [0x00007FF7D31BCBE4]\n\t(No symbol) [0x00007FF7D31BCD86]\n\t(No symbol) [0x00007FF7D31AC2E9]\n\tBaseThreadInitThunk [0x00007FFEE8F2E8D7+23]\n\tRtlUserThreadStart [0x00007FFEE957BF6C+44]","time":{"start":1742478965093,"stop":1742478965093,"duration":0}}],"categories":[],"history":{"statistic":{"failed":0,"broken":13,"skipped":0,"passed":10,"unknown":0,"total":23},"items":[{"uid":"3350e39bf22caa80","reportUrl":"http://localhost:8080/job/Sanity/10/allure/#testresult/3350e39bf22caa80","status":"broken","statusDetails":"selenium.common.exceptions.ElementClickInterceptedException: Message: element click intercepted: Element <button type=\"button\" id=\"react-aria1934588517-3\" aria-expanded=\"false\" class=\"dropdowncustom tpt_config_control_dropdown dropdown-toggle btn btn-success\">...</button> is not clickable at point (611, 160). Other element would receive the click: <div id=\"page-wrap-onOpen\">...</div>\n  (Session info: chrome=134.0.6998.165)\nStacktrace:\n\tGetHandleVerifier [0x00007FF78F704C25+3179557]\n\t(No symbol) [0x00007FF78F3688A0]\n\t(No symbol) [0x00007FF78F1F91CA]\n\t(No symbol) [0x00007FF78F257929]\n\t(No symbol) [0x00007FF78F2552E2]\n\t(No symbol) [0x00007FF78F252381]\n\t(No symbol) [0x00007FF78F251281]\n\t(No symbol) [0x00007FF78F242A24]\n\t(No symbol) [0x00007FF78F277C2A]\n\t(No symbol) [0x00007FF78F2422D6]\n\t(No symbol) [0x00007FF78F277E40]\n\t(No symbol) [0x00007FF78F2A02F3]\n\t(No symbol) [0x00007FF78F277A03]\n\t(No symbol) [0x00007FF78F2406D0]\n\t(No symbol) [0x00007FF78F241983]\n\tGetHandleVerifier [0x00007FF78F7667CD+3579853]\n\tGetHandleVerifier [0x00007FF78F77D1D2+3672530]\n\tGetHandleVerifier [0x00007FF78F772153+3627347]\n\tGetHandleVerifier [0x00007FF78F4D092A+868650]\n\t(No symbol) [0x00007FF78F372FFF]\n\t(No symbol) [0x00007FF78F36F4A4]\n\t(No symbol) [0x00007FF78F36F646]\n\t(No symbol) [0x00007FF78F35EAA9]\n\tBaseThreadInitThunk [0x00007FFEE8F2E8D7+23]\n\tRtlUserThreadStart [0x00007FFEE957BF6C+44]","time":{"start":1742912125294,"stop":1742912126444,"duration":1150}},{"uid":"351d00557edb61ad","reportUrl":"http://localhost:8080/job/Sanity/9/allure/#testresult/351d00557edb61ad","status":"broken","statusDetails":"selenium.common.exceptions.ElementClickInterceptedException: Message: element click intercepted: Element <button type=\"button\" id=\"react-aria1934588517-3\" aria-expanded=\"false\" class=\"dropdowncustom tpt_config_control_dropdown dropdown-toggle btn btn-success\">...</button> is not clickable at point (611, 160). Other element would receive the click: <div id=\"page-wrap-onOpen\">...</div>\n  (Session info: chrome=134.0.6998.165)\nStacktrace:\n\tGetHandleVerifier [0x00007FF78F704C25+3179557]\n\t(No symbol) [0x00007FF78F3688A0]\n\t(No symbol) [0x00007FF78F1F91CA]\n\t(No symbol) [0x00007FF78F257929]\n\t(No symbol) [0x00007FF78F2552E2]\n\t(No symbol) [0x00007FF78F252381]\n\t(No symbol) [0x00007FF78F251281]\n\t(No symbol) [0x00007FF78F242A24]\n\t(No symbol) [0x00007FF78F277C2A]\n\t(No symbol) [0x00007FF78F2422D6]\n\t(No symbol) [0x00007FF78F277E40]\n\t(No symbol) [0x00007FF78F2A02F3]\n\t(No symbol) [0x00007FF78F277A03]\n\t(No symbol) [0x00007FF78F2406D0]\n\t(No symbol) [0x00007FF78F241983]\n\tGetHandleVerifier [0x00007FF78F7667CD+3579853]\n\tGetHandleVerifier [0x00007FF78F77D1D2+3672530]\n\tGetHandleVerifier [0x00007FF78F772153+3627347]\n\tGetHandleVerifier [0x00007FF78F4D092A+868650]\n\t(No symbol) [0x00007FF78F372FFF]\n\t(No symbol) [0x00007FF78F36F4A4]\n\t(No symbol) [0x00007FF78F36F646]\n\t(No symbol) [0x00007FF78F35EAA9]\n\tBaseThreadInitThunk [0x00007FFEE8F2E8D7+23]\n\tRtlUserThreadStart [0x00007FFEE957BF6C+44]","time":{"start":1742912125294,"stop":1742912126444,"duration":1150}},{"uid":"ad0e113003104b68","reportUrl":"http://localhost:8080/job/Sanity/8/allure/#testresult/ad0e113003104b68","status":"broken","statusDetails":"selenium.common.exceptions.ElementClickInterceptedException: Message: element click intercepted: Element <button type=\"button\" id=\"react-aria1934588517-3\" aria-expanded=\"false\" class=\"dropdowncustom tpt_config_control_dropdown dropdown-toggle btn btn-success\">...</button> is not clickable at point (611, 160). Other element would receive the click: <div id=\"page-wrap-onOpen\">...</div>\n  (Session info: chrome=134.0.6998.165)\nStacktrace:\n\tGetHandleVerifier [0x00007FF78F704C25+3179557]\n\t(No symbol) [0x00007FF78F3688A0]\n\t(No symbol) [0x00007FF78F1F91CA]\n\t(No symbol) [0x00007FF78F257929]\n\t(No symbol) [0x00007FF78F2552E2]\n\t(No symbol) [0x00007FF78F252381]\n\t(No symbol) [0x00007FF78F251281]\n\t(No symbol) [0x00007FF78F242A24]\n\t(No symbol) [0x00007FF78F277C2A]\n\t(No symbol) [0x00007FF78F2422D6]\n\t(No symbol) [0x00007FF78F277E40]\n\t(No symbol) [0x00007FF78F2A02F3]\n\t(No symbol) [0x00007FF78F277A03]\n\t(No symbol) [0x00007FF78F2406D0]\n\t(No symbol) [0x00007FF78F241983]\n\tGetHandleVerifier [0x00007FF78F7667CD+3579853]\n\tGetHandleVerifier [0x00007FF78F77D1D2+3672530]\n\tGetHandleVerifier [0x00007FF78F772153+3627347]\n\tGetHandleVerifier [0x00007FF78F4D092A+868650]\n\t(No symbol) [0x00007FF78F372FFF]\n\t(No symbol) [0x00007FF78F36F4A4]\n\t(No symbol) [0x00007FF78F36F646]\n\t(No symbol) [0x00007FF78F35EAA9]\n\tBaseThreadInitThunk [0x00007FFEE8F2E8D7+23]\n\tRtlUserThreadStart [0x00007FFEE957BF6C+44]","time":{"start":1742912125294,"stop":1742912126444,"duration":1150}},{"uid":"1574372bf86ee90c","reportUrl":"http://localhost:8080/job/Sanity/7/allure/#testresult/1574372bf86ee90c","status":"broken","statusDetails":"selenium.common.exceptions.ElementClickInterceptedException: Message: element click intercepted: Element <button type=\"button\" id=\"react-aria1934588517-3\" aria-expanded=\"false\" class=\"dropdowncustom tpt_config_control_dropdown dropdown-toggle btn btn-success\">...</button> is not clickable at point (611, 160). Other element would receive the click: <div id=\"page-wrap-onOpen\">...</div>\n  (Session info: chrome=134.0.6998.165)\nStacktrace:\n\tGetHandleVerifier [0x00007FF78F704C25+3179557]\n\t(No symbol) [0x00007FF78F3688A0]\n\t(No symbol) [0x00007FF78F1F91CA]\n\t(No symbol) [0x00007FF78F257929]\n\t(No symbol) [0x00007FF78F2552E2]\n\t(No symbol) [0x00007FF78F252381]\n\t(No symbol) [0x00007FF78F251281]\n\t(No symbol) [0x00007FF78F242A24]\n\t(No symbol) [0x00007FF78F277C2A]\n\t(No symbol) [0x00007FF78F2422D6]\n\t(No symbol) [0x00007FF78F277E40]\n\t(No symbol) [0x00007FF78F2A02F3]\n\t(No symbol) [0x00007FF78F277A03]\n\t(No symbol) [0x00007FF78F2406D0]\n\t(No symbol) [0x00007FF78F241983]\n\tGetHandleVerifier [0x00007FF78F7667CD+3579853]\n\tGetHandleVerifier [0x00007FF78F77D1D2+3672530]\n\tGetHandleVerifier [0x00007FF78F772153+3627347]\n\tGetHandleVerifier [0x00007FF78F4D092A+868650]\n\t(No symbol) [0x00007FF78F372FFF]\n\t(No symbol) [0x00007FF78F36F4A4]\n\t(No symbol) [0x00007FF78F36F646]\n\t(No symbol) [0x00007FF78F35EAA9]\n\tBaseThreadInitThunk [0x00007FFEE8F2E8D7+23]\n\tRtlUserThreadStart [0x00007FFEE957BF6C+44]","time":{"start":1742912125294,"stop":1742912126444,"duration":1150}},{"uid":"8748100410fb656b","reportUrl":"http://localhost:1010/job/Sanity/57/allure/#testresult/8748100410fb656b","status":"broken","statusDetails":"selenium.common.exceptions.ElementClickInterceptedException: Message: element click intercepted: Element <button type=\"button\" id=\"react-aria4084111621-3\" aria-expanded=\"false\" class=\"dropdowncustom tpt_config_control_dropdown dropdown-toggle btn btn-success\">...</button> is not clickable at point (611, 160). Other element would receive the click: <div id=\"page-wrap-onOpen\">...</div>\n  (Session info: chrome=134.0.6998.165)\nStacktrace:\n\tGetHandleVerifier [0x00007FF686DC4C25+3179557]\n\t(No symbol) [0x00007FF686A288A0]\n\t(No symbol) [0x00007FF6868B91CA]\n\t(No symbol) [0x00007FF686917929]\n\t(No symbol) [0x00007FF6869152E2]\n\t(No symbol) [0x00007FF686912381]\n\t(No symbol) [0x00007FF686911281]\n\t(No symbol) [0x00007FF686902A24]\n\t(No symbol) [0x00007FF686937C2A]\n\t(No symbol) [0x00007FF6869022D6]\n\t(No symbol) [0x00007FF686937E40]\n\t(No symbol) [0x00007FF6869602F3]\n\t(No symbol) [0x00007FF686937A03]\n\t(No symbol) [0x00007FF6869006D0]\n\t(No symbol) [0x00007FF686901983]\n\tGetHandleVerifier [0x00007FF686E267CD+3579853]\n\tGetHandleVerifier [0x00007FF686E3D1D2+3672530]\n\tGetHandleVerifier [0x00007FF686E32153+3627347]\n\tGetHandleVerifier [0x00007FF686B9092A+868650]\n\t(No symbol) [0x00007FF686A32FFF]\n\t(No symbol) [0x00007FF686A2F4A4]\n\t(No symbol) [0x00007FF686A2F646]\n\t(No symbol) [0x00007FF686A1EAA9]\n\tBaseThreadInitThunk [0x00007FFEE8F2E8D7+23]\n\tRtlUserThreadStart [0x00007FFEE957BF6C+44]","time":{"start":1742904781324,"stop":1742904782454,"duration":1130}},{"uid":"551dbf36f252d41d","reportUrl":"http://localhost:1010/job/Sanity/56/allure/#testresult/551dbf36f252d41d","status":"passed","time":{"start":1742899954255,"stop":1742899962193,"duration":7938}},{"uid":"ee4e400f298898e4","reportUrl":"http://localhost:1010/job/Sanity/55/allure/#testresult/ee4e400f298898e4","status":"passed","time":{"start":1742887923159,"stop":1742887936674,"duration":13515}},{"uid":"67d5d39b223df855","reportUrl":"http://localhost:1010/job/Sanity/54/allure/#testresult/67d5d39b223df855","status":"broken","statusDetails":"selenium.common.exceptions.ElementClickInterceptedException: Message: element click intercepted: Element <button type=\"button\" id=\"react-aria3639269904-3\" aria-expanded=\"false\" class=\"dropdowncustom tpt_config_control_dropdown dropdown-toggle btn btn-success\">...</button> is not clickable at point (611, 160). Other element would receive the click: <div id=\"page-wrap-onOpen\">...</div>\n  (Session info: chrome=134.0.6998.165)\nStacktrace:\n\tGetHandleVerifier [0x00007FF63A924C25+3179557]\n\t(No symbol) [0x00007FF63A5888A0]\n\t(No symbol) [0x00007FF63A4191CA]\n\t(No symbol) [0x00007FF63A477929]\n\t(No symbol) [0x00007FF63A4752E2]\n\t(No symbol) [0x00007FF63A472381]\n\t(No symbol) [0x00007FF63A471281]\n\t(No symbol) [0x00007FF63A462A24]\n\t(No symbol) [0x00007FF63A497C2A]\n\t(No symbol) [0x00007FF63A4622D6]\n\t(No symbol) [0x00007FF63A497E40]\n\t(No symbol) [0x00007FF63A4C02F3]\n\t(No symbol) [0x00007FF63A497A03]\n\t(No symbol) [0x00007FF63A4606D0]\n\t(No symbol) [0x00007FF63A461983]\n\tGetHandleVerifier [0x00007FF63A9867CD+3579853]\n\tGetHandleVerifier [0x00007FF63A99D1D2+3672530]\n\tGetHandleVerifier [0x00007FF63A992153+3627347]\n\tGetHandleVerifier [0x00007FF63A6F092A+868650]\n\t(No symbol) [0x00007FF63A592FFF]\n\t(No symbol) [0x00007FF63A58F4A4]\n\t(No symbol) [0x00007FF63A58F646]\n\t(No symbol) [0x00007FF63A57EAA9]\n\tBaseThreadInitThunk [0x00007FFEE8F2E8D7+23]\n\tRtlUserThreadStart [0x00007FFEE957BF6C+44]","time":{"start":1742729269350,"stop":1742729270419,"duration":1069}},{"uid":"f1176d6f80490e23","reportUrl":"http://localhost:1010/job/Sanity/53/allure/#testresult/f1176d6f80490e23","status":"broken","statusDetails":"selenium.common.exceptions.ElementClickInterceptedException: Message: element click intercepted: Element <button type=\"button\" id=\"react-aria2178997264-3\" aria-expanded=\"false\" class=\"dropdowncustom tpt_config_control_dropdown dropdown-toggle btn btn-success\">...</button> is not clickable at point (611, 160). Other element would receive the click: <div id=\"page-wrap-onOpen\">...</div>\n  (Session info: chrome=134.0.6998.90)\nStacktrace:\n\tGetHandleVerifier [0x00007FF6D302FE65+26629]\n\t(No symbol) [0x00007FF6D2F96030]\n\t(No symbol) [0x00007FF6D2E2931A]\n\t(No symbol) [0x00007FF6D2E877A9]\n\t(No symbol) [0x00007FF6D2E85162]\n\t(No symbol) [0x00007FF6D2E82201]\n\t(No symbol) [0x00007FF6D2E81108]\n\t(No symbol) [0x00007FF6D2E728A4]\n\t(No symbol) [0x00007FF6D2EA7AAA]\n\t(No symbol) [0x00007FF6D2E72156]\n\t(No symbol) [0x00007FF6D2EA7CC0]\n\t(No symbol) [0x00007FF6D2ED0169]\n\t(No symbol) [0x00007FF6D2EA7883]\n\t(No symbol) [0x00007FF6D2E70550]\n\t(No symbol) [0x00007FF6D2E71803]\n\tGetHandleVerifier [0x00007FF6D33872DD+3529853]\n\tGetHandleVerifier [0x00007FF6D339DA42+3621858]\n\tGetHandleVerifier [0x00007FF6D33924F3+3575443]\n\tGetHandleVerifier [0x00007FF6D30FB79A+860474]\n\t(No symbol) [0x00007FF6D2FA08AF]\n\t(No symbol) [0x00007FF6D2F9CBE4]\n\t(No symbol) [0x00007FF6D2F9CD86]\n\t(No symbol) [0x00007FF6D2F8C2E9]\n\tBaseThreadInitThunk [0x00007FFEE8F2E8D7+23]\n\tRtlUserThreadStart [0x00007FFEE957BF6C+44]","time":{"start":1742557272038,"stop":1742557273145,"duration":1107}},{"uid":"94af40168fad57a2","reportUrl":"http://localhost:1010/job/Sanity/52/allure/#testresult/94af40168fad57a2","status":"broken","statusDetails":"selenium.common.exceptions.ElementClickInterceptedException: Message: element click intercepted: Element <button type=\"button\" id=\"react-aria2178997264-3\" aria-expanded=\"false\" class=\"dropdowncustom tpt_config_control_dropdown dropdown-toggle btn btn-success\">...</button> is not clickable at point (611, 160). Other element would receive the click: <div id=\"page-wrap-onOpen\">...</div>\n  (Session info: chrome=134.0.6998.90)\nStacktrace:\n\tGetHandleVerifier [0x00007FF6D302FE65+26629]\n\t(No symbol) [0x00007FF6D2F96030]\n\t(No symbol) [0x00007FF6D2E2931A]\n\t(No symbol) [0x00007FF6D2E877A9]\n\t(No symbol) [0x00007FF6D2E85162]\n\t(No symbol) [0x00007FF6D2E82201]\n\t(No symbol) [0x00007FF6D2E81108]\n\t(No symbol) [0x00007FF6D2E728A4]\n\t(No symbol) [0x00007FF6D2EA7AAA]\n\t(No symbol) [0x00007FF6D2E72156]\n\t(No symbol) [0x00007FF6D2EA7CC0]\n\t(No symbol) [0x00007FF6D2ED0169]\n\t(No symbol) [0x00007FF6D2EA7883]\n\t(No symbol) [0x00007FF6D2E70550]\n\t(No symbol) [0x00007FF6D2E71803]\n\tGetHandleVerifier [0x00007FF6D33872DD+3529853]\n\tGetHandleVerifier [0x00007FF6D339DA42+3621858]\n\tGetHandleVerifier [0x00007FF6D33924F3+3575443]\n\tGetHandleVerifier [0x00007FF6D30FB79A+860474]\n\t(No symbol) [0x00007FF6D2FA08AF]\n\t(No symbol) [0x00007FF6D2F9CBE4]\n\t(No symbol) [0x00007FF6D2F9CD86]\n\t(No symbol) [0x00007FF6D2F8C2E9]\n\tBaseThreadInitThunk [0x00007FFEE8F2E8D7+23]\n\tRtlUserThreadStart [0x00007FFEE957BF6C+44]","time":{"start":1742557272038,"stop":1742557273145,"duration":1107}},{"uid":"c1d45a696378e54","reportUrl":"http://localhost:1010/job/Sanity/51/allure/#testresult/c1d45a696378e54","status":"broken","statusDetails":"selenium.common.exceptions.ElementClickInterceptedException: Message: element click intercepted: Element <button type=\"button\" id=\"react-aria2178997264-3\" aria-expanded=\"false\" class=\"dropdowncustom tpt_config_control_dropdown dropdown-toggle btn btn-success\">...</button> is not clickable at point (611, 160). Other element would receive the click: <div id=\"page-wrap-onOpen\">...</div>\n  (Session info: chrome=134.0.6998.90)\nStacktrace:\n\tGetHandleVerifier [0x00007FF6D302FE65+26629]\n\t(No symbol) [0x00007FF6D2F96030]\n\t(No symbol) [0x00007FF6D2E2931A]\n\t(No symbol) [0x00007FF6D2E877A9]\n\t(No symbol) [0x00007FF6D2E85162]\n\t(No symbol) [0x00007FF6D2E82201]\n\t(No symbol) [0x00007FF6D2E81108]\n\t(No symbol) [0x00007FF6D2E728A4]\n\t(No symbol) [0x00007FF6D2EA7AAA]\n\t(No symbol) [0x00007FF6D2E72156]\n\t(No symbol) [0x00007FF6D2EA7CC0]\n\t(No symbol) [0x00007FF6D2ED0169]\n\t(No symbol) [0x00007FF6D2EA7883]\n\t(No symbol) [0x00007FF6D2E70550]\n\t(No symbol) [0x00007FF6D2E71803]\n\tGetHandleVerifier [0x00007FF6D33872DD+3529853]\n\tGetHandleVerifier [0x00007FF6D339DA42+3621858]\n\tGetHandleVerifier [0x00007FF6D33924F3+3575443]\n\tGetHandleVerifier [0x00007FF6D30FB79A+860474]\n\t(No symbol) [0x00007FF6D2FA08AF]\n\t(No symbol) [0x00007FF6D2F9CBE4]\n\t(No symbol) [0x00007FF6D2F9CD86]\n\t(No symbol) [0x00007FF6D2F8C2E9]\n\tBaseThreadInitThunk [0x00007FFEE8F2E8D7+23]\n\tRtlUserThreadStart [0x00007FFEE957BF6C+44]","time":{"start":1742557272038,"stop":1742557273145,"duration":1107}},{"uid":"8b111f08d7e398b8","reportUrl":"http://localhost:1010/job/Sanity/50/allure/#testresult/8b111f08d7e398b8","status":"broken","statusDetails":"selenium.common.exceptions.ElementClickInterceptedException: Message: element click intercepted: Element <button type=\"button\" id=\"react-aria4570369327-3\" aria-expanded=\"false\" class=\"dropdowncustom tpt_config_control_dropdown dropdown-toggle btn btn-success\">...</button> is not clickable at point (611, 160). Other element would receive the click: <div id=\"page-wrap-onOpen\">...</div>\n  (Session info: chrome=134.0.6998.90)\nStacktrace:\n\tGetHandleVerifier [0x00007FF72DD8FE65+26629]\n\t(No symbol) [0x00007FF72DCF6030]\n\t(No symbol) [0x00007FF72DB8931A]\n\t(No symbol) [0x00007FF72DBE77A9]\n\t(No symbol) [0x00007FF72DBE5162]\n\t(No symbol) [0x00007FF72DBE2201]\n\t(No symbol) [0x00007FF72DBE1108]\n\t(No symbol) [0x00007FF72DBD28A4]\n\t(No symbol) [0x00007FF72DC07AAA]\n\t(No symbol) [0x00007FF72DBD2156]\n\t(No symbol) [0x00007FF72DC07CC0]\n\t(No symbol) [0x00007FF72DC30169]\n\t(No symbol) [0x00007FF72DC07883]\n\t(No symbol) [0x00007FF72DBD0550]\n\t(No symbol) [0x00007FF72DBD1803]\n\tGetHandleVerifier [0x00007FF72E0E72DD+3529853]\n\tGetHandleVerifier [0x00007FF72E0FDA42+3621858]\n\tGetHandleVerifier [0x00007FF72E0F24F3+3575443]\n\tGetHandleVerifier [0x00007FF72DE5B79A+860474]\n\t(No symbol) [0x00007FF72DD008AF]\n\t(No symbol) [0x00007FF72DCFCBE4]\n\t(No symbol) [0x00007FF72DCFCD86]\n\t(No symbol) [0x00007FF72DCEC2E9]\n\tBaseThreadInitThunk [0x00007FFEE8F2E8D7+23]\n\tRtlUserThreadStart [0x00007FFEE957BF6C+44]","time":{"start":1742553094888,"stop":1742553096015,"duration":1127}},{"uid":"b2db0eed77658808","reportUrl":"http://localhost:1010/job/Sanity/49/allure/#testresult/b2db0eed77658808","status":"passed","time":{"start":1742552298411,"stop":1742552298628,"duration":217}},{"uid":"6ed7c8ad3890e034","reportUrl":"http://localhost:1010/job/Sanity/48/allure/#testresult/6ed7c8ad3890e034","status":"passed","time":{"start":1742551411206,"stop":1742551411487,"duration":281}},{"uid":"912cbd0d84f070ea","reportUrl":"http://localhost:1010/job/Sanity/47/allure/#testresult/912cbd0d84f070ea","status":"passed","time":{"start":1742550782869,"stop":1742550783141,"duration":272}},{"uid":"aacf7cab02d10b36","reportUrl":"http://localhost:1010/job/Sanity/46/allure/#testresult/aacf7cab02d10b36","status":"passed","time":{"start":1742538098488,"stop":1742538098753,"duration":265}},{"uid":"c8351f3728de6b3e","reportUrl":"http://localhost:1010/job/Sanity/45/allure/#testresult/c8351f3728de6b3e","status":"passed","time":{"start":1742538098488,"stop":1742538098753,"duration":265}},{"uid":"5c97f84296d2e5d","reportUrl":"http://localhost:1010/job/Sanity/40/allure/#testresult/5c97f84296d2e5d","status":"passed","time":{"start":1742534764702,"stop":1742534764933,"duration":231}},{"uid":"6e451dba2823126","reportUrl":"http://localhost:1010/job/Sanity/39/allure/#testresult/6e451dba2823126","status":"passed","time":{"start":1742532066751,"stop":1742532067087,"duration":336}},{"uid":"6e832b66c6d082d9","reportUrl":"http://localhost:1010/job/Sanity/38/allure/#testresult/6e832b66c6d082d9","status":"broken","statusDetails":"selenium.common.exceptions.ElementClickInterceptedException: Message: element click intercepted: Element <button type=\"button\" id=\"react-aria513929283-3\" aria-expanded=\"false\" class=\"dropdowncustom tpt_config_control_dropdown dropdown-toggle btn btn-success\">...</button> is not clickable at point (611, 160). Other element would receive the click: <div id=\"page-wrap-onOpen\">...</div>\n  (Session info: chrome=134.0.6998.90)\nStacktrace:\n\tGetHandleVerifier [0x00007FF713F4FE65+26629]\n\t(No symbol) [0x00007FF713EB6030]\n\t(No symbol) [0x00007FF713D4931A]\n\t(No symbol) [0x00007FF713DA77A9]\n\t(No symbol) [0x00007FF713DA5162]\n\t(No symbol) [0x00007FF713DA2201]\n\t(No symbol) [0x00007FF713DA1108]\n\t(No symbol) [0x00007FF713D928A4]\n\t(No symbol) [0x00007FF713DC7AAA]\n\t(No symbol) [0x00007FF713D92156]\n\t(No symbol) [0x00007FF713DC7CC0]\n\t(No symbol) [0x00007FF713DF0169]\n\t(No symbol) [0x00007FF713DC7883]\n\t(No symbol) [0x00007FF713D90550]\n\t(No symbol) [0x00007FF713D91803]\n\tGetHandleVerifier [0x00007FF7142A72DD+3529853]\n\tGetHandleVerifier [0x00007FF7142BDA42+3621858]\n\tGetHandleVerifier [0x00007FF7142B24F3+3575443]\n\tGetHandleVerifier [0x00007FF71401B79A+860474]\n\t(No symbol) [0x00007FF713EC08AF]\n\t(No symbol) [0x00007FF713EBCBE4]\n\t(No symbol) [0x00007FF713EBCD86]\n\t(No symbol) [0x00007FF713EAC2E9]\n\tBaseThreadInitThunk [0x00007FFEE8F2E8D7+23]\n\tRtlUserThreadStart [0x00007FFEE957BF6C+44]","time":{"start":1742495521418,"stop":1742495522458,"duration":1040}}]},"tags":[]},"source":"cb27dd3d187f3faf.json","parameterValues":[]}