{"uid":"f7209d2719287331","name":"test_TC35_Coil_Type_dropdown_checking","fullName":"tests.test_Qi_Exerciser_checks#test_TC35_Coil_Type_dropdown_checking","historyId":"234aaa4197071725db427748e856855c","time":{"start":1743158609841,"stop":1743158610096,"duration":255},"status":"passed","flaky":false,"newFailed":false,"newBroken":false,"newPassed":true,"retriesCount":16,"retriesStatusChange":true,"beforeStages":[{"name":"setup_teardown_qi_exerciser","time":{"start":1743158574659,"stop":1743158606830,"duration":32171},"status":"passed","steps":[],"attachments":[],"parameters":[],"stepsCount":0,"attachmentStep":false,"hasContent":false,"attachmentsCount":0,"shouldDisplayMessage":false}],"testStage":{"status":"passed","steps":[],"attachments":[{"uid":"142a04d42b7ff489","name":"log","source":"142a04d42b7ff489.txt","type":"text/plain","size":150}],"parameters":[],"stepsCount":0,"attachmentStep":false,"hasContent":true,"attachmentsCount":1,"shouldDisplayMessage":false},"afterStages":[{"name":"setup_teardown_qi_exerciser::0","time":{"start":1743158610352,"stop":1743158612590,"duration":2238},"status":"passed","steps":[],"attachments":[],"parameters":[],"stepsCount":0,"attachmentStep":false,"hasContent":false,"attachmentsCount":0,"shouldDisplayMessage":false}],"labels":[{"name":"parentSuite","value":"tests"},{"name":"suite","value":"test_Qi_Exerciser_checks"},{"name":"host","value":"DESKTOP-EJG8AND"},{"name":"thread","value":"6932-MainThread"},{"name":"framework","value":"pytest"},{"name":"language","value":"cpython3"},{"name":"package","value":"tests.test_Qi_Exerciser_checks"},{"name":"resultFormat","value":"allure2"}],"parameters":[],"links":[],"hidden":false,"retry":false,"extra":{"severity":"normal","retries":[{"uid":"27f1136dcc116d99","status":"broken","statusDetails":"selenium.common.exceptions.ElementClickInterceptedException: Message: element click intercepted: Element <button type=\"button\" id=\"react-aria1934588517-2\" aria-expanded=\"false\" class=\"dropdowncustom tpt_config_control_dropdown dropdown-toggle btn btn-success\">...</button> is not clickable at point (301, 160). Other element would receive the click: <div id=\"page-wrap-onOpen\">...</div>\n  (Session info: chrome=134.0.6998.165)\nStacktrace:\n\tGetHandleVerifier [0x00007FF78F704C25+3179557]\n\t(No symbol) [0x00007FF78F3688A0]\n\t(No symbol) [0x00007FF78F1F91CA]\n\t(No symbol) [0x00007FF78F257929]\n\t(No symbol) [0x00007FF78F2552E2]\n\t(No symbol) [0x00007FF78F252381]\n\t(No symbol) [0x00007FF78F251281]\n\t(No symbol) [0x00007FF78F242A24]\n\t(No symbol) [0x00007FF78F277C2A]\n\t(No symbol) [0x00007FF78F2422D6]\n\t(No symbol) [0x00007FF78F277E40]\n\t(No symbol) [0x00007FF78F2A02F3]\n\t(No symbol) [0x00007FF78F277A03]\n\t(No symbol) [0x00007FF78F2406D0]\n\t(No symbol) [0x00007FF78F241983]\n\tGetHandleVerifier [0x00007FF78F7667CD+3579853]\n\tGetHandleVerifier [0x00007FF78F77D1D2+3672530]\n\tGetHandleVerifier [0x00007FF78F772153+3627347]\n\tGetHandleVerifier [0x00007FF78F4D092A+868650]\n\t(No symbol) [0x00007FF78F372FFF]\n\t(No symbol) [0x00007FF78F36F4A4]\n\t(No symbol) [0x00007FF78F36F646]\n\t(No symbol) [0x00007FF78F35EAA9]\n\tBaseThreadInitThunk [0x00007FFEE8F2E8D7+23]\n\tRtlUserThreadStart [0x00007FFEE957BF6C+44]","time":{"start":1742912124040,"stop":1742912125215,"duration":1175}},{"uid":"cf890e4e0731fb37","status":"broken","statusDetails":"selenium.common.exceptions.ElementClickInterceptedException: Message: element click intercepted: Element <button type=\"button\" id=\"react-aria4084111621-2\" aria-expanded=\"false\" class=\"dropdowncustom tpt_config_control_dropdown dropdown-toggle btn btn-success\">...</button> is not clickable at point (301, 160). Other element would receive the click: <div id=\"page-wrap-onOpen\">...</div>\n  (Session info: chrome=134.0.6998.165)\nStacktrace:\n\tGetHandleVerifier [0x00007FF686DC4C25+3179557]\n\t(No symbol) [0x00007FF686A288A0]\n\t(No symbol) [0x00007FF6868B91CA]\n\t(No symbol) [0x00007FF686917929]\n\t(No symbol) [0x00007FF6869152E2]\n\t(No symbol) [0x00007FF686912381]\n\t(No symbol) [0x00007FF686911281]\n\t(No symbol) [0x00007FF686902A24]\n\t(No symbol) [0x00007FF686937C2A]\n\t(No symbol) [0x00007FF6869022D6]\n\t(No symbol) [0x00007FF686937E40]\n\t(No symbol) [0x00007FF6869602F3]\n\t(No symbol) [0x00007FF686937A03]\n\t(No symbol) [0x00007FF6869006D0]\n\t(No symbol) [0x00007FF686901983]\n\tGetHandleVerifier [0x00007FF686E267CD+3579853]\n\tGetHandleVerifier [0x00007FF686E3D1D2+3672530]\n\tGetHandleVerifier [0x00007FF686E32153+3627347]\n\tGetHandleVerifier [0x00007FF686B9092A+868650]\n\t(No symbol) [0x00007FF686A32FFF]\n\t(No symbol) [0x00007FF686A2F4A4]\n\t(No symbol) [0x00007FF686A2F646]\n\t(No symbol) [0x00007FF686A1EAA9]\n\tBaseThreadInitThunk [0x00007FFEE8F2E8D7+23]\n\tRtlUserThreadStart [0x00007FFEE957BF6C+44]","time":{"start":1742904780100,"stop":1742904781236,"duration":1136}},{"uid":"573836c0ba6dbec","status":"passed","time":{"start":1742899944853,"stop":1742899947579,"duration":2726}},{"uid":"ab640f9b42d4f959","status":"passed","time":{"start":1742887940813,"stop":1742887941757,"duration":944}},{"uid":"af4bd4eefa6cbb2a","status":"broken","statusDetails":"selenium.common.exceptions.ElementClickInterceptedException: Message: element click intercepted: Element <button type=\"button\" id=\"react-aria3639269904-2\" aria-expanded=\"false\" class=\"dropdowncustom tpt_config_control_dropdown dropdown-toggle btn btn-success\">...</button> is not clickable at point (301, 160). Other element would receive the click: <div id=\"page-wrap-onOpen\">...</div>\n  (Session info: chrome=134.0.6998.165)\nStacktrace:\n\tGetHandleVerifier [0x00007FF63A924C25+3179557]\n\t(No symbol) [0x00007FF63A5888A0]\n\t(No symbol) [0x00007FF63A4191CA]\n\t(No symbol) [0x00007FF63A477929]\n\t(No symbol) [0x00007FF63A4752E2]\n\t(No symbol) [0x00007FF63A472381]\n\t(No symbol) [0x00007FF63A471281]\n\t(No symbol) [0x00007FF63A462A24]\n\t(No symbol) [0x00007FF63A497C2A]\n\t(No symbol) [0x00007FF63A4622D6]\n\t(No symbol) [0x00007FF63A497E40]\n\t(No symbol) [0x00007FF63A4C02F3]\n\t(No symbol) [0x00007FF63A497A03]\n\t(No symbol) [0x00007FF63A4606D0]\n\t(No symbol) [0x00007FF63A461983]\n\tGetHandleVerifier [0x00007FF63A9867CD+3579853]\n\tGetHandleVerifier [0x00007FF63A99D1D2+3672530]\n\tGetHandleVerifier [0x00007FF63A992153+3627347]\n\tGetHandleVerifier [0x00007FF63A6F092A+868650]\n\t(No symbol) [0x00007FF63A592FFF]\n\t(No symbol) [0x00007FF63A58F4A4]\n\t(No symbol) [0x00007FF63A58F646]\n\t(No symbol) [0x00007FF63A57EAA9]\n\tBaseThreadInitThunk [0x00007FFEE8F2E8D7+23]\n\tRtlUserThreadStart [0x00007FFEE957BF6C+44]","time":{"start":1742729268186,"stop":1742729269294,"duration":1108}},{"uid":"964119ff0df77479","status":"broken","statusDetails":"selenium.common.exceptions.ElementClickInterceptedException: Message: element click intercepted: Element <button type=\"button\" id=\"react-aria2178997264-2\" aria-expanded=\"false\" class=\"dropdowncustom tpt_config_control_dropdown dropdown-toggle btn btn-success\">...</button> is not clickable at point (301, 160). Other element would receive the click: <div id=\"page-wrap-onOpen\">...</div>\n  (Session info: chrome=134.0.6998.90)\nStacktrace:\n\tGetHandleVerifier [0x00007FF6D302FE65+26629]\n\t(No symbol) [0x00007FF6D2F96030]\n\t(No symbol) [0x00007FF6D2E2931A]\n\t(No symbol) [0x00007FF6D2E877A9]\n\t(No symbol) [0x00007FF6D2E85162]\n\t(No symbol) [0x00007FF6D2E82201]\n\t(No symbol) [0x00007FF6D2E81108]\n\t(No symbol) [0x00007FF6D2E728A4]\n\t(No symbol) [0x00007FF6D2EA7AAA]\n\t(No symbol) [0x00007FF6D2E72156]\n\t(No symbol) [0x00007FF6D2EA7CC0]\n\t(No symbol) [0x00007FF6D2ED0169]\n\t(No symbol) [0x00007FF6D2EA7883]\n\t(No symbol) [0x00007FF6D2E70550]\n\t(No symbol) [0x00007FF6D2E71803]\n\tGetHandleVerifier [0x00007FF6D33872DD+3529853]\n\tGetHandleVerifier [0x00007FF6D339DA42+3621858]\n\tGetHandleVerifier [0x00007FF6D33924F3+3575443]\n\tGetHandleVerifier [0x00007FF6D30FB79A+860474]\n\t(No symbol) [0x00007FF6D2FA08AF]\n\t(No symbol) [0x00007FF6D2F9CBE4]\n\t(No symbol) [0x00007FF6D2F9CD86]\n\t(No symbol) [0x00007FF6D2F8C2E9]\n\tBaseThreadInitThunk [0x00007FFEE8F2E8D7+23]\n\tRtlUserThreadStart [0x00007FFEE957BF6C+44]","time":{"start":1742557270932,"stop":1742557271994,"duration":1062}},{"uid":"471922b7301f8776","status":"broken","statusDetails":"selenium.common.exceptions.ElementClickInterceptedException: Message: element click intercepted: Element <button type=\"button\" id=\"react-aria4570369327-2\" aria-expanded=\"false\" class=\"dropdowncustom tpt_config_control_dropdown dropdown-toggle btn btn-success\">...</button> is not clickable at point (301, 160). Other element would receive the click: <div id=\"page-wrap-onOpen\">...</div>\n  (Session info: chrome=134.0.6998.90)\nStacktrace:\n\tGetHandleVerifier [0x00007FF72DD8FE65+26629]\n\t(No symbol) [0x00007FF72DCF6030]\n\t(No symbol) [0x00007FF72DB8931A]\n\t(No symbol) [0x00007FF72DBE77A9]\n\t(No symbol) [0x00007FF72DBE5162]\n\t(No symbol) [0x00007FF72DBE2201]\n\t(No symbol) [0x00007FF72DBE1108]\n\t(No symbol) [0x00007FF72DBD28A4]\n\t(No symbol) [0x00007FF72DC07AAA]\n\t(No symbol) [0x00007FF72DBD2156]\n\t(No symbol) [0x00007FF72DC07CC0]\n\t(No symbol) [0x00007FF72DC30169]\n\t(No symbol) [0x00007FF72DC07883]\n\t(No symbol) [0x00007FF72DBD0550]\n\t(No symbol) [0x00007FF72DBD1803]\n\tGetHandleVerifier [0x00007FF72E0E72DD+3529853]\n\tGetHandleVerifier [0x00007FF72E0FDA42+3621858]\n\tGetHandleVerifier [0x00007FF72E0F24F3+3575443]\n\tGetHandleVerifier [0x00007FF72DE5B79A+860474]\n\t(No symbol) [0x00007FF72DD008AF]\n\t(No symbol) [0x00007FF72DCFCBE4]\n\t(No symbol) [0x00007FF72DCFCD86]\n\t(No symbol) [0x00007FF72DCEC2E9]\n\tBaseThreadInitThunk [0x00007FFEE8F2E8D7+23]\n\tRtlUserThreadStart [0x00007FFEE957BF6C+44]","time":{"start":1742553093713,"stop":1742553094842,"duration":1129}},{"uid":"ed27be019069c0cc","status":"passed","time":{"start":1742552298152,"stop":1742552298408,"duration":256}},{"uid":"2fd0a7787e27886","status":"passed","time":{"start":1742551410767,"stop":1742551411202,"duration":435}},{"uid":"2deffc37b4fb29f4","status":"passed","time":{"start":1742550782549,"stop":1742550782864,"duration":315}},{"uid":"40c36b33a02ea1c0","status":"passed","time":{"start":1742538098174,"stop":1742538098484,"duration":310}},{"uid":"ea4529c128ca2047","status":"passed","time":{"start":1742534764431,"stop":1742534764698,"duration":267}},{"uid":"aa575efab7bb68a1","status":"passed","time":{"start":1742532066331,"stop":1742532066747,"duration":416}},{"uid":"c483686cf77a5fe6","status":"broken","statusDetails":"selenium.common.exceptions.ElementClickInterceptedException: Message: element click intercepted: Element <button type=\"button\" id=\"react-aria513929283-2\" aria-expanded=\"false\" class=\"dropdowncustom tpt_config_control_dropdown dropdown-toggle btn btn-success\">...</button> is not clickable at point (301, 160). Other element would receive the click: <div id=\"page-wrap-onOpen\">...</div>\n  (Session info: chrome=134.0.6998.90)\nStacktrace:\n\tGetHandleVerifier [0x00007FF713F4FE65+26629]\n\t(No symbol) [0x00007FF713EB6030]\n\t(No symbol) [0x00007FF713D4931A]\n\t(No symbol) [0x00007FF713DA77A9]\n\t(No symbol) [0x00007FF713DA5162]\n\t(No symbol) [0x00007FF713DA2201]\n\t(No symbol) [0x00007FF713DA1108]\n\t(No symbol) [0x00007FF713D928A4]\n\t(No symbol) [0x00007FF713DC7AAA]\n\t(No symbol) [0x00007FF713D92156]\n\t(No symbol) [0x00007FF713DC7CC0]\n\t(No symbol) [0x00007FF713DF0169]\n\t(No symbol) [0x00007FF713DC7883]\n\t(No symbol) [0x00007FF713D90550]\n\t(No symbol) [0x00007FF713D91803]\n\tGetHandleVerifier [0x00007FF7142A72DD+3529853]\n\tGetHandleVerifier [0x00007FF7142BDA42+3621858]\n\tGetHandleVerifier [0x00007FF7142B24F3+3575443]\n\tGetHandleVerifier [0x00007FF71401B79A+860474]\n\t(No symbol) [0x00007FF713EC08AF]\n\t(No symbol) [0x00007FF713EBCBE4]\n\t(No symbol) [0x00007FF713EBCD86]\n\t(No symbol) [0x00007FF713EAC2E9]\n\tBaseThreadInitThunk [0x00007FFEE8F2E8D7+23]\n\tRtlUserThreadStart [0x00007FFEE957BF6C+44]","time":{"start":1742495520342,"stop":1742495521394,"duration":1052}},{"uid":"6c49030faa914d66","status":"broken","statusDetails":"selenium.common.exceptions.WebDriverException: Message: unknown error: net::ERR_CONNECTION_REFUSED\n  (Session info: chrome=134.0.6998.90)\nStacktrace:\n\tGetHandleVerifier [0x00007FF791E9FE65+26629]\n\t(No symbol) [0x00007FF791E06030]\n\t(No symbol) [0x00007FF791C9931A]\n\t(No symbol) [0x00007FF791C95D10]\n\t(No symbol) [0x00007FF791C868C9]\n\t(No symbol) [0x00007FF791C88638]\n\t(No symbol) [0x00007FF791C86BD6]\n\t(No symbol) [0x00007FF791C86656]\n\t(No symbol) [0x00007FF791C8631A]\n\t(No symbol) [0x00007FF791C83E9F]\n\t(No symbol) [0x00007FF791C8478C]\n\t(No symbol) [0x00007FF791C9D16A]\n\t(No symbol) [0x00007FF791D4102E]\n\t(No symbol) [0x00007FF791D17AAA]\n\t(No symbol) [0x00007FF791D40169]\n\t(No symbol) [0x00007FF791D17883]\n\t(No symbol) [0x00007FF791CE0550]\n\t(No symbol) [0x00007FF791CE1803]\n\tGetHandleVerifier [0x00007FF7921F72DD+3529853]\n\tGetHandleVerifier [0x00007FF79220DA42+3621858]\n\tGetHandleVerifier [0x00007FF7922024F3+3575443]\n\tGetHandleVerifier [0x00007FF791F6B79A+860474]\n\t(No symbol) [0x00007FF791E108AF]\n\t(No symbol) [0x00007FF791E0CBE4]\n\t(No symbol) [0x00007FF791E0CD86]\n\t(No symbol) [0x00007FF791DFC2E9]\n\tBaseThreadInitThunk [0x00007FFEE8F2E8D7+23]\n\tRtlUserThreadStart [0x00007FFEE957BF6C+44]","time":{"start":1742494019598,"stop":1742494019598,"duration":0}},{"uid":"bad04b88f1c363f3","status":"broken","statusDetails":"selenium.common.exceptions.WebDriverException: Message: unknown error: net::ERR_CONNECTION_REFUSED\n  (Session info: chrome=134.0.6998.90)\nStacktrace:\n\tGetHandleVerifier [0x00007FF7D324FE65+26629]\n\t(No symbol) [0x00007FF7D31B6030]\n\t(No symbol) [0x00007FF7D304931A]\n\t(No symbol) [0x00007FF7D3045D10]\n\t(No symbol) [0x00007FF7D30368C9]\n\t(No symbol) [0x00007FF7D3038638]\n\t(No symbol) [0x00007FF7D3036BD6]\n\t(No symbol) [0x00007FF7D3036656]\n\t(No symbol) [0x00007FF7D303631A]\n\t(No symbol) [0x00007FF7D3033E9F]\n\t(No symbol) [0x00007FF7D303478C]\n\t(No symbol) [0x00007FF7D304D16A]\n\t(No symbol) [0x00007FF7D30F102E]\n\t(No symbol) [0x00007FF7D30C7AAA]\n\t(No symbol) [0x00007FF7D30F0169]\n\t(No symbol) [0x00007FF7D30C7883]\n\t(No symbol) [0x00007FF7D3090550]\n\t(No symbol) [0x00007FF7D3091803]\n\tGetHandleVerifier [0x00007FF7D35A72DD+3529853]\n\tGetHandleVerifier [0x00007FF7D35BDA42+3621858]\n\tGetHandleVerifier [0x00007FF7D35B24F3+3575443]\n\tGetHandleVerifier [0x00007FF7D331B79A+860474]\n\t(No symbol) [0x00007FF7D31C08AF]\n\t(No symbol) [0x00007FF7D31BCBE4]\n\t(No symbol) [0x00007FF7D31BCD86]\n\t(No symbol) [0x00007FF7D31AC2E9]\n\tBaseThreadInitThunk [0x00007FFEE8F2E8D7+23]\n\tRtlUserThreadStart [0x00007FFEE957BF6C+44]","time":{"start":1742478965067,"stop":1742478965067,"duration":0}}],"categories":[],"history":{"statistic":{"failed":0,"broken":13,"skipped":0,"passed":10,"unknown":0,"total":23},"items":[{"uid":"6c98cac8c3158d0d","reportUrl":"http://localhost:8080/job/Sanity/10/allure/#testresult/6c98cac8c3158d0d","status":"broken","statusDetails":"selenium.common.exceptions.ElementClickInterceptedException: Message: element click intercepted: Element <button type=\"button\" id=\"react-aria1934588517-2\" aria-expanded=\"false\" class=\"dropdowncustom tpt_config_control_dropdown dropdown-toggle btn btn-success\">...</button> is not clickable at point (301, 160). Other element would receive the click: <div id=\"page-wrap-onOpen\">...</div>\n  (Session info: chrome=134.0.6998.165)\nStacktrace:\n\tGetHandleVerifier [0x00007FF78F704C25+3179557]\n\t(No symbol) [0x00007FF78F3688A0]\n\t(No symbol) [0x00007FF78F1F91CA]\n\t(No symbol) [0x00007FF78F257929]\n\t(No symbol) [0x00007FF78F2552E2]\n\t(No symbol) [0x00007FF78F252381]\n\t(No symbol) [0x00007FF78F251281]\n\t(No symbol) [0x00007FF78F242A24]\n\t(No symbol) [0x00007FF78F277C2A]\n\t(No symbol) [0x00007FF78F2422D6]\n\t(No symbol) [0x00007FF78F277E40]\n\t(No symbol) [0x00007FF78F2A02F3]\n\t(No symbol) [0x00007FF78F277A03]\n\t(No symbol) [0x00007FF78F2406D0]\n\t(No symbol) [0x00007FF78F241983]\n\tGetHandleVerifier [0x00007FF78F7667CD+3579853]\n\tGetHandleVerifier [0x00007FF78F77D1D2+3672530]\n\tGetHandleVerifier [0x00007FF78F772153+3627347]\n\tGetHandleVerifier [0x00007FF78F4D092A+868650]\n\t(No symbol) [0x00007FF78F372FFF]\n\t(No symbol) [0x00007FF78F36F4A4]\n\t(No symbol) [0x00007FF78F36F646]\n\t(No symbol) [0x00007FF78F35EAA9]\n\tBaseThreadInitThunk [0x00007FFEE8F2E8D7+23]\n\tRtlUserThreadStart [0x00007FFEE957BF6C+44]","time":{"start":1742912124040,"stop":1742912125215,"duration":1175}},{"uid":"c3eaf82ee7e37a20","reportUrl":"http://localhost:8080/job/Sanity/9/allure/#testresult/c3eaf82ee7e37a20","status":"broken","statusDetails":"selenium.common.exceptions.ElementClickInterceptedException: Message: element click intercepted: Element <button type=\"button\" id=\"react-aria1934588517-2\" aria-expanded=\"false\" class=\"dropdowncustom tpt_config_control_dropdown dropdown-toggle btn btn-success\">...</button> is not clickable at point (301, 160). Other element would receive the click: <div id=\"page-wrap-onOpen\">...</div>\n  (Session info: chrome=134.0.6998.165)\nStacktrace:\n\tGetHandleVerifier [0x00007FF78F704C25+3179557]\n\t(No symbol) [0x00007FF78F3688A0]\n\t(No symbol) [0x00007FF78F1F91CA]\n\t(No symbol) [0x00007FF78F257929]\n\t(No symbol) [0x00007FF78F2552E2]\n\t(No symbol) [0x00007FF78F252381]\n\t(No symbol) [0x00007FF78F251281]\n\t(No symbol) [0x00007FF78F242A24]\n\t(No symbol) [0x00007FF78F277C2A]\n\t(No symbol) [0x00007FF78F2422D6]\n\t(No symbol) [0x00007FF78F277E40]\n\t(No symbol) [0x00007FF78F2A02F3]\n\t(No symbol) [0x00007FF78F277A03]\n\t(No symbol) [0x00007FF78F2406D0]\n\t(No symbol) [0x00007FF78F241983]\n\tGetHandleVerifier [0x00007FF78F7667CD+3579853]\n\tGetHandleVerifier [0x00007FF78F77D1D2+3672530]\n\tGetHandleVerifier [0x00007FF78F772153+3627347]\n\tGetHandleVerifier [0x00007FF78F4D092A+868650]\n\t(No symbol) [0x00007FF78F372FFF]\n\t(No symbol) [0x00007FF78F36F4A4]\n\t(No symbol) [0x00007FF78F36F646]\n\t(No symbol) [0x00007FF78F35EAA9]\n\tBaseThreadInitThunk [0x00007FFEE8F2E8D7+23]\n\tRtlUserThreadStart [0x00007FFEE957BF6C+44]","time":{"start":1742912124040,"stop":1742912125215,"duration":1175}},{"uid":"53789ab1c69bcb84","reportUrl":"http://localhost:8080/job/Sanity/8/allure/#testresult/53789ab1c69bcb84","status":"broken","statusDetails":"selenium.common.exceptions.ElementClickInterceptedException: Message: element click intercepted: Element <button type=\"button\" id=\"react-aria1934588517-2\" aria-expanded=\"false\" class=\"dropdowncustom tpt_config_control_dropdown dropdown-toggle btn btn-success\">...</button> is not clickable at point (301, 160). Other element would receive the click: <div id=\"page-wrap-onOpen\">...</div>\n  (Session info: chrome=134.0.6998.165)\nStacktrace:\n\tGetHandleVerifier [0x00007FF78F704C25+3179557]\n\t(No symbol) [0x00007FF78F3688A0]\n\t(No symbol) [0x00007FF78F1F91CA]\n\t(No symbol) [0x00007FF78F257929]\n\t(No symbol) [0x00007FF78F2552E2]\n\t(No symbol) [0x00007FF78F252381]\n\t(No symbol) [0x00007FF78F251281]\n\t(No symbol) [0x00007FF78F242A24]\n\t(No symbol) [0x00007FF78F277C2A]\n\t(No symbol) [0x00007FF78F2422D6]\n\t(No symbol) [0x00007FF78F277E40]\n\t(No symbol) [0x00007FF78F2A02F3]\n\t(No symbol) [0x00007FF78F277A03]\n\t(No symbol) [0x00007FF78F2406D0]\n\t(No symbol) [0x00007FF78F241983]\n\tGetHandleVerifier [0x00007FF78F7667CD+3579853]\n\tGetHandleVerifier [0x00007FF78F77D1D2+3672530]\n\tGetHandleVerifier [0x00007FF78F772153+3627347]\n\tGetHandleVerifier [0x00007FF78F4D092A+868650]\n\t(No symbol) [0x00007FF78F372FFF]\n\t(No symbol) [0x00007FF78F36F4A4]\n\t(No symbol) [0x00007FF78F36F646]\n\t(No symbol) [0x00007FF78F35EAA9]\n\tBaseThreadInitThunk [0x00007FFEE8F2E8D7+23]\n\tRtlUserThreadStart [0x00007FFEE957BF6C+44]","time":{"start":1742912124040,"stop":1742912125215,"duration":1175}},{"uid":"7505bd5ee645da88","reportUrl":"http://localhost:8080/job/Sanity/7/allure/#testresult/7505bd5ee645da88","status":"broken","statusDetails":"selenium.common.exceptions.ElementClickInterceptedException: Message: element click intercepted: Element <button type=\"button\" id=\"react-aria1934588517-2\" aria-expanded=\"false\" class=\"dropdowncustom tpt_config_control_dropdown dropdown-toggle btn btn-success\">...</button> is not clickable at point (301, 160). Other element would receive the click: <div id=\"page-wrap-onOpen\">...</div>\n  (Session info: chrome=134.0.6998.165)\nStacktrace:\n\tGetHandleVerifier [0x00007FF78F704C25+3179557]\n\t(No symbol) [0x00007FF78F3688A0]\n\t(No symbol) [0x00007FF78F1F91CA]\n\t(No symbol) [0x00007FF78F257929]\n\t(No symbol) [0x00007FF78F2552E2]\n\t(No symbol) [0x00007FF78F252381]\n\t(No symbol) [0x00007FF78F251281]\n\t(No symbol) [0x00007FF78F242A24]\n\t(No symbol) [0x00007FF78F277C2A]\n\t(No symbol) [0x00007FF78F2422D6]\n\t(No symbol) [0x00007FF78F277E40]\n\t(No symbol) [0x00007FF78F2A02F3]\n\t(No symbol) [0x00007FF78F277A03]\n\t(No symbol) [0x00007FF78F2406D0]\n\t(No symbol) [0x00007FF78F241983]\n\tGetHandleVerifier [0x00007FF78F7667CD+3579853]\n\tGetHandleVerifier [0x00007FF78F77D1D2+3672530]\n\tGetHandleVerifier [0x00007FF78F772153+3627347]\n\tGetHandleVerifier [0x00007FF78F4D092A+868650]\n\t(No symbol) [0x00007FF78F372FFF]\n\t(No symbol) [0x00007FF78F36F4A4]\n\t(No symbol) [0x00007FF78F36F646]\n\t(No symbol) [0x00007FF78F35EAA9]\n\tBaseThreadInitThunk [0x00007FFEE8F2E8D7+23]\n\tRtlUserThreadStart [0x00007FFEE957BF6C+44]","time":{"start":1742912124040,"stop":1742912125215,"duration":1175}},{"uid":"14fd36d46992a8c2","reportUrl":"http://localhost:1010/job/Sanity/57/allure/#testresult/14fd36d46992a8c2","status":"broken","statusDetails":"selenium.common.exceptions.ElementClickInterceptedException: Message: element click intercepted: Element <button type=\"button\" id=\"react-aria4084111621-2\" aria-expanded=\"false\" class=\"dropdowncustom tpt_config_control_dropdown dropdown-toggle btn btn-success\">...</button> is not clickable at point (301, 160). Other element would receive the click: <div id=\"page-wrap-onOpen\">...</div>\n  (Session info: chrome=134.0.6998.165)\nStacktrace:\n\tGetHandleVerifier [0x00007FF686DC4C25+3179557]\n\t(No symbol) [0x00007FF686A288A0]\n\t(No symbol) [0x00007FF6868B91CA]\n\t(No symbol) [0x00007FF686917929]\n\t(No symbol) [0x00007FF6869152E2]\n\t(No symbol) [0x00007FF686912381]\n\t(No symbol) [0x00007FF686911281]\n\t(No symbol) [0x00007FF686902A24]\n\t(No symbol) [0x00007FF686937C2A]\n\t(No symbol) [0x00007FF6869022D6]\n\t(No symbol) [0x00007FF686937E40]\n\t(No symbol) [0x00007FF6869602F3]\n\t(No symbol) [0x00007FF686937A03]\n\t(No symbol) [0x00007FF6869006D0]\n\t(No symbol) [0x00007FF686901983]\n\tGetHandleVerifier [0x00007FF686E267CD+3579853]\n\tGetHandleVerifier [0x00007FF686E3D1D2+3672530]\n\tGetHandleVerifier [0x00007FF686E32153+3627347]\n\tGetHandleVerifier [0x00007FF686B9092A+868650]\n\t(No symbol) [0x00007FF686A32FFF]\n\t(No symbol) [0x00007FF686A2F4A4]\n\t(No symbol) [0x00007FF686A2F646]\n\t(No symbol) [0x00007FF686A1EAA9]\n\tBaseThreadInitThunk [0x00007FFEE8F2E8D7+23]\n\tRtlUserThreadStart [0x00007FFEE957BF6C+44]","time":{"start":1742904780100,"stop":1742904781236,"duration":1136}},{"uid":"8a31366fa72789b7","reportUrl":"http://localhost:1010/job/Sanity/56/allure/#testresult/8a31366fa72789b7","status":"passed","time":{"start":1742899944853,"stop":1742899947579,"duration":2726}},{"uid":"c8534a91b0a9c821","reportUrl":"http://localhost:1010/job/Sanity/55/allure/#testresult/c8534a91b0a9c821","status":"passed","time":{"start":1742887940813,"stop":1742887941757,"duration":944}},{"uid":"7d52d9ee2f523c7c","reportUrl":"http://localhost:1010/job/Sanity/54/allure/#testresult/7d52d9ee2f523c7c","status":"broken","statusDetails":"selenium.common.exceptions.ElementClickInterceptedException: Message: element click intercepted: Element <button type=\"button\" id=\"react-aria3639269904-2\" aria-expanded=\"false\" class=\"dropdowncustom tpt_config_control_dropdown dropdown-toggle btn btn-success\">...</button> is not clickable at point (301, 160). Other element would receive the click: <div id=\"page-wrap-onOpen\">...</div>\n  (Session info: chrome=134.0.6998.165)\nStacktrace:\n\tGetHandleVerifier [0x00007FF63A924C25+3179557]\n\t(No symbol) [0x00007FF63A5888A0]\n\t(No symbol) [0x00007FF63A4191CA]\n\t(No symbol) [0x00007FF63A477929]\n\t(No symbol) [0x00007FF63A4752E2]\n\t(No symbol) [0x00007FF63A472381]\n\t(No symbol) [0x00007FF63A471281]\n\t(No symbol) [0x00007FF63A462A24]\n\t(No symbol) [0x00007FF63A497C2A]\n\t(No symbol) [0x00007FF63A4622D6]\n\t(No symbol) [0x00007FF63A497E40]\n\t(No symbol) [0x00007FF63A4C02F3]\n\t(No symbol) [0x00007FF63A497A03]\n\t(No symbol) [0x00007FF63A4606D0]\n\t(No symbol) [0x00007FF63A461983]\n\tGetHandleVerifier [0x00007FF63A9867CD+3579853]\n\tGetHandleVerifier [0x00007FF63A99D1D2+3672530]\n\tGetHandleVerifier [0x00007FF63A992153+3627347]\n\tGetHandleVerifier [0x00007FF63A6F092A+868650]\n\t(No symbol) [0x00007FF63A592FFF]\n\t(No symbol) [0x00007FF63A58F4A4]\n\t(No symbol) [0x00007FF63A58F646]\n\t(No symbol) [0x00007FF63A57EAA9]\n\tBaseThreadInitThunk [0x00007FFEE8F2E8D7+23]\n\tRtlUserThreadStart [0x00007FFEE957BF6C+44]","time":{"start":1742729268186,"stop":1742729269294,"duration":1108}},{"uid":"c6bef443da1c73e4","reportUrl":"http://localhost:1010/job/Sanity/53/allure/#testresult/c6bef443da1c73e4","status":"broken","statusDetails":"selenium.common.exceptions.ElementClickInterceptedException: Message: element click intercepted: Element <button type=\"button\" id=\"react-aria2178997264-2\" aria-expanded=\"false\" class=\"dropdowncustom tpt_config_control_dropdown dropdown-toggle btn btn-success\">...</button> is not clickable at point (301, 160). Other element would receive the click: <div id=\"page-wrap-onOpen\">...</div>\n  (Session info: chrome=134.0.6998.90)\nStacktrace:\n\tGetHandleVerifier [0x00007FF6D302FE65+26629]\n\t(No symbol) [0x00007FF6D2F96030]\n\t(No symbol) [0x00007FF6D2E2931A]\n\t(No symbol) [0x00007FF6D2E877A9]\n\t(No symbol) [0x00007FF6D2E85162]\n\t(No symbol) [0x00007FF6D2E82201]\n\t(No symbol) [0x00007FF6D2E81108]\n\t(No symbol) [0x00007FF6D2E728A4]\n\t(No symbol) [0x00007FF6D2EA7AAA]\n\t(No symbol) [0x00007FF6D2E72156]\n\t(No symbol) [0x00007FF6D2EA7CC0]\n\t(No symbol) [0x00007FF6D2ED0169]\n\t(No symbol) [0x00007FF6D2EA7883]\n\t(No symbol) [0x00007FF6D2E70550]\n\t(No symbol) [0x00007FF6D2E71803]\n\tGetHandleVerifier [0x00007FF6D33872DD+3529853]\n\tGetHandleVerifier [0x00007FF6D339DA42+3621858]\n\tGetHandleVerifier [0x00007FF6D33924F3+3575443]\n\tGetHandleVerifier [0x00007FF6D30FB79A+860474]\n\t(No symbol) [0x00007FF6D2FA08AF]\n\t(No symbol) [0x00007FF6D2F9CBE4]\n\t(No symbol) [0x00007FF6D2F9CD86]\n\t(No symbol) [0x00007FF6D2F8C2E9]\n\tBaseThreadInitThunk [0x00007FFEE8F2E8D7+23]\n\tRtlUserThreadStart [0x00007FFEE957BF6C+44]","time":{"start":1742557270932,"stop":1742557271994,"duration":1062}},{"uid":"6f6af1f9c4c62239","reportUrl":"http://localhost:1010/job/Sanity/52/allure/#testresult/6f6af1f9c4c62239","status":"broken","statusDetails":"selenium.common.exceptions.ElementClickInterceptedException: Message: element click intercepted: Element <button type=\"button\" id=\"react-aria2178997264-2\" aria-expanded=\"false\" class=\"dropdowncustom tpt_config_control_dropdown dropdown-toggle btn btn-success\">...</button> is not clickable at point (301, 160). Other element would receive the click: <div id=\"page-wrap-onOpen\">...</div>\n  (Session info: chrome=134.0.6998.90)\nStacktrace:\n\tGetHandleVerifier [0x00007FF6D302FE65+26629]\n\t(No symbol) [0x00007FF6D2F96030]\n\t(No symbol) [0x00007FF6D2E2931A]\n\t(No symbol) [0x00007FF6D2E877A9]\n\t(No symbol) [0x00007FF6D2E85162]\n\t(No symbol) [0x00007FF6D2E82201]\n\t(No symbol) [0x00007FF6D2E81108]\n\t(No symbol) [0x00007FF6D2E728A4]\n\t(No symbol) [0x00007FF6D2EA7AAA]\n\t(No symbol) [0x00007FF6D2E72156]\n\t(No symbol) [0x00007FF6D2EA7CC0]\n\t(No symbol) [0x00007FF6D2ED0169]\n\t(No symbol) [0x00007FF6D2EA7883]\n\t(No symbol) [0x00007FF6D2E70550]\n\t(No symbol) [0x00007FF6D2E71803]\n\tGetHandleVerifier [0x00007FF6D33872DD+3529853]\n\tGetHandleVerifier [0x00007FF6D339DA42+3621858]\n\tGetHandleVerifier [0x00007FF6D33924F3+3575443]\n\tGetHandleVerifier [0x00007FF6D30FB79A+860474]\n\t(No symbol) [0x00007FF6D2FA08AF]\n\t(No symbol) [0x00007FF6D2F9CBE4]\n\t(No symbol) [0x00007FF6D2F9CD86]\n\t(No symbol) [0x00007FF6D2F8C2E9]\n\tBaseThreadInitThunk [0x00007FFEE8F2E8D7+23]\n\tRtlUserThreadStart [0x00007FFEE957BF6C+44]","time":{"start":1742557270932,"stop":1742557271994,"duration":1062}},{"uid":"812228a281bc506b","reportUrl":"http://localhost:1010/job/Sanity/51/allure/#testresult/812228a281bc506b","status":"broken","statusDetails":"selenium.common.exceptions.ElementClickInterceptedException: Message: element click intercepted: Element <button type=\"button\" id=\"react-aria2178997264-2\" aria-expanded=\"false\" class=\"dropdowncustom tpt_config_control_dropdown dropdown-toggle btn btn-success\">...</button> is not clickable at point (301, 160). Other element would receive the click: <div id=\"page-wrap-onOpen\">...</div>\n  (Session info: chrome=134.0.6998.90)\nStacktrace:\n\tGetHandleVerifier [0x00007FF6D302FE65+26629]\n\t(No symbol) [0x00007FF6D2F96030]\n\t(No symbol) [0x00007FF6D2E2931A]\n\t(No symbol) [0x00007FF6D2E877A9]\n\t(No symbol) [0x00007FF6D2E85162]\n\t(No symbol) [0x00007FF6D2E82201]\n\t(No symbol) [0x00007FF6D2E81108]\n\t(No symbol) [0x00007FF6D2E728A4]\n\t(No symbol) [0x00007FF6D2EA7AAA]\n\t(No symbol) [0x00007FF6D2E72156]\n\t(No symbol) [0x00007FF6D2EA7CC0]\n\t(No symbol) [0x00007FF6D2ED0169]\n\t(No symbol) [0x00007FF6D2EA7883]\n\t(No symbol) [0x00007FF6D2E70550]\n\t(No symbol) [0x00007FF6D2E71803]\n\tGetHandleVerifier [0x00007FF6D33872DD+3529853]\n\tGetHandleVerifier [0x00007FF6D339DA42+3621858]\n\tGetHandleVerifier [0x00007FF6D33924F3+3575443]\n\tGetHandleVerifier [0x00007FF6D30FB79A+860474]\n\t(No symbol) [0x00007FF6D2FA08AF]\n\t(No symbol) [0x00007FF6D2F9CBE4]\n\t(No symbol) [0x00007FF6D2F9CD86]\n\t(No symbol) [0x00007FF6D2F8C2E9]\n\tBaseThreadInitThunk [0x00007FFEE8F2E8D7+23]\n\tRtlUserThreadStart [0x00007FFEE957BF6C+44]","time":{"start":1742557270932,"stop":1742557271994,"duration":1062}},{"uid":"d8deb34f3e0d7094","reportUrl":"http://localhost:1010/job/Sanity/50/allure/#testresult/d8deb34f3e0d7094","status":"broken","statusDetails":"selenium.common.exceptions.ElementClickInterceptedException: Message: element click intercepted: Element <button type=\"button\" id=\"react-aria4570369327-2\" aria-expanded=\"false\" class=\"dropdowncustom tpt_config_control_dropdown dropdown-toggle btn btn-success\">...</button> is not clickable at point (301, 160). Other element would receive the click: <div id=\"page-wrap-onOpen\">...</div>\n  (Session info: chrome=134.0.6998.90)\nStacktrace:\n\tGetHandleVerifier [0x00007FF72DD8FE65+26629]\n\t(No symbol) [0x00007FF72DCF6030]\n\t(No symbol) [0x00007FF72DB8931A]\n\t(No symbol) [0x00007FF72DBE77A9]\n\t(No symbol) [0x00007FF72DBE5162]\n\t(No symbol) [0x00007FF72DBE2201]\n\t(No symbol) [0x00007FF72DBE1108]\n\t(No symbol) [0x00007FF72DBD28A4]\n\t(No symbol) [0x00007FF72DC07AAA]\n\t(No symbol) [0x00007FF72DBD2156]\n\t(No symbol) [0x00007FF72DC07CC0]\n\t(No symbol) [0x00007FF72DC30169]\n\t(No symbol) [0x00007FF72DC07883]\n\t(No symbol) [0x00007FF72DBD0550]\n\t(No symbol) [0x00007FF72DBD1803]\n\tGetHandleVerifier [0x00007FF72E0E72DD+3529853]\n\tGetHandleVerifier [0x00007FF72E0FDA42+3621858]\n\tGetHandleVerifier [0x00007FF72E0F24F3+3575443]\n\tGetHandleVerifier [0x00007FF72DE5B79A+860474]\n\t(No symbol) [0x00007FF72DD008AF]\n\t(No symbol) [0x00007FF72DCFCBE4]\n\t(No symbol) [0x00007FF72DCFCD86]\n\t(No symbol) [0x00007FF72DCEC2E9]\n\tBaseThreadInitThunk [0x00007FFEE8F2E8D7+23]\n\tRtlUserThreadStart [0x00007FFEE957BF6C+44]","time":{"start":1742553093713,"stop":1742553094842,"duration":1129}},{"uid":"2f7e0ec0ea21b21e","reportUrl":"http://localhost:1010/job/Sanity/49/allure/#testresult/2f7e0ec0ea21b21e","status":"passed","time":{"start":1742552298152,"stop":1742552298408,"duration":256}},{"uid":"3ba7b3b7d07fad6f","reportUrl":"http://localhost:1010/job/Sanity/48/allure/#testresult/3ba7b3b7d07fad6f","status":"passed","time":{"start":1742551410767,"stop":1742551411202,"duration":435}},{"uid":"ac4a721921a1f4dc","reportUrl":"http://localhost:1010/job/Sanity/47/allure/#testresult/ac4a721921a1f4dc","status":"passed","time":{"start":1742550782549,"stop":1742550782864,"duration":315}},{"uid":"550d512f07a0654","reportUrl":"http://localhost:1010/job/Sanity/46/allure/#testresult/550d512f07a0654","status":"passed","time":{"start":1742538098174,"stop":1742538098484,"duration":310}},{"uid":"7cc0ae0908cfd074","reportUrl":"http://localhost:1010/job/Sanity/45/allure/#testresult/7cc0ae0908cfd074","status":"passed","time":{"start":1742538098174,"stop":1742538098484,"duration":310}},{"uid":"a703bf856d4adacc","reportUrl":"http://localhost:1010/job/Sanity/40/allure/#testresult/a703bf856d4adacc","status":"passed","time":{"start":1742534764431,"stop":1742534764698,"duration":267}},{"uid":"aee56b0c4a58aa09","reportUrl":"http://localhost:1010/job/Sanity/39/allure/#testresult/aee56b0c4a58aa09","status":"passed","time":{"start":1742532066331,"stop":1742532066747,"duration":416}},{"uid":"e38f2727ae727e55","reportUrl":"http://localhost:1010/job/Sanity/38/allure/#testresult/e38f2727ae727e55","status":"broken","statusDetails":"selenium.common.exceptions.ElementClickInterceptedException: Message: element click intercepted: Element <button type=\"button\" id=\"react-aria513929283-2\" aria-expanded=\"false\" class=\"dropdowncustom tpt_config_control_dropdown dropdown-toggle btn btn-success\">...</button> is not clickable at point (301, 160). Other element would receive the click: <div id=\"page-wrap-onOpen\">...</div>\n  (Session info: chrome=134.0.6998.90)\nStacktrace:\n\tGetHandleVerifier [0x00007FF713F4FE65+26629]\n\t(No symbol) [0x00007FF713EB6030]\n\t(No symbol) [0x00007FF713D4931A]\n\t(No symbol) [0x00007FF713DA77A9]\n\t(No symbol) [0x00007FF713DA5162]\n\t(No symbol) [0x00007FF713DA2201]\n\t(No symbol) [0x00007FF713DA1108]\n\t(No symbol) [0x00007FF713D928A4]\n\t(No symbol) [0x00007FF713DC7AAA]\n\t(No symbol) [0x00007FF713D92156]\n\t(No symbol) [0x00007FF713DC7CC0]\n\t(No symbol) [0x00007FF713DF0169]\n\t(No symbol) [0x00007FF713DC7883]\n\t(No symbol) [0x00007FF713D90550]\n\t(No symbol) [0x00007FF713D91803]\n\tGetHandleVerifier [0x00007FF7142A72DD+3529853]\n\tGetHandleVerifier [0x00007FF7142BDA42+3621858]\n\tGetHandleVerifier [0x00007FF7142B24F3+3575443]\n\tGetHandleVerifier [0x00007FF71401B79A+860474]\n\t(No symbol) [0x00007FF713EC08AF]\n\t(No symbol) [0x00007FF713EBCBE4]\n\t(No symbol) [0x00007FF713EBCD86]\n\t(No symbol) [0x00007FF713EAC2E9]\n\tBaseThreadInitThunk [0x00007FFEE8F2E8D7+23]\n\tRtlUserThreadStart [0x00007FFEE957BF6C+44]","time":{"start":1742495520342,"stop":1742495521394,"duration":1052}}]},"tags":[]},"source":"f7209d2719287331.json","parameterValues":[]}